ARM GAS  /var/folders/45/ct_yb_0s4l984dg097s5d1mh0000gp/T//ccfA5ImG.s 			page 1


   1              		.cpu cortex-m7
   2              		.eabi_attribute 20, 1
   3              		.eabi_attribute 21, 1
   4              		.eabi_attribute 23, 3
   5              		.eabi_attribute 24, 1
   6              		.eabi_attribute 25, 1
   7              		.eabi_attribute 26, 1
   8              		.eabi_attribute 30, 2
   9              		.eabi_attribute 34, 1
  10              		.eabi_attribute 18, 4
  11              		.file	"board.c"
  12              		.section	.gnu.lto_.profile.a00cd8eb9bad46a1,"",%progbits
  13 0000 789C6363 		.ascii	"x\234cc```\001bF\206\322\004\000\001\302\000\341"
  13      60606001 
  13      624686D2 
  13      040001C2 
  13      00E1
  14              		.text
  15              		.section	.gnu.lto_.icf.a00cd8eb9bad46a1,"",%progbits
  16 0000 789C6363 		.ascii	"x\234cc``\020a@\000f\206=}\267~s2^\177y\350.\027\323"
  16      60601061 
  16      40006686 
  16      3D7DB77E 
  16      73325E7F 
  17 0019 E9374B3F 		.ascii	"\3517K?\2602\000\000i\330\012\003"
  17      B0320000 
  17      69D80A03 
  18              		.text
  19              		.section	.gnu.lto_.jmpfuncs.a00cd8eb9bad46a1,"",%progbits
  20 0000 789C6363 		.ascii	"x\234cc``\340e@\000f f\0041\230\200\030\000\002H\000"
  20      6060E065 
  20      40006620 
  20      66043198 
  20      80180002 
  21 0016 1A       		.ascii	"\032"
  22              		.text
  23              		.section	.gnu.lto_.inline.a00cd8eb9bad46a1,"",%progbits
  24 0000 789C6363 		.ascii	"x\234cc``pg@\000f\006\206{\014w\031\030\031\230\266"
  24      60607067 
  24      40006606 
  24      867B0C77 
  24      19181998 
  25 0015 317EE8E5 		.ascii	"1~\350\345f`[ \317\004\022gd`\025\003\012\002Yp\021"
  25      66605B20 
  25      CF041267 
  25      64601503 
  25      0A025970 
  26 002a 2E18C1C4 		.ascii	".\030\301\304\300\314\204*\307\000\000hH\006\342"
  26      C0CC842A 
  26      C7000068 
  26      4806E2
  27              		.text
  28              		.section	.gnu.lto_.pureconst.a00cd8eb9bad46a1,"",%progbits
  29 0000 789C6363 		.ascii	"x\234cc```\007bf\006)F\011&\006\000\001\235\000F"
  29      60606007 
  29      62660629 
  29      46092606 
ARM GAS  /var/folders/45/ct_yb_0s4l984dg097s5d1mh0000gp/T//ccfA5ImG.s 			page 2


  29      00019D00 
  30              		.text
  31              		.section	.gnu.lto_stm32_gpio_init.a00cd8eb9bad46a1,"",%progbits
  32 0000 789CA5DA 		.ascii	"x\234\245\332\355O[\327\035\007\360{\356\261\315c\240"
  32      ED4F5BD7 
  32      1D07F07B 
  32      EEB1CD63 
  32      A0
  33 0011 DBFAA2DA 		.ascii	"\333\372\242\332\372\"o*\255\223\0324\255j\337\354\325"
  33      FA226F2A 
  33      AD931A34 
  33      AD6ADFEC 
  33      D5
  34 0022 A64D9B34 		.ascii	"\246M\2334u/\266I\323\244\252k\273\255\2554-\325\372"
  34      752FB649 
  34      D3A4AA6B 
  34      BBADAD34 
  34      2DD5FA
  35 0035 07E41A48 		.ascii	"\007\344\032H\342@\222\222'L\210\011N\010\345\251\340"
  35      E2409292 
  35      274C8809 
  35      4E08E5A9 
  35      E0
  36 0046 3C428000 		.ascii	"<B\200\000\306<\004\222@\200\030\010\030\010\201\360"
  36      C63C0492 
  36      40801808 
  36      180881F0 
  37 0056 1C12080F 		.ascii	"\034\022\010\017!\020\360\316\371\335s\354{\2716\363"
  37      2110F0CE 
  37      F9DD73EC 
  37      7BB936F3 
  38 0066 C151E382 		.ascii	"\301Q\343\202\301\337\357\271\347\234\317\271`\305\""
  38      C1DFEFB9 
  38      E79CCFB9 
  38      60C522
  39 0075 49D2EFDE 		.ascii	"I\322\357\336\223\244_\221\377\377\204\374EXBrV\247"
  39      93A45F91 
  39      FFFF84FC 
  39      45584272 
  39      56A7
  40 0087 24596365 		.ascii	"$Yce\204\350\007J,\222\016\310\350\000:\212Oc\3449<"
  40      84E8074A 
  40      2C920EC8 
  40      E8003A8A 
  40      4F63E439 
  41 009c 592DBF5B 		.ascii	"Y-\277[\244\220?n\373r|\236\322\245`\007\226\244l\362"
  41      A4903F6E 
  41      FB727C9E 
  41      D2A56007 
  41      96A46CF2 
  42 00b0 97FE41D7 		.ascii	"\227\376A\327\320\273\022\371\276\261+[g\366XL\352\363"
  42      D0BB12F9 
  42      BEB12B5B 
  42      67F6584C 
  42      EAF3
  43 00c2 E83AB248 		.ascii	"\350:\262H\210|\340\3521\273\225-\377a\305=t\011\331"
  43      887CE0EA 
ARM GAS  /var/folders/45/ct_yb_0s4l984dg097s5d1mh0000gp/T//ccfA5ImG.s 			page 3


  43      31BB952D 
  43      FF61C53D 
  43      7409D9
  44 00d5 3FFA1849 		.ascii	"?\372\030I\016\214d\372\200\351\203\211>\230\351\203"
  44      0E8C64FA 
  44      80E98389 
  44      3E98E983 
  45 00e5 853EC4D0 		.ascii	"\205>\304\320\207X\372\220H\037\222\351\203$\331H\""
  45      8758FA90 
  45      481F92E9 
  45      8324D948 
  45      22
  46 00f6 1997E296 		.ascii	"\031\227\342\226\216`\231~\224\346\226f\221\247f\246"
  46      8E60997E 
  46      94E69666 
  46      91A766A6 
  47 0106 FE9FB427 		.ascii	"\376\237\264'\027#R\237}\320s?&\223\214LFt4\351y-\223"
  47      1723529F 
  47      7DD0733F 
  47      26938C4C 
  47      467434E9 
  48 011d 71EAA7CA 		.ascii	"q\352\247\312\202M1\221\247|\265c#\026':o%W\262\327"
  48      824D3191 
  48      A77CB563 
  48      2316273A 
  48      6F2557B2 
  49 0132 8131AA44 		.ascii	"\2011\252Do\243\033\350m\211~\377\334\223\366\272\244"
  49      6FA31BE8 
  49      6D897EFF 
  49      DC93F6BA 
  49      A4
  50 0143 9472251D 		.ascii	"\224r%\0359\260\011U!':\003\327\207n\242\024R\226\266"
  50      39B00955 
  50      21273A03 
  50      D7876EA2 
  50      145296B6 
  51 0157 7608A95D 		.ascii	"v\010\251]\262ZW8S\260\222D\363\021\362'\243j\222BF"
  51      B25A5738 
  51      53B09244 
  51      F311F227 
  51      A36A9242 
  52 016c E4CD806F 		.ascii	"\344\315\200o\022\353\252\011v\325\242\024R\000\327"
  52      12EBAA09 
  52      76D5A214 
  52      5200D7
  53 017b 16A7B661 		.ascii	"\026\247\266a\261\254[\301\254:u\334\257\371\270Mj\330"
  53      B1AC5BC1 
  53      AC3A75DC 
  53      AFF9B84D 
  53      6AD8
  54 018d 95AC27B7 		.ascii	"\225\254'\267\343\325q+\013~2\364\372(\206\336\020\254"
  54      E3D5712B 
  54      0B7E32F4 
  54      FA2886DE 
  54      10AC
  55 019f 73D3A19B 		.ascii	"s\323\241\233\264CO\2148\313J\277fB\215\3014\017\014"
  55      B4434F8C 
ARM GAS  /var/folders/45/ct_yb_0s4l984dg097s5d1mh0000gp/T//ccfA5ImG.s 			page 4


  55      38CB4ABF 
  55      66428DC1 
  55      340F0C
  56 01b2 DE5353D2 		.ascii	"\336SS\322`V\303\314b\003k\202(\272\377P\363\266\365"
  56      6056C3CC 
  56      62036B82 
  56      28BAFF50 
  56      F3B6F5
  57 01c5 A36151AD 		.ascii	"\243aQ\255WK0\273\225^\264E{\3211bY\267!K\246Ym\333"
  57      574B30BB 
  57      955EB445 
  57      7BD13162 
  57      59B7214B 
  58 01dd C6194BC2 		.ascii	"\306\031K\302\242\032g{0\373\016\035g\254v\234\311\242"
  58      A21A677B 
  58      30FB0E1D 
  58      67AC769C 
  58      C9A2
  59 01ef 8B733798 		.ascii	"\213s7\230v\217\214t\022\245\356eC\352N\277\354\300"
  59      768F8C74 
  59      12A5EE65 
  59      43EA4EBF 
  59      ECC0
  60 0201 74479911 		.ascii	"tG\231\021U\266\330\221;\0160,h/\3714s\242\330*\343"
  60      55B6D891 
  60      3B0E302C 
  60      682FF934 
  60      73A2D82A 
  61 0216 0FC064E5 		.ascii	"\017\300d\345\242\275\034\275S\240(\251\212\273\257"
  61      A2BD1CBD 
  61      53A028A9 
  61      8ABBAF
  62 0225 ECC717D2 		.ascii	"\354\307\027\322\2246\305\344 \227y\037arj\240N\322"
  62      9436C5E4 
  62      2097791F 
  62      61726AA0 
  62      4ED2
  63 0237 DF41FB69 		.ascii	"\337A\373iK\027z\207\274d\3317\326\211hZ\014R\024\302"
  63      4B177A87 
  63      BC64D937 
  63      D689685A 
  63      0C5214C2 
  64 024b 187593AF 		.ascii	"\030u\223\257\223r\247\237,\201\332?\263\345\2322\341"
  64      9372A79F 
  64      2C81DA3F 
  64      B3E59A32 
  64      E1
  65 025c 5F4283BF 		.ascii	"_B\203\277>\177\305dl\210E=!\032\036@C\340\334\210\203"
  65      3E7FC564 
  65      6C88453D 
  65      211A1E40 
  65      43E0DC88 
  66 0271 84B4F586 		.ascii	"\204\264\365\206\245\244\003\233\312[\344\011'\335\214"
  66      A5A4039B 
  66      CA5BE409 
  66      27DD8C
  67 0280 E4B957DD 		.ascii	"\344\271W\335\363\266\004:Qo8p<\352%\007\243\227\315"
ARM GAS  /var/folders/45/ct_yb_0s4l984dg097s5d1mh0000gp/T//ccfA5ImG.s 			page 5


  67      F3B6043A 
  67      516F3870 
  67      3CEA2507 
  67      A397CD
  68 0293 5253AE7F 		.ascii	"RS\256\177!\221\314R\226\2428]\331\177u\340\004\324"
  68      2191CC52 
  68      96A2385D 
  68      D97F75E0 
  68      04D4
  69 02a5 0713C55E 		.ascii	"\007\023\305^\271Qx\2622\226\244\345\220\257'\321q\364"
  69      B95178B2 
  69      3296A4E5 
  69      90AF27D1 
  69      71F4
  70 02b7 A314F568 		.ascii	"\243\024\365h|\210\016\250+\233\327[\214\002\247g:\234"
  70      7C880EA8 
  70      2B9BD75B 
  70      8C02A767 
  70      3A9C
  71 02c9 B223DF5B 		.ascii	"\262#\337[\350\340\350\024\300A\232\215\221\366\200"
  71      E8E0E814 
  71      C0419A8D 
  71      91F680
  72 02d8 4503C882 		.ascii	"E\003\310\202\006i\310 L@\340\012b\340\333\332s\353"
  72      0669C820 
  72      4C40E00A 
  72      62E0DBDA 
  72      73EB
  73 02ea 8631192D 		.ascii	"\2061\031-\331\004\211t\272\220\217\015\366\306F\313"
  73      D9048974 
  73      BA908F0D 
  73      F6C646CB 
  74 02fa 48ACBAA4 		.ascii	"H\254\272\244\316\2423o\321U\035\202\301\252\221\022"
  74      CEA2336F 
  74      D1551D82 
  74      C1AA9112 
  75 030a 1A4629E4 		.ascii	"\032F)\344\333\\O\253_\355QO\010\011\215\360\015XN\206"
  75      DB5C4FAB 
  75      5FED514F 
  75      08098DF0 
  75      0D584E86 
  76 031e C9FA222A 		.ascii	"\311\372\"*\370\214\306?\202x3\213\037\205\370\341\266"
  76      F88CC63F 
  76      8278338B 
  76      1F85F8E1 
  76      B6
  77 032f 9232CC0E 		.ascii	"\2222\314\016N?=\200\036\363\212\272\335T\214A\205\205"
  77      4E3F3D80 
  77      1EF38ABA 
  77      DD548C41 
  77      8585
  78 0341 558C4345 		.ascii	"U\214CE\331\353\361s\311jEw\251\225l\232'\274\242c7"
  78      D9EBF173 
  78      C96A4577 
  78      A9956C9A 
  78      27BCA263 
  79 0356 15135011 		.ascii	"\025\023P\021\303*&\241\242p}c!p\025\030M\361\202\341"
ARM GAS  /var/folders/45/ct_yb_0s4l984dg097s5d1mh0000gp/T//ccfA5ImG.s 			page 6


  79      C32A26A1 
  79      A2707D63 
  79      21701518 
  79      4DF182E1 
  80 036a DD144C43 		.ascii	"\335\024LCA,+\230\201\202\322\201\325LY-\270lW\224\004"
  80      412C2B98 
  80      8182D281 
  80      D54C592D 
  80      B86C5794 
  81 037f 34CB2BE6 		.ascii	"4\313+\346wS1\007\025q\254\342)T4fLd\304\250\025\031"
  81      77533107 
  81      1571ACE2 
  81      29543466 
  81      4C64C4A8 
  82 0395 DE9FA179 		.ascii	"\336\237\241y^\260\271\233\202gP\020\317\012\236CAo"
  82      5EB0B99B 
  82      82675010 
  82      CF0A9E43 
  82      416F
  83 03a7 6EC111B3 		.ascii	"n\301\021\263ZP\254\324\364\312h\201\341ue\003^\330"
  83      5A50ACD4 
  83      F4CA6881 
  83      E1756503 
  83      5ED8
  84 03b9 E081A384 		.ascii	"\340\201\243\204nyI{\260\010\035\027\213\2009\327\263"
  84      6E79497B 
  84      B0081D17 
  84      8B8039D7 
  84      B3
  85 03ca D114C78E 		.ascii	"\321\024\307\216\013\033=.^\350\033E\217\210%H\375\377"
  85      0B1B3D2E 
  85      5EE81B45 
  85      8F882548 
  85      FDFF
  86 03dc 67C27298 		.ascii	"g\302r\2303\241V=\023V`r\022\302\234\011\253\374Lx\271"
  86      33A1563D 
  86      13566072 
  86      12C29C09 
  86      ABFC4C78 
  87 03f1 C399B04A 		.ascii	"\303\231\260J\316\0042\032z\235!\317\20452\201\257h"
  87      CE04321A 
  87      7A9D21CF 
  87      84353281 
  87      AF68
  88 0403 C82BB8CA 		.ascii	"\310+\270\312\306\236\265u3_\270\027\232\205k\313\311"
  88      C69EB575 
  88      335FB817 
  88      9A856BCB 
  88      C9
  89 0414 EF4CD01F 		.ascii	"\357L\320\037\002\353\374\020X\243\257\337 \243\321"
  89      02EBFC10 
  89      58A3AFDF 
  89      20A3D1
  90 0423 AB174884 		.ascii	"\253\027H\204\255\360\232\253\207\274M\222\247'.\232"
  90      ADF09AAB 
  90      87BC4D92 
  90      A7272E9A 
ARM GAS  /var/folders/45/ct_yb_0s4l984dg097s5d1mh0000gp/T//ccfA5ImG.s 			page 7


  91 0433 B7C58943 		.ascii	"\267\305\211C\236\037\266VG\363\341A\306\303[\352-5"
  91      9E1FB656 
  91      47F3E141 
  91      C6C35BEA 
  91      2D35
  92 0445 2145D612 		.ascii	"!E\326\022\027\255\260\312\2148T\244\312\264B\311\036"
  92      17ADB0CA 
  92      8C3854A4 
  92      CAB442C9 
  92      1E
  93 0456 EC8F532B 		.ascii	"\354\217S+\266\266d\224&k\211\213\026\244\313\2148\024"
  93      B6B66494 
  93      266B898B 
  93      16A4CB8C 
  93      3814
  94 0468 1C943573 		.ascii	"\034\2245s<\277\233\274C2\363\014y\207a\300\376\033"
  94      3CBF9BBC 
  94      4332F30C 
  94      798761C0 
  94      FE1B
  95 047a 0FFAD880 		.ascii	"\017\372\330\200\311\2061#\233\254\005-\332pDf\240\241"
  95      C9863123 
  95      9BAC052D 
  95      DA704466 
  95      A0A1
  96 048c 21031A4E 		.ascii	"!\003\032N\275\314\270\312n\015V\305\352F(SVy\3252\320"
  96      BDCCB8CA 
  96      6E0D56C5 
  96      EA462853 
  96      5679D532 
  97 04a1 8B3AD04B 		.ascii	"\213:\320K\321\200>*Sz\247=g\275{\030\350,\012\372\230"
  97      D1803E2A 
  97      537AA73D 
  97      67BD7B18 
  97      E82C0AFA 
  98 04b6 BE5114F4 		.ascii	"\276Q\024\364q92\320\337\312\241AO\251\240\263`r\022"
  98      713932D0 
  98      DFCAA141 
  98      4FA9A0B3 
  98      607212
  99 04c9 C3803E21 		.ascii	"\303\200>!3\320'\345\360\240;\313-t4\364:C\202>%[\320"
  99      33D027E5 
  99      F0A03BCB 
  99      2D7434F4 
  99      3A43823E 
 100 04e0 69998490 		.ascii	"i\231\204\220\007\362|M\301\364d\340$&\223\020X8\237"
 100      07F27C4D 
 100      C1F464E0 
 100      24269310 
 100      58389F
 101 04f3 AF7A3059 		.ascii	"\257z0Y\017\372\214\314@\237\242\257\317\226\267\203"
 101      0FFA8CCC 
 101      409FA2AF 
 101      CF96B783 
 102 0503 164884AD 		.ascii	"\026H\204\255`\227\031h\310\313\201\255\220v\365\352"
 102      60971968 
 102      C8CB81AD 
ARM GAS  /var/folders/45/ct_yb_0s4l984dg097s5d1mh0000gp/T//ccfA5ImG.s 			page 8


 102      9076F5EA 
 103 0513 8029781B 		.ascii	"\200)x\033\227\320YYk\\\264\"Wf\306\241\342\034T,\246"
 103      97D05959 
 103      6B5CB422 
 103      5766C6A1 
 103      E21C542C 
 104 0528 4E3C64C6 		.ascii	"N<d\306\273\235\275\361\310\241#.\332\220\307\211C\303"
 104      BB9DBDF1 
 104      C8A1232E 
 104      DA90C789 
 104      43C3
 105 053a 793229FA 		.ascii	"y2)\372\233\266h^>\027\015yN\030\261\333;\351A\354\246"
 105      9BB6685E 
 105      3E170D79 
 105      4E18B1DB 
 105      3BE941EC 
 106 054f 6D7D6A46 		.ascii	"m}jF\027d\255q\321\206\213\33484\024h\227qs7y\227\270"
 106      1764AD71 
 106      D1868BDC 
 106      38341468 
 106      97717337 
 107 0566 68C82B54 		.ascii	"h\310+TG\374\275\325\307\346\330\366&\372\216\341\232"
 107      47FCBDD5 
 107      C7E6D8F6 
 107      26FA8EE1 
 107      9A
 108 0577 629CE9DE 		.ascii	"b\234\351\336\014r>.G\301\271\010\340\331\312N\027`"
 108      0C723E2E 
 108      47C1B908 
 108      E0D9CA4E 
 108      1760
 109 0589 C6398772 		.ascii	"\3069\207r.\3267\212r.\211\220si\030\316K*\3472\230"
 109      2ED6378A 
 109      722E8990 
 109      736918CE 
 109      4B2AE732 
 110 059e 993D6138 		.ascii	"\231=a8\177\3179\227\357\300y\222p&\243\241\327\031"
 110      7FCF3997 
 110      EFC07992 
 110      7026A3A1 
 110      D719
 111 05b0 927305E1 		.ascii	"\222s\005\341\354\242\363\356\202U{\270\352\272\263"
 111      ECA2F3EE 
 111      82557BB8 
 111      EABAB3
 112 05bf 87AF5AB1 		.ascii	"\207\257Z\261f\325\312\216x\353\266q\276\3149W\320\327"
 112      66D5CA8E 
 112      78EBB671 
 112      BECC3957 
 112      D0D7
 113 05d1 5F317016 		.ascii	"_1p\026H\204}p\225s\206\274k\260\017F\273\216\026&s"
 113      48847D70 
 113      957386BC 
 113      6BB00F46 
 113      BB8E1626 
 114 05e6 CE0D5BC9 		.ascii	"\316\015[\311\350\272\216\263h\305\015\316\031**\241"
 114      E8BA8EB3 
ARM GAS  /var/folders/45/ct_yb_0s4l984dg097s5d1mh0000gp/T//ccfA5ImG.s 			page 9


 114      68C50DCE 
 114      192A2AA1 
 115 05f6 627AAD7C 		.ascii	"bz\255|\210\275\363\320[\332XjFU:\317\242\0257\271g"
 115      88BDF3D0 
 115      5BDA586A 
 115      46553ACF 
 115      A21537B9 
 116 060b A8A83678 		.ascii	"\250\2506x\026\315\253\341\236!\257\326p\207\026\315"
 116      16CDABE1 
 116      9E21AFD6 
 116      708716CD 
 117 061b BBC5F542 		.ascii	"\273\305\365B^\035L\201/g\302\305\316\207\227\022\252"
 117      5E1D4C81 
 117      2F67C2C5 
 117      CE879712 
 117      AA
 118 062c D7DD9F45 		.ascii	"\327\335\237E\363\033\270f\310w\253\232\323\225\351"
 118      F31BB866 
 118      C877AB9A 
 118      D395E9
 119 063b 58FE13C0 		.ascii	"X\376\023\300OQ#\303\265\3048\027\3518\227D\303\331"
 119      4F5123C3 
 119      B5C43817 
 119      E9389744 
 119      C3D9
 120 064d 03F07CAE 		.ascii	"\003\360|\256\216\271X\306\331I97\351\033E97G\310\271"
 120      8EB958C6 
 120      D9493937 
 120      E91B4539 
 120      3747C8B9 
 121 0661 250C67BF 		.ascii	"%\014g\277\312\271\025\246&)\014\347\333\234s\333\016"
 121      CAB915A6 
 121      26290CE7 
 121      DB9C73DB 
 121      0E
 122 0672 9CB70867 		.ascii	"\234\267\010g2\032z\235!9\267\023\316w\350\304\337\201"
 122      321A7A9D 
 122      2139B713 
 122      CE77E8C4 
 122      DF81
 123 0684 65BBE4BA 		.ascii	"e\273\344\272r\016\361ek\322,\333\311k\336\217\365\232"
 123      720EF165 
 123      6BD22CDB 
 123      C96BDE8F 
 123      F59A
 124 0696 EF72CDED 		.ascii	"\357r\315\355\364\345\367\014\232#\017\204m\320\301"
 124      F4E5F70C 
 124      9A230F84 
 124      6DD0C1
 125 06a5 31435C27 		.ascii	"1C\\'l\203\272\341\264\034\366{\327\022\2717'\242\373"
 125      6C83BAE1 
 125      B41CF67B 
 125      D712B937 
 125      27A2FB
 126 06b8 3ACC820D 		.ascii	":\314\202\015]\33424tCCOE\241\315\304-\367\022\313="
 126      5DDC3234 
 126      7443434F 
ARM GAS  /var/folders/45/ct_yb_0s4l984dg097s5d1mh0000gp/T//ccfA5ImG.s 			page 10


 126      45A1CDC4 
 126      2DF712CB 
 127 06cd 3ACB820D 		.ascii	":\313\202\015\0178eh\360\032(\013\306\365r\311\020\327"
 127      0F386568 
 127      F01A280B 
 127      C6F572C9 
 127      10D7
 128 06df 67902C18 		.ascii	"g\220,\030\327\317!C\334C\303mX0n\200\273\205\270A\026"
 128      D7CF2143 
 128      DC43C36D 
 128      58306E80 
 128      BB85B841 
 129 06f4 076F6931 		.ascii	"\007oi1\246\036\035\323\346h\230\372\000TW\321\224\315"
 129      A61E1DD3 
 129      E66898FA 
 129      005457D1 
 129      94CD
 130 0706 CC981653 		.ascii	"\314\230\026S\246C\262\256Q\224\351p\204LG\3020-\263"
 130      A643B2AE 
 130      5194E970 
 130      844C47C2 
 130      302DB3
 131 0719 03D34730 		.ascii	"\003\323G0\023\311a\230\216r\246\217w`\332Wa\241\243"
 131      13C96198 
 131      8E72A68F 
 131      7760DA57 
 131      61A1A3
 132 072c A1D71992 		.ascii	"\241\327\031\222\351\030a:N\347y\034\026)\335\236\337"
 132      E918613A 
 132      4EE7791C 
 132      1629DD9E 
 132      DF
 133 073d 13F8ED67 		.ascii	"\023\370\355gH\263H\316\364\213Cqz\247O\270\3231\372"
 133      48B348CE 
 133      F48B4371 
 133      7AA74FB8 
 133      D331FA
 134 0750 FA098353 		.ascii	"\372\011\203S\201DX\367I\016\025\362\246\200QI{u?\273"
 134      814458F7 
 134      490E15F2 
 134      A6805149 
 134      7B753FBB 
 135 0764 1FF8F3FD 		.ascii	"\037\370\363\375\010M\353\234\2126\314p\250\3200KF\254"
 135      084DEB9C 
 135      8A36CC70 
 135      A8D0304B 
 135      46AC
 136 0776 57299A37 		.ascii	"W)\2327\307YB\336S\003K\321\274y\356\022\362\236\031"
 136      C75942DE 
 136      53034BD1 
 136      BC79EE12 
 136      F29E19
 137 0789 5C8AE63D 		.ascii	"\\\212\346=\3470!o\301\000S4o\221\313\204\274\027\032"
 137      E730216F 
 137      C1005334 
 137      6F91CB84 
 137      BC171A
ARM GAS  /var/folders/45/ct_yb_0s4l984dg097s5d1mh0000gp/T//ccfA5ImG.s 			page 11


 138 079c 99657655 		.ascii	"\231evU\246O's8\032\231K`\350\324J\321c.\3632\225\271"
 138      A64F2773 
 138      381A994B 
 138      60E8D44A 
 138      D1632EF3 
 139 07b3 2CEB1A45 		.ascii	",\353\032Ee\256D(s5\214\314*U\346K\230\2117\302\310"
 139      65AE4428 
 139      73358CCC 
 139      2A55E64B 
 139      988937C2 
 140 07c8 5CE3325F 		.ascii	"\\\3432_\355 \363\031"
 140      ED20F319 
 141 07d0 91494643 		.ascii	"\221IFC\2573\244\314u\"s\203\316\363\006\254R\345\320"
 141      AF33A4CC 
 141      75227383 
 141      CEF306AC 
 141      52E5D0
 142 07e3 056FE0F8 		.ascii	"\005o\340\370\\\326\254RU\351\203yY/\3635\227\271N_"
 142      5CD6AC52 
 142      55E98379 
 142      592FF335 
 142      97B94E5F 
 143 07f7 BF699029 		.ascii	"\277i\220)\220\250\276\277\304eB\236_}/e0w\226\375<"
 143      90A8BEBF 
 143      C465429E 
 143      5F7D2F65 
 143      307796FD 
 144 080c AC8C5E9B 		.ascii	"\254\214^\233\304H\301Z\232\242\025V\314hBE*\246\025"
 144      C448C15A 
 144      9AA21556 
 144      CC684245 
 144      2AA615
 145 081f B90315EF 		.ascii	"\271\003\025\357\005n\24163J\303Z\254\242\015\351\230"
 145      056EA136 
 145      334AC35A 
 145      ACA20DE9 
 145      98
 146 0830 61858683 		.ascii	"a\205\206\203x;V\321\274C\230a\205\274\303x;V\321<\033"
 146      783B56D1 
 146      BC439861 
 146      85BCC378 
 146      3B56D13C 
 147 0845 665821EF 		.ascii	"fX!\357\010\314\200\317\336\352E|\222=f\224\201\265"
 147      08CC80CF 
 147      DEEA457C 
 147      923D6694 
 147      81B5
 148 0857 7C451B32 		.ascii	"|E\03321\343\013\015G\241avn~\331\314\177 V\232%t\014"
 148      31E30B0D 
 148      47A16176 
 148      6E7ED9CC 
 148      7F20569A 
 149 086e ABBEAA98 		.ascii	"\253\276\252\230\350%\235\350\225hD\037\307\324^\313"
 149      E8259DE8 
 149      9568441F 
 149      C7D45ECB 
 150 087e F5322F17 		.ascii	"\3652/\027}\223\212\376V\337(*:\013G&\372\004\016-z"
ARM GAS  /var/folders/45/ct_yb_0s4l984dg097s5d1mh0000gp/T//ccfA5ImG.s 			page 12


 150      7D938AFE 
 150      56DF282A 
 150      3A0B4726 
 150      FA040E2D 
 151 0893 5C157D12 		.ascii	"\\\025}\022&\347\007aD\237\302L\364i\034^t\253\313B"
 151      26E70761 
 151      449FC24C 
 151      F4691C5E 
 151      74ABCB42 
 152 08a7 4743AF33 		.ascii	"GC\2573\244h\262\277Q6\335\343\344\201<_\360t\346q\002"
 152      A468B2BF 
 152      5136DDE3 
 152      E4813C5F 
 152      F074E671 
 153 08bc 5F383209 		.ascii	"_82\011\201\205\363\217.{\266\335k\355\230\211\006#"
 153      8185F38F 
 153      2E7BB6DD 
 153      6BED9889 
 153      0623
 154 08ce 3978BB68 		.ascii	"9x\273h\201D\330\012g1\023\015y\271\260\025*^,WX\324"
 154      8144D80A 
 154      6731130D 
 154      79B9B015 
 154      2A5E2C57 
 155 08e4 AD908CCE 		.ascii	"\255\220\214\316\3514\213\306;\270fx\310\203\370c=\317"
 155      E9348BC6 
 155      3BB86678 
 155      C883F863 
 155      3DCF
 156 08f6 7BD94EEB 		.ascii	"{\331N\353\202\237\210\317\3538\213V\344s\316P\3414"
 156      829F88CF 
 156      EB388B56 
 156      E473CE50 
 156      E134
 157 0908 7016CDBB 		.ascii	"p\026\315\273\3009C\336E\003g\321\274\002\316\031\362"
 157      C03943DE 
 157      450367D1 
 157      BC02CE19 
 157      F2
 158 0919 2EE1EDF7 		.ascii	".\341\355\367^\321\274B\216\027\362\276\303\301{\357"
 158      5ED1BC42 
 158      8E17F2BE 
 158      C3C17BEF 
 159 0929 38934AB7 		.ascii	"8\223J\267]Pj\026\216\346\275(0\265>\321\222\311\177"
 159      5D506A16 
 159      8EE6BD28 
 159      30B53ED1 
 159      92C97F
 160 093c 7975C37B 		.ascii	"yu\303{QX\327(\374^T\204RK\303H}\256J-\203\231\370a"
 160      5158D728 
 160      FC5E5484 
 160      524BC348 
 160      7DAE4A2D 
 161 0954 B8F7A2B8 		.ascii	"\270\367\242\270\324\362\035\244\216\020\251d4\364:"
 161      D4F21DA4 
 161      8E10A964 
 161      34F43A
ARM GAS  /var/folders/45/ct_yb_0s4l984dg097s5d1mh0000gp/T//ccfA5ImG.s 			page 13


 162 0963 43BF1745 		.ascii	"C\277\027E\244\272\350<\273`\225\346\316\225\017\307"
 162      A4BAE83C 
 162      BB6095E6 
 162      CE950FC7 
 163 0973 05DE73D0 		.ascii	"\005\336s\320\254R\365f\213\341\275(.\265\202\276\376"
 163      AC52F566 
 163      8BE1BD28 
 163      2EB582BE 
 163      FE
 164 0984 8A41AA40 		.ascii	"\212A\252@\242\372^\024\227\012y\327\264yu\273\311\273"
 164      A2FA5E14 
 164      970A79D7 
 164      B47975BB 
 164      C9BB
 165 0996 CE6942DE 		.ascii	"\316iB\336\015\274\375g`\321\274J\356\020\362\252\014"
 165      0DBCFD67 
 165      60D1BC4A 
 165      EE10F2AA 
 165      0C
 166 09a7 0E45F36E 		.ascii	"\016E\363nr\207\220Wmp(\232W\303\035B^\255\301\241h"
 166      72879057 
 166      6D70289A 
 166      57C31D42 
 166      5EADC1A1 
 167 09bc DE2DEE10 		.ascii	"\336-\356\020\362\3524\016\2373\207E:\207%\3218\254"
 167      F2EA340E 
 167      9F338745 
 167      3A8725D1 
 167      38AC
 168 09ce 07312746 		.ascii	"\0071'F\363\376\316\030\266Q\206\015XW(\312\320\035"
 168      F3FECE18 
 168      B651860D 
 168      585728CA 
 168      D01D
 169 09e0 21C3C630 		.ascii	"!\303\3060\0147T\206\036\230\210\037\205a\330\304\031"
 169      0C375486 
 169      1E98881F 
 169      8561D8C4 
 169      19
 170 09f1 36EFC070 		.ascii	"6\357\300p\2250$\243\241\227\031\222a\013a\330J\247"
 170      953024A3 
 170      A1971992 
 170      610B61D8 
 170      4AA7
 171 0a03 B9151669 		.ascii	"\271\025\026i+\25315\211/R\203f\221\326\024\337^\275"
 171      2BAB3135 
 171      892F5283 
 171      6691D614 
 171      DF5EBD
 172 0a16 C2DB5C61 		.ascii	"\302\333\\a\013}y\233Aa\344\201\260\350\355\034!\304"
 172      0B7D799B 
 172      4161E481 
 172      B0E8ED1C 
 172      21C4
 173 0a28 DD312014 		.ascii	"\3351 \024\214\273\313\015B\334=\203A\301\270\016N\020"
 173      8CBBCB0D 
 173      42DC3D83 
ARM GAS  /var/folders/45/ct_yb_0s4l984dg097s5d1mh0000gp/T//ccfA5ImG.s 			page 14


 173      41C1B80E 
 173      4E10
 174 0a3a E23A0D04 		.ascii	"\342:\015\004\005\343\356s\201\020\327e\020(\030\327"
 174      05E3EE73 
 174      8110D765 
 174      102818D7 
 175 0a4a CD01425C 		.ascii	"\315\001B\\\217\001\240`\334\003\356\017\342\274\032"
 175      8F01A060 
 175      DC03EE0F 
 175      E2BC1A
 176 0a59 7F1BCC5F 		.ascii	"\177\033\314_\275\316\237;\032\177\275@\345l\225\275"
 176      BDCE9F3B 
 176      1A7FBD40 
 176      E56C95BD 
 177 0a69 D5C20076 		.ascii	"\325\302\000vQ\200}X\327(\012\260?B\200\017\303\000"
 177      51807D58 
 177      D7280AB0 
 177      3F42800F 
 177      C300
 178 0a7b 2C7200C0 		.ascii	",r\000\300\001\230\2117\303\000\034\344\000};\000\354"
 178      01988937 
 178      C3001CE4 
 178      007D3B00 
 178      EC
 179 0a8c BC69A1A3 		.ascii	"\274i\241\243\241\327\031\022\340\020\0018L\347y\030"
 179      A1D71912 
 179      E0100138 
 179      4CE77918 
 180 0a9c 16E9589E 		.ascii	"\026\351X\236\247;\236/R\237f\221:\333\016U'\352\005"
 180      A73B9E2F 
 180      529F6691 
 180      3ADB0E55 
 180      27EA05
 181 0aaf 8E708143 		.ascii	"\216p\201C\364\365\217\014\002\005\022a\335G9A\310{"
 181      F4F58F0C 
 181      02051261 
 181      DD473941 
 181      C87B
 182 0ac1 6C20289A 		.ascii	"l (\2327\306\015B\336\270\301\240h\336\023\216\020\362"
 182      37C60D42 
 182      DEB8C1A0 
 182      68DE138E 
 182      10F2
 183 0ad3 260C0845 		.ascii	"&\014\010E\363&\271B\310\2332(\024\315\233\346\014!"
 183      F326B942 
 183      C89B3228 
 183      14CD9BE6 
 183      0C21
 184 0ae5 6FC6C050 		.ascii	"o\306\300P4o\226;\204\2749\215\303\"\207\352\260W\347"
 184      346F963B 
 184      84BC398D 
 184      C32287EA 
 184      B057E7
 185 0af8 B09F7EF6 		.ascii	"\260\237~\366\214\376C#\007\374SM\240`#\373-\253S\222"
 185      8CFE4323 
 185      07FC534D 
 185      A06023FB 
ARM GAS  /var/folders/45/ct_yb_0s4l984dg097s5d1mh0000gp/T//ccfA5ImG.s 			page 15


 185      2DAB5392 
 186 0b0c 25E917FB 		.ascii	"%\351\027\373\366\245\250\377\355\377&\345\313O\377"
 186      F6A5A8FF 
 186      EDFF26E5 
 186      CB4FFF
 187 0b1b 9DF2D9FE 		.ascii	"\235\362\331\376O\377\373\217oR\376\364\347O>\372\313"
 187      4FFFFB8F 
 187      6F52FEF4 
 187      E74F3EFA 
 187      CB
 188 0b2c AFFFF09B 		.ascii	"\257\377\360\233?\376\374\375\367?\371\355\207\037|"
 188      3FFEFCFD 
 188      F73FF9ED 
 188      871F7C
 189 0b3b F8B7DFAB 		.ascii	"\370\267\337\253_\332\367\271d\376\342\353\257\366\177"
 189      5FDAF7B9 
 189      64FEE2EB 
 189      AFF67F
 190 0b4a 6DF97CFF 		.ascii	"m\371|\377\177\376\365\325\027\377\003\347S\030\036"
 190      7FFEF5D5 
 190      17FF03E7 
 190      53181E
 191              		.text
 192              		.section	.gnu.lto___early_init.a00cd8eb9bad46a1,"",%progbits
 193 0000 789C6363 		.ascii	"x\234cc``\270\004\304\246@,\015\304\214\314\014\214"
 193      6060B804 
 193      C4A6402C 
 193      0DC48CCC 
 193      0C8C
 194 0012 4C13CE31 		.ascii	"L\023\316104r012\202\030\015\034\214\014\365L\214\365"
 194      30347230 
 194      31328218 
 194      0D1C8C0C 
 194      F54C8CF5 
 195 0026 8C3DCC53 		.ascii	"\214=\314S\230\031\017\265?\333\311\244\271\274\001"
 195      98190FB5 
 195      3FDBC9A4 
 195      B9BC01
 196 0035 080E4CBF 		.ascii	"\010\016L\277\302\327\326\320*1\207\231\201a\032\020"
 196      C2D7D6D0 
 196      2A318799 
 196      81611A10 
 197 0045 8300E366 		.ascii	"\203\000\343fFM\006\240\262G\033\377M\345ec\201\210"
 197      464D06A0 
 197      B2471BFF 
 197      4DE56563 
 197      8188
 198 0057 336E6164 		.ascii	"3nadc`\0042\326_b=\320\360\357\177{\303\2013\213\031"
 198      63600432 
 198      D65F623D 
 198      D0F0EF7F 
 198      7BC38133 
 199 006d EFFAB130 		.ascii	"\357\372\26100t\000\345\201\2264\034`\350df\002\261"
 199      307400E5 
 199      8196341C 
 199      60E86466 
 199      02B1
ARM GAS  /var/folders/45/ct_yb_0s4l984dg097s5d1mh0000gp/T//ccfA5ImG.s 			page 16


 200 007f 9A0F30BC 		.ascii	"\232\0170\274al^\260y.3X\027\320\250\235;\337\334f\257"
 200      616C5EB0 
 200      792E3358 
 200      17D0A89D 
 200      3BDFDC66 
 201 0094 FFDBC031 		.ascii	"\377\333\3001\207\231q\0323\320\030\306\255\214\365"
 201      8799711A 
 201      33D018C6 
 201      AD8CF5
 202 00a3 0C7380CA 		.ascii	"\014s\200\312A\012\267\312bW\307\004T\267\015\252\356"
 202      410AB7CA 
 202      6257C704 
 202      54B70DAA 
 202      EE
 203 00b4 1D63D382 		.ascii	"\035c\323\202\335s\031\301\012A\240\003h\012\320*\240"
 203      DD7319C1 
 203      0A41A003 
 203      680AD02A 
 203      A0
 204 00c5 12633D3D 		.ascii	"\022c==}\010\312/\326\317H\314\321O\312O,J)\326\017"
 204      7D08CA2F 
 204      D6CF48CC 
 204      D14FCA4F 
 204      2C4A29D6 
 205 00da 0E89F70B 		.ascii	"\016\211\367\013u\366q\365741\211w373\217\362\204H\351"
 205      75F671F5 
 205      37343189 
 205      77333733 
 205      8FF28448 
 206 00ef 25330000 		.ascii	"%3\000\000\317\251V:"
 206      CFA9563A 
 207              		.text
 208              		.section	.gnu.lto_boardInit.a00cd8eb9bad46a1,"",%progbits
 209 0000 789C6363 		.ascii	"x\234cc``\250\003bS \226\006bFf\006F\246\011\347\030"
 209      6060A803 
 209      62532096 
 209      06624666 
 209      0646A609 
 210 0016 181A3998 		.ascii	"\030\0329\230\030\031A\214\006\016F\206z&\306z\306\036"
 210      1819418C 
 210      060E4686 
 210      7A26C67A 
 210      C61E
 211 0028 E629CC8C 		.ascii	"\346)\314\214\207\332\237\355d\322\\\336\000\004\007"
 211      87DA9FED 
 211      64D25CDE 
 211      000407
 212 0037 A66F106A 		.ascii	"\246o\020jkh\225\230\303\314\3000\015\210A\200q3\243"
 212      6B689598 
 212      C3CCC030 
 212      0D884180 
 212      7133A3
 213 004a 260350D9 		.ascii	"&\003P\331\243\215\377\246\362\262\261@\304\031\267"
 213      A38DFFA6 
 213      F2B2B140 
 213      C419B7
 214 0059 30B23130 		.ascii	"0\26210\002\031\353/\261\036h\370\367\277\275\341\300"
ARM GAS  /var/folders/45/ct_yb_0s4l984dg097s5d1mh0000gp/T//ccfA5ImG.s 			page 17


 214      0219EB2F 
 214      B11E68F8 
 214      F7BFBDE1 
 214      C0
 215 006a 97458C5B 		.ascii	"\227E\214[\203\230\030\030:\200\362@K\032\0160t23\201"
 215      83981818 
 215      3A80F240 
 215      4B1A0E30 
 215      74323381 
 216 007e 58CD0718 		.ascii	"X\315\007\030\33616)\200\265\200@\0073#H\030\250\324"
 216      DE313629 
 216      80B58040 
 216      07332348 
 216      18A8D4
 217 0091 584F4F1F 		.ascii	"XOO\037\202\362\213\3653\022s\364\223\362\023\213R\212"
 217      82F28BF5 
 217      331273F4 
 217      93F2138B 
 217      528A
 218 00a3 F58343E2 		.ascii	"\365\203C\342\375B\235}\\\375\015ML\342\335\314\315"
 218      FD429D7D 
 218      5CFD0D4D 
 218      4CE2DDCC 
 218      CD
 219 00b4 CCA33C21 		.ascii	"\314\243<!Rz\311\014\000\253B:U"
 219      527AC90C 
 219      00AB423A 
 219      55
 220              		.text
 221              		.section	.gnu.lto_.symbol_nodes.a00cd8eb9bad46a1,"",%progbits
 222 0000 789C55C8 		.ascii	"x\234U\310\301\011\200@\014\000\301M\002W\227\326a1"
 222      C1098040 
 222      0C00C14D 
 222      025797D6 
 222      6131
 223 0012 4909D660 		.ascii	"I\011\326`\027\372\023\374z^\011W\211\030\004\037>\226"
 223      17FA13FC 
 223      7A5E0957 
 223      8918041F 
 223      3E96
 224 0024 8529C094 		.ascii	"\205)\300\224\241\247:\314\025rk\354Q\322\252\272|\266"
 224      A1A73ACC 
 224      15726BEC 
 224      51D2AABA 
 224      7CB6
 225 0036 C59872A9 		.ascii	"\305\230r\251\353O\244\251\333+\0201\200\011,\375\026"
 225      EB4FA4A9 
 225      DB2B1031 
 225      80092CFD 
 225      16
 226 0047 13E3C8F3 		.ascii	"\023\343\310\363\000r\327\030\207"
 226      0072D718 
 226      87
 227              		.text
 228              		.section	.gnu.lto_.refs.a00cd8eb9bad46a1,"",%progbits
 229 0000 789C6363 		.ascii	"x\234cc```\004b\006\000\000D\000\010"
 229      60606004 
ARM GAS  /var/folders/45/ct_yb_0s4l984dg097s5d1mh0000gp/T//ccfA5ImG.s 			page 18


 229      62060000 
 229      440008
 230              		.text
 231              		.section	.gnu.lto_.decls.a00cd8eb9bad46a1,"",%progbits
 232 0000 789CCD59 		.ascii	"x\234\315YkP\024Y\226\256\233\267\252\250*^\006\270"
 232      6B501459 
 232      96AE9BB7 
 232      AAA82A5E 
 232      06B8
 233 0012 B34E8FB1 		.ascii	"\263N\217\261k\364\366\330\304nh\011\366\266\363ccc"
 233      6BF4F6D8 
 233      C46E6809 
 233      F6B6F363 
 233      6363
 234 0024 6D40619B 		.ascii	"m@a\233n\211Bgw{#\226\246\001mb\020\\(g\355\230\037"
 234      6E894267 
 234      777B2396 
 234      A6016D62 
 234      105C2867 
 235 003b 9BBC445E 		.ascii	"\233\274D^\002\012* \210\202\012-\215\266\202\310KJ"
 235      020A2A20 
 235      88820A2D 
 235      8DB682C8 
 235      4B4A
 236 004d 5E028A8D 		.ascii	"^\002\212\215\250\250<\024QQ\361\305\243\025D\204=7"
 236      A8A83C14 
 236      5151F1C5 
 236      A3154484 
 236      3D37
 237 005f 6F56E5AD 		.ascii	"oV\345\255\244\230\351\236\215\215\330\014>2O\336/\317"
 237      A498E99E 
 237      8D8DD80C 
 237      3E324FDE 
 237      2FCF
 238 0071 39F7DC73 		.ascii	"9\367\334sO\336\233\245V(\024\327\377J\241\210V*\024"
 238      4FDE9BA5 
 238      562814D7 
 238      FF4AA188 
 238      562A14
 239 0084 3E48A198 		.ascii	">H\241\230\203\003.\025\027\024\322A\344Z@=\240A\326"
 239      83032E15 
 239      1714D241 
 239      E45A403D 
 239      A041D6
 240 0097 663EFE0B 		.ascii	"f>\376\013\236u\204\363\227\200\017\001\177\007\362"
 240      9E7584F3 
 240      97800F01 
 240      7F07F2
 241 00a6 DF027E80 		.ascii	"\337\002~\200k\027\300b\300\277\203\034\005\330\007"
 241      6B17C062 
 241      C0BF831C 
 241      05D807
 242 00b5 C806EC07 		.ascii	"\310\006\354\007|\001\370\013h\263\203\363\373\200_"
 242      7C01F80B 
 242      68B383F3 
 242      FB805F
 243 00c4 02D2007E 		.ascii	"\002\322\000~\200\337\0026\000>\003\030\000\233\000"
ARM GAS  /var/folders/45/ct_yb_0s4l984dg097s5d1mh0000gp/T//ccfA5ImG.s 			page 19


 243      80DF0236 
 243      003E0318 
 243      009B00
 244 00d3 1B014980 		.ascii	"\033\001I\200d@&`\027 \005\220\016H\000d\000R\001;\001"
 244      64402660 
 244      17200590 
 244      0E480064 
 244      0052013B 
 245 00e8 9CE8F741 		.ascii	"\234\350\367A\270\206?E\001\262\366\371\017 c\321\347"
 245      B8863F45 
 245      01B2F6F9 
 245      0F2063D1 
 245      E7
 246 00f9 43705D23 		.ascii	"Cp]#\336\307b_k\027\350\353\177\213\372\276\024e$\306"
 246      DEC7625F 
 246      6B17E8EB 
 246      7F8BFABE 
 246      146524C6 
 247 010d 457E6461 		.ascii	"E~daTs\241\276\301\376.\032@\340\013ZD\331\210\376\207"
 247      5473A1BE 
 247      C1FE2E1A 
 247      40E00B5A 
 247      44D988FE 
 248 0122 338120CF 		.ascii	"3\201 \317\231\017D\357\303]\216\236D*\021\314\217 "
 248      990F44EF 
 248      C35D8E9E 
 248      442A11CC 
 248      8F20
 249 0134 CB1D4ED4 		.ascii	"\313\035N\324\301\231\365\012\177\242\002\304j\245\355"
 249      C199F50A 
 249      7FA202C4 
 249      6AA5ED
 250 0143 D49CF9A0 		.ascii	"\324\234\371\240\236\323\013\3469z\213\223\2141\217"
 250      9ED30BE6 
 250      397A8B93 
 250      8C318F
 251 0152 CCF35561 		.ascii	"\314\363Uai\2668%u\022\211A\030I>V\355<\210\356@\353"
 251      69B63825 
 251      75128941 
 251      18493E56 
 251      ED3C88EE 
 252 0168 BFC20869 		.ascii	"\277\302\010i\"\020\271\373r\346\3469\2149\341\372\356"
 252      2210B9FB 
 252      72E6E639 
 252      8C39E1FA 
 252      EE
 253 0179 F1945935 		.ascii	"\361\224Y5v\021\256\273\216\316\344p+\313xzh\322\260"
 253      7611AEBB 
 253      8ECEE470 
 253      2BCB787A 
 253      68D2B0
 254 018c 029D45D8 		.ascii	"\002\235E\330\034\320\226\271I\223s\012F.:\304\201\330"
 254      1CD096B9 
 254      4993730A 
 254      462E3AC4 
 254      81D8
 255 019e 3D7A39DF 		.ascii	"=z9\337\036\304\305:\264\010\304\262\324\271,\325\222"
ARM GAS  /var/folders/45/ct_yb_0s4l984dg097s5d1mh0000gp/T//ccfA5ImG.s 			page 20


 255      1EC4C53A 
 255      B408C4B2 
 255      D4B92CD5 
 255      92
 256 01af 7DE4C18C 		.ascii	"}\344\301\2148~\021\207\276\374\005\252FK\3219\264\024"
 256      387E1187 
 256      BEFC05AA 
 256      464BD139 
 256      B414
 257 01c1 DCA9414B 		.ascii	"\334\251AK\340\177\204\222jJ:\333;\245z\277\2207\015"
 257      E07F8492 
 257      6A4A3ADB 
 257      3BA57ABF 
 257      90370D
 258 01d4 F2A6C91C 		.ascii	"\362\246\311\034\267\0235\217y^\247$$T\2110\252B+I\027"
 258      B713358F 
 258      795EA724 
 258      24548930 
 258      AA422B49 
 259 01e9 2A896954 		.ascii	"*\211iT\201\006\021:\203\356B\017j\321\373\360\360\330"
 259      8106113A 
 259      83EE420F 
 259      6AD1FBF0 
 259      F0D8
 260 01fb F3F42BCE 		.ascii	"\363\364+\3168\026\011\036\277j\3165!\320T\010\232z"
 260      3816091E 
 260      BF6ACE35 
 260      21D05408 
 260      9A7A
 261 020d 6A1C7279 		.ascii	"j\034ryS,8\300\011\252\352$UurU\365\202\252\313\303"
 261      532C38C0 
 261      09AAEA24 
 261      55757255 
 261      F582AACB 
 262 0222 037FC0E9 		.ascii	"\003\177\300\351TS\333)S\212\0164\235\002M\215\276V"
 262      5453DB29 
 262      538A0E34 
 262      9D024D8D 
 262      BE56
 263 0234 8ACE4B8A 		.ascii	"\212\316K\212\316\313\0255\010\212\370\307\265\375\316"
 263      CECB1535 
 263      088AF8C7 
 263      B5FDCE
 264 0243 38876A4A 		.ascii	"8\207jJ\3776\371\274\0264\015\362\274\351\346w\313v"
 264      FF36F9BC 
 264      16340DF2 
 264      BCE9E677 
 264      CB76
 265 0255 27ED4CE3 		.ascii	"'\355L\343\017#!\006\310$\2512\211\221E\027\004\025"
 265      0F232106 
 265      C824A932 
 265      89914517 
 265      0415
 266 0267 57E34F1D 		.ascii	"W\343O\035\3044\272J\322\313\316\334\373N4\272\313@"
 266      C434BA4A 
 266      D2CBCEDC 
 266      FB4E34BA 
ARM GAS  /var/folders/45/ct_yb_0s4l984dg097s5d1mh0000gp/T//ccfA5ImG.s 			page 21


 266      CB40
 267 0279 9C682E99 		.ascii	"\234h.\231\020c\237\201H\264;/\366\213\354]Dn\3736\353"
 267      10639F81 
 267      48B43B2F 
 267      F68BEC5D 
 267      446EFB36 
 268 028e 8616F751 		.ascii	"\206\026\367Q\007\006\332JO\220\306\017u\210$\2133\334"
 268      0706DA4A 
 268      4F90C60F 
 268      7588248B 
 268      33DC
 269 02a0 3AF9ACFA 		.ascii	":\371\254\372\215#\275E\030\335\351\343\305v\370\201"
 269      8D23BD45 
 269      18DDE9E3 
 269      C576F881 
 270 02b0 40E7EEDE 		.ascii	"@\347\356\336~\333\357\204tn\273x>\226/\214\343\265"
 270      7EDBEF84 
 270      746EBB78 
 270      3E962F8C 
 270      E3B5
 271 02c2 3E0AD404 		.ascii	">\012\324\004#\327\010#\207.!7\362\020\361\031\265\301"
 271      23D70823 
 271      872E2137 
 271      F210F119 
 271      B5C1
 272 02d4 CD8B70F3 		.ascii	"\315\213p\363\030\031d\323\\\375?\346\214\363\3742\324"
 272      181964D3 
 272      5CFD3FE6 
 272      8CF3FC32 
 272      D4
 273 02e5 8174A85D 		.ascii	"\201t\250]\352\327\207::\310\245\305\231G\324xX\310"
 273      EAD7873A 
 273      3AC8A5C5 
 273      9947D478 
 273      58C8
 274 02f7 32AE36EF 		.ascii	"2\2566\357a\013\267\220\215+\013\333\030x\2775\201\014"
 274      610BB790 
 274      8D2B0BDB 
 274      1878BF35 
 274      810C
 275 0309 4327D8B8 		.ascii	"C'\330\270,\331\000\223\324\310\201\356\357\275u\240"
 275      2CD90093 
 275      D4C881EE 
 275      EFBD75A0 
 276 0319 34EE2729 		.ascii	"4\356')\205\007\012\017\264\305r\270\017\013a8;\334"
 276      85070A0F 
 276      B4C572B8 
 276      0F0B6138 
 276      3BDC
 277 032b DEAAA351 		.ascii	"\336\252\243Q\344I\024\213\317\015\316 <L\033M\255\251"
 277      E449148B 
 277      CF0DCE20 
 277      3C4C1B4D 
 277      ADA9
 278 033d CF111EA3 		.ascii	"\317\021\036\243\302\256{\211\327D\346\024\221sk\177"
 278      C2AE7B89 
 278      D744E614 
ARM GAS  /var/folders/45/ct_yb_0s4l984dg097s5d1mh0000gp/T//ccfA5ImG.s 			page 22


 278      91736B7F 
 279 034d EC505159 		.ascii	"\354PQY\003b\325\213\023U\216t\264L\244y\256q\362\226"
 279      0362D58B 
 279      13558E74 
 279      B44CA479 
 279      AE71F296 
 280 0361 239EA4CF 		.ascii	"#\236\244\317f\216\216\357U\023'y\352$y\310\354\246"
 280      668E8EEF 
 280      55132779 
 280      EA2479C8 
 280      ECA6
 281 0373 02DD225D 		.ascii	"\002\335\"]A\372\245h\225\340_Ue\321K\215K\2060\215"
 281      41FAA568 
 281      95E05F55 
 281      65D14B8D 
 281      4B86308D 
 282 0387 78FE9F94 		.ascii	"x\376\237\224B\317{\200}C`\337F.\346g\004;On\027i\251"
 282      42CF7B80 
 282      7D4360DF 
 282      462EE667 
 282      043B4F6E 
 283 039e 1BA344DE 		.ascii	"\033\243D\336_=4\352\204c\224\324n\323\253\011{\234"
 283      5F3D34EA 
 283      846394D4 
 283      6ED3AB09 
 283      7B9C
 284 03b0 4085FE23 		.ascii	"@\205\376#YG\225\224\371\230\310\37133\361J\234L\033"
 284      59479594 
 284      F998C8F9 
 284      3333F14A 
 284      9C4C1B
 285 03c3 636B6F67 		.ascii	"ckog\212\3315(\244G\354\336b5\316\242\215o_\034\037"
 285      8AD93528 
 285      A447ECDE 
 285      6235CEA2 
 285      8D6F5F1C 
 286 03d8 55E3022A 		.ascii	"U\343\002*T\335\313n\020\015\336\"r\323\304\3011\007"
 286      54DDCB6E 
 286      100DDE22 
 286      72D3C4C1 
 286      3107
 287 03ea 5C421B13 		.ascii	"\\B\033\023\212\257\247\332\341\323T\2706|8\336\201"
 287      8AAFA7DA 
 287      E1D354B8 
 287      367C38DE 
 287      81
 288 03fb 32BB883C 		.ascii	"2\273\210<\321\227\326\352\200\353hcs\333\375k\032\334"
 288      D197D6EA 
 288      80EB6863 
 288      73DBFD6B 
 288      1ADC
 289 040d 4A859496 		.ascii	"J\205\224\226\312V1\227\333\210\034\363\370T\"\306]"
 289      CA563197 
 289      DB881CF3 
 289      F85422C6 
 289      5D
 290 041e A24131B2 		.ascii	"\242A1\262.bd\307\272\232\222\265\270\2276v&\355\311"
ARM GAS  /var/folders/45/ct_yb_0s4l984dg097s5d1mh0000gp/T//ccfA5ImG.s 			page 23


 290      2E6264C7 
 290      BA9A92B5 
 290      B8973676 
 290      26EDC9
 291 0431 E6F01015 		.ascii	"\346\360\020\025J\206\017\356\026\015\376\206\204&o"
 291      4A860FEE 
 291      160DFE86 
 291      84266F
 292 0440 34DF018F 		.ascii	"4\337\001\217\320\266\272\242\204R\015\376\221\012\265"
 292      D0B6BAA2 
 292      84520DFE 
 292      910AB5
 293 044f 5575ADE2 		.ascii	"Uu\255\342\330\255\0021\376JZ\277\003\236\241m\345\217"
 293      D8AD0231 
 293      FE4A5ABF 
 293      039EA16D 
 293      E58F
 294 0461 134D7638 		.ascii	"\023Mv8^%\010y\023\003O\304\316\272\021%\235o\312\234"
 294      5E250879 
 294      13034FC4 
 294      CEBA1125 
 294      9D6FCA9C 
 295 0475 702A6D33 		.ascii	"p*m3\317O\027:?\353\372*\365x\037m:\374\270z\2573>D"
 295      CF4F173A 
 295      3FEBFA2A 
 295      F5781F6D 
 295      3AFCB87A 
 296 048d 8517F10F 		.ascii	"\205\027\361\017\007\355)o\011\210\367\006\036%;\341"
 296      07ED296F 
 296      0988F706 
 296      1E253BE1 
 297 049d 12DAB6B3 		.ascii	"\022\332\266\263!\273^\213OS\301\\N]h9m\036\274\203"
 297      21BB5E8B 
 297      4F53C15C 
 297      4E5D6839 
 297      6D1EBC83 
 298 04b1 702D6D7A 		.ascii	"p-mz\232l\272\315\341f*\224V\247\335S\341N*\334\257"
 298      9A6CBACD 
 298      E1662A94 
 298      56A7DD53 
 298      E14E2ADC 
 299 04c6 8A7FADC4 		.ascii	"\212\177\255\304W\251pb\246\240K\213{\250\320U3\370"
 299      57A97062 
 299      A6A04B8B 
 299      7BA8D055 
 299      33F8
 300 04d8 D009DFA1 		.ascii	"\320\011\337\241\302H\303\316\007\342\370f\011\325\343"
 300      C248C3CE 
 300      07E2F866 
 300      09D5E3
 301 04e7 C6E020A2 		.ascii	"\306\340 \242\351Z\250%\355)\005\305J|O \377\315\253"
 301      E95AA825 
 301      ED2905C5 
 301      4A7C4F20 
 301      FFCDAB
 302 04fa D98C3867 		.ascii	"\331\2148g\364\201\354p\265\\\271\231/\216\360\361q"
 302      F481EC70 
ARM GAS  /var/folders/45/ct_yb_0s4l984dg097s5d1mh0000gp/T//ccfA5ImG.s 			page 24


 302      B55CB999 
 302      2F8EF0F1 
 302      71
 303 050b 50E1EAF1 		.ascii	"P\341\352\361w\325\305Wc\370\342%\350\007\310\325\007"
 303      77D5C557 
 303      63F8E225 
 303      E807C8D5 
 303      07
 304 051c 304BB339 		.ascii	"0K\2639Wi\"\016\011\211\353\016\377\024G\310\35475\266"
 304      5769220E 
 304      0989EB0E 
 304      FF1447C8 
 304      EC3735B6 
 305 0530 6328AFF1 		.ascii	"c(\257\361XH\3557r\372\224@oB\224O,\214\264\211|\242"
 305      5848ED37 
 305      72FA9440 
 305      6F42944F 
 305      2C8CB489 
 306 0546 FE9D9CFF 		.ascii	"\376\235\234\377\226UO\350\215\227\031z\253\234\336"
 306      96554FE8 
 306      8D97197A 
 306      AB9CDE
 307 0555 324F7D37 		.ascii	"2O}7\253\236\347d|=K'%\251\343\022\216\021\3500\025"
 307      AB9EE764 
 307      7C3D4B27 
 307      25A9E312 
 307      8E11E830 
 308 056a E1BD4AE9 		.ascii	"\341\275J\351\346\011\012\253\015\2317\335\355\214\366"
 308      E6090AAB 
 308      0D9937DD 
 308      ED8CF6
 309 0579 D7726F5E 		.ascii	"\327ro^\315\363\246\243\203\341?\225\363G\346\363Y\375"
 309      CDF3A6A3 
 309      83E13F95 
 309      F347E6F3 
 309      59FD
 310 058b 93B6F5BB 		.ascii	"\223\266\365\273K\336ww0\336?\221{\377XN\037b;{SN\277"
 310      4BDE7777 
 310      30DE3F91 
 310      7BFF584E 
 310      1F623B7B 
 311 05a2 2EEF6C07 		.ascii	".\357l\007\033\312\030\233\241d\362`\232\315\203\027"
 311      1BCA189B 
 311      A164F260 
 311      9ACD8317 
 312 05b2 72D79F23 		.ascii	"r\327\237#y\344{\333\031g~\224;3!wf\210ufV\256\376\306"
 312      79E47BDB 
 312      19677E94 
 312      3B332177 
 312      66887566 
 313 05ca BC484EB3 		.ascii	"\274HN\263\374i\333i)\250\317\024\2133\217\224\012\024"
 313      FC69DB69 
 313      29A8CF14 
 313      8B338F94 
 313      0A14
 314 05dc C72D45B1 		.ascii	"\307-E\261\034i#tx\333\240C\234\033\312\340>@I\200|"
 314      1C692374 
ARM GAS  /var/folders/45/ct_yb_0s4l984dg097s5d1mh0000gp/T//ccfA5ImG.s 			page 25


 314      78DBA043 
 314      9C1BCAE0 
 314      3E404980 
 315 05f1 C05E4022 		.ascii	"\300^@\" \017\220\005\330\011H\003\244\000\366\000\216"
 315      200F9005 
 315      D8094803 
 315      A400F600 
 315      8E
 316 0602 00F601F6 		.ascii	"\000\366\001\366\0032\001\305\200T\300n@\016\340\030"
 316      033201C5 
 316      8054C06E 
 316      400EE018 
 317 0612 20017010 		.ascii	" \001p\020P\000(\004$\003\016\000\216\003\322\001G\001"
 317      50002804 
 317      24030E00 
 317      8E03D201 
 317      4701
 318 0624 87014580 		.ascii	"\207\001E\200]\200\\\356\003am!N 6G\306\344=\033\235"
 318      5D805CEE 
 318      03616D21 
 318      4E203647 
 318      C6E43D1B 
 319 0639 17897196 		.ascii	"\027\211q\226\377\322\366\300\260)~\211\241\367\313"
 319      FFD2F6C0 
 319      B0297E89 
 319      A1F7CB
 320 0648 E9BD727A 		.ascii	"\351\275rz/\233\341\217\344\364\207\363r\212\235\316"
 320      2F9BE18F 
 320      E4F487F3 
 320      728A9DCE 
 321 0658 F1F29C6A 		.ascii	"\361\362\234j\226\323\307\331Q\234\261],,I\005I8\336"
 321      96D3C7D9 
 321      519CB15D 
 321      2C2C4905 
 321      4938DE
 322 066b C124E17D 		.ascii	"\301$\341}\333\265\213\215M/\253\177\316vV1\356L\263"
 322      DBB58B8D 
 322      4D2FAB7F 
 322      CE765631 
 322      EE4CB3
 323 067e 9DBD27A7 		.ascii	"\235\275'\247\337\225\350t\2753\333\200sx~\021a)\304"
 323      DF95E874 
 323      BD33DB80 
 323      73787E11 
 323      6129C4
 324 0691 B58E348C 		.ascii	"\265\2164\214\255\227pi\005\317'\251\005e\203\266\225"
 324      AD977069 
 324      05CF27A9 
 324      056583B6 
 324      95
 325 06a2 598D233B 		.ascii	"Y\215#;0\335r\376\325y\374!v\334\307m\347\011\3337V"
 325      30DD72FE 
 325      D579FC21 
 325      76DCC76D 
 325      E709DB37 
 326 06b7 7D97ED42 		.ascii	"}\227\355B\313\326e6\024\317lW6\206>\302j\277f\333y"
 326      CBD66536 
ARM GAS  /var/folders/45/ct_yb_0s4l984dg097s5d1mh0000gp/T//ccfA5ImG.s 			page 26


 326      14CF6C57 
 326      36863EC2 
 326      6ABF66DB 
 327 06cc 76B6B3DA 		.ascii	"v\266\263\332\207mg\225\3258\262\352\373l'-\345\223"
 327      876D6795 
 327      D538B2EA 
 327      FB6C272D 
 327      E593
 328 06de 5D4659D9 		.ascii	"]FY\331\200=\316W\013K\3313\311I\011\216\310\315\225"
 328      803DCE57 
 328      0B4BD933 
 328      C949098E 
 328      C8CD95
 329 06f1 8ED89DCB 		.ascii	"\216\330\235\3138\016*\001\372\026\036/\341,\013T2\200"
 329      380E2A01 
 329      FA161E2F 
 329      E12C0B54 
 329      3280
 330 0703 0B540A54 		.ascii	"\013T\012T\012\005\342\377c\261 k\275\233\267\272\221"
 330      0A05E2FF 
 330      63B1206B 
 330      BD9BB7BA 
 330      91
 331 0714 43B26591 		.ascii	"C\262e\221.tKZ\253\236\340\034\204\035\013\234\201|"
 331      2E744B5A 
 331      AB9EE01C 
 331      841D0B9C 
 331      817C
 332 0726 6A2E6BD0 		.ascii	"j.k\320\021\227\012QAC\261\025m\216\270\234\012iY\215"
 332      11970A51 
 332      4143B115 
 332      6D8EB89C 
 332      0A69598D 
 333 073a 8D4A5C41 		.ascii	"\215J\\A\205\242\234\314D\025\256\246B\351\236\214S"
 333      85A29CCC 
 333      4415AEA6 
 333      42E99E8C 
 333      53
 334 074b 3A5C4B85 		.ascii	":\\K\205\003\337\336\234\326\342z*\034\235~;JV\201\313"
 334      03DFDE9C 
 334      D6E27A2A 
 334      1C9D7E3B 
 334      4A5681CB 
 335 075f C9A60533 		.ascii	"\311\246\0053[\226\345t\313\322p\251\375\230\003n\242"
 335      5B96E574 
 335      CBD270A9 
 335      FD98036E 
 335      A2
 336 0770 63509E3B 		.ascii	"cP\236;3\343l\336N\300vS\345\246\260l6\321Y\210\351"
 336      33E36CDE 
 336      4EC07653 
 336      E5A6B06C 
 336      36D15988 
 337 0785 7271E57F 		.ascii	"rq\345\177\006\202~\232\223\266,\313\367'\222\355D%"
 337      06827E9A 
 337      93B62CCB 
 337      F72792ED 
ARM GAS  /var/folders/45/ct_yb_0s4l984dg097s5d1mh0000gp/T//ccfA5ImG.s 			page 27


 337      4425
 338 0797 A74315D2 		.ascii	"\247C\025\322h-\027\227\323\3473\373\206u\370\012\265"
 338      682D1797 
 338      D3E733FB 
 338      8675F80A 
 338      B5
 339 07a8 11DB953D 		.ascii	"\021\333\225=\261\240\215\352\205m\014x4\013[\226s`"
 339      B1A08DEA 
 339      856D0C78 
 339      340B5B96 
 339      7360
 340 07ba A34AB201 		.ascii	"\243J\262\001&\251\221\330\251#u\032|S0\242|]R\331\343"
 340      26A991D8 
 340      A923751A 
 340      7C5330A2 
 340      7C5D52D9 
 341 07cf 84       		.ascii	"\204"
 342 07d0 6071E526 		.ascii	"`q\345&\345\012\247`B^+&\312y0X\007\203Uo\251\354\244"
 342      E50AA760 
 342      425E2B26 
 342      CA793058 
 342      0783556F 
 343 07e7 7ADDEDC3 		.ascii	"z\335\355\303uEWR\371\302\013H\260W\003\366\310\023"
 343      75455752 
 343      F9C20B48 
 343      B05703F6 
 343      C813
 344 07f9 163FE5EF 		.ascii	"\026?\345\357\334\221_\345\300\316\026\013\344\357m"
 344      DC915FE5 
 344      C0CE160B 
 344      E4EF6D
 345 0808 92AB9154 		.ascii	"\222\253\221T\216\356\344\351x^CHl5\002\267/6>\255\320"
 345      8EEEE4E9 
 345      785E4348 
 345      6C3502B7 
 345      2F363EAD 
 346 081d C11A71B1 		.ascii	"\301\032q\261\033U\333\223\347R\024\307\267\255\022"
 346      1B55DB93 
 346      E75214C7 
 346      B7AD12
 347 082c AAE849D0 		.ascii	"\252\350I\320{\201[\274\300\213\037\324\276\316s\212"
 347      7B815BBC 
 347      C08B1FD4 
 347      BECE738A 
 348 083c 11BC20D6 		.ascii	"\021\274 \326O-\314\336#n\231\204\351#\205\204\260I"
 348      4F2DCCDE 
 348      236E9984 
 348      E9238584 
 348      B049
 349 084e 481A2124 		.ascii	"H\032!$\015\020\022\223\030\022\352\363\225\274%1dB"
 349      0D101293 
 349      1812EAF3 
 349      95BC2531 
 349      6442
 350 0860 02CBDA69 		.ascii	"\002\313\332i\324Y\263\247B\273\030\224\306,\254Ta\245"
 350      D459B3A7 
 350      42BB1894 
ARM GAS  /var/folders/45/ct_yb_0s4l984dg097s5d1mh0000gp/T//ccfA5ImG.s 			page 28


 350      C62CAC54 
 350      61A5
 351 0872 91EC0E9A 		.ascii	"\221\354\016\232nT:\340\014;!\007\037^:\031\253\301"
 351      6E543AE0 
 351      0C3B2107 
 351      1F5E3A19 
 351      ABC1
 352 0884 595428E8 		.ascii	"YT(\350,\277\244\302\007\250P{\242\274\233\303\005T"
 352      2CBFA4C2 
 352      07A8507B 
 352      A2BC9BC3 
 352      0554
 353 0896 28AB1E4D 		.ascii	"(\253\036MA\370\030\025\306\022O\032\361w\364:\275\353"
 353      41F81815 
 353      C6124F1A 
 353      F177F43A 
 353      BDEB
 354 08a8 509F46DC 		.ascii	"P\237F\334&\222O(S\207\037\354\341\360\031\241\321!"
 354      26924F28 
 354      53871FEC 
 354      E1F019A1 
 354      D121
 355 08ba B52BEE07 		.ascii	"\265+\356\007\025\022\027\333n\322\002{8W\214-\251T"
 355      151217DB 
 355      6ED2027B 
 355      38578C2D 
 355      A954
 356 08cc 6D10ADAB 		.ascii	"m\020\255\253\013\256O\2052\373+\251\2565\313\331o\347"
 356      0BAE4F85 
 356      32FB2BA9 
 356      AE35CBD9 
 356      6FE7
 357 08de D5C1E9F7 		.ascii	"\325\301\351\367$z\213m:\373ve\330\255r\366\374%U\343"
 357      247A8B6D 
 357      3AFB7665 
 357      D8AD72F6 
 357      FC2555E3 
 358 08f2 5289FE9D 		.ascii	"R\211\376\235\234\316.\364\255\012e\007\314'\272\232"
 358      9CCE2EF4 
 358      AD0A6507 
 358      CC27BA9A 
 359 0902 BB2A26FF 		.ascii	"\273*&\3775\030\351\3530.\227\001=\200\037\000W\000"
 359      3518E9EB 
 359      302E9701 
 359      3D801F00 
 359      5700
 360 0914 9D809B80 		.ascii	"\235\200\233\200.@7\340\206\325\262\247\203\261^&\267"
 360      2E4037E0 
 360      86D5B2A7 
 360      83B15E26 
 360      B7
 361 0925 CEAC8CC5 		.ascii	"\316\254\214\305\274\311u\021\362\346\252\255W\357\035"
 361      BCC97511 
 361      F2E6AAAD 
 361      57EF1D
 362 0934 760CDA6D 		.ascii	"v\014\332m\216\001\273 b\014_\262m\330j\177\303\004"
 362      8E01BB20 
ARM GAS  /var/folders/45/ct_yb_0s4l984dg097s5d1mh0000gp/T//ccfA5ImG.s 			page 29


 362      620C5FB2 
 362      6DD86A7F 
 362      C304
 363 0946 F5A2EDA0 		.ascii	"\365\242\355\240\232\225\303\264\231\315\323Qz\023d"
 363      9A95C3B4 
 363      99CDD351 
 363      7A1364
 364 0955 6CB9EDA0 		.ascii	"l\271\355\240\272\213\357-S\347T\205\012\237\023\362"
 364      BA8BEF2D 
 364      53E75485 
 364      0A9F13F2 
 365 0965 8B3B7FF6 		.ascii	"\213;\177\366h\275\235\364\336:\250&S\273\027\036\276"
 365      68BD9DF4 
 365      DE3AA826 
 365      53BB171E 
 365      BE
 366 0976 2515A9AB 		.ascii	"%\025\251\253\363_[\346\321@\267a\020\376\334\001!\037"
 366      F35F5BE6 
 366      D140B761 
 366      10FEDC01 
 366      211F
 367 0988 1CCACBC7 		.ascii	"\034\312\313\3070\373j\351\265z\265\364q\016f'\372\204"
 367      30FB6AE9 
 367      B57AB5F4 
 367      710E6627 
 367      FA84
 368 099a B74B7FD2 		.ascii	"\267K\177\322\316\0025n\241\023g\250\246\037\266\023"
 368      CE02356E 
 368      A11367A8 
 368      A61FB613 
 369 09aa 1D5478B9 		.ascii	"\035Tx\271\267\245\223\303W\2500|+.G\215\257S!\343\335"
 369      B7A593C3 
 369      57A8307C 
 369      2B2E478D 
 369      AF5321E3 
 370 09bf 6D5E8DFB 		.ascii	"m^\215\373\251\220\366r\352\260\022\337\247\302\271"
 370      A990F672 
 370      EAB012DF 
 370      A7C2B9
 371 09ce FAE71E74 		.ascii	"\372\347\036t\003\274\224|\032\036\0303\211\237.\007"
 371      03BC947C 
 371      1A1E1833 
 371      899F2E07 
 372 09de C97EF876 		.ascii	"\311~\370v\334d\217#~\"P\265\261\267^7\221y\350J\367"
 372      DC648F23 
 372      7E2250B5 
 372      B1B75E37 
 372      9179E84A 
 373 09f3 BAB4C04D 		.ascii	"\272\264\300M\346\374C\366\305\235|F\220P\341\036@\304"
 373      E6FC43F6 
 373      C59D7C46 
 373      9050E11E 
 373      40C4
 374 0a05 1E2D1076 		.ascii	"\036-\020v\261\316\036\305dCL\310\003r23\253\254\"}"
 374      B1CE1EC5 
 374      64434CC8 
 374      03723233 
ARM GAS  /var/folders/45/ct_yb_0s4l984dg097s5d1mh0000gp/T//ccfA5ImG.s 			page 30


 374      ABAC227D 
 375 0a19 1F223D24 		.ascii	"\037\"=$l%\036\211a~\012a~\002a|\016x\014\030\001\014"
 375      6C251E89 
 375      617E0A61 
 375      7E02617C 
 375      0E780C18 
 376 0a2f 039E011E 		.ascii	"\003\236\001\036Z\275\010z%{w\345\366n\310\235\353\220"
 376      5ABD087A 
 376      257B77E5 
 376      F66EC89D 
 376      EB90
 377 0a41 C8F7E464 		.ascii	"\310\367\344d\371\013cH\342\336\261\255\270\211ya\264"
 377      F90B6348 
 377      E2DEB1AD 
 377      B8897961 
 377      B4
 378 0a52 66639255 		.ascii	"fc\222U\217\344s\210hz\235m'\255\264\373m\007\205]\231"
 378      8FE47388 
 378      687A9D6D 
 378      27ADB4FB 
 378      6D07855D 
 379 0a67 774B9607 		.ascii	"wK\226\007mziY\23655\346\314\332\341\0274\315\313\362"
 379      6D7A6959 
 379      9E3535E6 
 379      CCDAE117 
 379      34CDCBF2 
 380 0a7b EBA774C8 		.ascii	"\353\247t\310\325\315fh\321(D\364\347DW\354\326\307"
 380      D5CD6668 
 380      D12844F4 
 380      E74457EC 
 380      D6C7
 381 0a8d A4572FE1 		.ascii	"\244W/\341\271\027\322\\y$\314\025\362\271u\317\211"
 381      B917D25C 
 381      7924CC15 
 381      F2B975CF 
 381      89
 382 0a9e 674EAEA2 		.ascii	"gN\256\242\275]\013\332S\374Ic$\0233[\313\265\354,\031"
 382      BD5D0BDA 
 382      53FC4963 
 382      2413335B 
 382      CBB5EC2C 
 383 0ab3 B39A25E3 		.ascii	"\263\232%\343\342\002l\\\230\"i\245\263\177M\223\372"
 383      E2026C5C 
 383      982269A5 
 383      B37F4D93 
 383      FA
 384 0ac4 00799B8C 		.ascii	"\000y\233\214\361i\211\342\007\260)\222\325\355=\371"
 384      F16989E2 
 384      07B02992 
 384      D5ED3DF9 
 385 0ad4 2F74F82D 		.ascii	"/t\370-\235\000\346\224w\021S>\261\363\325q\016\307"
 385      9D00E694 
 385      7711533E 
 385      B1F3D571 
 385      0EC7
 386 0ae6 6A84C653 		.ascii	"j\204\306Su\361\317\305\217Y&\322\230\222\220\236d\207"
 386      75F1CFC5 
ARM GAS  /var/folders/45/ct_yb_0s4l984dg097s5d1mh0000gp/T//ccfA5ImG.s 			page 31


 386      8F5926D2 
 386      9892909E 
 386      6487
 387 0af8 9368E344 		.ascii	"\223h\343D\311\351\002\015m,!\215O\336\265>U\341\014"
 387      C9E9020D 
 387      6D2C218D 
 387      4FDEB53E 
 387      55E10C
 388 0b0b DA786DB2 		.ascii	"\332xm\262+Q\207\367S!\271ro\2213.\240\302\356\3643"
 388      2B5187F7 
 388      5321B972 
 388      6F91332E 
 388      A0C2EEF4 
 389 0b20 DFEBF051 		.ascii	"\337\353\360Q*Tv\236\273\243\302eT\350\037\357I\264"
 389      2A54769E 
 389      BBA3C265 
 389      54E81FEF 
 389      49B4
 390 0b32 C767A870 		.ascii	"\307g\250pr&\353\270\032\327P\241\353`\276\371\253j"
 390      7226EBB8 
 390      1AD750A1 
 390      EB60BEF9 
 390      AB6A
 391 0b44 05E951DA 		.ascii	"\005\351Q\332\3119\361uY\350JT\346\014\300\342\361\202"
 391      C939F175 
 391      59E84A54 
 391      E60CC0E2 
 391      F182
 392 0b56 C0751C3D 		.ascii	"\300u\034==\366P\215,\037\246\334\204\367%\031\254\341"
 392      3DF6508D 
 392      2C1FA6DC 
 392      84F72519 
 392      ACE1
 393 0b68 1C97BD3C 		.ascii	"\034\227\275<\251\325d\274\336\300x%bWi@\2468\371g\205"
 393      A9D564BC 
 393      DEC07825 
 393      62576940 
 393      A638F967 
 394 0b7d 91F7E857 		.ascii	"\221\367\350W\005B\217\3072\372\004\267\300\266\037"
 394      05428FC7 
 394      32FA04B7 
 394      C0B61F
 395 0b8c C3621E93 		.ascii	"\303b\036\2236B'\331\264\033\273\2414\014+y@2 \023\260"
 395      364227D9 
 395      B41BBBA1 
 395      340C2B79 
 395      40322013 
 396 0ba1 0B900248 		.ascii	"\013\220\002H\007$\0002\000\251\200\235\3302w\311w\215"
 396      07240032 
 396      00A9809D 
 396      D83277C9 
 396      778D
 397 0bb3 259203EF 		.ascii	"%\222\003\357\344\376Zm\237\205/8\177If\005\341\362"
 397      E4FE5A6D 
 397      9F852F38 
 397      7F496605 
 397      E1F2
ARM GAS  /var/folders/45/ct_yb_0s4l984dg097s5d1mh0000gp/T//ccfA5ImG.s 			page 32


 398 0bc5 7267AD3F 		.ascii	"rg\255?\235\011}\263\220\347\344\212\237\313\025\217"
 398      9D097DB3 
 398      90E7E48A 
 398      9FCB158F 
 399 0bd5 336ECCC8 		.ascii	"3n\314\310\331-\363Tw3a{%\247\3778/\312\323\2770{\022"
 399      D92DF354 
 399      7733617B 
 399      25A7FF38 
 399      2FCAD3BF 
 400 0bec 23775B2A 		.ascii	"#w[*9t\266\275\330'\024\021\340\310\212\010yK\263\203"
 400      3974B6BD 
 400      D8271411 
 400      E0C88A08 
 400      794BB383 
 401 0c00 FB566E76 		.ascii	"\373Vnv\232\223\365i\372\227\222\223\223r\366k9\273"
 401      9A93F569 
 401      FA979293 
 401      9372F66B 
 401      39BB
 402 0c12 9189C0AC 		.ascii	"\221\211\300\254\234\315n!!\027[\257\335|\247\304mB"
 402      9CCD6E21 
 402      21175BAF 
 402      DD7CA7C4 
 402      6D42
 403 0c24 2E72F587 		.ascii	".r\365\2073\3524\362\232cN\021\2303n\377\253,\021?\015"
 403      33EA34F2 
 403      9A634E11 
 403      98336EFF 
 403      AB2C113F 
 404 0c39 E40A2FEC 		.ascii	"\344\012/\354\275\240h\017\266\024!\022$\301\237\356"
 404      BDA0680F 
 404      B6142112 
 404      24C19FEE 
 405 0c49 BCAAF5D6 		.ascii	"\274\252\365\3265\310\226}\305\3176\016\252/\366\234"
 405      35C8967D 
 405      C5CF360E 
 405      AA2FF69C 
 406 0c59 5CC396A4 		.ascii	"\\\303\226\244l\314\226\244}\230\226$8\003\367\372\243"
 406      6CCC96A4 
 406      7D989624 
 406      3803F7FA 
 406      A3
 407 0c6a D876ADED 		.ascii	"\330v\255\355Z\250\370\351\205\020\355\307d\276\277"
 407      5AA8F8E9 
 407      8510EDC7 
 407      64BEBF
 408 0c79 310DC292 		.ascii	"1\015\302\222\264\207\326\206\013}\027\033\035\224\034"
 408      B487D686 
 408      0B7D171B 
 408      1D941C
 409 0c88 2D7EE497 		.ascii	"-~\344\227D\270\327\223\230\320\253\025\356\221\345"
 409      44B8D793 
 409      98D0AB15 
 409      EE91E5
 410 0c97 430E166E 		.ascii	"C\016\026n>\312|\026\270\340\357\220y\230\374\016\231"
 410      3ECA7C16 
 410      B8E0EF90 
ARM GAS  /var/folders/45/ct_yb_0s4l984dg097s5d1mh0000gp/T//ccfA5ImG.s 			page 33


 410      7998FC0E 
 410      99
 411 0ca8 8BC51F22 		.ascii	"\213\305\037\"\333\357W4;\210?D\316\226\276w8\216/\201"
 411      DBEF5734 
 411      3B883F44 
 411      CE96BE77 
 411      388E2F81 
 412 0cbc C796111A 		.ascii	"\307\226\021\032: E\031.\255\177\365;\210\311Ov-\371"
 412      3A204519 
 412      2EAD7FF5 
 412      3B88C94F 
 412      762DF9
 413 0ccf 31F5F678 		.ascii	"1\365\366x\220\372W\330\234\367\320\376\327E|\227\011"
 413      90FA57D8 
 413      9CF7D0FE 
 413      D7457C97 
 413      09
 414 0ce0 4A50DE12 		.ascii	"JP\336\022\310R\032\251|\252\206\251\030\344\316\177"
 414      C8521AA9 
 414      7CAA86A9 
 414      18E4CE7F 
 415 0cf0 C026AF00 		.ascii	"\300&\257\000\377\032\236;4\3636\307\211\015/\371\231"
 415      FF1A9E3B 
 415      34F336C7 
 415      890D2FF9 
 415      99
 416 0d01 500AEF21 		.ascii	"P\012\357!1\274\344\354\034m\334\272\332#p\313\266\260"
 416      31BCE4EC 
 416      1C6DDCBA 
 416      DA2370CB 
 416      B6B0
 417 0d13 C8C0B088 		.ascii	"\310\300\260\2100\243\307\312\225z\372\027\031\255\377"
 417      30A3C7CA 
 417      957AFA17 
 417      19ADFF
 418 0d22 3A285CFF 		.ascii	":(\\\377UdPTH\264>`c\340\347\233<\375\2747\270\177\364"
 418      55645054 
 418      48B43E60 
 418      63E0E79B 
 418      3CFDBC37 
 419 0d39 51E0BA35 		.ascii	"Q\340\2725\037\257\371\302\2276\255\014\326\254\377"
 419      1FAFF9C2 
 419      9736AD0C 
 419      D6ACFF
 420 0d48 7CD3324F 		.ascii	"|\3232Oww\305\352\237\377\254\302!004(*\374\033\301"
 420      7777C5EA 
 420      9FFFACC2 
 420      21303034 
 420      282AFC1B 
 421 0d5d B856B8EB 		.ascii	"\270V\270\353\013W\213\250[\301\341\221\301\277\023"
 421      0B578BA8 
 421      5BC1E191 
 421      C1BF13
 422 0d6c 9A56C975 		.ascii	"\232V\311uo\213\2142\022\325\237\255\366\240\377\327"
 422      6F8B8C32 
 422      12D59FAD 
 422      F6A0FFD7 
ARM GAS  /var/folders/45/ct_yb_0s4l984dg097s5d1mh0000gp/T//ccfA5ImG.s 			page 34


 423 0d7c ADD9B183 		.ascii	"\255\331\261\203\264\004\206\207\207\254\374Z\241\361"
 423      B4048687 
 423      87ACFC5A 
 423      A1F1
 424 0d8a F2FCD473 		.ascii	"\362\374\324s\335z\203\273.0p{X\204\021\264\031\177"
 424      DD7A83BB 
 424      2E30707B 
 424      588411B4 
 424      197F
 425 0d9c AFDF141D 		.ascii	"\257\337\024\035\032\025\255\217\010\013\216\014\017"
 425      1A15AD8F 
 425      080B8E0C 
 425      0F
 426 0da9 0A09DB12 		.ascii	"\012\011\333\022\265\335h\204\253-a`6,\"R\037\271\315"
 426      B5DD6884 
 426      AB2D6160 
 426      362C2252 
 426      1FB9CD
 427 0dbc A8DF121C 		.ascii	"\250\337\022\034\274\"(j\353\212\210\310\210\320\025"
 427      BC22286A 
 427      EB8A88C8 
 427      88D015
 428 0dcb A1415F85 		.ascii	"\241A_\205\255X\263\302c\225\373oV\374\247\307\212\355"
 428      AD58B3C2 
 428      6395FB6F 
 428      56FCA7C7 
 428      8AED
 429 0ddd DB42828C 		.ascii	"\333B\202\214\241z\253f}XDp\370\366\220P\375\326\240"
 429      A17AAB66 
 429      7D584470 
 429      F8F69050 
 429      FDD6A0
 430 0df0 E0AFC322 		.ascii	"\340\257\303\"B\365\201!\241\233\203\266\207\033\003"
 430      42F58121 
 430      A19B83B6 
 430      871B03
 431 0dff 8DDF6C0B 		.ascii	"\215\337l\013\215&\256\230\355\377\356\377\324~\364"
 431      8D26AE98 
 431      EDFFEEFF 
 431      D47EF4
 432 0e0e 37D1FAC0 		.ascii	"7\321\372\300h#(2\202Q\235\277\237_\300Z_\022\002r\351"
 432      68232832 
 432      82519DBF 
 432      9F5FC05A 
 432      5F120272 
 433 0e23 EB11402E 		.ascii	"\353\021@.U\001\001\236\353\015Z\203w\200\267\341\267"
 433      5501019E 
 433      EB0D5A83 
 433      7780B7E1 
 433      B7
 434 0e34 DE5E1F63 		.ascii	"\336^\037c\317\000\203\362\023/O\351\326\337k\327\372"
 434      CF0083F2 
 434      132F4FE9 
 434      D6DF6BD7 
 434      FA
 435 0e45 7FE2E1E7 		.ascii	"\177\342\341\347\357\375\271\201\\\271\323+s\353G\332"
 435      EFFDB981 
ARM GAS  /var/folders/45/ct_yb_0s4l984dg097s5d1mh0000gp/T//ccfA5ImG.s 			page 35


 435      5CB9D32B 
 435      73EB47DA 
 436 0e55 B53E9FAC 		.ascii	"\265>\237\254\026[},<\0379o\265\035\321\002w\310\331"
 436      165B7D2C 
 436      3C1F396F 
 436      B51DD102 
 436      77C8D9
 437 0e68 9D6DF1B0 		.ascii	"\235m\361\260#\032\204\026\037\221\341c\315p\327\220"
 437      231A8416 
 437      1F91E163 
 437      CD70D790 
 438 0e78 670D011B 		.ascii	"g\015\001\033\015\344\302\235\\X\332Vi\310\323\264\315"
 438      0DE4C29D 
 438      5C58DA56 
 438      69C8D3B4 
 438      CD
 439 0e89 C74CF2A1 		.ascii	"\307L\362\241$\354\351kP\222N\332A\177\311\231\3634"
 439      24ECE96B 
 439      50924EDA 
 439      417FC999 
 439      F334
 440 0e9b 98B3C0C3 		.ascii	"\230\263\300\303*\257\203#\267n\215\214\320\207\356"
 440      2AAF8323 
 440      B76E8D8C 
 440      D087EE
 441 0eaa 3042EA30 		.ascii	"0B\3520\331#$\335fH\320\035; \202\366\006O\317\300\215"
 441      D92324DD 
 441      6648D01D 
 441      3B2082F6 
 441      064FCFC0 
 442 0ebf 30865EA1 		.ascii	"0\206^\241\233\225k\327\031\374T~\033<?\205p\005\030"
 442      9B956BD7 
 442      19FC547E 
 442      1B3C3F85 
 442      700518
 443 0ed2 0CE85F90 		.ascii	"\014\350_\220\217*8\034RWL/\367\217\003\215\032\363"
 443      8F2A381C 
 443      52574C2F 
 443      F78F038D 
 443      1AF3
 444 0ee4 058E0E35 		.ascii	"\005\216\0165~\364\307\022\326\317\317K\277\336\337"
 444      7EF4C712 
 444      D6CFCF4B 
 444      BFDEDF
 445 0ef3 77C3EF3D 		.ascii	"w\303\357=\364\322\374\003\223x\203\227\001\373z\031"
 445      F4D2FC03 
 445      93788397 
 445      01FB7A19 
 446 0f03 54FE9BFC 		.ascii	"T\376\233\374\275\014v\033\002\374\275\275\275\014\352"
 446      BD0C761B 
 446      02FCBDBD 
 446      BD0CEA
 447 0f12 0D1BFFCD 		.ascii	"\015\033\377\315\337\333\240\372l\203\227\267\201x\342"
 447      DFDBA0FA 
 447      6C8397B7 
 447      8178E2
 448 0f21 E3C0CC5A 		.ascii	"\343\300\314Z\2432hsT8\216\014\211Rm\203\374\210\262"
ARM GAS  /var/folders/45/ct_yb_0s4l984dg097s5d1mh0000gp/T//ccfA5ImG.s 			page 36


 448      A3326873 
 448      54388E0C 
 448      89526D83 
 448      FC88B2
 449 0f34 8B8CDE16 		.ascii	"\213\214\336\026\032\032\022\245\216$\371\027\245\332"
 449      1A1A12A5 
 449      8E24F917 
 449      A5DA
 450 0f42 1A19121A 		.ascii	"\032\031\022\032E8_;\010|\360m\373\266@\243\332\377"
 450      45385F3B 
 450      087CF06D 
 450      FBB640A3 
 450      DAFF
 451 0f54 9FBD828C 		.ascii	"\237\275\202\214Aj\177_z\362\241\247\365\364\264\216"
 451      416A7F5F 
 451      7AF2A1A7 
 451      F5F4B48E 
 452 0f64 9EBCE9C9 		.ascii	"\236\274\351\311\213\236<\351\351\023zZKO\237\222\223"
 452      8B9E3CE9 
 452      E9137A5A 
 452      4B4F9F92 
 452      93
 453 0f75 A3A03938 		.ascii	"\243\240982bs\330\226@\243\326RM\\\205+\363|\240\355"
 453      326273D8 
 453      9640A3D6 
 453      524D5C85 
 453      2BF37CA0 
 454 0f8a FF03721D 		.ascii	"\377\003r\035\371\375"
 454      F9FD
 455              		.text
 456              		.section	.gnu.lto_.symtab.a00cd8eb9bad46a1,"",%progbits
 457 0000 5F5F6561 		.ascii	"__early_init\000"
 457      726C795F 
 457      696E6974 
 457      00
 458 000d 00       		.ascii	"\000"
 459 000e 00       		.ascii	"\000"
 460 000f 00       		.ascii	"\000"
 461 0010 00000000 		.ascii	"\000\000\000\000\000\000\000\000"
 461      00000000 
 462 0018 BD000000 		.ascii	"\275\000\000\000"
 463 001c 626F6172 		.ascii	"boardInit\000"
 463      64496E69 
 463      7400
 464 0026 00       		.ascii	"\000"
 465 0027 00       		.ascii	"\000"
 466 0028 00       		.ascii	"\000"
 467 0029 00000000 		.ascii	"\000\000\000\000\000\000\000\000"
 467      00000000 
 468 0031 BF000000 		.ascii	"\277\000\000\000"
 469 0035 73746D33 		.ascii	"stm32_clock_init\000"
 469      325F636C 
 469      6F636B5F 
 469      696E6974 
 469      00
 470 0046 00       		.ascii	"\000"
 471 0047 02       		.ascii	"\002"
ARM GAS  /var/folders/45/ct_yb_0s4l984dg097s5d1mh0000gp/T//ccfA5ImG.s 			page 37


 472 0048 00       		.ascii	"\000"
 473 0049 00000000 		.ascii	"\000\000\000\000\000\000\000\000"
 473      00000000 
 474 0051 C1000000 		.ascii	"\301\000\000\000"
 475              		.text
 476              		.section	.gnu.lto_.opts,"",%progbits
 477 0000 272D666D 		.ascii	"'-fmath-errno' '-fsigned-zeros' '-ftrapping-math' '"
 477      6174682D 
 477      6572726E 
 477      6F272027 
 477      2D667369 
 478 0033 2D666E6F 		.ascii	"-fno-trapv' '-fno-openmp' '-fno-openacc' '-mcpu=cor"
 478      2D747261 
 478      70762720 
 478      272D666E 
 478      6F2D6F70 
 479 0066 7465782D 		.ascii	"tex-m7' '-mno-thumb-interwork' '-mthumb' '-O2' '-fo"
 479      6D372720 
 479      272D6D6E 
 479      6F2D7468 
 479      756D622D 
 480 0099 6D69742D 		.ascii	"mit-frame-pointer' '-falign-functions=16' '-ffuncti"
 480      6672616D 
 480      652D706F 
 480      696E7465 
 480      72272027 
 481 00cc 6F6E2D73 		.ascii	"on-sections' '-fdata-sections' '-fno-common' '-flto"
 481      65637469 
 481      6F6E7327 
 481      20272D66 
 481      64617461 
 482 00ff 2700     		.ascii	"'\000"
 483              		.text
 484              		.comm	__gnu_lto_v1,1,1
 485              		.comm	__gnu_lto_slim,1,1
 486              		.ident	"GCC: (GNU Tools for Arm Embedded Processors 7-2018-q2-update) 7.3.1 20180622 (release) [AR
ARM GAS  /var/folders/45/ct_yb_0s4l984dg097s5d1mh0000gp/T//ccfA5ImG.s 			page 38


DEFINED SYMBOLS
                            *ABS*:0000000000000000 board.c
                            *COM*:0000000000000001 __gnu_lto_v1
                            *COM*:0000000000000001 __gnu_lto_slim

NO UNDEFINED SYMBOLS
