ARM GAS  /var/folders/45/ct_yb_0s4l984dg097s5d1mh0000gp/T//ccHd8DbL.s 			page 1


   1              		.cpu cortex-m7
   2              		.eabi_attribute 20, 1
   3              		.eabi_attribute 21, 1
   4              		.eabi_attribute 23, 3
   5              		.eabi_attribute 24, 1
   6              		.eabi_attribute 25, 1
   7              		.eabi_attribute 26, 1
   8              		.eabi_attribute 30, 2
   9              		.eabi_attribute 34, 1
  10              		.eabi_attribute 18, 4
  11              		.file	"chcore_v7m.c"
  12              		.section	.gnu.lto_.profile.c465940136a5911e,"",%progbits
  13 0000 789C6363 		.ascii	"x\234cc```\001bF\006]\011\000\000\352\000Q"
  13      60606001 
  13      6246065D 
  13      090000EA 
  13      0051
  14              		.text
  15              		.section	.gnu.lto_.icf.c465940136a5911e,"",%progbits
  16 0000 789C6363 		.ascii	"x\234cc``\020f@\000f\206;\233\026\\ge\236\374\360\373"
  16      60601066 
  16      40006686 
  16      3B9B165C 
  16      67659EFC 
  17 0016 4D66968D 		.ascii	"Mf\226\215\027\257\3263\000\000[\263\011K"
  17      17AFD633 
  17      00005BB3 
  17      094B
  18              		.text
  19              		.section	.gnu.lto_.jmpfuncs.c465940136a5911e,"",%progbits
  20 0000 789C6363 		.ascii	"x\234cc``\340e@\000f(\301\002\242\001\002c\000\036"
  20      6060E065 
  20      40006628 
  20      C102A201 
  20      0263001E 
  21              		.text
  22              		.section	.gnu.lto_.inline.c465940136a5911e,"",%progbits
  23 0000 789C6363 		.ascii	"x\234cc``pe@\000f\006\006^\021F\006&\201\015\271\014"
  23      60607065 
  23      40006606 
  23      065E1146 
  23      0626810D 
  24 0016 6C0BE499 		.ascii	"l\013\344\231@bL\334`\011v6\2408\307\001;\2708\013\003"
  24      40624CDC 
  24      60097636 
  24      A038C701 
  24      3BB8380B 
  25 002b 17375088 		.ascii	"\0277P\210\347L\004\\\210\221\013D\002\000\3677\006"
  25      E74C045C 
  25      88910B44 
  25      0200F737 
  25      06
  26 003c 72       		.ascii	"r"
  27              		.text
  28              		.section	.gnu.lto_.pureconst.c465940136a5911e,"",%progbits
  29 0000 789C6363 		.ascii	"x\234cc``\340\002bf\206]\214\314\273\030Yv1\002\000"
  29      6060E002 
ARM GAS  /var/folders/45/ct_yb_0s4l984dg097s5d1mh0000gp/T//ccHd8DbL.s 			page 2


  29      6266865D 
  29      8CCCBB18 
  29      59763102 
  30 0015 0C38024C 		.ascii	"\0148\002L"
  31              		.text
  32              		.section	.gnu.lto__port_irq_epilogue.part.0.c465940136a5911e,"",%progbits
  33 0000 789C9D54 		.ascii	"x\234\235T\353k\034U\024?g\356\235\331\315:I!\364\203"
  33      EB6B1C55 
  33      143F67EE 
  33      9DD9CD3A 
  33      4921F483 
  34 0014 4A3F6C3E 		.ascii	"J?l>\204R\250\231\202\210 (H@\350\207E\311\376\001E"
  34      8452A899 
  34      82882028 
  34      4840E887 
  34      45C9FE01 
  35 0029 A6A9159B 		.ascii	"\246\251\025\233\354\262\273\325|\3134\331M\266\246"
  35      ECB2BBD5 
  35      7CCB34D9 
  35      4DB6A6
  36 0038 9422DD8D 		.ascii	"\224\"\335\215,\023wi%Q$j\214\217&\265\315\243I\372"
  36      2C137769 
  36      2551246A 
  36      8C8F26B5 
  36      CDA349FA 
  37 004c D034B6B1 		.ascii	"\3204\266\261\025\254HM\322\250}\210\246\261\330B\263"
  37      15AC484D 
  37      D2A87D88 
  37      A6B1D842 
  37      B3
  38 005d 9E7367D2 		.ascii	"\236sg\322\324'\3420s\037\347\236s~\347\234\337\271"
  38      D427E230 
  38      731FE79E 
  38      737EE79C 
  38      DFB9
  39 006f 6300C0C3 		.ascii	"c\000\300\303:@/\315\317\320\207\001@\343\300YZ\030"
  39      3A402FCD 
  39      CFD08701 
  39      40E3C059 
  39      5A18
  40 0081 A8A959D3 		.ascii	"\250\251Y\323Dv#8!\311\243)Pg\351\236\240\\]\350\210"
  40      44762338 
  40      21C9A329 
  40      5067E99E 
  40      A05C5DE8 
  41 0096 BC708208 		.ascii	"\274p\202\010\255\206&\244\216\255\270O\034\0248\336"
  41      AD8626A4 
  41      8EADB84F 
  41      1C1438DE 
  42 00a6 B938A46D 		.ascii	"\2718\244m\352s\350\031\355^\016t8\231\007]\001\220"
  42      EA73E819 
  42      ED5E0E74 
  42      3899075D 
  42      0190
  43 00b8 A78F1F1C 		.ascii	"\247\217\037\034\304M@js\003+\271JC\262\034?DC\015H"
  43      C44D406A 
  43      73032BB9 
ARM GAS  /var/folders/45/ct_yb_0s4l984dg097s5d1mh0000gp/T//ccHd8DbL.s 			page 3


  43      4A43B21C 
  43      3F44430D 
  44 00cd F273E9F7 		.ascii	"\362s\351\367]\321%\\\201(i\373\313ta\276\212\267\032"
  44      5DD1255C 
  44      812869FB 
  44      CB7461BE 
  44      8AB71A
  45 00e0 8669FBEA 		.ascii	"\206i\373\352\351\205C\353\304\026d\017WG~\274m\326"
  45      E98543EB 
  45      C416640F 
  45      57477EBC 
  45      6DD6
  46 00f2 1E769C36 		.ascii	"\036v\2346g\364V\261\372p\273s\312\221\256\020\370\011"
  46      67F456B1 
  46      FA70BB73 
  46      CA91AE10 
  46      F809
  47 0104 0AF6FA31 		.ascii	"\012\366\3721n\300\217p\203B]\003\304#X\353\201\015"
  47      6EC08F70 
  47      83425D03 
  47      C42358EB 
  47      810D
  48 0116 11EA3D79 		.ascii	"\021\352=yZ\305{\353\255\365\022\370 /\024\304b\327"
  48      5AC57BEB 
  48      ADF512F8 
  48      202F14C4 
  48      62D7
  49 0128 E4F18078 		.ascii	"\344\361\200xL\255\177]\036\3505|\270\357\373\236\232"
  49      4CAD7F5D 
  49      1EE8357C 
  49      B8EFFB9E 
  49      9A
  50 0139 9DEC700E 		.ascii	"\235\354p\016\214\005]!\361\350\277\342}\312x\303\204"
  50      8C055D21 
  50      F1E8BFE2 
  50      7DCA78C3 
  50      84
  51 014a 778CB3A4 		.ascii	"w\214\263\244\001\001\004KIg\340\306\3551\345\3635U"
  51      0101044B 
  51      4967E0C6 
  51      ED31E5F3 
  51      3555
  52 015c ABDEF68C 		.ascii	"\253\336\366\214J\301\253\312\375\376\3608\326r\344"
  52      4AC1ABCA 
  52      FDFEF038 
  52      D672E4
  53 016b EF9DD71D 		.ascii	"\357\235\327\035g\245\334\3518_?Zm\"\260\037\015\370"
  53      67A5DCE9 
  53      385F3F5A 
  53      6D22B01F 
  53      0DF8
  54 017d 44A85182 		.ascii	"D\250Q\202+t\235\006\003 K\025g\212\262\264\241Y\354"
  54      2B749D06 
  54      03204B15 
  54      678AB2B4 
  54      A159EC
  55 0190 159A9AAF 		.ascii	"\025\232\232\257\341\236\271\233\203e\323\013\010\340"
ARM GAS  /var/folders/45/ct_yb_0s4l984dg097s5d1mh0000gp/T//ccHd8DbL.s 			page 4


  55      E19EB99B 
  55      8365D30B 
  55      08E0
  56 019e 150A24BF 		.ascii	"\025\012$\277?_\2245i,:\257\207]\021\340\370\357\316"
  56      3F5F9435 
  56      692C3AAF 
  56      875D11E0 
  56      F8EFCE
  57 01b1 65E62BA4 		.ascii	"e\346+\244F\330#X\2432\232\232\033\0346H\202\243(\013"
  57      46D82358 
  57      A3329A9A 
  57      1B1C3648 
  57      82A3280B 
  58 01c5 5420C031 		.ascii	"T \3001\224\260\210ma\225\026\205\302R\332_\356\332"
  58      94B0886D 
  58      61951685 
  58      C252DA5F 
  58      EEDA
  59 01d7 3F59CD65 		.ascii	"?Y\315eT\311\303Ul[\352|[\260\240 4_'\254\316\217\260"
  59      54C9C355 
  59      6C5BEA7C 
  59      5BB0A020 
  59      345F27AC 
  60 01ee 8D461AED 		.ascii	"\215F\032\355nG\377\354vOE\220\210\340f\277\233\310"
  60      6E47FFEC 
  60      764F4590 
  60      88E066BF 
  60      9BC8
  61 0200 EB5E275C 		.ascii	"\353^'\\.\227\313\353p\234\212\361GK\301\276\227\177"
  61      2E97CBEB 
  61      709C8AF1 
  61      474BC1BE 
  61      977F
  62 0212 E8C98458 		.ascii	"\350\311\204XF6\013}K\271\012\266\021\236\015\211\334"
  62      46360B7D 
  62      4BB90AB6 
  62      119E0D89 
  62      DC
  63 0223 9FB3DF9A 		.ascii	"\237\263\337\232%|\003]\021$\307x\202KJ\362\223+S\323"
  63      257C035D 
  63      1124C778 
  63      824B4AF2 
  63      932B53D3 
  64 0237 C2EA67DE 		.ascii	"\302\352g\336K;\\Q\201\023X\302\234\352R\234D\213[\361"
  64      4B3B5C51 
  64      811358C2 
  64      9CEA529C 
  64      448B5BF1 
  65 024b CA9D19E5 		.ascii	"\312\235\031\345,\204\244\024\304)\262T\271\034\273"
  65      2C84A414 
  65      C429B254 
  65      B91CBB
  66 025a B0DE8B54 		.ascii	"\260\336\213Tr\010\253!\261\317k\013=A\221E\3250\373"
  66      7208AB21 
  66      B1CF6B0B 
  66      3D419145 
  66      D530FB
ARM GAS  /var/folders/45/ct_yb_0s4l984dg097s5d1mh0000gp/T//ccHd8DbL.s 			page 5


  67 026d DE597A57 		.ascii	"\336YzW\370\015s\261h\026\234\321t\230\333\345\344_"
  67      F80D73B1 
  67      68169CD1 
  67      7498DBE5 
  67      E45F
  68 027f DB054F71 		.ascii	"\333\005Oq6\022\02457s\225\177j\313\356\213!\235U\374"
  68      36121435 
  68      3773957F 
  68      6ACBEE8B 
  68      219D55FC 
  69 0293 D6D4EEBF 		.ascii	"\326\324\356\277?x\232\212q\206\231<\243Z\013\272\371"
  69      3F789A8A 
  69      7186993C 
  69      A35A0BBA 
  69      F9
  70 02a4 161D2A7E 		.ascii	"\026\035*~\360[\250\346M\237\317\007\330\240\177\376"
  70      F05BA8E6 
  70      4D9FCF07 
  70      D8A07FFE 
  71 02b4 A813547C 		.ascii	"\250\023T|~\346\363\371Ma\370`\210\371\374\234\371\224"
  71      7EE6F3F9 
  71      4D61F860 
  71      88F9FC9C 
  71      F994
  72 02c6 7432BDCA 		.ascii	"t2\275\312'W\230\001\341:\266\227Fr\017y\351\352d44"
  72      27579801 
  72      E13AB697 
  72      46720F79 
  72      E9EA6434 
  73 02db 74FD52A0 		.ascii	"t\375R\240\365\256C\235o\346){\300\263\330J\015W\011"
  73      F5AE439D 
  73      6FE6297B 
  73      C0B3D84A 
  73      0D5709
  74 02ee 57307DE9 		.ascii	"W0}\351\304\004\256\251\3463\3433\001\256\037\305\205"
  74      C404AEA9 
  74      E633E333 
  74      01AE1FC5 
  74      85
  75 02ff 337EAA7B 		.ascii	"3~\252{\311&\273QP\035\357t\366|UB\277r\377\205\245"
  75      C926BB51 
  75      501DEF74 
  75      F67C5542 
  75      BF72FF85 
  76 0314 6666E90B 		.ascii	"ff\351\013\305\022'\212\347\024K\253\001eIc\211\314"
  76      C512278A 
  76      E7144BAB 
  76      01654963 
  76      89CC
  77 0326 ABF22A95 		.ascii	"\253\362*\225\363\024\025\243\311{h7\376\007\332\354"
  77      F31415A3 
  77      C97B6837 
  77      FE07DAEC 
  78 0336 1ADA97FF 		.ascii	"\032\332\227\377\204F\277Q\274\340\243\351\352\206\375"
  78      8446BF51 
  78      BCE0A3E9 
  78      EA86FD
ARM GAS  /var/folders/45/ct_yb_0s4l984dg097s5d1mh0000gp/T//ccHd8DbL.s 			page 6


  79 0345 849AF7B3 		.ascii	"\204\232\367\263\313\222)\011h\367H]\235\345\275\261"
  79      CB922909 
  79      68F7485D 
  79      9DE5BDB1 
  80 0355 A465C79A 		.ascii	"\244e\307\232\232b\315V<\226H%\255\247\033\"\365\221"
  80      9A62CD56 
  80      3C964825 
  80      ADA71B22 
  80      F591
  81 0367 16CBDE69 		.ascii	"\026\313\336i\307\022\215\333^~\274\251\316\006i\247"
  81      C7128DDB 
  81      5E7EBCA9 
  81      CE0669A7 
  82 0377 5AE246A2 		.ascii	"Z\342F\2421\271{W\352\211\277\261llI\261\235U\037\211"
  82      31B97B57 
  82      EA89BFB1 
  82      6C6C49B1 
  82      9D551F89 
  83 038b 6E8D5AF5 		.ascii	"n\215Z\365dhmm\266w\355\336\336h\331M\311\027\223\333"
  83      64686D6D 
  83      B677EDDE 
  83      DE68D94D 
  83      C91793DB 
  84 039f 5EB0EDBA 		.ascii	"^\260\355\272\235`F\032\242\341\332-\233\303\361d\034"
  84      9D60461A 
  84      A2E1DA2D 
  84      9BC3F164 
  84      1C
  85 03b0 C49309A8 		.ascii	"\304\223\011\250J\305\342\317\356x.\021\263\243\251"
  85      4AC5E2CF 
  85      EE782E11 
  85      B3A3A9
  86 03bf E7ED97CC 		.ascii	"\347\355\227\314H\264\201\3176\223\022h\011\370\035"
  86      48B481CF 
  86      36931268 
  86      09F81D
  87 03ce C560D50E 		.ascii	"\305`\325\016"
  88              		.text
  89              		.section	.gnu.lto_SVC_Handler.c465940136a5911e,"",%progbits
  90 0000 789C9553 		.ascii	"x\234\225S\335O\023Y\024?g\356tZ\245~d\337\214\304\224"
  90      DD4F1359 
  90      143F67EE 
  90      745AA57E 
  90      64DF8CC4 
  91 0015 6C48D644 		.ascii	"lH\326D\031_\314\232M\326d\303\313\362\320h\350\037"
  91      195FCC9A 
  91      4DD664C3 
  91      CBF2D068 
  91      E81F
  92 0027 60DCB12B 		.ascii	"`\334\261+Dk\233iu\331'\207\026\005\0275&j%M\011\312"
  92      446B9B69 
  92      75D92787 
  92      16051735 
  92      266A254D 
  93 003d 7E8031E0 		.ascii	"~\2001\340G\375D-\025\005\374XPa\367M\215[\020\263\220"
  93      47FD442D 
  93      1505FC58 
ARM GAS  /var/folders/45/ct_yb_0s4l984dg097s5d1mh0000gp/T//ccHd8DbL.s 			page 7


  93      5061F74D 
  93      8D5B10B3 
  94 0052 9808EB46 		.ascii	"\230\010\353F\203\202\347\334\031w\021I\2147\235\351"
  94      8382E7DC 
  94      19771149 
  94      8C379DE9 
  95 0062 DC7B7EBF 		.ascii	"\334{~\277\3379\347w\357\325\000 \246\002\274\240\377"
  95      DF39E777 
  95      EFD50020 
  95      A602BCA0 
  95      FF
  96 0073 A5F4A000 		.ascii	"\245\364\240\000T\016\364\003T{\024D\376\260<\010;\025"
  96      540EF403 
  96      547B1444 
  96      FEB03C08 
  96      3B15
  97 0085 DC897BC5 		.ascii	"\334\211{\305!\201]\265#\227\224\345-\026\215\334\221"
  97      21815DB5 
  97      239794E5 
  97      2D168DDC 
  97      91
  98 0096 D74BACD6 		.ascii	"\327K\254\326\034\246\005@\222\036\036\230\301\345@"
  98      1CA60540 
  98      921E1E98 
  98      C1E540
  99 00a5 B0FB35A7 		.ascii	"\260\3735\247\322\242^\244\005\242J\323\347}\251\241"
  99      D2A25EA4 
  99      05A24AD3 
  99      E77DA9A1 
 100 00b5 853C55D0 		.ascii	"\205<U\320G\323\237n\0157/\022\253\220\221\243\235\177"
 100      47D39F6E 
 100      0D372F12 
 100      AB9091A3 
 100      9D7F
 101 00c7 BFF216FF 		.ascii	"\277\362\026\377lYq+\327\323\260\2549a\335\264\324\264"
 101      6C59712B 
 101      D7D3B0AC 
 101      3961DDB4 
 101      D4B4
 102 00d9 10781E05 		.ascii	"\020x\036\005\251\3429,\304\263X(\325\011\236?=ux\201"
 102      A9E2392C 
 102      C4B35828 
 102      D5099E3F 
 102      3D757881 
 103 00ed A6E2052C 		.ascii	"\246\342\005,\266\223\342E\324\000\001\024^\"\300H}"
 103      B693E245 
 103      D4000114 
 103      5E22C048 
 103      7D
 104 00fe 77D62D56 		.ascii	"w\326-VK\355\027\377\234\376Ms\264\237\266\254\035\354"
 104      4BED17FF 
 104      9CFE4D73 
 104      B49FB6AC 
 104      1DEC
 105 0110 DE6D1DB8 		.ascii	"\336m\035\270\346I\013\025/}(\216\035X|r\300\225\263"
 105      E6490B15 
 105      2F7D288E 
ARM GAS  /var/folders/45/ct_yb_0s4l984dg097s5d1mh0000gp/T//ccHd8DbL.s 			page 8


 105      1D587C72 
 105      C095B3
 106 0123 A6A66BA9 		.ascii	"\246\246k\251\267\302\332\336G)\305\215\220\026.B\222"
 106      B7C2DADE 
 106      4729C58D 
 106      90162E42 
 106      92
 107 0134 B82ADF2E 		.ascii	"\270*\337.\011\004\250\243\344d\217\225\203=B\341\257"
 107      0904A8A3 
 107      E4648F95 
 107      833D42E1 
 107      AF
 108 0145 440EC6B0 		.ascii	"D\016\306\260:?\221\231\366\376Wg\215\355\323)\355["
 108      3A3F9199 
 108      F6FE5767 
 108      8DEDD329 
 108      ED5B
 109 0157 596752E0 		.ascii	"YgR\340\314\036X\007/\243\206W\270\205+v\037?\020 \271"
 109      CC1E5807 
 109      2FA38657 
 109      B8852B76 
 109      1F3F1020 
 110 016c 3FD9A416 		.ascii	"?\331\244\026\325`\223\325\340K\013\2159o\362\273\206"
 110      D56093D5 
 110      E04B0B8D 
 110      396FF2BB 
 110      86
 111 017d E6A90A95 		.ascii	"\346\251\012\225y\025\213\244\023=\371L\207F+\230E5"
 111      79158BA4 
 111      133DF94C 
 111      87462B98 
 111      4535
 112 018f 255C14E9 		.ascii	"%\\\024\351D\025F0\376\230K`9N\300\021^\253oH|\306%"
 112      44154630 
 112      FE984B60 
 112      394EC011 
 112      5EAB6F48 
 113 01a6 D8C58F62 		.ascii	"\330\305\217b|\274v\217\340\205\224\020\016\306'\343"
 113      7CBC768F 
 113      E0859410 
 113      0EC627E3 
 114 01b6 17982308 		.ascii	"\027\230#\010\221H\357\356\313\024\332\020J fn#\242"
 114      9148EFEE 
 114      CB14DA10 
 114      4A20666E 
 114      23A2
 115 01c8 0F73E4DB 		.ascii	"\017s\344\333\373,\325\326}\223\361\332,\344\245w\020"
 115      FB2CD5D6 
 115      7D93F1DA 
 115      2CE4A577 
 115      10
 116 01d9 A2F78E0D 		.ascii	"\242\367\216\0157zD\035J\023\366\236\030o\027\316\336"
 116      377A441D 
 116      4A13F69E 
 116      186F17CE 
 116      DE
 117 01ea FCBB3965 		.ascii	"\374\2739e\345j|\2741\327\346\330\230.\026G\333\335"
ARM GAS  /var/folders/45/ct_yb_0s4l984dg097s5d1mh0000gp/T//ccHd8DbL.s 			page 9


 117      E56A7CBC 
 117      31D7E6D8 
 117      982E1647 
 117      DBDD
 118 01fc 89C30B66 		.ascii	"\211\303\013f\271{0\2531\3021X\231a0\340u*\355\006\373"
 118      B97B30AB 
 118      31C23158 
 118      996130E0 
 118      752AED06 
 119 0211 4A2FF216 		.ascii	"J/\362\026\216 E\233\233\316\274\234_\364\213\343\256"
 119      8E20459B 
 119      9BCEBC9C 
 119      5FF48BE3 
 119      AE
 120 0222 9B096D43 		.ascii	"\233\011mC\227-\217t\267\333q\367A\252\343\320|v\267"
 120      972D8F74 
 120      B7DB71F7 
 120      41AAE3D0 
 120      7C76B7
 121 0235 87DD252E 		.ascii	"\207\335%.\366\342\377\315\310\2044\223\331~\275=\320"
 121      F6E2FFCD 
 121      C8843493 
 121      D97EBD3D 
 121      D0
 122 0246 59205AEC 		.ascii	"Y Z\354\266\216\267\037kxw\234\247\333\276hL\324\357"
 122      B68EB71F 
 122      6B78779C 
 122      A7DBBE68 
 122      4CD4EF
 123 0259 B38EC617 		.ascii	"\263\216\306\027sk7\347h\355\226<\263\311]]w\335\354"
 123      736B37E7 
 123      68ED963C 
 123      B3C95D5D 
 123      77DDEC
 124 026c AB8A80B7 		.ascii	"\253\212\200\267)6\206\361\374\304\340\344\007\255\376"
 124      293686F1 
 124      FCC4E0E4 
 124      07ADFE
 125 027b A1396D0A 		.ascii	"\2419m\012\230\025\232l[\323J\342w8\250\316\016\216"
 125      98159A6C 
 125      5BD34AE2 
 125      7738A8CE 
 125      0E8E
 126 028d 360ACE04 		.ascii	"6\012\316\004\370;\207]\357Y\324G\335\364\263E\375l"
 126      F83B875D 
 126      EF59D447 
 126      DDF4B345 
 126      FD6C
 127 029f 11C2C38F 		.ascii	"\021\302\303\217Zt\327\261h\252\351\257l\001[t\017U"
 127      5A74D7B1 
 127      68AAE9AF 
 127      6C015B74 
 127      0F55
 128 02b1 5935E07D 		.ascii	"Y5\340}y\333[\263\327\237x\213\2369l\017c\307\333\317"
 128      79DB5BB3 
 128      D79F788B 
 128      9E396C0F 
ARM GAS  /var/folders/45/ct_yb_0s4l984dg097s5d1mh0000gp/T//ccHd8DbL.s 			page 10


 128      63C7DBCF 
 129 02c5 FC5920D9 		.ascii	"\374Y \331\003\314\306A\307L\351\000\3003>\241'>\227"
 129      03CCC641 
 129      C74CE900 
 129      C0333EA1 
 129      273E97
 130 02d8 7799471D 		.ascii	"w\231G\0359NW\212\360+KJt\373\027\216\352F8\024\012"
 130      394E578A 
 130      F02B4B4A 
 130      74FB178E 
 130      EA463814 
 131 02ed 6FD32361 		.ascii	"o\323#a3\026\325\277)\367\227\372\253t\243\302\010\233"
 131      3316D5BF 
 131      29F797FA 
 131      AB74A3C2 
 131      089B
 132 02ff C10D3BBE 		.ascii	"\301\015;\276\014\225\030\240\032\261\252\210f\006\243"
 132      0C9518A0 
 132      1AB1AA88 
 132      6606A3
 133 030e DBB7C6BE 		.ascii	"\333\267\306\276\232\203\031\254\2121O/\365\007\312"
 133      9A8319AC 
 133      8A314F2F 
 133      F507CA
 134 031d 027A2911 		.ascii	"\002z)\021\365\262m\306\326\355\233\202\272\021\212"
 134      F5B26DC6 
 134      D6ED9B82 
 134      BA118A
 135 032c 5646376C 		.ascii	"VF7l6\214\222\012\360\372\313\003\276\342U+|\221h\004"
 135      368C920A 
 135      F0FACB03 
 135      BEE2552B 
 135      7C916804 
 136 0340 C4D7262C 		.ascii	"\304\327&,\214\205#\353\276_o\206\215@l\243\261\305"
 136      8C8523EB 
 136      BE5F6F86 
 136      8D406CA3 
 136      B1C5
 137 0352 EB0F9473 		.ascii	"\353\017\224sl\005\201@1\301\375\335\306hp\275Y\371"
 137      6C058140 
 137      31C1FDDD 
 137      C66870BD 
 137      59F9
 138 0364 29C556C0 		.ascii	")\305V\300bVaf\304\254\224J\356P0\0246\177\204\267\221"
 138      62566166 
 138      C4AC944A 
 138      EE503014 
 138      367F84B7 
 139 0379 BEB0B0   		.ascii	"\276\260\260"
 140              		.text
 141              		.section	.gnu.lto__port_irq_epilogue.c465940136a5911e,"",%progbits
 142 0000 789C9553 		.ascii	"x\234\225S[KTQ\024^\353\354sf\246\031\015\0373|\030"
 142      5B4B5451 
 142      145EEBEC 
 142      7366A619 
 142      0D1F337C 
 143 0015 091F8CF2 		.ascii	"\011\037\214\362\370 \005AA\370$!\204\376\000\251iH"
ARM GAS  /var/folders/45/ct_yb_0s4l984dg097s5d1mh0000gp/T//ccHd8DbL.s 			page 11


 143      F8200541 
 143      41F82421 
 143      84FE00A9 
 143      6948
 144 0027 A17164C6 		.ascii	"\241qd\306\302\236f\217w+\"L'\2631oD\011^\312\262\032"
 144      C29E668F 
 144      772B224C 
 144      27B3316F 
 144      44095ECA 
 145 003d AF935696 		.ascii	"\257\223V\226w\245@\362!\362V\331\024\031>(\230\266"
 145      77A540F2 
 145      21F256D9 
 145      14193E28 
 145      98B6
 146 004f F699C94C 		.ascii	"\366\231\311L\243h3\347\234\275\327\372\326\376\366"
 146      A36833E7 
 146      9CBDD7FA 
 146      D6FEF6
 147 005e FAF6373A 		.ascii	"\372\3667:\000Xd\000\235\364=L\017\352\000\245+#\000"
 147      00586400 
 147      9DF43D4C 
 147      0FEA00A5 
 147      2B2300
 148 0071 6E8324B1 		.ascii	"n\203$\261\331H\340F\2711\001x\030CE\204Q\016~\335\006"
 148      D948E046 
 148      B9310178 
 148      18434584 
 148      510E7EDD 
 149 0086 05514CB8 		.ascii	"\005QL\270\001\301%1YA\027^be\014{\213\346}R\354mN\303"
 149      01C12531 
 149      5941175E 
 149      62650C7B 
 149      8BE67D52 
 150 009e 7F6D495F 		.ascii	"\177mI_\310\013vy\211\300C\217\030x\037c\201`\323\367"
 150      C80B7679 
 150      89C0438F 
 150      18781F63 
 150      8160D3F7 
 151 00b2 D6CAC375 		.ascii	"\326\312\303ur0\216\017\004/MZ&\024?_[/\342\376\325"
 151      72308E0F 
 151      042F4D5A 
 151      26143F5F 
 151      5B2FE2FE 
 152 00c7 7AAC3A66 		.ascii	"z\254:f\220\300\313\220\211\027@1!\211\221\373\241\204"
 152      90C0CB90 
 152      89174031 
 152      218991FB 
 152      A184
 153 00d9 496296E7 		.ascii	"Ib\226\347\207y\224\304f\343\371w\275\354\"\3632\011"
 153      877994C4 
 153      66E3F977 
 153      BDEC22F3 
 153      3209
 154 00eb 655A2E0E 		.ascii	"eZ.\016W\316\354\024K\206fZ\336\032\230\3501\261x\024"
 154      57CEEC14 
 154      4B86665A 
 154      DE1A98E8 
ARM GAS  /var/folders/45/ct_yb_0s4l984dg097s5d1mh0000gp/T//ccHd8DbL.s 			page 12


 154      31B17814 
 155 00ff C886E6DA 		.ascii	"\310\206\346\332\212\260\230z\316s\271\277\277\177\357"
 155      8AB0987A 
 155      CE73B9BF 
 155      BF7FEF
 156 010e F5C90F9C 		.ascii	"\365\311\017\234\227r\3642\031\037!\243\303\340C\214"
 156      9772F432 
 156      191F21A3 
 156      C3E0438C 
 157 011e C2368C0A 		.ascii	"\3026\214\012\036\3661\306PQ\321G\336%\213\375d4\243"
 157      1EF631C6 
 157      5051D147 
 157      DE258BFD 
 157      6434A3
 158 0131 8F729F30 		.ascii	"\217r\2370w\272\343r\373[\334h$_\353\367\352\262^\353"
 158      77BAE372 
 158      FB5BDC68 
 158      245FEBF7 
 158      EAB25EEB 
 159 0145 C5C310B6 		.ascii	"\305\303\020\266\244\372\336\037\211\004l\0279ikn\342"
 159      A4FADE1F 
 159      89046C17 
 159      39696B6E 
 159      E2
 160 0156 06134C80 		.ascii	"\006\023L\200\035\"\3156\313\203\235\250\303.\241\016"
 160      1D22CD36 
 160      CB839DA8 
 160      C32EA10E 
 161 0166 BD9034AA 		.ascii	"\275\2204\252\025\234u\325\255\313\306\350V\254\346"
 161      159C75D5 
 161      ADCBC6E8 
 161      56ACE6
 162 0175 15662F53 		.ascii	"\025f/SDA\323L\0077\310\022\235\271\033\243AD\276\006"
 162      4441D34C 
 162      0737C812 
 162      9DB91BA3 
 162      4144BE06 
 163 0189 5E4D4914 		.ascii	"^MI\024\301\036\2724qj@\277&\317\235\356\276\271\260"
 163      C11EBA34 
 163      716A40BF 
 163      26CF9DEE 
 163      BEB9B0
 164 019c E8B650B5 		.ascii	"\350\266P\265N`\2775\267\2766i\325OD5\366\242L\332\346"
 164      4E60BF35 
 164      B7BE3669 
 164      D54F4435 
 164      F6A24CDA 
 165 01b1 9A350500 		.ascii	"\2325\005\000\026\260\267}\245n}\022Es\225L\242\012"
 165      16B0B77D 
 165      A56E7D12 
 165      4573954C 
 165      A20A
 166 01c3 4F41EFA8 		.ascii	"OA\357\250^h\242\327Zu\373:\313\224\340\222\277\311"
 166      5E68A2D7 
 166      5A75FB3A 
 166      CB94E092 
 166      BFC9
ARM GAS  /var/folders/45/ct_yb_0s4l984dg097s5d1mh0000gp/T//ccHd8DbL.s 			page 13


 167 01d5 E33B29B4 		.ascii	"\343;)\2640\2764\246\324\340M7\265H<\006|J\312\366\211"
 167      30BE34A6 
 167      D4E04D37 
 167      B5483C06 
 167      7C4ACAF6 
 168 01ea 7350B2F4 		.ascii	"sP\262\364BC\203Qm\342\371n\221\333\201\317\260\006"
 168      42438351 
 168      6DE2F96E 
 168      91DB81CF 
 168      B006
 169 01fc CB358BE0 		.ascii	"\3135\213\340sT\2110o\265\260A\011\322\261 \343\347"
 169      73548930 
 169      6FB5B041 
 169      09D2B120 
 169      E3E7
 170 020e A1B93AED 		.ascii	"\241\271:\355\026\020y\004\366\323Fs\230?\325\227\020"
 170      16107904 
 170      F6D34673 
 170      983FD597 
 170      10
 171 021f 0211A225 		.ascii	"\002\021\242%\340[\011\017\"\000_\204\356\260\204\004"
 171      E05B090F 
 171      22005F84 
 171      EEB08404 
 172 022f 9D8D24AF 		.ascii	"\235\215$\257\004\220i>#\240\317\027\230\322\273\276"
 172      0490693E 
 172      23A0CF17 
 172      98D2BBBE 
 173 023f 73839719 		.ascii	"s\203\227\031=L&\322\227\350\"\227\2314\274\014\215"
 173      3D4C26D2 
 173      97E82297 
 173      9934BC0C 
 173      8D
 174 0250 09BFBCF5 		.ascii	"\011\277\274\365\273c\016\374\3131\003\232c6\324\221"
 174      BB630EFC 
 174      CB31039A 
 174      6336D491 
 175 0260 E924837F 		.ascii	"\351$\203\177sL\245)\344\030e\233c\372\367\354\006\034"
 175      734CA529 
 175      E418659B 
 175      63FAF7EC 
 175      061C
 176 0272 1239DDD6 		.ascii	"\0229\335\326\334B\025\023L\200\303\333\0353BF\031\025"
 176      DC421513 
 176      4C80C3DB 
 176      1D334246 
 176      1915
 177 0284 8E19DDE4 		.ascii	"\216\031\335\344\230\265\352w\335\246\237f\030\324\314"
 177      98B5EA77 
 177      DDA69F66 
 177      18D4CC
 178 0293 30A69961 		.ascii	"0\246\231a\353\315\217o\334\274\330_\323C\011\375\331"
 178      EBCD8F6F 
 178      DCBCD85F 
 178      D34309FD 
 178      D9
 179 02a4 BE9020DA 		.ascii	"\276\220 \332(&{S\210V\373\343\342\324\340\317\356T"
ARM GAS  /var/folders/45/ct_yb_0s4l984dg097s5d1mh0000gp/T//ccHd8DbL.s 			page 14


 179      28267B53 
 179      8856FBE3 
 179      E2D4E0CF 
 179      EE54
 180 02b6 2D769BCD 		.ascii	"-v\233\315\236\251f\331\035\331N\365hJrbr\216jI\267"
 180      9EA966D9 
 180      1DD94EF5 
 180      684A7262 
 180      728E6A49 
 181 02cb D81DD6B4 		.ascii	"\330\035\326\264s\007mq\026\320\237<\341\264\036wd\374"
 181      73076D71 
 181      16D09F3C 
 181      E1B41E77 
 181      64FC
 182 02dd 4F553A1C 		.ascii	"OU:\034\372\003\332\232\223-\260jbrjR\252\232H`5)\323"
 182      FA03DA9A 
 182      932DB06A 
 182      62726A52 
 182      AA9A4860 
 183 02f4 72E6EC29 		.ascii	"r\346\354)\253j\26193\234i\247-\026*\215HNM1\013\322"
 183      AB6AB139 
 183      339C69A7 
 183      2D162A8D 
 183      484E4D31 
 184 030a 2C47C63E 		.ascii	",G\306>sL<H\016\320\333\2546\273\343<\374\000:u\200"
 184      734C3C48 
 184      0ED0DBAC 
 184      36BBE33C 
 184      FC003A75 
 185 031f 1B       		.ascii	"\033"
 186              		.text
 187              		.section	.gnu.lto_.symbol_nodes.c465940136a5911e,"",%progbits
 188 0000 789C6363 		.ascii	"x\234cc``\250\001b\006\246\315L\365\014\014\023\316"
 188      6060A801 
 188      6206A6CD 
 188      4CF50C0C 
 188      13CE
 189 0012 3130D433 		.ascii	"10\32430\356l9\330\340\300\300\300\270\226\251\236\021"
 189      30EE6C39 
 189      D8E0C0C0 
 189      C0B896A9 
 189      9E11
 190 0024 2CC6C0D0 		.ascii	",\306\300\320\260\000$\260\216\251\236\011Y\200i\025"
 190      B00024B0 
 190      8EA99E09 
 190      59806915 
 191 0034 533D3354 		.ascii	"S=3T\027\303\256\006G\240\310j\246z\026\024\021\306"
 191      17C3AE06 
 191      47A0C86A 
 191      A67A1614 
 191      11C6
 192 0046 354CF5AC 		.ascii	"5L\365\2540M c\231\031X\031\226\264\277\221gfa`x\364"
 192      304D2063 
 192      99195819 
 192      96B4BF91 
 192      67666160 
 193 005c 52870100 		.ascii	"R\207\001\000\334<\037R"
ARM GAS  /var/folders/45/ct_yb_0s4l984dg097s5d1mh0000gp/T//ccHd8DbL.s 			page 15


 193      DC3C1F52 
 194              		.text
 195              		.section	.gnu.lto_.refs.c465940136a5911e,"",%progbits
 196 0000 789C6363 		.ascii	"x\234cc``\340\004b&\006&F~&&\001\006\000\001\213\000"
 196      6060E004 
 196      62260626 
 196      467E2626 
 196      01060001 
 197 0016 38       		.ascii	"8"
 198              		.text
 199              		.section	.gnu.lto_.decls.c465940136a5911e,"",%progbits
 200 0000 789CDD59 		.ascii	"x\234\335YkP\024Y\226\256[\267x\024O\003\235\336\236"
 200      6B501459 
 200      96AE5BB7 
 200      78144F03 
 200      9DDE9E
 201 0013 0922A6B7 		.ascii	"\011\"\246\267\333\210f'FA\273w\333\335\230\330\020"
 201      DB886627 
 201      4641BB77 
 201      DBDD98D8 
 201      10
 202 0024 4B5D8968 		.ascii	"K]\211hw\014Pg\376U\263\300\0103\010vQN\353\364+\021"
 202      770C5067 
 202      FE55B3C0 
 202      08330876 
 202      514EEBF4 
 203 003a 44041550 		.ascii	"D\004\025PD@\020\004\024\344\241\240\342\013\2207\010"
 203      44401004 
 203      14E4A1A0 
 203      E20B9037 
 203      08
 204 004b 02DAA008 		.ascii	"\002\332\240\0104o\021\020y\243\242\200\260\347\336"
 204      346F1110 
 204      79A3A280 
 204      B0E7DE
 205 005a 9B496625 		.ascii	"\233If%EG\367\217\375\263\031u2\363\334\374\3569\347"
 205      4547F78F 
 205      FDB31975 
 205      32F3DCFC 
 205      EE39E7
 206 006d 9E73EEB9 		.ascii	"\236s\356\2717\263L\025\012\205\335G\012E\217J\241\010"
 206      37B34C15 
 206      0A85DD47 
 206      0A458F4A 
 206      A108
 207 007f 460AC502 		.ascii	"F\012\305\002\034p\253(U\210\207)P\001\320]\240\022"
 207      1C70AB28 
 207      55888729 
 207      5001D05D 
 207      A012
 208 0091 A032A00A 		.ascii	"\2402\240\012\240:\305\322\343+\220a\013\327/\210\\"
 208      A03AC5D2 
 208      E32B9061 
 208      0BD72F88 
 208      5C
 209 00a2 A0554043 		.ascii	"\240U@C@\023@\037\003U\003\315\002\015\0005\002i\201"
 209      4013401F 
ARM GAS  /var/folders/45/ct_yb_0s4l984dg097s5d1mh0000gp/T//ccHd8DbL.s 			page 16


 209      035503CD 
 209      020D0035 
 209      026981
 210 00b5 DE01CD03 		.ascii	"\336\001\315\003\335\007Z\000R\002\365\003\365Ht\253"
 210      DD075A00 
 210      5202F503 
 210      F54874AB 
 211 00c5 40AE1A31 		.ascii	"@\256\0321\235\202\035\362\3430\301\374\204\356Y^\227"
 211      9D821DF2 
 211      E330C1FC 
 211      84EE595E 
 211      97
 212 00d6 0D12C755 		.ascii	"\015\022\307U&\221\275\002\310\016\350Wh\251\354\243"
 212      2691BD02 
 212      C80EE857 
 212      68A9ECA3 
 213 00e6 D066C5CB 		.ascii	"\320f\305\313\376X\"\177B\"\263\012\250\002\310\036"
 213      FE58227F 
 213      4222B30A 
 213      A802C81E 
 214 00f6 A81AE80E 		.ascii	"\250\032\350\016\264\023Q\261p2\343}V\003\367\367y\035"
 214      B41351B1 
 214      7032E37D 
 214      5603F7F7 
 214      791D
 215 0108 645C824E 		.ascii	"d\\\202N\371\021\215\321\235\322\242b\313.\324\201\300"
 215      F9118DD1 
 215      9DD2A262 
 215      CB2ED481 
 215      C0
 216 0119 1F68056D 		.ascii	"\037h\005mE\210\235\341J\210\362\013\302\201X;\264*"
 216      45889DE1 
 216      4A88F20B 
 216      C281583B 
 216      B42A
 217 012b D9858712 		.ascii	"\331\205\207\022F\350\202\026[\224\274\014\245 \227"
 217      46E88216 
 217      5B94BC0C 
 217      A52097
 218 013a FE780148 		.ascii	"\376x\001H*\225=g\352\204\203\215\214\335H\372\261&"
 218      2A953D67 
 218      EA84838D 
 218      8CDD48FA 
 218      B126
 219 014c A5A84CD2 		.ascii	"\245\250L\322e\211\255\212\305\307\213F\211\203D\274"
 219      6589AD8A 
 219      C5C78B46 
 219      898344BC 
 220 015c 1386C22E 		.ascii	"\023\206\302.\336\266\355F\235\360\364\317\012E\244"
 220      DEB6ED46 
 220      9DF0F4CF 
 220      0A45A4
 221 016b B91F22AD 		.ascii	"\271\037\"\255s\307\357\336\260\302Jz\237}\272\274\012"
 221      73C7EFDE 
 221      B0C24A7A 
 221      9F7DBABC 
 221      0A
ARM GAS  /var/folders/45/ct_yb_0s4l984dg097s5d1mh0000gp/T//ccHd8DbL.s 			page 17


 222 017c 617B7A1F 		.ascii	"a{z\037\363\254o\326|m6\307\016\3638\254@7\020\026\034"
 222      F3AC6FD6 
 222      7C6D36C7 
 222      0EF338AC 
 222      40371016 
 223 0191 5AB9305D 		.ascii	"Z\2710]b\033\216\221\235\005R\002\3338^\227h\011\354"
 223      621B8E91 
 223      9D055202 
 223      DB385E97 
 223      6809EC
 224 01a4 2A0BB482 		.ascii	"*\013\264\202\3109\266\020m\362~\014\351\030\031\304"
 224      C839B610 
 224      6DF27E0C 
 224      E91819C4 
 225 01b4 AD50A22F 		.ascii	"\255P\242/\336C\267\221=\272\205\354\301\234;\350}8"
 225      DE43B791 
 225      3DBA85EC 
 225      C19C3BE8 
 225      7D38
 226 01c6 FBA998A4 		.ascii	"\373\251\230\244\344\007)\215\346\037&s%\335\\\311\223"
 226      E407298D 
 226      E61F2673 
 226      25DD5CC9 
 226      93
 227 01d7 7887A4BA 		.ascii	"x\207\244\272\220\320\207\320\357\013\212C\371\010\243"
 227      90D087D0 
 227      EF0B8A43 
 227      F908A3
 228 01e6 9B682D19 		.ascii	"\233h-\031E>\321\216\256\243n\204\256\241.\030D\001"
 228      453ED18E 
 228      AEA36E84 
 228      AEA12E18 
 228      4401
 229 01f8 FA10FA8F 		.ascii	"\372\020\372\217\324_\275j\2139\304\006\360\223\212"
 229      D45FBD6A 
 229      8B39C406 
 229      F0938A
 230 0207 8B0C143F 		.ascii	"\213\014\024?\016\275y\203(\356\346\270\222\351\314"
 230      0EBD7983 
 230      28EEE6B8 
 230      92E9CC
 231 0216 4FDFE50E 		.ascii	"O\337\345\016r\241\026\024\204\012E\255\205\374\230"
 231      72A11614 
 231      840A45AD 
 231      85FC98
 232 0225 D15DAAAD 		.ascii	"\321]\252\255\247\373\302\244%\256`\332:\016\237\234"
 232      A7FBC2A4 
 232      25AE60DA 
 232      3A0E9F9C 
 233 0235 B3E5254C 		.ascii	"\263\345%L~\033\317\225)i\357b\261w\261\320\273\204"
 233      7E1BCF95 
 233      2969EF62 
 233      B177B1D0 
 233      BB84
 234 0247 F6CEA87C 		.ascii	"\366\316\250|y\001\343\026\326\373Eh\33055\364N\246"
 234      7901E316 
 234      D6FB4568 
ARM GAS  /var/folders/45/ct_yb_0s4l984dg097s5d1mh0000gp/T//ccHd8DbL.s 			page 18


 234      D83535F4 
 234      4EA6
 235 0259 03DF3070 		.ascii	"\003\3370p\235\343\016\203\335**\243T\224Q*\037w\031"
 235      9DE30E83 
 235      DD2A2AA3 
 235      5494512A 
 235      1F7719
 236 026c 95D5353E 		.ascii	"\225\3255>Um\211\373\230\254\353\267{\342\254yY\215"
 236      556D89FB 
 236      98ACEBB7 
 236      7BE2AC79 
 236      598D
 237 027e BF8DE74A 		.ascii	"\277\215\347J\016q\\ \263\246\\\224T.\227TA%%\307\276"
 237      0E715C20 
 237      B3A65C94 
 237      542E9754 
 237      412525C7 
 238 0293 7E6E8AA7 		.ascii	"~n\212\247\231\244\372\312\246X3\034E\363Au\266\342"
 238      99A4FACA 
 238      A658331C 
 238      45F34175 
 238      B6E2
 239 02a5 C6A82552 		.ascii	"\306\250%R\333#p!r8\302q 6(\022\346\031\372\304\036"
 239      DB237021 
 239      7238C271 
 239      20362812 
 239      E619FAC4 
 240 02ba 39D92B50 		.ascii	"9\331+P-r@\325\010\012\005\272\007\220\032\360r<gN["
 240      2D7240D5 
 240      080A05BA 
 240      07901AF0 
 240      723C674E 
 241 02cf E2B9508E 		.ascii	"\342\271P\216[Ao/\0129\244 ,\252\342}\302\242\260P5"
 241      5B416F2F 
 241      0A39A420 
 241      2CAAE27D 
 241      C2A2B050 
 242 02e4 9E6D2E8D 		.ascii	"\236m.\215\030\201\210!\273o\020\262\221\201\304\013"
 242      18818821 
 242      BB6F10B2 
 242      9181C40B 
 243 02f4 6ADEE10B 		.ascii	"j\336\341\013\265\177\230\341C\006 T)\016\263Rpz\035"
 243      B57F98E1 
 243      43062054 
 243      290EB352 
 243      707A1D
 244 0307 1DDE0FC1 		.ascii	"\035\336\017\301\271\011\230\245\252\012\330\211\372"
 244      B90998A5 
 244      AA0AD889 
 244      FA
 245 0314 F8A7362C 		.ascii	"\370\2476,U?\000v4\370Y\267%{\372>\260\201\371\251\021"
 245      553F0076 
 245      34F859B7 
 245      257BFA3E 
 245      B081F9A9 
 246 0329 56F8169B 		.ascii	"V\370\026\233\016I\355\0239f\270\2102\312\346\205\301"
 246      0E49ED13 
ARM GAS  /var/folders/45/ct_yb_0s4l984dg097s5d1mh0000gp/T//ccHd8DbL.s 			page 19


 246      3966B888 
 246      32CAE685 
 246      C1
 247 033a 410B64E5 		.ascii	"A\013d\345\020F\274\220\034\304\251\267\221\344j\000"
 247      1046BC90 
 247      1CC4A9B7 
 247      91E46A00 
 248 034a 4BEBC152 		.ascii	"K\353\301R\324\004\236\320Z\361&\320\021\227L\267|\232"
 248      D4049ED0 
 248      5AF126D0 
 248      11974CB7 
 248      7C9A
 249 035c 7097E33E 		.ascii	"p\227\343>@\215\310\012\375 \332\247\265b\243\2119\223"
 249      408DC80A 
 249      FD20DAA7 
 249      B562A389 
 249      3993
 250 036e D9A2C6E3 		.ascii	"\331\242\306\343L\2270\203\354\330\014z\221\320\326"
 250      4C973083 
 250      ECD80C7A 
 250      91D0D6
 251 037d 6685A7D8 		.ascii	"f\205\247\330\263k\325\023\325j<\303\230\370\202\227"
 251      B36BD513 
 251      D56A3CC3 
 251      98F88297 
 252 038d B5260C68 		.ascii	"\265&\014h\016l\353\303\334p\033<\317\236\205\244\226"
 252      0E6CEBC3 
 252      DC701B3C 
 252      CF9E85A4 
 252      96
 253 039e BFB5C681 		.ascii	"\277\265\306\201\2302\031C]s\030\0073f\366v%g\216\217"
 253      98321943 
 253      5D731807 
 253      3366F676 
 253      25678E8F 
 254 03b2 3026BDBA 		.ascii	"0&\275\272\265\332\026\2071F\360\207\035\363\307\345"
 254      B5DA1687 
 254      3146F087 
 254      1DF3C7E5 
 255 03c2 C1E2040B 		.ascii	"\301\342\004\013\346\036\016f\266\305\351\206[\007\320"
 255      E61E0E66 
 255      B6C5E986 
 255      5B07D0
 256 03d1 6A7238AC 		.ascii	"jr8\254^\271zu\012\031=\231.\017\032\0079\356\244\025"
 256      5EB97A75 
 256      0A193D99 
 256      2E0F1A07 
 256      39EEA415 
 257 03e5 1D5B1B8C 		.ascii	"\035[\033\214m\000\255\024\235\321Bc\267\016N\012\326"
 257      6D00AD14 
 257      9DD14263 
 257      B70E4E0A 
 257      D6
 258 03f6 A1F6CF90 		.ascii	"\241\366\317\220\223`\012A?\222\243\037\310\321\223"
 258      93600A41 
 258      3F92A31F 
 258      C8D193
ARM GAS  /var/folders/45/ct_yb_0s4l984dg097s5d1mh0000gp/T//ccHd8DbL.s 			page 20


 259 0405 7F14D1AD 		.ascii	"\177\024\321\255\306e7 \021\336+\201\377(\207;\312\321"
 259      C6653720 
 259      11DE2B81 
 259      FF28873B 
 259      CAD1
 260 0417 6D1274BB 		.ascii	"m\022t\273Q4\265\204\205\260\371\301\212@\016j\013\200"
 260      5134B584 
 260      85B0F9C1 
 260      8A400E6A 
 260      0B80
 261 0429 147CF814 		.ascii	"\024|\370\024\213\222\232[\354R\202\270{NT\324C\343"
 261      8B929A5B 
 261      EC5282B8 
 261      7B4E54D4 
 261      43E3
 262 043b A3629AA3 		.ascii	"\243b\232\243hz\003!\225\002&\236=\324`@t\360]@.z\006"
 262      687A0321 
 262      9502269E 
 262      3DD46040 
 262      74F05D40 
 263 0452 E9D38756 		.ascii	"\351\323\207V\243\247@\335@\275@\317\201\006\201z\200"
 263      A3A740DD 
 263      40BD40CF 
 263      8106817A 
 263      80
 264 0463 FAD16A89 		.ascii	"\372\321j\211\3462\211;\233\345\212\037/q\320\214d\310"
 264      E632893B 
 264      9BE58A1F 
 264      2F71D08C 
 264      64C8
 265 0475 4F8CC3E9 		.ascii	"O\214\303\351\230!\374\363q\334;K+I\216K\261\0124\204"
 265      9821FCF3 
 265      71DC3B4B 
 265      2B498E4B 
 265      B10A3484 
 266 0489 ACE8CC82 		.ascii	"\254\350\314\202+\251\177\367.e\221\231\365\261\005"
 266      2BA97FF7 
 266      2E659199 
 266      F5B105
 267 0498 220B912D 		.ascii	"\"\013\221-4]\031\276\375\326\2325\321\254\216\230L"
 267      345D19BE 
 267      FDD69A35 
 267      D1AC8E98 
 267      4C
 268 04a9 33C33134 		.ascii	"3\30314\323\224]\255\263\3556\310\302!tQ\272B4c\014"
 268      D3945DAD 
 268      B3ED36C8 
 268      C2217451 
 268      BA423463 
 269 04be 1C009D88 		.ascii	"\034\000\235\210\217\32104\276\200F\026\203\007\303"
 269      8FD13034 
 269      BE804616 
 269      8307C3
 270 04cd FF193749 		.ascii	"\377\0317I\246\321(\262@#\3424\372\330\202\231|)-*\305"
 270      A6D128B2 
 270      4023E234 
 270      FAD88299 
ARM GAS  /var/folders/45/ct_yb_0s4l984dg097s5d1mh0000gp/T//ccHd8DbL.s 			page 21


 270      7C292D2A 
 271 04e2 14C7AAA8 		.ascii	"\024\307\252\250\216\202\263\317*\225\313\351\230\\"
 271      8E82B3CF 
 271      2A95CBE9 
 271      985C
 272 04f0 5EC7B18F 		.ascii	"^\307\261\217\006[\210\216\011\3201.\352\000\225\344"
 272      065B888E 
 272      09D0312E 
 272      EA0095E4 
 273 0500 02ADA028 		.ascii	"\002\255\240(6\244\375\252\312\"\224t`\276\201)#\272"
 273      36A4FDAA 
 273      CA229474 
 273      60BE8129 
 273      23BA
 274 0512 668A4021 		.ascii	"f\212@!\201h\341\002t\331dn\272\025\233WXRgV\261:\363"
 274      8168E102 
 274      74D9646E 
 274      BA159B57 
 274      58526756 
 275 0529 F84DD18C 		.ascii	"\370M\321\214\025>nB\313lvP\346\270\0129\2602k!)\227"
 275      153E6E42 
 275      CB6C7650 
 275      E6B80A39 
 275      B0326B21 
 276 053f 3360CD6B 		.ascii	"3`\315k\261\\\322\232:\376=i\246u\226\\\351@\271T\016"
 276      B15CD29A 
 276      3AFE3D69 
 276      A675965C 
 276      E940B954 
 277 0554 BFBF5894 		.ascii	"\277\277X\224\247a\2303\324\232\267 \360\0153'~ +\027"
 277      A7619833 
 277      D49AB720 
 277      F00D3327 
 277      7E202B17 
 278 0568 D945F289 		.ascii	"\331E\362\211\270\021Q\331\257\340\371Kj\375,\262\023"
 278      B81151D9 
 278      AFE0F94B 
 278      6AFD2CB2 
 278      13
 279 0579 C64019E8 		.ascii	"\306@\031\350\0215>y\312t\331\341\316\011\303u\242\342"
 279      11353E79 
 279      CA74D9E1 
 279      CE09C375 
 279      A2E2
 280 058b 0F158CCE 		.ascii	"\017\025\214\316\252\344\342\3052\376\216\212\237c\342"
 280      AAE4E2C5 
 280      32FE8E8A 
 280      9F63E2
 281 059a DF51F14D 		.ascii	"\337Q\361M\365\317\223\2604\323H\025\027\345\317\363"
 281      F5CF93B0 
 281      34D34815 
 281      17E5CFF3 
 282 05aa 99364F33 		.ascii	"\2316O3-in6\316F\012.2\000/\360\340\005\012nno\214U"
 282      2D696E36 
 282      CE460A2E 
 282      32002FF0 
 282      E0050A6E 
ARM GAS  /var/folders/45/ct_yb_0s4l984dg097s5d1mh0000gp/T//ccHd8DbL.s 			page 22


 283 05c2 E393D4B7 		.ascii	"\343\223\324\267(3\347\\\256\015N`LxYy\202\251J\251"
 283      2833E75C 
 283      AE0D4E60 
 283      4C785979 
 283      82A94AA9 
 284 05d6 40814ACC 		.ascii	"@\201J\314\222\247?b\260T%]~&\014\354\016RJ\227\237"
 284      92A73F62 
 284      B054255D 
 284      7E260CEC 
 284      0E524A97 
 285 05eb 3777DAC3 		.ascii	"7w\332\303\261\260U\311\301c\003\021\307\271\344@n\343"
 285      B1B055C9 
 285      C1630311 
 285      C7B9E440 
 285      6EE3
 286 05fd 3D250142 		.ascii	"=%\001B\275\344\363\006\035R\252\010g\270\330\006+\311"
 286      BDE4F306 
 286      1D52AA08 
 286      67B8D806 
 286      2BC9
 287 060f 6A347CF1 		.ascii	"j4|\361\311\012\374l9s\2523\362K\221J\311R\216\350\205"
 287      C90AFC6C 
 287      3973AA33 
 287      F24B914A 
 287      C9528EE8 
 288 0624 B6334D29 		.ascii	"\2663M)w\254\227\335\323\204R\013\217(y\023\243J+\036"
 288      77AC97DD 
 288      D384520B 
 288      8F287913 
 288      A34A2B1E 
 289 0638 9AF2268E 		.ascii	"\232\362&\216\326\276\227\032\304e@\2674Dp\350\360\242"
 289      D6BE971A 
 289      C46540B7 
 289      344470E8 
 289      F0A2
 290 064a 812160E0 		.ascii	"\201!`\340a\271\201G\251\201}\2639w\370\365\300\024"
 290      61B98147 
 290      A9817DB3 
 290      3977F8F5 
 290      C014
 291 065c D8E2BAE0 		.ascii	"\330\342\272\340B\313e\263 \\\311gA\230\222\246\301"
 291      42CB65B3 
 291      205CC967 
 291      419892A6 
 291      C1
 292 066d CBB0C3D3 		.ascii	"\313\260\303\323\374ZkF\226\240\376\204\023V,\3517\000"
 292      FC5A6B46 
 292      96A0FE84 
 292      13562CE9 
 292      3700
 293 067f 9BD51B7D 		.ascii	"\233\325\033}\177I\016\036W\332\243cJ\"\354\204\322"
 293      7F490E1E 
 293      57DAA363 
 293      4A22EC84 
 293      D2
 294 0690 4E104919 		.ascii	"N\020I\031\350Q\323\227Sf\203\307\230\273\372\256\016"
 294      E851D397 
ARM GAS  /var/folders/45/ct_yb_0s4l984dg097s5d1mh0000gp/T//ccHd8DbL.s 			page 23


 294      536683C7 
 294      98BBFAAE 
 294      0E
 295 06a1 C458F063 		.ascii	"\304X\360c\233\316t\312\010\012g\356g\331\020\241\\"
 295      9BCE74CA 
 295      080A67EE 
 295      67D910A1 
 295      5C
 296 06b2 9CB511F2 		.ascii	"\234\265\021\362\221E\322\221u'\015\234\262\306\301"
 296      9145D291 
 296      75270D9C 
 296      B2C6C1
 297 06c1 A65458DE 		.ascii	"\246TX\336\330\265\001\033^Xc\"f[\246\363l\313\024%"
 297      D8B5011B 
 297      5E586322 
 297      665BA6F3 
 297      6CCB1425 
 298 06d5 8A8A928B 		.ascii	"\212\212\222\213:IE=\351/\363\304\221\246\313D\261\262"
 298      3A49453D 
 298      E92FF3C4 
 298      91A6CB44 
 298      B1B2
 299 06e7 60EEB199 		.ascii	"`\356\261\231\230'?\216\235X\314\023\022\206S\213a\210"
 299      98273F8E 
 299      9D58CC13 
 299      1286538B 
 299      6188
 300 06f9 86309C92 		.ascii	"\2060\234\222k8M5T\235\350\210\346\227\371\014\023\340"
 300      6B384D35 
 300      549DE888 
 300      E697F90C 
 300      13E0
 301 070b 1B9E9687 		.ascii	"\033\236\226\207\361\373\203d\302w\034\035u\306\347"
 301      F1FB8364 
 301      C2771C1D 
 301      75C6E7
 302 071a 98053F3D 		.ascii	"\230\005?=S\343\204\0309\322\020\275J\313vc1\000\354"
 302      53E38418 
 302      39D210BD 
 302      4ACB7663 
 302      3100EC
 303 072d 46154D34 		.ascii	"F\025M4\021\034Oc@\273\020poBo\2635\316`jb\033\363\266"
 303      111C4F63 
 303      40BB1070 
 303      6F426FB3 
 303      35CE606A 
 304 0745 102D413F 		.ascii	"\020-A?\253\260B\207\340\234\216N\276\004\306\022\233"
 304      ABB04287 
 304      E09C8E4E 
 304      BE04C612 
 304      9B
 305 0756 0FA777C3 		.ascii	"\017\247w\303\346\357\012\2236\035\322\331\216\361u"
 305      E6EF0A93 
 305      361DD2D9 
 305      8EF175
 306 0765 C65C9AB8 		.ascii	"\306\\\232\270\026\304\217.\222 \307\243N\207\331\342"
 306      16C48F2E 
ARM GAS  /var/folders/45/ct_yb_0s4l984dg097s5d1mh0000gp/T//ccHd8DbL.s 			page 24


 306      9220C7A3 
 306      4E87D9E2 
 307 0775 02F63021 		.ascii	"\002\3660!q\3667\270\214\335gvd\345\253\031\360\015"
 307      71F637B8 
 307      8CDD6776 
 307      64E5AB19 
 307      F00D
 308 0787 D9CDE516 		.ascii	"\331\315\345\026\006\217\360\273\271\022D\336f2\372"
 308      068FF0BB 
 308      B91244DE 
 308      6632FA
 309 0796 DFC3350C 		.ascii	"\337\3035\014[\223vg\216WOd\236\314\234\013B\313z)]"
 309      5B937667 
 309      8E574F64 
 309      9ECC9C0B 
 309      42CB7A29 
 310 07ab F0D24596 		.ascii	"\360\322E\226\311\005Sq\365\222\202\306\374\224\006"
 310      C9055371 
 310      F59282C6 
 310      FC9406
 311 07ba B9CAD6F5 		.ascii	"\271\312\326\365\014\352\247t\301OOS+'M\231\252qbV\310"
 311      0CEAA774 
 311      C14F4F53 
 311      2B274D99 
 311      AA716256 
 312 07cf 0F       		.ascii	"\017"
 313 07d0 A77E8B9B 		.ascii	"\247~\213\233\230\031\347\036%\206\232\3406\306\314"
 313      9819E71E 
 313      25869AE0 
 313      36C6CC
 314 07df C5459620 		.ascii	"\305E\226 \006\034$\300\370\2628o\374\224=\353\237\352"
 314      061C24C0 
 314      F8B2386F 
 314      FC943DEB 
 314      9FEA
 315 07f1 7B8AF073 		.ascii	"{\212\360s\3064\017uv\3613\251\233\000\007\233.\014"
 315      C6340F75 
 315      76F133A9 
 315      9B00079B 
 315      2E0C
 316 0803 98E0091E 		.ascii	"\230\340\011\036y\272\240\310\034\277e\314\343\350\272"
 316      79BAA0C8 
 316      1CBF65CC 
 316      E3E8BA
 317 0812 332A866C 		.ascii	"3*\206l!\310\371\254\013\363j\274\300\036\016\3055%"
 317      21C8F9AC 
 317      0BF36ABC 
 317      C01E0EC5 
 317      3525
 318 0824 DBE02366 		.ascii	"\333\340#f\224I}\235w\235\237\332\017\011r\241l\272"
 318      94497D9D 
 318      779D9FDA 
 318      0F0972A1 
 318      6CBA
 319 0836 C51A47B0 		.ascii	"\305\032G\260\207\003\217\262\202Lq\034c\362/^\313\344"
 319      87038FB2 
 319      824C711C 
ARM GAS  /var/folders/45/ct_yb_0s4l984dg097s5d1mh0000gp/T//ccHd8DbL.s 			page 25


 319      63F22F5E 
 319      CBE4
 320 0848 91F70832 		.ascii	"\221\367\0102qn.X\205\317\263\207#q\343\217lq\026cZ"
 320      716E2E58 
 320      85CFB387 
 320      2371E38F 
 320      6C711663 
 321 085d 63C2864D 		.ascii	"c\302\206M\204\254\010\3759YQ\325\223\032\317\207\260"
 321      84AC08FD 
 321      395951D5 
 321      931ACF87 
 321      B0
 322 086e 84C87E5D 		.ascii	"\204\310~]X\002\212\363\230\270\270\220\262#\246\370"
 322      58028AF3 
 322      98B8B890 
 322      B223A6F8 
 323 087e 2663CE8C 		.ascii	"&c\316\214\274\375\015\003r\004\030\021\324\371\035"
 323      BCFD0D03 
 323      72041811 
 323      D4F91D
 324 088d 63FF00DC 		.ascii	"c\377\000\334\261\330\364HS\026\371n\262\300\226O%L"
 324      B1D8F448 
 324      5316F96E 
 324      B2C0964F 
 324      254C
 325 089f 58E122D6 		.ascii	"X\341\"\326\363]{\340\274\222amh&\\\251Y~\202T\010\241"
 325      F35D7BE0 
 325      BC92616D 
 325      68265CA9 
 325      597E8254 
 326 08b5 2F67A1AF 		.ascii	"/g\241\257\016~Sm+\017})\204\276\204\226\251J\032\372"
 326      0E7E536D 
 326      2B0F7D29 
 326      84BE8496 
 326      A94A1AFA 
 327 08c9 0A21F4D7 		.ascii	"\012!\364\327J\303\202lq5\323\233]_\335\316G-\224\244"
 327      4AC3826C 
 327      7135D39B 
 327      5D5FDDCE 
 327      472D94A4 
 328 08dd 634EE1C8 		.ascii	"cN\341\310Q~\254/\311{rXu\337\025[ft\362?\221\327\215"
 328      517EAC2F 
 328      C97B7258 
 328      75DF155B 
 328      6674F23F 
 329 08f4 C1DC2318 		.ascii	"\301\334#\030\327\261\316Y!\255\211\346\014\334N\370"
 329      D7B1CE59 
 329      21AD89E6 
 329      0CDC4EF8 
 330 0904 9CD37903 		.ascii	"\234\323y\003xY\253\353\004\253\3573\253s\217MG[\310"
 330      7859ABEB 
 330      04ABEF33 
 330      AB738F4D 
 330      475BC8
 331 0917 ADAE01AB 		.ascii	"\255\256\001\253\357Q\253\353\251\325u\202\325C\257"
 331      EF51ABEB 
 331      A9D57582 
ARM GAS  /var/folders/45/ct_yb_0s4l984dg097s5d1mh0000gp/T//ccHd8DbL.s 			page 26


 331      D543AF
 332 0926 9E2D98E3 		.ascii	"\236-\230\343f\246\370F\177M\225\005\357hbu\302\365"
 332      66A6F846 
 332      7F4D9505 
 332      EF686275 
 332      C2F5
 333 0938 537FC5ED 		.ascii	"S\177\305\355\374\210&\242. \374\2241\241=G\232x\340"
 333      FC8826A2 
 333      2E20FC94 
 333      31A13D47 
 333      9A78E0
 334 094b 1BC27785 		.ascii	"\033\302w\205G\325\333\340!\366\260*\346\354i5\036e"
 334      47D5DBE0 
 334      21F6B02A 
 334      E6EC6935 
 334      1E65
 335 095d CCC2F3D6 		.ascii	"\314\302\363\326T~\340\343\204\357\351\030\010\263\301"
 335      547EE0E3 
 335      84EFE918 
 335      08B3C1
 336 096c 2FD9C343 		.ascii	"/\331\303C\005\255Q\374\307\203n\372\0122\227x\223\007"
 336      05AD51FC 
 336      C7836EFA 
 336      0A329778 
 336      9307
 337 097e AF22C1EB 		.ascii	"\257\"\301\353\212\2144\343\235D\314\351\011;{\006\341"
 337      8A8C34E3 
 337      9D44CCE9 
 337      093B7B06 
 337      E1
 338 098f 79D67738 		.ascii	"y\326w86<\310vY\247\374(8\245\236\345\332\243\216g1"
 338      363CC876 
 338      59A7FC28 
 338      38A59EE5 
 338      DAA38E67 
 339 09a4 5672A7B4 		.ascii	"Vr\247\264\202SZ\250S\332\251S~\024\234\222\326\237"
 339      82535AA8 
 339      53DAA953 
 339      7E149C92 
 339      D69F
 340 09b6 37A696A2 		.ascii	"7\246\226\242\013\224?\201n\352?\037\314\227\227\207"
 340      0B943F81 
 340      6EEA3F1F 
 340      CC979787 
 341 09c6 522FAEE2 		.ascii	"R/\256\342\2758\025\021\331\211p\21095\273;\262|ay\263"
 341      BD381511 
 341      D9897088 
 341      3935BB3B 
 341      B27C6179 
 342 09db 7B04B35F 		.ascii	"{\004\263_2\263_E\346n\225[\335\005v\260\275z/\265\243"
 342      32B35F45 
 342      E66E955B 
 342      DD0576B0 
 342      BD7A2FB5 
 343 09f0 47B0232E 		.ascii	"G\260#.q\350\262Rn\365\262\350\360\312\374*>C\357\321"
 343      71E8B252 
 343      6EF5B2E8 
ARM GAS  /var/folders/45/ct_yb_0s4l984dg097s5d1mh0000gp/T//ccHd8DbL.s 			page 27


 343      F0CAFC2A 
 343      3E43EFD1 
 344 0a04 17C3EB57 		.ascii	"\027\303\353W3M\360qfe\352\331\214<s\034\315\230\233"
 344      334DF071 
 344      6665EAD9 
 344      8C3C731C 
 344      CD989B
 345 0a17 A35937AD 		.ascii	"\243Y7\255\371y*\345W\361|YD\352F|\226\307\346\247\216"
 345      F9792AE5 
 345      57F17C59 
 345      44EA467C 
 345      96C7E6A7 
 346 0a2c 99CB2D1E 		.ascii	"\231\313-\036$\236c\257\015Jq\373Gjk`\332c,\267xY\264"
 346      249E63AF 
 346      0D4A71FB 
 346      476A6B60 
 346      DA632CB7 
 347 0a43 B089B063 		.ascii	"\260\211\260c\233\210\330\267\347\207\254q\012\323;"
 347      9B88D8B7 
 347      E787AC71 
 347      0AD33B
 348 0a52 323A77C5 		.ascii	"2:w\305\006\2473\246\340fa\025\277d:\221\351\224]\332"
 348      06A733A6 
 348      E0666115 
 348      BF643A91 
 348      E9945DDA 
 349 0a66 6089B3D9 		.ascii	"`\211\263\331\263\271\310\244kj|\2251g\247:\236\363"
 349      B3B9C8A4 
 349      6B6A7C95 
 349      3167A73A 
 349      9EF3
 350 0a78 F9E64006 		.ascii	"\371\346@\006\222z\356\244\032\337d\317\026\"C\343\314"
 350      927AEEA4 
 350      1ADF64CF 
 350      162243E3 
 350      CC
 351 0a89 702163A2 		.ascii	"p!c\242\033\242S-q)cf\007\243[\371\322m%I\342U|\022"
 351      1BA2532D 
 351      71296366 
 351      07A35BF9 
 351      D26D2549 
 352 0aa1 97A447FF 		.ascii	"\227\244G\3773\256f\320'\255\301\267y\250%\260A\331"
 352      33AE66D0 
 352      27ADC1B7 
 352      79A825B0 
 352      41D9
 353 0ab3 776F982C 		.ascii	"wo\230,\033\374\031!\370o\331D\276r\270\357\022)\003"
 353      1BFC1921 
 353      F86FD944 
 353      BE72B8EF 
 353      122903
 354 0ac6 F6F05645 		.ascii	"\366\360VE\362Hx\245\262g\257T\327K\246rT\270\216*R"
 354      F24878A5 
 354      B267AF54 
 354      D74BA672 
 354      54B88E2A 
 355 0adb E6E5F4FD 		.ascii	"\346\345\364\375\0259X\010/Jk\017\037\3418%Z\000w\276"
ARM GAS  /var/folders/45/ct_yb_0s4l984dg097s5d1mh0000gp/T//ccHd8DbL.s 			page 28


 355      15395808 
 355      2F4A6B0F 
 355      1FE13825 
 355      5A0077BE 
 356 0aef 13F730F6 		.ascii	"\023\3670\366\304\221F\336\023\346\225\016D(\255\317"
 356      C49146DE 
 356      13E6950E 
 356      4428ADCF 
 357 0aff 73E0FD59 		.ascii	"s\340\375Y\246\377RRF\2055nf\012:s\306\032\260\250\341"
 357      A6FF5252 
 357      4685356E 
 357      660A3A73 
 357      C61AB0A8 
 358 0b14 D847B79A 		.ascii	"\330G\267\232\311k\322!\014I\216\0275,(\227Q\021\210"
 358      C96BD221 
 358      0C498E17 
 358      352C2897 
 358      511188
 359 0b27 8DAA387E 		.ascii	"\215\2528~9\255\330T\272\021$\362\246\341\371k:\321"
 359      39ADD854 
 359      BA1124F2 
 359      A6E1F96B 
 359      3AD1
 360 0b39 82B09DE0 		.ascii	"\202\260\235\340\027Z.*\216\276@l\211\371Y\322\033\372"
 360      175A2E2A 
 360      8EBE406C 
 360      89F959D2 
 360      1BFA
 361 0b4b C31F584A 		.ascii	"\303\037XJ\245\007\377\224\364\242\306\366\215\270\223"
 361      A507FF94 
 361      F4A2C6F6 
 361      8DB893
 362 0b5a C5ED5543 		.ascii	"\305\355UC{\017\302\275\214\011\276_\223n\206\373\031"
 362      7B0FC2BD 
 362      8C09BE5F 
 362      936E86FB 
 362      19
 363 0b6b 337CA9FE 		.ascii	"3|\251\376\236)\036fL_\377\314-\214'\030sq8\345\270"
 363      9E291E66 
 363      4C5FFFCC 
 363      2D8C2718 
 363      737138E5 
 364 0b80 1ABF664C 		.ascii	"\032\277fLuN\315\031\276\262e\223=\307\\{\361\030\277"
 364      754ECD19 
 364      BEB26593 
 364      3DC75C7B 
 364      F118BF
 365 0b93 01EEFE1D 		.ascii	"\001\356\376\035\331\027\324\025\327[\3419\012\376t"
 365      D917D415 
 365      D75BE139 
 365      0AFE74
 366 0ba2 E4F9E350 		.ascii	"\344\371\343Pk\366me\331c\345j\376\333\213\301\221\302"
 366      6BF66D65 
 366      D963E56A 
 366      FEDB8BC1 
 366      91C2
 367 0bb4 4507C1D6 		.ascii	"E\007\301\3262\303\244\350A\030l-\313\020\235A\217 "
ARM GAS  /var/folders/45/ct_yb_0s4l984dg097s5d1mh0000gp/T//ccHd8DbL.s 			page 29


 367      32C3A4E8 
 367      41186C2D 
 367      CB109D41 
 367      8F20
 368 0bc6 E43958F2 		.ascii	"\3449X\362j\337\250\224|X\011\206\036C\337\261\017\001"
 368      6ADFA894 
 368      7C580986 
 368      1E43DFB1 
 368      0F01
 369 0bd8 09803E2F 		.ascii	"\011\200>/G'+\015\276\033@\270\313\276ep\330\024\242"
 369      47272B0D 
 369      BE1B40B8 
 369      CBBE6570 
 369      D814A2
 370 0beb DB72F82D 		.ascii	"\333r\370-\003xt l\243\277\016\244\360\247\000\357\346"
 370      03787420 
 370      6CA3BF0E 
 370      A4F0A700 
 370      EFE6
 371 0bfd E1421D42 		.ascii	"\341B\035B\235r[\312\276\027m9+\027~F\216\236\221X~"
 371      9D725BCA 
 371      BE176D39 
 371      2B177E46 
 371      8E9E9158 
 372 0c12 4E8E4E34 		.ascii	"N\216N40\205\012\377F\204?\224\303\037,\201\017\375"
 372      30850AFF 
 372      46843F94 
 372      C31F2C81 
 372      0FFD
 373 0c24 43848FCA 		.ascii	"C\204\217\312\341\303R[\210[\332\276c\343\204= \272"
 373      E1C3525B 
 373      885BDABE 
 373      63E3843D 
 373      20BA
 374 0c36 C0A3859D 		.ascii	"\300\243\205\235!J\225[\336xP\224\035\206e\262\035\345"
 374      214A955B 
 374      DE785094 
 374      1D8665B2 
 374      1DE5
 375 0c48 96344ABC 		.ascii	"\2264J\274rB\216\216\221\312&\036o\343=\336\001\226"
 375      72428E8E 
 375      91CA261E 
 375      6FE33DDE 
 375      0196
 376 0c5a B4F19608 		.ascii	"\264\361\226\010\353\025zb\200&>\374\232\311&\271\362"
 376      EB157A62 
 376      80263EFC 
 376      9AC926B9 
 376      F2
 377 0c6b 8371A748 		.ascii	"\203q\247HsEb\367\021\271%\222\217F<\372[\021\235'\227"
 377      734562F7 
 377      11B92592 
 377      8F463CFA 
 377      5B119D27 
 378 0c80 7D45EEC1 		.ascii	"}E\356\301\332\357\305\304\2125\036{\003\247H\202\237"
 378      DAEFC5C4 
 378      8A351E7B 
ARM GAS  /var/folders/45/ct_yb_0s4l984dg097s5d1mh0000gp/T//ccHd8DbL.s 			page 30


 378      03A74882 
 378      9F
 379 0c91 29875F5A 		.ascii	")\207_Z\222\266\275\3370\257\300F\015\225\361pa\373"
 379      92B6BDDF 
 379      30AFC046 
 379      0D95F170 
 379      61FB
 380 0ca3 868A97C0 		.ascii	"\206\212\227\300\033y8\354\220P-\017\027\366M\250z\211"
 380      1B7938EC 
 380      90502D0F 
 380      17F64DA8 
 380      7A89
 381 0cb5 319312BF 		.ascii	"1\223\022\277\204\030\367\213\024^+\311\304\006\271"
 381      8418F78B 
 381      145E2BC9 
 381      C406B9
 382 0cc4 EDD5F210 		.ascii	"\355\325\362\020\015}#\206\350\256\034](\017Q\233Dv"
 382      0D7D2386 
 382      E8AE1C5D 
 382      280F519B 
 382      4476
 383 0cd6 951C5DBC 		.ascii	"\225\034]\274d\012IBtY\216\316\226\243k%>\3172\356s"
 383      640A4942 
 383      74598ECE 
 383      96A36B25 
 383      3ECF32EE 
 384 0ceb E96496A0 		.ascii	"\351d\226\240s\214\3136\010\250d\276M\311\341\223K\340"
 384      738CCB36 
 384      08A864BE 
 384      4DC9E193 
 384      4BE0
 385 0cfd BD12F8B8 		.ascii	"\275\022\370\270\034>f\010\207X\316\034\204S \274nb"
 385      1C3E6608 
 385      8758CE1C 
 385      845320BC 
 385      6E62
 386 0d0f 3BF48687 		.ascii	";\364\206\207\013\345\337\360c3\025.1=\305xM\\\267\344"
 386      0BE5DFF0 
 386      6333152E 
 386      313DC578 
 386      4D5CB7E4 
 387 0d23 1BEE716C 		.ascii	"\033\356ql\217\216a\362\214\300\311\007\334\353\260"
 387      8F8E61F2 
 387      8CC0C907 
 387      DCEBB0
 388 0d32 16DDC6AB 		.ascii	"\026\335\306\253Q,\320\015\240b\240\004\240\024\240"
 388      512CD00D 
 388      A062A004 
 388      A014A0
 389 0d41 2CA05B40 		.ascii	",\240[@w\200.\001]\006\312\004\212\001\272\013T\010"
 389      77802E01 
 389      5D06CA04 
 389      8A01BA0B 
 389      5408
 390 0d53 7405A808 		.ascii	"t\005\250\010\350$P<\3205\240\010\240\233@g\201N\003"
 390      E824503C 
 390      D035A008 
ARM GAS  /var/folders/45/ct_yb_0s4l984dg097s5d1mh0000gp/T//ccHd8DbL.s 			page 31


 390      A09B4067 
 390      814E03
 391 0d66 A5029D07 		.ascii	"\245\002\235\007\272\000\224\014\224\006\224\017T\002"
 391      BA00940C 
 391      9406940F 
 391      5402
 392 0d74 14055406 		.ascii	"\024\005T\006T\012\224\007\224\013\224\010T\000t\021"
 392      540A9407 
 392      940B9408 
 392      54007411 
 393 0d84 2803281D 		.ascii	"(\003(\035(\011\350\014P6P$\320U\240h\240S@\347\200"
 393      2809E80C 
 393      50365024 
 393      D055A068 
 393      A05340E7 
 394 0d99 E2B0F0A1 		.ascii	"\342\260\360\241\231f\230\304\363\023\306=/\311\336"
 394      996698C4 
 394      F313C63D 
 394      2FC9DE
 395 0da8 324981E9 		.ascii	"2I\201\351\227\243\373\3449\323+\311\307kr\364\325%"
 395      97A3FBE4 
 395      39D32BC9 
 395      C76B72F4 
 395      D525
 396 0dba 49D02681 		.ascii	"I\320&\201_7\016\227\010\237\224D5\311\370z!\251G\275"
 396      5F370E97 
 396      089F9444 
 396      35C9F87A 
 396      21A947BD 
 397 0dce 5F8BF5A8 		.ascii	"_\213\365\250Y\216~,1\205m\203\346\337\330\321\177\005"
 397      598E7E2C 
 397      31856D83 
 397      E6DFD8D1 
 397      7F05
 398 0de0 0066F8AF 		.ascii	"\000f\370\257\000q\302\353\271U\354_\001\342\205\"\343"
 398      0071C2EB 
 398      B955EC5F 
 398      01E28522 
 398      E3
 399 0df1 73D8605C 		.ascii	"s\330`\\\222zrT^O\014\376H!\322'%.n2\276\336\033\254"
 399      927A7254 
 399      5E4F0CFE 
 399      4821D227 
 399      252E6E32 
 400 0e09 8392F8BD 		.ascii	"\203\222\370\275\222\303;\015\212\025\221^{P\224\036"
 400      92C33B0D 
 400      8A15915E 
 400      7B50941E 
 401 0e19 6E74AD92 		.ascii	"nt\255\222V\010\211\354\227\306'\2614 \222\360\345\032"
 401      560889EC 
 401      97C627B1 
 401      342092F0 
 401      E51A
 402 0e2b 5F20A47B 		.ascii	"_ \244{\211\231\177\260\242\374\002\"\362\234\207\013"
 402      89997FB0 
 402      A2FC0222 
 402      F29C870B 
ARM GAS  /var/folders/45/ct_yb_0s4l984dg097s5d1mh0000gp/T//ccHd8DbL.s 			page 32


 403 0e3b 6F086840 		.ascii	"o\010h@\236x\265\022\257<3\236x\006%\\b\371\210\361"
 403      9E78B512 
 403      AF3C339E 
 403      7806255C 
 403      62F988F1 
 404 0e4f E5DEA0FC 		.ascii	"\345\336\240\374H\"\024j<BR'\316Hj\370\035\343\273&"
 404      4822146A 
 404      3C425227 
 404      CE486AF8 
 404      1DE3BB26 
 405 0e63 49EA354A 		.ascii	"I\3525J\366X7\344\350\374%\266\324J\334x\3238\\\370"
 405      F65837E4 
 405      E8FC25B6 
 405      D44ADC78 
 405      D3385CF8 
 406 0e77 2BA7A1EB 		.ascii	"+\247\241\353t\203\012\027\252\351>~6x\244\325\034\255"
 406      74830A17 
 406      AAE93E7E 
 406      3678A4D5 
 406      1CAD
 407 0e89 74305AC5 		.ascii	"t0Z\305P%\024\257\377\257\205\214M\331\316\005S\216"
 407      502514AF 
 407      FFAF858C 
 407      4DD9CE05 
 407      538E
 408 0e9b 33471530 		.ascii	"3G\0250\310r\361\275\205L`\352\253\354'g\272\315\244"
 408      C872F1BD 
 408      854C60EA 
 408      ABEC2767 
 408      BACDA4
 409 0eae FF2F5448 		.ascii	"\377/TH\374\252@U\230\375\277\000\327h#\177F\3341\370"
 409      FCAA4055 
 409      98FDBF00 
 409      D768237F 
 409      46DC31F8 
 410 0ec2 33A29A07 		.ascii	"3\242\232\007WSp\371\353\346\0343\\I\243\200\".\274"
 410      575370F9 
 410      EBE61C33 
 410      5C49A380 
 410      222EBC
 411 0ed5 5AFC303C 		.ascii	"Z\3740<\235\271:\311\360\013\366=\3210\2705\374(\\\203"
 411      9DB93AC9 
 411      F00BF63D 
 411      D130B835 
 411      FC285C83 
 412 0ee9 C947E18B 		.ascii	"\311G\341\213\323o\302mp\013\023\366\354\361\364sAX"
 412      D36FC26D 
 412      700B13F6 
 412      ECF1F473 
 412      4158
 413 0efb 63BCE117 		.ascii	"c\274\341\027\354ZQT\255\\\324}\374\241\342\327\332"
 413      EC5A5154 
 413      AD5CD47D 
 413      FCA1E2D7 
 413      DA
 414 0f0c 7DFE3ABD 		.ascii	"}\376:\275\326G\367\245\326k\237\217\257\377\236\375"
 414      D647F7A5 
ARM GAS  /var/folders/45/ct_yb_0s4l984dg097s5d1mh0000gp/T//ccHd8DbL.s 			page 33


 414      D66B9F8F 
 414      AFFF9EFD 
 415 0f1c 5E6BF7B9 		.ascii	"^k\367\271\353\364k\235~\277v\255#\373\371\0078z\370"
 415      EBF46B9D 
 415      7EBF76AD 
 415      23FBF907 
 415      387AF8
 416 0f2f EFDDEBEF 		.ascii	"\357\335\353\357\347H\260\001\216\316\256\3335\333\017"
 416      E748B001 
 416      8ECEAEDB 
 416      35DB0F
 417 0f3e 387A787B 		.ascii	"8zx{\370\353\274\264\177\377l\357Z\017\363\377\372\357"
 417      F8EBBCB4 
 417      7FFF6CEF 
 417      5A0FF3FF 
 417      FAEF
 418 0f50 5D1F68D6 		.ascii	"]\037h\326\255S\254\371%\275\024\277b\332\003\276\362"
 418      AD53ACF9 
 418      25BD14BF 
 418      62DA03BE 
 418      F2
 419 0f61 D17B786B 		.ascii	"\321{xk\377\242\363\337\253\365\011\320\375\022\031"
 419      FFA2F3DF 
 419      ABF509D0 
 419      FD1219
 420 0f70 DE8A954C 		.ascii	"\336\212\225L\206\327\001\037\375\242\004K\267\335\032"
 420      86D7011F 
 420      FDA2044B 
 420      B7DD1A
 421 0f7f ED36773F 		.ascii	"\3556w?O_/\235\335\322\021\376\332\303\333\315\303\333"
 421      4F5F2F9D 
 421      DDD211FE 
 421      DAC3DBCD 
 421      C3DB
 422 0f91 256087CE 		.ascii	"%`\207\316\313k\357>\275\217\277\237\253\327\227"
 422      CB6BEF3E 
 422      BD8FBF9F 
 422      ABD797
 423 0fa0 FB7D745E 		.ascii	"\373}t^\236&\332M\376\376\276\037H\015\320\351\035}"
 423      9E26DA4D 
 423      FEFEBE1F 
 423      480DD0E9 
 423      1D7D
 424 0fb2 FC3C7CF7 		.ascii	"\374<|\367{z\201\336\000\017oO\320\251:\260/@g\256\363"
 424      7B7A81DE 
 424      000F6F4F 
 424      D0A93AB0 
 424      2F4067AE 
 425 0fc7 DAE3AEDB 		.ascii	"\332\343\256\333\253\325\377\313\317\263\027\372)\367"
 425      ABD5FFCB 
 425      CFB317FA 
 425      29F7
 426 0fd5 7998FAEA 		.ascii	"y\230\372\352\264zoO\254[\267^\251\373D\251\203\363"
 426      B47A6F4F 
 426      AC5BB75E 
 426      A9FB44A9 
 426      83F3
ARM GAS  /var/folders/45/ct_yb_0s4l984dg097s5d1mh0000gp/T//ccHd8DbL.s 			page 34


 427 0fe7 3AA5CEC9 		.ascii	":\245\316\311\222\037\204\336C\177\300B\253\335\357"
 427      921F84DE 
 427      437FC042 
 427      ABDDEF
 428 0ff6 E3A7FF64 		.ascii	"\343\247\377d\275V\377w\307]"
 428      BD56FF77 
 428      C75D
 429 1000 015EBA00 		.ascii	"\001^\272\000G?\037\017\177_wO\237=\272\375z=\334\355"
 429      473F1F0F 
 429      7F5F774F 
 429      9F3DBAFD 
 429      7A3DDCED 
 430 1014 F171D779 		.ascii	"\361q\327y\372\370\371;\372\357\323;\356\361\360X\003"
 430      FAF8F93B 
 430      FAEFD33B 
 430      EEF1F058 
 430      03
 431 1025 86ACF1F3 		.ascii	"\206\254\361\363\367\363Z\343\345\376?>k>[\263\336i"
 431      F7F35AE3 
 431      E5FE3F3E 
 431      6B3E5BB3 
 431      DE69
 432 1037 DD86355F 		.ascii	"\335\2065_\256_\263\177\237\247\273\336\313\321\340"
 432      AE5FB37F 
 432      9FA7BBDE 
 432      CBD1E0
 433 1046 F1E278F6 		.ascii	"\361\342x\366\272{x\373\370y9j=\275\376\342\276\337"
 433      BA7B78FB 
 433      F879396A 
 433      3DBDFEE2 
 433      BEDF
 434 1058 57AFD51F 		.ascii	"W\257\325\037\334\347\025\000v\232\013\372\377\366\177"
 434      DCE71500 
 434      769A0BFA 
 434      FFF67F
 435 1067 AA3FE060 		.ascii	"\252?\340`\200\2436@\017\202\364\304\251\036\336\356"
 435      80A33640 
 435      0F82F4C4 
 435      A91EDEEE 
 436 1077 3AB556BB 		.ascii	":\265V\273\307K\257\335\341\266\303\332\335\367+\367"
 436      C74BAFDD 
 436      E1B6C3DA 
 436      DDF72BF7 
 437 1087 83015A1F 		.ascii	"\203\001Z\037?_\260\361?\214\370\030\274E<\354\250\331"
 437      3F5FB0F1 
 437      3F8CF818 
 437      BC453CEC 
 437      A8D9
 438 1099 EEE6E2E6 		.ascii	"\356\346\342\346\250\001\027;\272\010\221\332\033\340"
 438      A801173B 
 438      BA0891DA 
 438      1BE0
 439 10a7 13A005C3 		.ascii	"\023\240\005\303@.\210\014`\"WQ'\357\367\363\365\367"
 439      402E880C 
 439      60225751 
 439      27EFF7F3 
 439      F5F7
ARM GAS  /var/folders/45/ct_yb_0s4l984dg097s5d1mh0000gp/T//ccHd8DbL.s 			page 35


 440 10b9 F89B982B 		.ascii	"\370\233\230+\222Fk\006\335\344\354\266e\207\253\213"
 440      92466B06 
 440      DDE4ECB6 
 440      6587AB8B 
 441 10c9 DA758BDB 		.ascii	"\332u\213\333\026\327\335[6o0u\336\266\311M\343\252"
 441      16D7DD5B 
 441      366F3075 
 441      DEB6C94D 
 441      E3AA
 442 10db D2386B5C 		.ascii	"\3228k\\\311\375\016\270l\336\251\331\016\027\027zY"
 442      C9FD0EB8 
 442      6CDEA9D9 
 442      0E17177A 
 442      59
 443 10ec 847E66BA 		.ascii	"\204~f\272Y\243qq\373\2239\271l\337\355\2541\201\033"
 443      59A37171 
 443      FB9339B9 
 443      6CDFEDAC 
 443      31811B
 444 10ff B73F99C1 		.ascii	"\267?\231\301\231p\374u\027\264\272\320V\2121s\241\327"
 444      9970FC75 
 444      17B4BAD0 
 444      568A3173 
 444      A1D7
 445 1111 5D8B52FE 		.ascii	"]\213R\376\215\2648\177\376\271\330\362\257&\333wou"
 445      8DB4387F 
 445      FEB9D8F2 
 445      AF26DB77 
 445      6F75
 446 1123 5D4FCFEB 		.ascii	"]O\317\353\350\331i\361\331\247*\267\235.\242\011\237"
 446      E8D969F1 
 446      D9A72AB7 
 446      9D2EA209 
 446      9F
 447 1134 98687610 		.ascii	"\230hv\020;5nn[>\207\213\306\315e\263+\326\354t5\321"
 447      3B356E6E 
 447      5B3E878B 
 447      C6CD65B3 
 447      2BD6EC74 
 448 114a 7C0E778B 		.ascii	"|\016w\2138'3\227\315Z\0277g\030\303f\355\366\255\364"
 448      38273397 
 448      CD5A1737 
 448      6718C366 
 448      EDF6ADF4 
 449 115e E2CC2E9B 		.ascii	"\342\314.\233\331e\307VW\225\363V7W\325\246\255\316"
 449      D965C756 
 449      5795F356 
 449      3757D5A6 
 449      ADCE
 450 1170 AE26DBB7 		.ascii	"\256&\333\267\303Y\265\231\360\333\310I\003'\023\267"
 450      C359B599 
 450      F0DBC849 
 450      032713B7 
 451 1180 6D1AB875 		.ascii	"m\032\270u\333\266\303U\315\262v\203Vo\306_\261F\343"
 451      DBB6C355 
 451      CDB27683 
 451      566FC65F 
ARM GAS  /var/folders/45/ct_yb_0s4l984dg097s5d1mh0000gp/T//ccHd8DbL.s 			page 36


 451      B146E3
 452 1193 8AC16D26 		.ascii	"\212\301m&\316.\256\340\274\335;\377\350\252r\0018\330"
 452      CE2EAEE0 
 452      BCDD3BFF 
 452      E8AA7201 
 452      38D8
 453 11a5 B7CB65B3 		.ascii	"\267\313e\263\211\363&\020\360\357\2770\256d\336{\354"
 453      89F32610 
 453      F0EFBF30 
 453      AE64DE7B 
 453      EC
 454 11b6 FD8CE4A8 		.ascii	"\375\214\344\250\233f\223v'$\254\035\015\240AL\325\213"
 454      9B669376 
 454      2724AC1D 
 454      0DA0414C 
 454      D58B
 455 11c8 4DFF0B25 		.ascii	"M\377\013%\347\225\240"
 455      E795A0
 456              		.text
 457              		.section	.gnu.lto_.symtab.c465940136a5911e,"",%progbits
 458 0000 5356435F 		.ascii	"SVC_Handler\000"
 458      48616E64 
 458      6C657200 
 459 000c 00       		.ascii	"\000"
 460 000d 00       		.ascii	"\000"
 461 000e 00       		.ascii	"\000"
 462 000f 00000000 		.ascii	"\000\000\000\000\000\000\000\000"
 462      00000000 
 463 0017 C2000000 		.ascii	"\302\000\000\000"
 464 001b 5F706F72 		.ascii	"_port_irq_epilogue\000"
 464      745F6972 
 464      715F6570 
 464      696C6F67 
 464      756500
 465 002e 00       		.ascii	"\000"
 466 002f 00       		.ascii	"\000"
 467 0030 00       		.ascii	"\000"
 468 0031 00000000 		.ascii	"\000\000\000\000\000\000\000\000"
 468      00000000 
 469 0039 C4000000 		.ascii	"\304\000\000\000"
 470 003d 5F706F72 		.ascii	"_port_switch_from_isr\000"
 470      745F7377 
 470      69746368 
 470      5F66726F 
 470      6D5F6973 
 471 0053 00       		.ascii	"\000"
 472 0054 02       		.ascii	"\002"
 473 0055 00       		.ascii	"\000"
 474 0056 00000000 		.ascii	"\000\000\000\000\000\000\000\000"
 474      00000000 
 475 005e BE000000 		.ascii	"\276\000\000\000"
 476 0062 5F706F72 		.ascii	"_port_exit_from_isr\000"
 476      745F6578 
 476      69745F66 
 476      726F6D5F 
 476      69737200 
 477 0076 00       		.ascii	"\000"
ARM GAS  /var/folders/45/ct_yb_0s4l984dg097s5d1mh0000gp/T//ccHd8DbL.s 			page 37


 478 0077 02       		.ascii	"\002"
 479 0078 00       		.ascii	"\000"
 480 0079 00000000 		.ascii	"\000\000\000\000\000\000\000\000"
 480      00000000 
 481 0081 C0000000 		.ascii	"\300\000\000\000"
 482 0085 63685363 		.ascii	"chSchIsPreemptionRequired\000"
 482      68497350 
 482      7265656D 
 482      7074696F 
 482      6E526571 
 483 009f 00       		.ascii	"\000"
 484 00a0 02       		.ascii	"\002"
 485 00a1 00       		.ascii	"\000"
 486 00a2 00000000 		.ascii	"\000\000\000\000\000\000\000\000"
 486      00000000 
 487 00aa CC000000 		.ascii	"\314\000\000\000"
 488              		.text
 489              		.section	.gnu.lto_.opts,"",%progbits
 490 0000 272D666D 		.ascii	"'-fmath-errno' '-fsigned-zeros' '-ftrapping-math' '"
 490      6174682D 
 490      6572726E 
 490      6F272027 
 490      2D667369 
 491 0033 2D666E6F 		.ascii	"-fno-trapv' '-fno-openmp' '-fno-openacc' '-mcpu=cor"
 491      2D747261 
 491      70762720 
 491      272D666E 
 491      6F2D6F70 
 492 0066 7465782D 		.ascii	"tex-m7' '-mno-thumb-interwork' '-mthumb' '-O2' '-fo"
 492      6D372720 
 492      272D6D6E 
 492      6F2D7468 
 492      756D622D 
 493 0099 6D69742D 		.ascii	"mit-frame-pointer' '-falign-functions=16' '-ffuncti"
 493      6672616D 
 493      652D706F 
 493      696E7465 
 493      72272027 
 494 00cc 6F6E2D73 		.ascii	"on-sections' '-fdata-sections' '-fno-common' '-flto"
 494      65637469 
 494      6F6E7327 
 494      20272D66 
 494      64617461 
 495 00ff 2700     		.ascii	"'\000"
 496              		.text
 497              		.comm	__gnu_lto_v1,1,1
 498              		.comm	__gnu_lto_slim,1,1
 499              		.ident	"GCC: (GNU Tools for Arm Embedded Processors 7-2018-q2-update) 7.3.1 20180622 (release) [AR
ARM GAS  /var/folders/45/ct_yb_0s4l984dg097s5d1mh0000gp/T//ccHd8DbL.s 			page 38


DEFINED SYMBOLS
                            *ABS*:0000000000000000 chcore_v7m.c
                            *COM*:0000000000000001 __gnu_lto_v1
                            *COM*:0000000000000001 __gnu_lto_slim

NO UNDEFINED SYMBOLS
