ARM GAS  /var/folders/45/ct_yb_0s4l984dg097s5d1mh0000gp/T//ccY7DqKN.s 			page 1


   1              		.cpu cortex-m7
   2              		.eabi_attribute 20, 1
   3              		.eabi_attribute 21, 1
   4              		.eabi_attribute 23, 3
   5              		.eabi_attribute 24, 1
   6              		.eabi_attribute 25, 1
   7              		.eabi_attribute 26, 1
   8              		.eabi_attribute 30, 2
   9              		.eabi_attribute 34, 1
  10              		.eabi_attribute 18, 4
  11              		.file	"chdynamic.c"
  12              		.section	.gnu.lto_.profile.6bf1eab9c8736ca0,"",%progbits
  13 0000 789C6363 		.ascii	"x\234cc```\001bF\206\014\003\000\001x\000\244"
  13      60606001 
  13      6246860C 
  13      03000178 
  13      00A4
  14              		.text
  15              		.section	.gnu.lto_.icf.6bf1eab9c8736ca0,"",%progbits
  16 0000 789C6363 		.ascii	"x\234cc``\340c@\000&\206\273\033\017\374\344e\374\270"
  16      6060E063 
  16      40002686 
  16      BB1B0FFC 
  16      E465FCB8 
  17 0014 66DF4C76 		.ascii	"f\337Lv\006\0002\324\006g"
  17      060032D4 
  17      0667
  18              		.text
  19              		.section	.gnu.lto_.jmpfuncs.6bf1eab9c8736ca0,"",%progbits
  20 0000 789C858F 		.ascii	"x\234\205\217=\012\302P\020\204g\336\313\317S\220\\"
  20      3D0AC250 
  20      108467DE 
  20      CBCF5390 
  20      5C
  21 0011 20E0513C 		.ascii	" \340Q<\207GIe\245\010\266b!\271\203\205\177\210M\020"
  21      87474965 
  21      A508B662 
  21      21B98385 
  21      7F884D10 
  22 0025 45B0F122 		.ascii	"E\260\361\"\226\202\010B\334\215& Q\\\230bavf\277\000"
  22      96820842 
  22      DC8D2620 
  22      515C9862 
  22      617666BF 
  23 003a 4097A8C6 		.ascii	"@\227\250\306 `1\035\246\026\275\324RdDV\344\211|\017"
  23      2060311D 
  23      A616BDD4 
  23      52644456 
  23      E4897C0F 
  24 004e E4D08C2D 		.ascii	"\344\320\214-\027\373\343\300\215lj\365b\316\230\231"
  24      17FBE3C0 
  24      8D6C6AF5 
  24      62CE9899 
  25 005e 47887299 		.ascii	"G\210r\231\010\024\307\354\262\271\267\324\021\022\\"
  25      0814C7EC 
  25      B2B9B7D4 
  25      11125C
ARM GAS  /var/folders/45/ct_yb_0s4l984dg097s5d1mh0000gp/T//ccY7DqKN.s 			page 2


  26 006d 304669D1 		.ascii	"0Fi\321\236jy\250\237\2328\351\357\316\241\372\235\370"
  26      9E6A79A8 
  26      9F9A38E9 
  26      EFCEA1FA 
  26      9DF8
  27 007f 9792280A 		.ascii	"\227\222(\012L\002\3423\333$\004\352u\323\355\365\344"
  27      4C02E233 
  27      DB2404EA 
  27      75D3EDF5 
  27      E4
  28 0090 EB79838E 		.ascii	"\353y\203\216\253w\235+\352\350\027Pm\001h\376\004:"
  28      AB779D2B 
  28      EAE81750 
  28      6D0168FE 
  28      043A
  29 00a2 E4B72C7A 		.ascii	"\344\267,z\001\031\256k@\177\011\312\227\315\227\227"
  29      0119AE6B 
  29      407F09CA 
  29      97CD9797 
  30 00b2 F104A81A 		.ascii	"\361\004\250\032[$"
  30      5B24
  31              		.text
  32              		.section	.gnu.lto_.inline.6bf1eab9c8736ca0,"",%progbits
  33 0000 789C6363 		.ascii	"x\234cc``\010g@\000&\006\011)CF\006&\211\206\365\214"
  33      60600867 
  33      40002606 
  33      09294346 
  33      06268986 
  34 0016 0C6C0BE4 		.ascii	"\014l\013\344\231@\202\314<@\211\011~`\232\221\201\225"
  34      994082CC 
  34      3C408909 
  34      7E609A91 
  34      8195
  35 0028 0F2832C1 		.ascii	"\017(2\301\017\310g\204\250\225>q\204\221\201}\207\032"
  35      0FC86784 
  35      A8953E71 
  35      8491817D 
  35      871A
  36 003a 16B56012 		.ascii	"\026\265`\022\310\003\000\347\203\012\211"
  36      C80300E7 
  36      830A89
  37              		.text
  38              		.section	.gnu.lto_.pureconst.6bf1eab9c8736ca0,"",%progbits
  39 0000 789C6363 		.ascii	"x\234cc```\007b&\206]\214\214\273\030\001\005\342\001"
  39      60606007 
  39      6226865D 
  39      8C8CBB18 
  39      0105E201 
  40 0014 87       		.ascii	"\207"
  41              		.text
  42              		.section	.gnu.lto_chThdCreateFromHeap.6bf1eab9c8736ca0,"",%progbits
  43 0000 789C7D55 		.ascii	"x\234}UmL\223W\024\276\347\275o\333\267\264\365k\314"
  43      6D4C9357 
  43      14BEE7BD 
  43      6FDBB7B4 
  43      F56BCC
  44 0013 39631C6E 		.ascii	"9c\034n#b\242tY\262h\374\261\304\230%\363\007\311\242"
ARM GAS  /var/folders/45/ct_yb_0s4l984dg097s5d1mh0000gp/T//ccY7DqKN.s 			page 3


  44      2362A274 
  44      59B268FC 
  44      B1C49825 
  44      F307C9A2 
  45 0027 7F971856 		.ascii	"\177\227\030V;!Ym\323\342\246\373\303+\340\007c8u\322"
  45      3B21596D 
  45      D3E2A6FB 
  45      C32BE007 
  45      633875D2 
  46 003b 61A95875 		.ascii	"a\251XuL\027\343\347\020\345\323\012\012\370\201\"C"
  46      4C17E3E7 
  46      10E5D30A 
  46      0AF88122 
  46      43
  47 004c A782C887 		.ascii	"\247\202\310\207\240@\351\324\020\243\316\217\235s\337"
  47      A040E9D4 
  47      10A3CE8F 
  47      9D73DF
  48 005b 97050AB3 		.ascii	"\227\005\012\263\241\245\357\275\317s\316\271\317y\316"
  48      A1A5EFBD 
  48      CF73CEB9 
  48      CF79CE
  49 006a AD9131E6 		.ascii	"\255\2211\346T\030\033\306\377\237\340\033\014\014\244"
  49      54181BC6 
  49      FF9FE01B 
  49      0C0CA4
  50 0079 6D5718DB 		.ascii	"mW\030\333\240H\222\\hdj\034\177\332\300\230j\345 k"
  50      A048925C 
  50      68646A1C 
  50      7FDAC098 
  50      6AE5206B 
  51 008d EB32007D 		.ascii	"\3532\000}Q\025`\231\022\227!\023~\344;9\\\3139\026"
  51      51156099 
  51      12972113 
  51      7EE43B39 
  51      5CCB3916 
  52 00a1 E4793CC8 		.ascii	"\344y<\310\031\310\370\370\250)\3203\211\036\001\022"
  52      19C8F8F8 
  52      A829D033 
  52      891E0112 
  53 00b1 F03112AD 		.ascii	"\3601\022\255/\265\316;\240\252Yj\370\227VcQi\263j\016"
  53      2FB5CE3B 
  53      A0AA596A 
  53      F8975663 
  53      5169B36A 
  54 00c6 7289F911 		.ascii	"r\211\371\021^\012\263\340\017\230E\331O\302<\004\227"
  54      5E0AB3E0 
  54      0F9845D9 
  54      4FC23C04 
  54      97
  55 00d7 460B1F9B 		.ascii	"F\013\037\233\371\373\300\360\373\255\246\206\227\223"
  55      F9FBC0F0 
  55      FBADA686 
  55      9793
  56 00e5 E69608E2 		.ascii	"\346\226\010\342p\011W?\014r\016e\300G\023q\211\301"
  56      7009573F 
  56      0C720E65 
ARM GAS  /var/folders/45/ct_yb_0s4l984dg097s5d1mh0000gp/T//ccY7DqKN.s 			page 4


  56      C0471371 
  56      89C1
  57 00f7 29988BF0 		.ascii	")\230\213\360}\033\256_\262\361$A\355\314=\234/\353"
  57      7D1BAE5F 
  57      B2F12441 
  57      EDCC3D9C 
  57      2FEB
  58 0109 D47B0704 		.ascii	"\324{\007\004U\206\323\261T\231A\271\240fu\227\335\000"
  58      5586D3B1 
  58      549941B9 
  58      A0667597 
  58      DD00
  59 011b BE4050CF 		.ascii	"\276@P\317\237=\370\334\246S;\002\323K\262\325\317\203"
  59      9F3DF8DC 
  59      A6533B02 
  59      D34BB2D5 
  59      CF83
  60 012d DC0015B1 		.ascii	"\334\000\025\261dT\253R\220\017e\335\037\342\374cA\356"
  60      6454AB52 
  60      900F65DD 
  60      1FE2FC63 
  60      41EE
  61 013f 6EECDA69 		.ascii	"n\354\332i\320\311\227\265\274F\250\212\245\032\031"
  61      D0C997B5 
  61      BC46A88A 
  61      A51A19
  62 014e 540BEAE5 		.ascii	"T\013\352\345\201\312\223\012_(\250/\232kN[uj_`\366"
  62      81CA930A 
  62      5F28A82F 
  62      9A6B4E5B 
  62      756A5F60 
  63 0163 AF22AF09 		.ascii	"\257\"\257\011jb\311&\006g\004yP\315\253\006\276X\220"
  63      6A62C926 
  63      06670479 
  63      50CDAB06 
  63      BE5890
  64 0176 4BB63E3D 		.ascii	"K\266>=.\215\344\375M\344U \034KU\030\234\205\271\204"
  64      2E8DE4FD 
  64      4DE45520 
  64      1C4B5518 
  64      9C85B984 
  65 018a 8FE6F476 		.ascii	"\217\346\364vZ\264\216\315\300\307cU9Cz\307\302@\312"
  65      5AB48ECD 
  65      C0C76355 
  65      39437AC7 
  65      C240CA
  66 019d 775545E3 		.ascii	"wUE\343\370\247\"\364\341{\355k\023\367\253aU\015G\213"
  66      F8A722F4 
  66      E17BED6B 
  66      13F7AB61 
  66      550D478B 
  67 01b1 66EF50D5 		.ascii	"f\357P\325FU\016r3\234\323\242\327a\364Z\321AF\350\360"
  67      46550E72 
  67      339CD3A2 
  67      D761F45A 
  67      D14146E8 
  68 01c6 60CF2199 		.ascii	"`\317!\231/\021\314\337\267\357.3\"\225\212z\022\230"
ARM GAS  /var/folders/45/ct_yb_0s4l984dg097s5d1mh0000gp/T//ccY7DqKN.s 			page 5


  68      2F11CCDF 
  68      B7EF2E33 
  68      22958A7A 
  68      1298
  69 01d8 B6375BA3 		.ascii	"\2667[\243*P?\2660\235z\256\367E\213\205\177&\250\203"
  69      2A503FB6 
  69      309D7AAE 
  69      F7458B85 
  69      7F26A883 
  70 01ec 5B1A0F28 		.ascii	"[\032\017(:5\032\2309B\225\240qBj\367\361W\0056\243"
  70      3A351A98 
  70      394295A0 
  70      71426AF7 
  70      F1570536 
  71 0201 0C172011 		.ascii	"\014\027 \021\032\360}\036\022\311^\350\252\213`\204"
  71      1AF07D1E 
  71      12C95EE8 
  71      AA8B6084 
  72 0211 FF00392A 		.ascii	"\377\0009*\276\302\365\305F\261\356\3470\212\313\340"
  72      BEC2F5C5 
  72      46B1EEE7 
  72      308ACBE0 
  73 0221 12422F83 		.ascii	"\022B/\203\221\305\300\353v%\255d\264\341G\317\222\324"
  73      91C5C0EB 
  73      7625AD64 
  73      B4E147CF 
  73      92D4
  74 0233 175BCE58 		.ascii	"\027[\316Xx\232v\302#{\013\255z\231\015\305I\273\263"
  74      789A76C2 
  74      237B0BAD 
  74      7A990DC5 
  74      49BBB3
  75 0246 F3F2D550 		.ascii	"\363\362\325P\326\224 \217\203+o(T\013\034\335\215v"
  75      D694208F 
  75      832B6F28 
  75      540B1CDD 
  75      8D76
  76 0258 BE8A9542 		.ascii	"\276\212\225B\023\005\347c\212i\306b\256a1\364\001\214"
  76      1305E763 
  76      8A69C662 
  76      AE6131F4 
  76      018C
  77 026a F1D1473B 		.ascii	"\361\321G;\332b\010\253\257^o\306q\232\021h\357\037"
  77      DA6208AB 
  77      AF5E6FC6 
  77      719A1168 
  77      EF1F
  78 027c FC602660 		.ascii	"\374`&`s-\022~H\006\240i0\002\031\033\333\215\0143\220"
  78      732D127E 
  78      4806A069 
  78      3002191B 
  78      DB8D0C33 
  79 0291 4F6D4096 		.ascii	"Om@\226\233\014\344\235\251@6\210g\024\223\261-\250"
  79      9B0CE49D 
  79      A9403688 
  79      671493B1 
  79      2DA8
ARM GAS  /var/folders/45/ct_yb_0s4l984dg097s5d1mh0000gp/T//ccY7DqKN.s 			page 6


  80 02a3 130EB51A 		.ascii	"\023\016\265\032f\271x@\374\226\035f\021\330\024\352"
  80      66B97840 
  80      FC961D66 
  80      11D814EA 
  81 02b3 C937914A 		.ascii	"\3117\221J\001\256`]\345\345\2216S\346KU\011r\253\037"
  81      01AE605D 
  81      E5E59136 
  81      53E64B55 
  81      0972AB1F 
  82 02c7 E786410B 		.ascii	"\347\206A\013d\262\0007\004\270\021\267\003\225\303"
  82      64B20037 
  82      04B811B7 
  82      0395C3
  83 02d6 170DE41F 		.ascii	"\027\015\344\037\033(\360'\314\012\362I\254\017\262"
  83      1B28F027 
  83      CC0AF249 
  83      AC0FB2
  84 02e5 1284FC58 		.ascii	"\022\204\374X\003\006a\275\220s\273\356J\221U\017\012"
  84      030661BD 
  84      9073BBEE 
  84      4A91550F 
  84      0A
  85 02f6 C99A28B9 		.ascii	"\311\232(\271xp\274e0\351\000d\005\372\253{,\004\300"
  85      7870BC65 
  85      30E90064 
  85      05FAAB7B 
  85      2C04C0
  86 0309 98DBFCC5 		.ascii	"\230\333\374\305y&\373\002\232=<s\001u\223A+\330\003"
  86      7926FB02 
  86      9A3D3C73 
  86      01759341 
  86      2BD803
  87 031c DC4C50BF 		.ascii	"\334LP\2779\026g\321p@\270\353\204S\020\227\035\334"
  87      391667D1 
  87      7040B8EB 
  87      84531097 
  87      1DDC
  88 032e 945F1EAF 		.ascii	"\224_\036\257\345\004\\\302z\211\335\372\303\235SU\360"
  88      E5045CC2 
  88      7A89DDFA 
  88      C39D5355 
  88      F0
  89 033f 3F11248A 		.ascii	"?\021$\212p\203\"\200(j\\&\243\206\023\006\373\213p"
  89      70832280 
  89      286A5C26 
  89      A3861306 
  89      FB8B70
  90 0352 B6897126 		.ascii	"\266\211q&\015'\023\356&\341&\217\301\015\037|\324\006"
  90      0D2713EE 
  90      26E1268F 
  90      C10D1F7C 
  90      D406
  91 0364 8453349C 		.ascii	"\204S4\234\201p\267\0107\025\325\223&0X\340\315\006"
  91      8170B708 
  91      3715D593 
  91      263058E0 
  91      CD06
ARM GAS  /var/folders/45/ct_yb_0s4l984dg097s5d1mh0000gp/T//ccY7DqKN.s 			page 7


  92 0376 83DB9088 		.ascii	"\203\333\220\210\244\315\375j\265L\335\210\203\004h"
  92      A4CDFD6A 
  92      B54CDD88 
  92      830468
  93 0385 C3BD41BC 		.ascii	"\303\275A\274\340\376)\250\270\033;\011?\2376\351\223"
  93      E0FE29A8 
  93      B81B3B09 
  93      3F9F36E9 
  93      93
  94 0396 6018EFFA 		.ascii	"`\030\357\372\371_2h\247\275\361\023Q\234T\304)\027"
  94      F95F3268 
  94      A7BDF113 
  94      519C54C4 
  94      2917
  95 03a8 833BE39D 		.ascii	"\203;\343\235\333\201-\277K\316\275K\316\005v\213\262"
  95      DB812DBF 
  95      4BCEBD4B 
  95      CE05768B 
  95      B2
  96 03b9 EEDB73E2 		.ascii	"\356\333s\342i\334\234\001\330\243\026&\004Q\006\272"
  96      69DC9C01 
  96      D8A31626 
  96      045106BA 
  97 03c9 577A2A55 		.ascii	"Wz*UEF\255\241\023\346\210\341x\030im\223p\005\272@"
  97      4546ADA1 
  97      13E688E1 
  97      7818696D 
  97      937005BA 
  98 03de 167533E8 		.ascii	"\026u3\350\026?(\007k\352z\255s\206t\366\024\302>>r"
  98      163F2807 
  98      6BEA7AAD 
  98      738674F6 
  98      14C23E3E 
  99 03f3 E2BA45B0 		.ascii	"\342\272E\260{\210\015\367@\026\216\023\03204pNg\336"
  99      7B880DF7 
  99      40168E13 
  99      1A303470 
  99      4E67DE
 100 0406 9D3AD01A 		.ascii	"\235:\320\032\037?\326\301S\375x\2112\350E\007\343F"
 100      1F3FD6C1 
 100      53FD7889 
 100      32E84507 
 100      E346
 101 0418 DFF6EDB9 		.ascii	"\337\366\355\271\0347\360\025z\016A>\215\232A<\006}"
 101      1C37F015 
 101      7A0E413E 
 101      8D9A413C 
 101      067D
 102 042a 9019E46F 		.ascii	"\220\031\344oQ\334\320La\345\013d\345xj\342\360\203"
 102      51DCD04C 
 102      61E50B64 
 102      E5786AE2 
 102      F083
 103 043c 8EFD26BD 		.ascii	"\216\375&\275\217\376\215\265WM\244\267$.\205\252\332"
 103      8FFE8DB5 
 103      574DA4B7 
 103      242E85AA 
ARM GAS  /var/folders/45/ct_yb_0s4l984dg097s5d1mh0000gp/T//ccY7DqKN.s 			page 8


 103      DA
 104 044d A67A6308 		.ascii	"\246zc\010\2127P\304\351A\036\217\024\270O\307\301\315"
 104      8A3750C4 
 104      E9411E8F 
 104      14B84FC7 
 104      C1CD
 105 045f D6CD373B 		.ascii	"\326\3157;,\366\303\224\015\217\3626<\200\020\024\240"
 105      2CF6C394 
 105      0D8FF236 
 105      3C801014 
 105      A0
 106 0470 C4584F3F 		.ascii	"\304XO?\330\351\007\360\\\303&\205\202M\007\200\001"
 106      D8E907F0 
 106      5CC32685 
 106      824D0780 
 106      01
 107 0481 64456063 		.ascii	"dE`c\350\365V.*\032{\216w\374hq\006\203b\022\351\214"
 107      E8F5562E 
 107      2A1A7B8E 
 107      77FC6871 
 107      06836212 
 108 0497 4723E5CF 		.ascii	"G#\345\317l\304\235\201\302Gh\014\337\025F\242[ft\235"
 108      6CC49D81 
 108      C247680C 
 108      DF1546A2 
 108      5B66749D 
 109 04ab 71B83DA4 		.ascii	"q\270=\244\373\342YA\305{\332%\243\267\352\325\236\256"
 109      FBE25941 
 109      C57BDA25 
 109      A3B7EAD5 
 109      9EAE
 110 04bd 1ACB4817 		.ascii	"\032\313H\027\206D\027\242\242\013\261\222\377\255I"
 110      864417A2 
 110      A20BB192 
 110      FFAD49
 111 04cc DEB9F7A7 		.ascii	"\336\271\367\247\212\325\"\2056\316\262~\207\014@m\273"
 111      8AD52285 
 111      36CEB27E 
 111      870C406D 
 111      BB
 112 04dd D09FF444 		.ascii	"\320\237\364D\372\256\316\360\016\303\2422u\013jlf\360"
 112      FAAECEF0 
 112      0EC3A232 
 112      750B6A6C 
 112      66F0
 113 04ef 1016B128 		.ascii	"\020\026\261(\326\026\020\343\366\004$\222H\352h.Z\204"
 113      D61610E3 
 113      F6042492 
 113      48EA682E 
 113      5A84
 114 0501 67E1B79F 		.ascii	"g\341\267\2377\003\336L@\261p\377\275\344d\273\366\347"
 114      3703DE4C 
 114      40B170FF 
 114      BDE464BB 
 114      F6E7
 115 0513 F6D9BD19 		.ascii	"\366\331\275\031v\237\327aw\244\255Z\277&\325\225\356"
 115      769FD761 
ARM GAS  /var/folders/45/ct_yb_0s4l984dg097s5d1mh0000gp/T//ccY7DqKN.s 			page 9


 115      77A4AD5A 
 115      BF26D595 
 115      EE
 116 0524 48763043 		.ascii	"Hv0C\2323\325\343\221}\351\337;e\\s\312\036o\272[\362"
 116      9A33D5E3 
 116      917DE9DF 
 116      3B655C73 
 116      CA1E6FBA 
 117 053a 7CCD53BD 		.ascii	"|\315S\275\253\245\214U\374;\237G\312\360\304FI_\343"
 117      ABA58C55 
 117      FC3B9F47 
 117      CAF0C446 
 117      495FE3
 118 054d F866ED2A 		.ascii	"\370f\355*'F\362\255\367%\2471\323W\251>\347\027\336"
 118      2746F2AD 
 118      F725A731 
 118      D357A93E 
 118      E717DE
 119 0560 F405A371 		.ascii	"\364\005\243q\016\267\313\345^c\367\270\275\031>\373"
 119      0EB7CBE5 
 119      5E63F7B8 
 119      BD193EFB 
 120 0570 92E5294B 		.ascii	"\222\345)KS\326!\301\341\366:W~\273\320\205\254\305"
 120      53D621C1 
 120      E1F63A57 
 120      7EBBD085 
 120      ACC5
 121 0582 13A09DEB 		.ascii	"\023\240\235\3532\010k_\232\262b\331\012\373R\004\333"
 121      32086B5F 
 121      9AB262D9 
 121      0AFB5204 
 121      DB
 122 0593 978D2473 		.ascii	"\227\215$s\371\322}+W;\034H\235\222\262by\002%\305r"
 122      F9D27D2B 
 122      573B1C48 
 122      9D92B262 
 122      790225C5 
 123 05a8 E727247E 		.ascii	"\347'$~\304$/3\271\234.\267w=\373\027d1\361\204"
 123      C4242F33 
 123      B99C2EB7 
 123      773DFB17 
 123      6431F184 
 124              		.text
 125              		.section	.gnu.lto_chThdCreateFromMemoryPool.6bf1eab9c8736ca0,"",%progbits
 126 0000 789C7D55 		.ascii	"x\234}UkL\024W\024\276g\356\354\354\302\202\370\240"
 126      6B4C1457 
 126      14BE67EE 
 126      ECECC282 
 126      F8A0
 127 0012 D652D362 		.ascii	"\326R\323b\323\215\332(\3234ik\233\364G\343\237\372"
 127      D38DDA28 
 127      D334696B 
 127      9BF447E3 
 127      9FFA
 128 0024 83A4D15F 		.ascii	"\203\244\321_M\232X\273R%\351\012\331\305V\1771\002"
 128      4D9A58BB 
 128      5225E90A 
ARM GAS  /var/folders/45/ct_yb_0s4l984dg097s5d1mh0000gp/T//ccY7DqKN.s 			page 10


 128      D9C5567F 
 128      3102
 129 0036 2A96D6A8 		.ascii	"*\226\326\250\225\225\256\203\2565T\205\370,R\336\256"
 129      9595AE83 
 129      AE355485 
 129      F82C52DE 
 129      AE
 130 0047 A040AD20 		.ascii	"\240@\255 P|\362\006\027\005V|\304Xk\255\366\234;\003"
 130      507CF206 
 130      1705567C 
 130      C4586BAD 
 130      F69C3B03 
 131 005b 8185BA81 		.ascii	"\201\205\272\201\331\231\271\337w\316\271\347\373\316"
 131      D999B9DF 
 131      77CEB9E7 
 131      FBCE
 132 0069 5D853176 		.ascii	"]\2051v\306\306X\010\277\337\305\177\2600\220v41\266"
 132      C6C65808 
 132      BFDFC57F 
 132      B0309076 
 132      3431B6
 133 007c C9264972 		.ascii	"\311&Ir\236\302\264H\376\270\2361-\212\203l\274\227"
 133      9EC2B448 
 133      FEB89E31 
 133      2D8A836C 
 133      BC97
 134 008e 01E846B3 		.ascii	"\001\350F\263\001K\227\270\014\351\360=\337\315\241"
 134      014B97B8 
 134      0CE9F03D 
 134      DFCDA1
 135 009d 25EB84CE 		.ascii	"%\353\204\316s\270\316\031\310\370x\277\321\327?\215"
 135      73B8CE19 
 135      C8F878BF 
 135      D1D73F8D 
 136 00ad 1E01E2F1 		.ascii	"\036\001\342\36114RW\034\265\360\220\246eh\201=\255"
 136      31345257 
 136      1CB5F090 
 136      A6656881 
 136      3DAD
 137 00bf 917B8B9B 		.ascii	"\221{\213\233\265\010\235K\314\213\360b\230\013\277"
 137      B5089D4B 
 137      CC8BF062 
 137      980BBF
 138 00ce C25CCA7E 		.ascii	"\302\\\312~\032\026\"\370vi]\266\215\277\001\014\357"
 138      1A1622F8 
 138      76695DB6 
 138      8DBF010C 
 138      EF
 139 00df FFD9D475 		.ascii	"\377\331\324ud\332\374\002A\274\371\013\327\336\324"
 139      64DAFC02 
 139      41BCF90B 
 139      D7DED4
 140 00ee 398712E0 		.ascii	"9\207\022\340\343\211\370\212\301o0\037\341\031}%W\200"
 140      E389F88A 
 140      C16F301F 
 140      E1197D25 
 140      5780
ARM GAS  /var/folders/45/ct_yb_0s4l984dg097s5d1mh0000gp/T//ccY7DqKN.s 			page 11


 141 0100 3B04F5FC 		.ascii	";\004\365\374\331\303O\242G\251s|Z@\326\261\334\322"
 141      D9C34FA2 
 141      47A9737C 
 141      5A40D6B1 
 141      DCD2
 142 0112 70AECCA0 		.ascii	"p\256\314\240Lp\2132n\335\341\374-\301\355k\350\335"
 142      4C708B32 
 142      6EDDE1FC 
 142      2DC1ED6B 
 142      E8DD
 143 0124 6D31B957 		.ascii	"m1\271W\012\343\0122\265Otn\201\362p2\266\253B\220/"
 143      0AE30A32 
 143      B54F746E 
 143      81F27032 
 143      B6AB4290 
 144 0139 0E559CB6 		.ascii	"\016U\234\266qU\220\2376W\227F\231\344\216C\242f\005"
 144      7155909F 
 144      36579746 
 144      99E48E43 
 144      A26605
 145 014c 2AC3A90A 		.ascii	"*\303\251\012\203*A\035\326r\252\200\277#\250\005\333"
 145      832A411D 
 145      D672AA80 
 145      BF23A805 
 145      DB
 146 015d 1F9F944C 		.ascii	"\037\237\224Lj\310\254\331\012\325\341\\+\20330\237"
 146      6AC8ACD9 
 146      0AD5E15C 
 146      2B833330 
 146      9F
 147 016e 082359C1 		.ascii	"\010#Y\301\036\273\321\3669\370x\2422\353\216\331\366"
 147      1EBBD1F6 
 147      39F878A2 
 147      32EB8ED9 
 147      F6
 148 017f 00E0F3F5 		.ascii	"\000\340\363\365\336\312\221H\376\236\210}\364f\307"
 148      DECA9148 
 148      FE9E887D 
 148      F466C7
 149 018e 7AC7412D 		.ascii	"z\307A-\240i\201\221\242\327viZ\203\206\321mPcD?\213"
 149      A0698191 
 149      A2D77669 
 149      5A8386D1 
 149      6D506344 
 150 01a4 D1034206 		.ascii	"\321\003B\006F\350\300p\177\221\314?\020\314#;\363K"
 150      46E8C070 
 150      7F91CC3F 
 150      10CC233B 
 150      F34B
 151 01b6 14A45255 		.ascii	"\024\244RU\003\2053\017d\032T+\234\233X\230I=\027|\332"
 151      0385330F 
 151      641A542B 
 151      9C9B5898 
 151      493D177C 
 152 01cb 6AE71F09 		.ascii	"j\347\037\011\352pv\303!\233I\355*\214\033\245JP7%\265"
 152      EA7076C3 
 152      219B49ED 
ARM GAS  /var/folders/45/ct_yb_0s4l984dg097s5d1mh0000gp/T//ccY7DqKN.s 			page 12


 152      2A8C1BA5 
 152      4A503725 
 153 01e0 EFE4B3DC 		.ascii	"\357\344\263\334hE\206zp\300yp\370\021Q\013\016\262"
 153      6845867A 
 153      70C07970 
 153      F811510B 
 153      0EB2
 154 01f2 09BAA301 		.ascii	"\011\272\243\001\024\030\303di\370\0114\035S\304{/\207"
 154      1418C364 
 154      69F80934 
 154      1D53C47B 
 154      2F87
 155 0204 717406BF 		.ascii	"qt\006\277#\364\002(,\014^\233\267`%\243\005/z\217\332"
 155      23F40228 
 155      2C0C5E9B 
 155      B76025A3 
 155      052F7A8F 
 156 0219 7DA1F58C 		.ascii	"}\241\365\214\235\177al\362\330\201\274(\263\322\372"
 156      9D7F616C 
 156      F2D881BC 
 156      28B3D2FA 
 157 0229 FC05F999 		.ascii	"\374\005\371\2319?h\376\214\351:\217\200\213/\250\325"
 157      393F68FE 
 157      8CE93A8F 
 157      808B2FA8 
 157      D5
 158 023a 083C928F 		.ascii	"\010<\222\217\266l\304J\341\017\012\316'\024\323\204"
 158      B66CC44A 
 158      E10F0ACE 
 158      2714D384 
 159 024a C55CC262 		.ascii	"\305\\\302b\350\002\214\361\321\335\321\326\216\267"
 159      E8028CF1 
 159      D1DDD1D6 
 159      8EB7
 160 0258 5A02DAB3 		.ascii	"Z\002\332\263\347[q,b\013\213\2674v\312\257\002\012"
 160      E75B712C 
 160      620B8BB7 
 160      3476CAAF 
 160      020A
 161 026a 1C29E1C5 		.ascii	"\034)\341\305\316\361\")@\336\2661bD\000y5\032\310t"
 161      CEF12229 
 161      40DEB631 
 161      62440079 
 161      351AC874 
 162 027e 3140FE99 		.ascii	"1@\376\231\001\344\204XF1\031\313\306>\341pj\001\266"
 162      01E48458 
 162      463119CB 
 162      C63EE170 
 162      6A01B6
 163 0291 0D378877 		.ascii	"\0157\210w\231\001\026\202,\177\177\256\225\272\344"
 163      99011682 
 163      2C7F7FAE 
 163      95BAE4
 164 02a0 E336ACAB 		.ascii	"\3436\254\253\254,\324nM\377W\263\351<\312\213\366g"
 164      AC2CD46E 
 164      4DFF57B3 
 164      E93CCA8B 
ARM GAS  /var/folders/45/ct_yb_0s4l984dg097s5d1mh0000gp/T//ccY7DqKN.s 			page 13


 164      F667
 165 02b2 D00CE9CC 		.ascii	"\320\014\351\314\307\025\235G\263\001\310\210\027\215"
 165      C7159D47 
 165      B301C888 
 165      178D
 166 02c0 C66C0867 		.ascii	"\306l\010gA\310\272Q\333T\024e\322!\301\330\3766\334"
 166      41C8BA51 
 166      DB541465 
 166      D221C1D8 
 166      FE36DC
 167 02d3 229E0B18 		.ascii	"\"\236\013\030~\0102|\203UA;\0010\370\016\357\276\034"
 167      7E08327C 
 167      8355413B 
 167      0130F80E 
 167      EFBE1C
 168 02e6 ABBA9826 		.ascii	"\253\272\230&\015w\227K\2721h\001\325\307#\010\352\215"
 168      0D77974B 
 168      BA316801 
 168      D5C72308 
 168      EA8D
 169 02f8 08C7D90D 		.ascii	"\010\307\331\015\034\020\256\225p6\302\225\0176\004"
 169      1C10AE95 
 169      7036C295 
 169      0F3604
 170 0307 67193949 		.ascii	"g\0319Ir\357\346\232KV\262\265!seMc\235\342\207}\233"
 170      72EFE69A 
 170      4B56B2B5 
 170      2173654D 
 170      639DE287 
 171 031d B0F5F13A 		.ascii	"\260\365\361:\237\206\265\303\237$\014\256\265m\275"
 171      9F86B5C3 
 171      9F240CAE 
 171      B56DBD
 172 032c D665578F 		.ascii	"\326eW\217j\306R\014\264\201\037r\261\031\030\3762\250"
 172      6AC6520C 
 172      B4811F72 
 172      B11918FE 
 172      32A8
 173 033e 183B53DF 		.ascii	"\030;S\337\362\231\021Y\302d\030\237\362\265}\327y\265"
 173      F2991159 
 173      C264189F 
 173      F2B57DD7 
 173      79B5
 174 0350 12FEA736 		.ascii	"\022\376\2476a\276+T\233$\266;i\017\026\003'\023\356"
 174      61BE2B54 
 174      9B24B63B 
 174      690F1603 
 174      2713EE
 175 0363 2AE1A2A7 		.ascii	"*\341\242\247\306)\006\316B\270k\204\213\231\200{x\370"
 175      C62906CE 
 175      42B86B84 
 175      8B99807B 
 175      78F8
 176 0375 7E3B10CE 		.ascii	"~;\020\316j\340\024\302]'\334\014\324E\232\302\244\276"
 176      6AE014C2 
 176      5D27DC0C 
 176      D4459AC2 
ARM GAS  /var/folders/45/ct_yb_0s4l984dg097s5d1mh0000gp/T//ccY7DqKN.s 			page 14


 176      A4BE
 177 0387 179B146E 		.ascii	"\027\233\024n\200\003I[\007\265*\231\272\027\001\361"
 177      8003495B 
 177      07B52A99 
 177      BA1701F1 
 178 0397 D08E6BC3 		.ascii	"\320\216k\303xNV\344\226w\207O\323\217\245vs\232,\223"
 178      784E56E4 
 178      9677874F 
 178      D38FA576 
 178      739A2C93 
 179 03ab 2767D1E7 		.ascii	"'g\321\347\014:hm\362T\345/\330\313)\027\203\316\311"
 179      0C3A686D 
 179      F254E52F 
 179      D8CB2917 
 179      83CEC9
 180 03be EEEF4233 		.ascii	"\356\357B3u\223\373\273\311\375\300Z(\353\317\373O="
 180      7593FBBB 
 180      C9FDC05A 
 180      28EBCFFB 
 180      4F3D
 181 03d0 8E9CD707 		.ascii	"\216\234\327\007\373\265<Ti\2728\236\372+4\233\214B"
 181      FBB53C54 
 181      69BA389E 
 181      FA2B349B 
 181      8C42
 182 03e2 410FCC13 		.ascii	"A\017\314\023R\336\013\265\265K\370\006zA\026u3\350"
 182      52DE0BB5 
 182      B54BF806 
 182      7A411675 
 182      33E8
 183 03f4 133F2E87 		.ascii	"\023?.\207\253k\203Q\363\202&{\006a\037\034;u\331.\330"
 183      AB6B8351 
 183      F382267B 
 183      06611F1C 
 183      3B75D92E 
 184 0409 FDC4869B 		.ascii	"\375\304\206\233 \013/\213\0360\032\202\236\234\316"
 184      200B2F8B 
 184      1E301A82 
 184      9E9CCE
 185 0418 F360081F 		.ascii	"\363`\010\037;q\012fz\361@e\020\304)\300\205\201\235"
 185      3B710A66 
 185      7AF14065 
 185      10C429C0 
 185      85819D
 186 042b 3BB7715C 		.ascii	";\267q\\\300\217\377\011\350|\026\211A<\006\003\220"
 186      C08FFF09 
 186      E87C1689 
 186      413C0603 
 186      90
 187 043c AEF3588A 		.ascii	"\256\363X\212\353\217\023CROC\022K\">\274\335U`5u\034"
 187      EB8F1343 
 187      524F4312 
 187      4B223EBC 
 187      DD556035 
 188 0452 73AB34C9 		.ascii	"s\2534\311\255\376\331:\177\011)pkJ\273\316\206\333"
 188      ADFED93A 
 188      7F092970 
ARM GAS  /var/folders/45/ct_yb_0s4l984dg097s5d1mh0000gp/T//ccY7DqKN.s 			page 15


 188      6B4ABBCE 
 188      86DB
 189 0464 C2AE5612 		.ascii	"\302\256V\022o\020T\372\025{\376W \206\202\275\014\022"
 189      6F1054FA 
 189      157BFE57 
 189      208682BD 
 189      0C12
 190 0476 0C214B0C 		.ascii	"\014!K\014\\\367X\262\027F/\252~\370\3102\026\335\012"
 190      5CF758B2 
 190      17462FAA 
 190      7EF8C832 
 190      16DD0A
 191 0489 C322BA8D 		.ascii	"\303\"\272\215\242\207\310W\0126f\263\377\340\036.\366"
 191      A287C857 
 191      0A3666B3 
 191      FFE01E2E 
 191      F6
 192 049a 37B12B73 		.ascii	"7\261+s\274\004\204;\342l\240\216\035\017\225\375\035"
 192      BC04843B 
 192      E26CA08E 
 192      1D0F95FD 
 192      1D
 193 04ab 4D95BC82 		.ascii	"M\225\274\2022\216\300\\\235\307\011[\322\2717~\327"
 193      328EC05C 
 193      9DC7095B 
 193      D2B9377E 
 193      D7
 194 04bc 11B87CD7 		.ascii	"\021\270|\327tYYn\371\353\306\261g\012\377l\177o\265"
 194      7459596E 
 194      F9EBC6B1 
 194      670AFF6C 
 194      7F6FB5
 195 04cf 7D54D3BB 		.ascii	"}T\323\273B\323{B\323p\001\357\033\002\366\364n/_#R"
 195      42D37B42 
 195      D37001EF 
 195      1B02F6F4 
 195      6E2F5F23 
 196 04e4 18C78E6C 		.ascii	"\030\307\216l\236jCP\323!\324$u\220\376SO`\227eI\211"
 196      9E6A4350 
 196      D321D424 
 196      7590FE53 
 196      4F609765 
 197 04fa 968D8AE1 		.ascii	"\226\215\212\341Y\371\000\226\260\021\254\315'\206\367"
 197      59F90096 
 197      B011ACCD 
 197      2786F7
 198 0509 11706A89 		.ascii	"\021pj\211\324\325\\\264\004\367\302\237\224\267\000"
 198      D4D55CB4 
 198      04F7C29F 
 198      94B700
 199 0518 9E9540B1 		.ascii	"\236\225@\2610\343\353\011\011\252\361\227\342Q\335"
 199      30E3EB09 
 199      09AAF197 
 199      E251DD
 200 0527 69AAC7ED 		.ascii	"i\252\307\355T\235kWo\\\267\312\225\354Lp2\311\225*"
 200      549D6B57 
 200      6F5CB7CA 
ARM GAS  /var/folders/45/ct_yb_0s4l984dg097s5d1mh0000gp/T//ccY7DqKN.s 			page 16


 200      95EC4C70 
 200      32C9952A 
 201 053b E37D929C 		.ascii	"\343}\222\234\352NN\221R\277\342\253\334k\244\264\325"
 201      EA4E4E91 
 201      52BFE2AB 
 201      DC6BA4B4 
 201      D5
 202 054c FC5B4FAA 		.ascii	"\374[O\252\224\226\032\316N^\347\374z\375\352$\214\340"
 202      94961ACE 
 202      4E5EE7FC 
 202      7AFDEA24 
 202      8CE0
 203 055e D9E84958 		.ascii	"\331\350IX\313\254_\256\362$}\352N^<\036\347Lq\271R"
 203      CBAC5FAE 
 203      F2247DEA 
 203      4E5E3C1E 
 203      E74C71B9 
 204 0573 D6A9A929 		.ascii	"\326\251\251)\3564\217\372\361\362\304\245\211\033\220"
 204      EE348FFA 
 204      F1F2C4A5 
 204      891B90
 205 0582 E04C7127 		.ascii	"\340Lq'\255\374\346}\027\262>\234\002\235\264!\215\260"
 205      ADFCE67D 
 205      17B23E9C 
 205      029DB421 
 205      8DB0
 206 0594 EAD2C415 		.ascii	"\352\322\304\025\313V\250K\021\254.\033M\346\362${V"
 206      CB56A84B 
 206      11AC2E1B 
 206      4DE6F224 
 206      7B56
 207 05a6 AE713A91 		.ascii	"\256q:\221:=q\305\362xJ\212\345.\212w\274\315$7\263"
 207      3A3D71C5 
 207      F2784A8A 
 207      E52E8A77 
 207      BCCD2437 
 208 05bb BA925C29 		.ascii	"\272\222\\)\356\215\354?\245=\016\261"
 208      EE8DEC3F 
 208      A53D0EB1 
 209              		.text
 210              		.section	.gnu.lto_.symbol_nodes.6bf1eab9c8736ca0,"",%progbits
 211 0000 789C55C9 		.ascii	"x\234U\311=\022@@\024\003\340\274\354r\014g\341do;3"
 211      3D124040 
 211      1403E0BC 
 211      EC720C67 
 211      E1646F3B 
 212 0015 2AB55AE5 		.ascii	"*\265Z\345o\324j\265\023(\024\316a<4\266\310$\363%\005"
 212      6FD46AB5 
 212      132814CE 
 212      613C34B6 
 212      C824F325 
 213 002a D058C08E 		.ascii	"\320X\300\216\012\324\033`\265\204\302\244\247J$2Q\371"
 213      0AD41B60 
 213      B584C2A4 
 213      A74A2432 
 213      51F9
 214 003c 0A10426E 		.ascii	"\012\020Bn0R]\004\003\325G0S\223?8x\264\307%\316\326"
ARM GAS  /var/folders/45/ct_yb_0s4l984dg097s5d1mh0000gp/T//ccY7DqKN.s 			page 17


 214      30525D04 
 214      03D54730 
 214      53933F38 
 214      78B4C725 
 215 0052 5AEE9903 		.ascii	"Z\356\231\003\321V\326\222|n\317\371\270\020\2479n\221"
 215      D156D692 
 215      7C6ECFF9 
 215      B810A739 
 215      6E91
 216 0064 4E275A   		.ascii	"N'Z"
 217              		.text
 218              		.section	.gnu.lto_.refs.6bf1eab9c8736ca0,"",%progbits
 219 0000 789C6363 		.ascii	"x\234cc```\004b\006\000\000D\000\010"
 219      60606004 
 219      62060000 
 219      440008
 220              		.text
 221              		.section	.gnu.lto_.decls.6bf1eab9c8736ca0,"",%progbits
 222 0000 789CB53A 		.ascii	"x\234\265:iTT\351\225\365\275\2576\240\200\016\230\214"
 222      695454E9 
 222      95F5BDAF 
 222      36A0800E 
 222      988C
 223 0012 E970924E 		.ascii	"\351p\222N\017\231&\213\242\335I\2723''\247{<3\351>"
 223      0F99268B 
 223      A2DD49BA 
 223      332727A7 
 223      7B3C33E9 
 224 0027 273D2727 		.ascii	"'=''N\316L\377\230T\350\242Zh\331RU\264\355\374I\261"
 224      4ECE4CFF 
 224      9854E8A2 
 224      5A68D952 
 224      55B4EDFC 
 225 003d B901028A 		.ascii	"\271\001\002\212\312\252\210\242\354\340\202(  *\262"
 225      CAAA88A2 
 225      ECE08228 
 225      20202AB2 
 226 004d 28820B8A 		.ascii	"(\202\013\212\312\"*\"\012((\010(\314\375\226W\357U"
 226      CA222A22 
 226      0A282808 
 226      28CCFD96 
 226      57EF55
 227 0060 51A59D73 		.ascii	"Q\245\235s\222:\\\336\273\337\273\337\335\357\375\276"
 227      923A5CDE 
 227      BBDFBBDF 
 227      DDEFFDBE 
 228 0070 B7A8150A 		.ascii	"\267\250\025\012\005^\251P\304i\024\012\255\240P,\300"
 228      055EA950 
 228      C469140A 
 228      ADA0502C 
 228      C0
 229 0081 0FC3D829 		.ascii	"\017\303\330)\000\017\200\022\304\316\177\015\307{d"
 229      000F8012 
 229      C4CE7F0D 
 229      C77B64
 230 0090 1C8E7A38 		.ascii	"\034\216z8\372\001\250\001.\001\376\031\034G\340\250"
 230      FA01A801 
ARM GAS  /var/folders/45/ct_yb_0s4l984dg097s5d1mh0000gp/T//ccY7DqKN.s 			page 18


 230      2E01FE19 
 230      1C47E0A8 
 231 00a0 E063CFE0 		.ascii	"\340c\317\340\374%\200 0\236^\000>\202b\321\357!\010"
 231      FC258020 
 231      309E5E00 
 231      3E8262D1 
 231      EF2108
 232 00b3 7A138E3E 		.ascii	"z\023\216>\000K\000\276D\256\345u\301q\020\216?\207"
 232      004B00BE 
 232      44AEE575 
 232      C171108E 
 232      3F87
 233 00c5 A3AFC064 		.ascii	"\243\257\300dz\302\361\333\000o\002|O`\272h\340\270"
 233      7AC2F1DB 
 233      006F027C 
 233      4F60BA68 
 233      E0B8
 234 00d7 168E3F44 		.ascii	"\026\216?DLG?\201\351\204\340\010&*\332`\274\005\240"
 234      4C473F81 
 234      E984E008 
 234      262ADA60 
 234      BC05A0
 235 00ea 03A01DE0 		.ascii	"\003\240\035\340\002\3009\200L\0007\256\373\017\200"
 235      02C03980 
 235      4C0037AE 
 235      FB0F80
 236 00f9 F68700EF 		.ascii	"\366\207\000\357p\335\177\014\360Sn\213\340\304\216"
 236      70DD7F0C 
 236      F0536E8B 
 236      E0C48E
 237 0108 39B0E37B 		.ascii	"9\260\343{\016v\020\177\270\262\3413n\307\317\200\327"
 237      0E76107F 
 237      B8B2E133 
 237      6EC7CF80 
 237      D7
 238 0119 B70086B9 		.ascii	"\267\000\206\271\315\177\213-n2[\356\271\260'\214\333"
 238      CD7F8B2D 
 238      6E325BEE 
 238      B9B0278C 
 238      DB
 239 012a F4D2C126 		.ascii	"\364\322\301&\037'6\221\360\375\302\301\266t\214\272"
 239      1F273691 
 239      F0FDC2C1 
 239      B6748CBA 
 240 013a E22B7370 		.ascii	"\342+sp\"F>\356H\011\350\223\013Yw\274\000]\342\216"
 240      22463EEE 
 240      4809E893 
 240      0B5977BC 
 240      005DE28E 
 241 014e DE0234AB 		.ascii	"\336\0024\253\366i\233\212]\325\002z\351\361\371\\\017"
 241      F6699B8A 
 241      5DD5027A 
 241      E9F1F95C 
 241      0F
 242 015f 86BE01E8 		.ascii	"\206\276\001\350\261\241\326fwFlE\200W\217\225T{2\274"
 242      B1A1D666 
 242      77466C45 
ARM GAS  /var/folders/45/ct_yb_0s4l984dg097s5d1mh0000gp/T//ccY7DqKN.s 			page 19


 242      80578F95 
 242      547B32BC 
 243 0173 91F03E31 		.ascii	"\221\360>1i=\352\211\005D\316\317<\355?\240\303n\364"
 243      693DEA89 
 243      0544CECF 
 243      3CED3FA0 
 243      C36EF4
 244 0186 7CA2AFB0 		.ascii	"|\242\257\260\330\015{\321\363\336\226\242\022\"\377"
 244      D80D7BD1 
 244      F3DE96A2 
 244      1222FF
 245 0195 33774432 		.ascii	"3wD2\323\033\206*\036\235\230\361dC\204\2426)-W\211"
 245      D31B862A 
 245      1E9D98F1 
 245      644384A2 
 245      36292D57 
 246 01aa 97D0F3DD 		.ascii	"\227\320\363\335\0176\356V-/\265\262\237v\255\002\325"
 246      0F36EE56 
 246      2D2FB5B2 
 246      9F76AD02 
 246      D5
 247 01bb 232C9AB2 		.ascii	"#,\232\262\177f\274Z\207\177M\010\205\013\235\3235Z"
 247      7F66BC5A 
 247      877F4D08 
 247      850B9DD3 
 247      355A
 248 01cd E41EB0C9 		.ascii	"\344\036\260\311j\215\265\346\305Y\335>V\240\243\310"
 248      6A8DB5E6 
 248      C559DD3E 
 248      56A0A3C8 
 249 01dd 0F1D417E 		.ascii	"\017\035A~\012\324\204\002\010\363\006\264\\\201N\302"
 249      0AD48402 
 249      08F306B4 
 249      5C814EC2 
 250 01ed 601D0C1E 		.ascii	"`\035\014\036 \014\033\3733\336\256\355\263Z\337B\247"
 250      200C1BFB 
 250      33DEAEED 
 250      B35ADF42 
 250      A7
 251 01fe 10D88030 		.ascii	"\020\330\2000\245\001\337}\346\316D\244\336\232\251"
 251      A501DF7D 
 251      E6CE44A4 
 251      DE9AA9
 252 020d F3C0C711 		.ascii	"\363\300\307\021U\246`\303\325\373^\370$CJ\2332\333"
 252      55A660C3 
 252      D5FB5EF8 
 252      24434A9B 
 252      32DB
 253 021f 3C702B43 		.ascii	"<p+C\362c\256\266{\342\016\206\364\317\365Ua|\231!\305"
 253      F263AEB6 
 253      7BE20E86 
 253      F4CFF555 
 253      617C9921 
 254 0234 F34FDBBC 		.ascii	"\363O\333\274\361u\206\334\334\335\374@\207\207\030"
 254      F17586DC 
 254      DCDDFC40 
 254      878718
ARM GAS  /var/folders/45/ct_yb_0s4l984dg097s5d1mh0000gp/T//ccY7DqKN.s 			page 20


 255 0243 92733779 		.ascii	"\222s7y\253JI\002EdG(\311\330\351\262\271FL\307@\335"
 255      AB4A4902 
 255      45644728 
 255      C9D8E9B2 
 255      B9464CC7 
 256 0259 3644C7EE 		.ascii	"6D\307\3566\217\336\325\330\350\332\331\340\331\205"
 256      368FDED5 
 256      D8E8DAD9 
 256      E0D985
 257 0268 E9466F16 		.ascii	"\351Fo\026\030A\026\247%,NC\2235I\232\245;\211\205\251"
 257      184116A7 
 257      252C4E43 
 257      9335499A 
 257      A53B8985 
 258 027d 71D63704 		.ascii	"q\3267\004\244\327\241\016\260\373\002\330\255@\027"
 258      A4D7A10E 
 258      B0FB02D8 
 258      AD4017
 259 028c D152F87F 		.ascii	"\321R\370\177\036\030Q\023\333b\032\316x\350\266\330"
 259      1E185113 
 259      DB621ACE 
 259      78E8B6D8 
 260 029c FC46AEDB 		.ascii	"\374F\256\333\\\247@\235H\307\235\002\264\365s%\027"
 260      5CA7409D 
 260      48C79D02 
 260      B4F57325 
 260      17
 261 02ad 043C4E0D 		.ascii	"\004<N\015\020\306J+\333\274\220.\300\305Tt\031\274"
 261      10C64A2B 
 261      DBBC902E 
 261      C0C55474 
 261      19BC
 262 02bf 2ECD66FE 		.ascii	".\315f\376\036ox+\353\022\361\367%\270\320%\371\033"
 262      1E6F782B 
 262      EB12F1F7 
 262      25B8D025 
 262      F91B
 263 02d1 E89884F4 		.ascii	"\350\230\204\364\235\327\213\275q\011\313\241\343'G"
 263      9DD78BBD 
 263      7109CBA1 
 263      E32747
 264 02e0 DF6546FA 		.ascii	"\337eF\372\001V\323\373\244\221\0339@\262\257\260\242"
 264      0156D3FB 
 264      A4911B39 
 264      40B2AFB0 
 264      A2
 265 02f1 FC9A07AE 		.ascii	"\374\232\007\256f\244%\323\361U\336\270\226!b^\372\360"
 265      66A425D3 
 265      F155DEB8 
 265      9621625E 
 265      FAF0
 266 0303 BC2C1CCA 		.ascii	"\274,\034\312\331\252c\370\007\200^\351\354+\300\370"
 266      D9AA63F8 
 266      07805EE9 
 266      EC2BC0F8 
 267 0313 9460978F 		.ascii	"\224`\227\217\357,\316\307wX>^J\231\330\257\301m\224"
 267      EF2CCEC7 
ARM GAS  /var/folders/45/ct_yb_0s4l984dg097s5d1mh0000gp/T//ccY7DqKN.s 			page 21


 267      77583E5E 
 267      4A99D8AF 
 267      C16D94
 268 0326 5CE8EF99 		.ascii	"\\\350\357\231\273\345\345*\317\006\300\342wx\236\365"
 268      BBE5E52A 
 268      CF06C0E2 
 268      77789EF5 
 269 0336 C2E02D5B 		.ascii	"\302\340-[\236\215\337\370M\346\004\261\273\037b\330"
 269      9E8DDFF8 
 269      4DE604B1 
 269      BB1F62D8 
 270 0346 27D9FD0E 		.ascii	"'\331\375\016\317\263\242\375i\371j|\036S\031\265\331"
 270      CFB3A2FD 
 270      69F96A7C 
 270      1E5319B5 
 270      D9
 271 0357 F7CE0AAE 		.ascii	"\367\316\012\256d\334q-c\366\355\346\004\253U@\203 "
 271      64DC712D 
 271      63F6EDE6 
 271      04AB5540 
 271      8320
 272 0369 E3B62403 		.ascii	"\343\266$\003D2!\326\364\271=\236\370\224\222\012\031"
 272      443221D6 
 272      F4B93D9E 
 272      F894920A 
 272      19
 273 037a 8FCB2E70 		.ascii	"\217\313.pi\310\220K!\0273\361\246})V\253\022\335\003"
 273      69C8904B 
 273      211733F1 
 273      A67D2956 
 273      AB12DD03 
 274 038e 29772529 		.ascii	")w%)\203\242\224[G\222Okq\254\212\325ru]3\357'+\000"
 274      83A2945B 
 274      47924F6B 
 274      71AC8AD5 
 274      72755D33 
 275 03a6 8DBB9B7B 		.ascii	"\215\273\233{\333\013oa\327\232S\342\223\334\361v\212"
 275      DB0B6F61 
 275      D79A53E2 
 275      93DCF176 
 275      8A
 276 03b7 08CFBA1E 		.ascii	"\010\317\272\036e\252]\251\363\310\245:7\226BW@\017"
 276      65AA5DA9 
 276      F3C8A53A 
 276      37964257 
 276      400F
 277 03c9 41951127 		.ascii	"A\225\021'\252dO\366>pc\322\003\210\223k&\013\324x\017"
 277      AA644FF6 
 277      3E7063D2 
 277      0388936B 
 277      260BD478 
 278 03de 937EE6CE 		.ascii	"\223~\346\316\345\026\025.dH^\323\355e\370\004;\257"
 278      E516152E 
 278      64485ED3 
 278      ED65F804 
 278      3BAF
 279 03f0 D95137AA 		.ascii	"\331Q7\252\305\365\014\031\\\230\377\022w\260\363\315"
ARM GAS  /var/folders/45/ct_yb_0s4l984dg097s5d1mh0000gp/T//ccY7DqKN.s 			page 22


 279      C5F50C19 
 279      5C98FF12 
 279      77B0F3CD 
 280 0400 A59B9BBD 		.ascii	"\245\233\233\275p7C\362\033j\037i\360\020C\304&\352"
 280      703743F2 
 280      1B6A1F69 
 280      F01043C4 
 280      26EA
 281 0412 C39A68E1 		.ascii	"\303\232h\341H\377\013\214\237\261k\267o\235\253\364"
 281      48FF0B8C 
 281      9FB16BB7 
 281      6F9DABF4 
 282 0422 C2D3DC1D 		.ascii	"\302\323\334\035\323\331\265\336x\236!\027\356,L\270"
 282      D3D9B5DE 
 282      789E2117 
 282      EE2C4CB8 
 283 0432 E304354B 		.ascii	"\343\0045K\331\254\371F%NbHBr\331.\322g\325,'5\244\013"
 283      D9ACF946 
 283      254E6248 
 283      4272D92E 
 283      D267D52C 
 284 044a 3C9E3DA6 		.ascii	"<\236=\246dC\304\360\257a(7\363\326!/\234J\247\010\365"
 284      6443C4F0 
 284      AF612837 
 284      F3D6212F 
 284      9C4AA708 
 285 045f 978FC77B 		.ascii	"\227\217\307{\242\000w1\335~\231\371\230\244\333\002"
 285      A2007731 
 285      DD7E99F9 
 285      98A4DB02 
 286 046f 78E6A5E4 		.ascii	"x\346\245\344\0315q\314&B\342\350\342yp\261\232\273"
 286      193571CC 
 286      2642E2E8 
 286      E27970B1 
 286      9ABB
 287 0481 F8050CCE 		.ascii	"\370\005\014\316\301 \351\3343\217\217*q\026\223qd\373"
 287      C120E9DC 
 287      338F8F2A 
 287      71169371 
 287      64FB
 288 0493 8B0C2F49 		.ascii	"\213\014/I\306\354\273U4\335b\005\320I\260\311X@.\205"
 288      C6ECBB55 
 288      34DD6205 
 288      D049B0C9 
 288      58402E85 
 289 04a7 C4084E85 		.ascii	"\304\010N\205\334\266\316e\352p>\023\222\335\224\177"
 289      DCB6CE65 
 289      EA703E13 
 289      92DD947F 
 290 04b7 44B00981 		.ascii	"D\260\011\201tKf\351\226\000R\342$) \324\225\224x\347"
 290      744B66E9 
 290      960052E2 
 290      242920D4 
 290      959478E7 
 291 04cb 5266B79F 		.ascii	"Rf\267\237\250\362\300\205\314\303\211;F\017x\341r\206"
 291      A8F2C085 
 291      CCC3893B 
ARM GAS  /var/folders/45/ct_yb_0s4l984dg097s5d1mh0000gp/T//ccY7DqKN.s 			page 23


 291      460F78E1 
 291      7286
 292 04dd CC0DA7F7 		.ascii	"\314\015\247\367 \026>\035\240\261\265=i\336\274\317"
 292      20163E1D 
 292      A0B1B53D 
 292      69DEBCCF 
 293 04ed D0FA9FDD 		.ascii	"\320\372\237\3354\257\304\265\214\366Z\322\345\233j"
 293      34AFC4B5 
 293      8CF65AD2 
 293      E59B6A
 294 04fc 7C9AE95A 		.ascii	"|\232\351Z\335~k\016\333tm\243\271\230\014z&~#=\223"
 294      DD7E6B0E 
 294      DB746DA3 
 294      B9980C7A 
 294      267E233D 
 295 0511 9CEBD97C 		.ascii	"\234\353\331|1oR\213[\231\270\023i\333 \031/2\244/#"
 295      316F528B 
 295      5B99B813 
 295      69DB2019 
 295      2F32A42F 
 296 0526 B1D6030F 		.ascii	"\261\326\003\0172\244>e\342\270\033~\300\220\215\317"
 296      32A43E65 
 296      E2B81B7E 
 296      C0908DCF 
 297 0536 072BBDF1 		.ascii	"\007+\275\361\004CF\342\032o+\361\014C*\022\356\026"
 297      044346E2 
 297      1A6F2BF1 
 297      0C432A12 
 297      EE16
 298 0548 69C1183F 		.ascii	"i\301\030?H%$\353m~\254\267\035m\234,S\342yf\316\241"
 298      482524EB 
 298      6D7EACB7 
 298      1D6D9C2C 
 298      53E27966 
 299 055e B2BB5FCA 		.ascii	"\262\273_\312Rhy\302F\022\336\0140h\247d\220\037\267"
 299      526879C2 
 299      4612DE0C 
 299      3068A764 
 299      901FB7
 300 0571 27D66ADD 		.ascii	"'\326j\335g\305K\025\350=?\264\002\254\331\005\326\370"
 300      67C54B15 
 300      E83D3FB4 
 300      02ACD905 
 300      D6F8
 301 0583 716B7608 		.ascii	"qkv\010~(]\240\326\024\355)<\343\2117i\250\200\276\262"
 301      7E285DA0 
 301      D614ED29 
 301      3CE38937 
 301      69A880BE 
 302 0598 F10E2C4B 		.ascii	"\361\016,K\240\267\217\320\004\312\006\011\231\222\204"
 302      A0B78FD0 
 302      04CA0609 
 302      999284
 303 05a7 0CC18588 		.ascii	"\014\301\205\210,\347\"b\267_.u\303\251LD\354\331\324"
 303      2CE72262 
 303      B75F2E75 
 303      C3A94C44 
ARM GAS  /var/folders/45/ct_yb_0s4l984dg097s5d1mh0000gp/T//ccY7DqKN.s 			page 24


 303      ECD9D4
 304 05ba 2E8DD847 		.ascii	".\215\330G\354\247\357v2\335\226e\363\263\244\\rA\223"
 304      ECA7EF76 
 304      32DD9665 
 304      F3B3A45C 
 304      724193
 305 05cd 1C49936C 		.ascii	"\034I\223l\2017\222\035YCKq\206\206\245N\322|\005\306"
 305      8137921D 
 305      59434B71 
 305      8686A54E 
 305      D27C05C6 
 306 05e1 BB99B8D1 		.ascii	"\273\231\270\321\255\205\325j\347\342\362]\212\033\324"
 306      AD85D56A 
 306      E7E2F25D 
 306      8A1BD4
 307 05f0 7C88F682 		.ascii	"|\210\366\202\244<'\222zs\307'\225\370\000\023\265\377"
 307      A43C2792 
 307      7A73C727 
 307      95F80013 
 307      B5FF
 308 0602 74459706 		.ascii	"tE\227\006\2272Q=\317\332\267K\2051\002<\016\000\217"
 308      9732513D 
 308      CFDAB74B 
 308      8531023C 
 308      0E008F
 309 0615 FD8E3C9C 		.ascii	"\375\216<\234hR\340\334oc\361\367\006\370\346n)\251"
 309      6852E0DC 
 309      6F63F1F7 
 309      06F8E66E 
 309      29A9
 310 0627 8FF48CF7 		.ascii	"\217\364\214\367p\025\023<Z\320q\2304\316\000w\364W"
 310      7015133C 
 310      5AD07198 
 310      34CE0077 
 310      F457
 311 0639 59D204B0 		.ascii	"Y\322\004\260\244\311I\033\334\345\206\353\230Z\231"
 311      A4C9491B 
 311      DCE586EB 
 311      985A99
 312 0648 CF8ECED9 		.ascii	"\317\216\316\331\326\221\3128\353\267bV*\320qH\347*"
 312      D691CA38 
 312      EBB76256 
 312      2AD07148 
 312      E72A
 313 065a 92E36520 		.ascii	"\222\343e :\200\213.\006\321E\202\264\"\376K.]\021K"
 313      3A808B2E 
 313      06D14582 
 313      B422FE4B 
 313      2E5D114B 
 314 066e C18A12C9 		.ascii	"\301\212\022\311\212\000\356\210\215\361\205)\036\370"
 314      8A00EE88 
 314      8DF18529 
 314      1EF8
 315 067c 1C13929E 		.ascii	"\034\023\222\2362xS#\357<\347h\342T\302\324rij\251\344"
 315      32785323 
 315      EF3CE768 
 315      E254C2D4 
ARM GAS  /var/folders/45/ct_yb_0s4l984dg097s5d1mh0000gp/T//ccY7DqKN.s 			page 25


 315      72696AA9 
 316 0691 80458A54 		.ascii	"\200E\212T8Q\204\224T\305\3153J\334\311\244<\333<\232"
 316      38518494 
 316      54C5CD33 
 316      4ADCC9A4 
 316      3CDB3C9A 
 317 06a5 E7DA9423 		.ascii	"\347\332\224#.M\351\237\303\275\247\267\220&u\030\024"
 317      2E4DE99F 
 317      C3BDA7B7 
 317      90267518 
 317      14
 318 06b6 3A242954 		.ascii	":$)T)F\265&\351Y\274\335\036\213\020J{\254\243\202\216"
 318      2946B526 
 318      E959BCDD 
 318      1E8B104A 
 318      7BACA382 
 319 06cb 6F696307 		.ascii	"oic\007\217u#\234\240\245~\276\372\374\344\254\016o"
 319      8F75239C 
 319      A0A57EBE 
 319      FAFCE4AC 
 319      0E6F
 320 06dd A188B234 		.ascii	"\241\210\2624\256\370\261\022\005\370!\230\205\230#"
 320      AEF8B112 
 320      05F82198 
 320      859823
 321 06ec C88E5881 		.ascii	"\310\216X\201j\200\3251\001\213[\374,+\250\377\370\257"
 321      6A80D531 
 321      018B5BFC 
 321      2C2BA8FF 
 321      F8AF
 322 06fe 6418CEB5 		.ascii	"d\030\316\265\364\350$'\252\301\032rI\201N\200-\307"
 322      F4E82427 
 322      AAC11A72 
 322      49814E80 
 322      2DC7
 323 0710 99370EE5 		.ascii	"\2317\016\345\264\314\270\271s\352M\257\243\276\375"
 323      B4CCB8B9 
 323      73EA4DAF 
 323      A3BEFD
 324 071f 7CE18C4E 		.ascii	"|\341\214NnT\255\235Qu6\243N]\210+\362\300)\314\250"
 324      6E54AD9D 
 324      517536A3 
 324      4E5D882B 
 324      F2C029CC 
 325 0734 C1977BEF 		.ascii	"\301\227{\357j\360\016\206<\317h\335\357\211\263\031"
 325      6AF00E86 
 325      3CCF68DD 
 325      EF89B319 
 326 0744 B2ADB4F3 		.ascii	"\262\255\264\363\032,\317\014\351+\237\257S\343|\206"
 326      1A2CCF0C 
 326      E92B9FAF 
 326      53E37C86 
 327 0754 ECB9F5A4 		.ascii	"\354\271\365\244L\203\013(\"t/\014\017\273\333o;\377"
 327      4C830B28 
 327      22742F0C 
 327      0FBBDB6F 
 327      3BFF
ARM GAS  /var/folders/45/ct_yb_0s4l984dg097s5d1mh0000gp/T//ccY7DqKN.s 			page 26


 328 0766 FC1DA9AB 		.ascii	"\374\035\251\253\236\001U\365\366\233\316\261\234\357"
 328      9E0155F5 
 328      F69BCEB1 
 328      9CEF
 329 0774 C758AD08 		.ascii	"\307X\255\010\235\026t\250I\212\216\236o9\007b\233/"
 329      9D1674A8 
 329      498A8E9E 
 329      6F390762 
 329      9B2F
 330 0786 6B713913 		.ascii	"kq9\023\365d\354\312\013O|\230!\326\231\372\033j|\214"
 330      F564ECCA 
 330      0B4F7C98 
 330      21D699FA 
 330      1B6A7C8C 
 331 079a 2137773C 		.ascii	"!7w<\037p\303'\030\322r5\261A\211\353\030r\260}\300"
 331      1F70C327 
 331      18D27235 
 331      B14189EB 
 331      1872B07D 
 332 07af AAC20D0C 		.ascii	"\252\302\015\014\251\333\322\376B\213\233\030\222U\263"
 332      A9DBD2FE 
 332      428B9B18 
 332      9255B3
 333 07be 31D61D9F 		.ascii	"1\326\035\237eH\311\302d\212\016\267p\313\353\272\362"
 333      6548C9C2 
 333      648A0EB7 
 333      70CBEBBA 
 333      F2
 334 07cf 05       		.ascii	"\005"
 335 07d0 567CFEE4 		.ascii	"V|\376\3446\2411\261\005\2635'\0176\364\036\347\023"
 335      36A131B1 
 335      05B33527 
 335      0F36F41E 
 335      E713
 336 07e2 CE6FD422 		.ascii	"\316o\324\"\177\366\363\015\360\367\317'\3266\336\317"
 336      7FF6F30D 
 336      F0F7CF27 
 336      D636DECF 
 337 07f2 523D2CD9 		.ascii	"R=,\331\222l\315kb\326\234\005k\256\011\276\222\365"
 337      926CCD6B 
 337      62D69C05 
 337      6BAE09BE 
 337      92F5
 338 0804 07059A4F 		.ascii	"\007\005\232O$\000\0126e\360\177\263\254\215\361\230"
 338      24000A36 
 338      65F07FB3 
 338      AC8DF198 
 339 0814 929F7724 		.ascii	"\222\237w$\017$\324+%\342\021\031q\273Sb9\353Y\031u"
 339      0F24D42B 
 339      25E21119 
 339      71BB5362 
 339      39EB5919 
 340 0829 AB237515 		.ascii	"\253#u\025r$o\373\223D~\316\221\374\330\"\362A\031\371"
 340      72246FFB 
 340      93447ECE 
 340      91FCD822 
 340      F24119F9 
ARM GAS  /var/folders/45/ct_yb_0s4l984dg097s5d1mh0000gp/T//ccY7DqKN.s 			page 27


 341 083d 2947F267 		.ascii	")G\362g\310A\363K2\352f\347^\241\324i\364\246\010\000"
 341      C841F34B 
 341      32EA66E7 
 341      5EA1D469 
 341      F4A60800 
 342 0851 6E7FD045 		.ascii	"n\177\320EH\346\016\270\206.\360\031\220\031\350:$P"
 342      48E60EB8 
 342      862EF019 
 342      9019E83A 
 342      2450
 343 0863 97E08F2E 		.ascii	"\227\340\217.\001\334\000\270\014\320\003p\005\240\033"
 343      01DC00B8 
 343      0CD00370 
 343      05A01B
 344 0872 A013E0AA 		.ascii	"\240\023\340\252\340O\213\215\345W\307\3157h~\001\007"
 344      E04F8B8D 
 344      E557C7CD 
 344      37687E01 
 344      07
 345 0883 054F2E85 		.ascii	"\005O.\205M\261\346>\237\3748k\313\012\252Y\213s\263"
 345      4DB1E63E 
 345      9FFC386B 
 345      CB0AAA59 
 345      8B73B3
 346 0896 65764CC8 		.ascii	"evL\310|\332\346\334\247\224\232\354\377\006G\307T\362"
 346      7CDAE6DC 
 346      A7949AEC 
 346      FF0647C7 
 346      54F2
 347 08a8 FA93D32A 		.ascii	"\372\223\323*\320M[\375\365\325\345O{\342Xz/\216g'k"
 347      D04D5BFD 
 347      F5D5E54F 
 347      7BE2587A 
 347      2F8E6727 
 348 08bd 8F21E41F 		.ascii	"\217!\344\037\340\313\344A\357\312\272\227\3102\012"
 348      E0CBE441 
 348      EFCABA97 
 348      C8320A
 349 08cc 66A04690 		.ascii	"f\240F\220\331\357<E\270\261E\314\330~{c\323\370\016"
 349      D9EF3C45 
 349      B8B145CC 
 349      D87E7B63 
 349      D3F80E
 350 08df 87FAD536 		.ascii	"\207\372\3256\371\026\347F\374\332\007~\355\345~#\325"
 350      F916E746 
 350      FCDA077E 
 350      EDE57E23 
 350      D5
 351 08f0 107B7F14 		.ascii	"\020{\177\024\343\024\366\200\340\341PI\267\200\323"
 351      E314F680 
 351      E0E15049 
 351      B780D3
 352 08ff 1992D3DF 		.ascii	"\031\222\323\337\324\307w\355g\010~\254?}\263\216\327"
 352      D4C777ED 
 352      67087EAC 
 352      3F7DB38E 
 352      D7
ARM GAS  /var/folders/45/ct_yb_0s4l984dg097s5d1mh0000gp/T//ccY7DqKN.s 			page 28


 353 0910 06796471 		.ascii	"\006ydq\177j\252[\215w3\342#\013E\0330\336\317\220\027"
 353      7F6AAA5B 
 353      8D7733E2 
 353      230B451B 
 353      30DECF90 
 354 0925 0517AF6B 		.ascii	"\005\027\257kq\031CN\275\354\311q\307\307(\362\353\375"
 354      7119434E 
 354      BDECC971 
 354      C7C728F2 
 354      EBFD
 355 0937 2DFDCD1E 		.ascii	"-\375\315\036\310\327_\347\353\357\353O\376\303\237"
 355      C8D75FE7 
 355      EBEFEB4F 
 355      FEC39F
 356 0946 3F390F80 		.ascii	"?9\017\200\037-\261\000\377%\376\364\212?\340:\035\031"
 356      1F2DB100 
 356      FF25FEF4 
 356      8A3FE03A 
 356      1D19
 357 0958 0CF0B7FD 		.ascii	"\014\360\267\375\002\002\234\0338\011{\353an`\034\016"
 357      02029C1B 
 357      38097BEB 
 357      616E601C 
 357      0E
 358 0969 400FB881 		.ascii	"@\017\270\201\314\271\323\025\252\227\247\2672\347\216"
 358      CCB9D315 
 358      AA97A7B7 
 358      32E78E
 359 0978 80734F73 		.ascii	"\200sOsj'\316\225\205\361\241]\030\311<\346f\273\324"
 359      6A27CE95 
 359      85F1A15D 
 359      18C93CE6 
 359      66BBD4
 360 098b BD03A93B 		.ascii	"\275\003\251;HRw\037H\035\345\032\344\303\371^\354\217"
 360      4852771F 
 360      481DE51A 
 360      E4C3F95E 
 360      EC8F
 361 099d F200F600 		.ascii	"\362\000\366\000\354\006\310\005\310\001\310\006\310"
 361      EC06C805 
 361      C801C806 
 361      C8
 362 09aa 02C804C8 		.ascii	"\002\310\004\310\000H\000\210\001\260\002,@J\217\003"
 362      00480088 
 362      01B0022C 
 362      404A8F03 
 363 09ba 8C013CB2 		.ascii	"\214\001<\262\263`\342w,\035\241\243\336\205X\216\312"
 363      B360E277 
 363      2C1DA1A3 
 363      DE85588E 
 363      CA
 364 09cb 95EF41CE 		.ascii	"\225\357A\316\253\312\246\332m>\343\037\243\332|\273"
 364      ABCAA6DA 
 364      6D3EE31F 
 364      A3DA7CBB 
 365 09db CF3E5A58 		.ascii	"\317>ZX\344F\364&rP\356\306\242~\322\327\276\204\321"
 365      E446F426 
ARM GAS  /var/folders/45/ct_yb_0s4l984dg097s5d1mh0000gp/T//ccY7DqKN.s 			page 29


 365      7250EEC6 
 365      A27ED2D7 
 365      BE84D1
 366 09ee 3F068FDE 		.ascii	"?\006\217\336wN\357\030\212'v\241x\314*\312\316\330"
 366      774EEF18 
 366      8A2776A1 
 366      78CC2ACA 
 366      CED8
 367 0a00 6AB87A8C 		.ascii	"j\270z\214\3362\203\261O\270\261/!\325\247@\341g\000"
 367      DE3283B1 
 367      4FB8B12F 
 367      21D5A740 
 367      E16700
 368 0a13 13764ACF 		.ascii	"\023vJ\317\325\252\346\217Z\255\233\325h\222\347\303"
 368      D5AAE68F 
 368      5AAD9BD5 
 368      6892E7C3 
 369 0a23 13574D53 		.ascii	"\023WMS\246\306S;5&_\245\306<\210~\275\032\203\007\261"
 369      A6C6533B 
 369      35265FA5 
 369      C63C887E 
 369      BD1A8307 
 370 0a38 75FF529A 		.ascii	"u\377R\232[\327\235\353 \266$\250\370\356]\232\030\232"
 370      5BD79DEB 
 370      20B624A8 
 370      F8EE5D9A 
 370      189A
 371 0a4a 04D340B6 		.ascii	"\004\323@\266\201\233i\333\026\005:O\002\333\365\027"
 371      819B69DB 
 371      16053A4F 
 371      02DBF517 
 372 0a5a A0C40C57 		.ascii	"\240\304\014Wh\016\316gA\231\347\216U\222|VV%\217A\243"
 372      680ECE67 
 372      4199E78E 
 372      55927C56 
 372      56258F41 
 373 0a6f 19170B8F 		.ascii	"\031\027\013\217s\031\343|\206k\031\203\001,\217\305"
 373      7319E37C 
 373      866B1983 
 373      012C8FC5 
 374 0a7f 2A5CCC5F 		.ascii	"*\\\314_\326\342\372\012Y\213\233\261oq\354\342B\203"
 374      D6E2FA0A 
 374      598B9BB1 
 374      6F71ECE2 
 374      4283
 375 0a91 2A79DF36 		.ascii	"*y\3376\262\331#\356x\"\335[\023j\033Q\255j\246\222"
 375      B2D923EE 
 375      7822DD5B 
 375      136A1B51 
 375      AD6AA692 
 376 0aa5 6C6E9F38 		.ascii	"ln\2378c1\264SC\356\024IT\357K\333\221't>Sw\262BU\332"
 376      6331B453 
 376      43EE1449 
 376      54EF4BDB 
 376      9127743E 
 377 0abf BAC19A1A 		.ascii	"\272\301\232\032D\037m<pL\326a\373\344\006\226\023\237"
 377      441F6D3C 
ARM GAS  /var/folders/45/ct_yb_0s4l984dg097s5d1mh0000gp/T//ccY7DqKN.s 			page 30


 377      704CD661 
 377      FBE40696 
 377      139F
 378 0ad1 48211AE3 		.ascii	"H!\032\343\3446\367\214.\"o\372\204\271#\026\373\242"
 378      E436F78C 
 378      2E226FFA 
 378      84B92316 
 378      FBA2
 379 0ae3 0947EEA3 		.ascii	"\011G\356\243\016u\275\250\351\305C-;kz\334\272=\314"
 379      0E75BDA8 
 379      E9C5432D 
 379      3B6B7ADC 
 379      BA3DCC
 380 0af6 7BC32EBC 		.ascii	"{\303.\2747\237\032\003\216!\222\237J\316\033\026\215"
 380      379F1A03 
 380      8E21929F 
 380      4ACE1B16 
 380      8D
 381 0b07 B7D27C48 		.ascii	"\267\322|H,\342\371\260\001/AS\216\012>\223\331\263"
 381      2CE2F9B0 
 381      012F4153 
 381      8E0A3E93 
 381      D9B3
 382 0b19 CD99860A 		.ascii	"\315\231\206\012:\217\250\267\013\324\333\011md\007"
 382      3A8FA8B7 
 382      0BD4DB09 
 382      6D6407
 383 0b28 403A402A 		.ascii	"@:@*@\012\300f\200M\000\033\261<K\332>fn!N\237\006\251"
 383      400AC066 
 383      804D001B 
 383      B13C4BDA 
 383      3E666E21 
 384 0b40 848BCBBD 		.ascii	"\204\213\313\275RG\203\254\237<\177\035u\323o\030\353"
 384      524783AC 
 384      9F3C7F1D 
 384      75D36F18 
 384      EB
 385 0b51 2D588766 		.ascii	"-X\207f\\\023\313\212>\021\313\213\036\346-*\372\315"
 385      5C13CB8A 
 385      3E11CB8B 
 385      1EE62D2A 
 385      FACD
 386 0b63 D0683791 		.ascii	"\320h7\221F\273\021\262\210\220\023\213\267\202\305"
 386      46BB11B2 
 386      8890138B 
 386      B782C5
 387 0b72 C9605992 		.ascii	"\311`Y\222d\031\370\364\376y\325\370\304\260\325\272"
 387      6419F8F4 
 387      FE79D5F8 
 387      C4B0D5BA 
 388 0b82 4D471FA4 		.ascii	"MG\037\244\314\"l\307\177q\321\217|\2074\010\261\342"
 388      CC226CC7 
 388      7F71D18F 
 388      7C873408 
 388      B1E2
 389 0b94 09AD938A 		.ascii	"\011\255\223\212\347\001\337\240\"\351\0144\016\273"
 389      E701DFA0 
ARM GAS  /var/folders/45/ct_yb_0s4l984dg097s5d1mh0000gp/T//ccY7DqKN.s 			page 31


 389      22E90C34 
 389      0EBB
 390 0ba2 1F16CB8B 		.ascii	"\037\026\313\213\007y,\311\223\221-\302k\374\324]\307"
 390      07792CC9 
 390      93912DC2 
 390      6BFCD45D 
 390      C7
 391 0bb3 BD9A068E 		.ascii	"\275\232\006\216\332\352\232Z\346\250m@)9*\2159\312"
 391      DAEA9A5A 
 391      E6A86D40 
 391      29392A8D 
 391      39CA
 392 0bc5 C57A8AB6 		.ascii	"\305z\212\266\203{\244%\325\226\2243\327I\265\022N)"
 392      837BA425 
 392      D5969433 
 392      D749B512 
 392      4E29
 393 0bd7 52458ED0 		.ascii	"RE\216\320FkkR\265\347\270!\260\030\246\276\322\016"
 393      466B6B52 
 393      B5E7B821 
 393      B018A6BE 
 393      D20E
 394 0be9 E2941ABE 		.ascii	"\342\224\032\276:\021\253\323^G=\362+\226\035\204x\233"
 394      3A11ABD3 
 394      5E473DF2 
 394      2B961D84 
 394      789B
 395 0bfb 6B62A6EE 		.ascii	"kb\246\356\324q5\3617\320,\336mv\227\373\304\305Y3V"
 395      D47135F1 
 395      37D02CDE 
 395      6D7697FB 
 395      C4C55933 
 396 0c10 D02719DB 		.ascii	"\320'\031\333\371\372\313o\342X\331t\310\226\304\221"
 396      F9FACB6F 
 396      E258D974 
 396      C896C491 
 397 0c20 6519D6C6 		.ascii	"e\031\326\306\030L\037F\354qF\374\236l\367\316i\311"
 397      184C1F46 
 397      EC7146FC 
 397      9E6CF7CE 
 397      69C9
 398 0c32 43877DCE 		.ascii	"C\207}\316heA\034*\345A\204\033[T\350\270oX|\217r\343"
 398      6865411C 
 398      2AE54184 
 398      1B5B54E8 
 398      B86F587C 
 399 0c49 A7CC7CB8 		.ascii	"\247\314|\270eDU\316\311e\334\007\177\"\365\362\223"
 399      654455CE 
 399      C965DC07 
 399      7F22F5F2 
 399      93
 400 0c5a 8ED48BEF 		.ascii	"\216\324\213\357#n\310\310\353\235\223\313\"\321Q\314"
 400      236EC8C8 
 400      EB9D93CB 
 400      22D151CC 
 401 0c6a E346B7AD 		.ascii	"\343F\267\255\216\344\213oj\2328w\262\011\031pN.\343"
 401      8EE48B6F 
ARM GAS  /var/folders/45/ct_yb_0s4l984dg097s5d1mh0000gp/T//ccY7DqKN.s 			page 32


 401      6A9A3877 
 401      B2091970 
 401      4E2EE3
 402 0c7d 3EFB63FB 		.ascii	">\373c\373\225t\324\371J\312\343\314w\332\243.\032\351"
 402      9574D4F9 
 402      4ACAE3CC 
 402      77DAA32E 
 402      1AE9
 403 0c8f A3A72467 		.ascii	"\243\247$gIv\337\223rv\2246R\330\376v\026\347g\353\360"
 403      4976DF93 
 403      72769436 
 403      52D8FE76 
 403      16E767EB 
 404 0ca4 19FAC4E6 		.ascii	"\031\372\304\346\237\016=\331\026\247A\001K\370\346"
 404      9F0E3DD9 
 404      16A74101 
 404      4BF8E6
 405 0cb3 D7D79F9D 		.ascii	"\327\327\237\235\301\246\027\266\277\214\341\265\033"
 405      C1A617B6 
 405      BF8CE1B5 
 405      1B
 406 0cc0 AAA23B5B 		.ascii	"\252\242;[\311\272V\011\311\327\"\265\346\003x\211\330"
 406      C9BA5609 
 406      C9D722B5 
 406      E6037889 
 406      D8
 407 0cd1 67172DBC 		.ascii	"g\027-\274g\200\354\000o\265\325PY\207\240\361\034\264"
 407      6780EC00 
 407      6FB5D550 
 407      5987A0F1 
 407      1CB4
 408 0ce3 6B3C53D9 		.ascii	"k<S\331\356\314\344Bh!g9\3717\335<(\350,\302\274\026"
 408      EECCE442 
 408      68216739 
 408      F937DD3C 
 408      28E82CC2 
 409 0cf9 981703F3 		.ascii	"\230\027\003\363\"\273~=\226\315\203E\336\2145#&\304"
 409      22BB7E3D 
 409      96CD8345 
 409      DE8C3523 
 409      26C4
 410 0d0b F5FDEA50 		.ascii	"\365\375\352P6O\313\022\250\363sN\311\035{K\251]\023"
 410      364FCB12 
 410      A8F3734E 
 410      C91D7B4B 
 410      A95D13
 411 0d1e 2E71D284 		.ascii	".q\322\204\273\341\352U2\277\006T,\347\352\236\200\363"
 411      BBE1EA55 
 411      32BF0654 
 411      2CE7EA9E 
 411      80F3
 412 0d30 E3A06E05 		.ascii	"\343\240n\005@\231\235?:r}\266[\211\016d\365\277\006"
 412      40999D3F 
 412      3A727DB6 
 412      5B890E64 
 412      F5BF06
 413 0d43 3A9029B6 		.ascii	":\220)\266\335\233<\277\234K\271\302\247\274Z\312\254"
ARM GAS  /var/folders/45/ct_yb_0s4l984dg097s5d1mh0000gp/T//ccY7DqKN.s 			page 33


 413      DD9B3CBF 
 413      9C4BB9C2 
 413      A7BC5ACA 
 413      AC
 414 0d54 1F733A09 		.ascii	"\037s:\011\345\011>\303\336\351\262\325sQT\013\200\357"
 414      E5093EC3 
 414      DEE9B2D5 
 414      7351540B 
 414      80EF
 415 0d66 ABA3DA2D 		.ascii	"\253\243\332-F\36500\256\371\233\243z\230\033p\014\230"
 415      46F53030 
 415      AEF99BA3 
 415      7A981B70 
 415      0C98
 416 0d78 1F05E647 		.ascii	"\037\005\346G\354\242\332!\217j-bB\\G\265Y\214j\025"
 416      ECA2DA21 
 416      8F6A2D62 
 416      425C47B5 
 416      598C6A15 
 417 0d8c 667BBBC5 		.ascii	"f{\273\305\344\216Q\255\224\265W\005\231'\325\325|\026"
 417      E48E51AD 
 417      94B55705 
 417      9927D5D5 
 417      7C16
 418 0d9e 6DAE87B1 		.ascii	"m\256\207\261\223\232\233\312\362\"\327\0168k\274c9"
 418      939A9BCA 
 418      F222D70E 
 418      386BBC63 
 418      39
 419 0daf 5C69F262 		.ascii	"\\i\362b\263\225\273\334e\013\037\312a\245]\356L\314"
 419      B395BBDC 
 419      650B1FCA 
 419      61A55DEE 
 419      4CCC
 420 0dc1 50E652B2 		.ascii	"P\346R\262\237\241\271\267\037\333\352\220\320\332v"
 420      9FA1B9B7 
 420      1FDBEA90 
 420      D0DA76
 421 0dd0 A8D954CB 		.ascii	"\250\331T\313B\373\351$?\241\362\313K\347*\335\351\013"
 421      42FBE924 
 421      3FA1F2CB 
 421      4BE72ADD 
 421      E90B
 422 0de2 6358A8D8 		.ascii	"cX\250\330{\345\274\254\304JO\371\013\341?\177G\366"
 422      7BE5BCAC 
 422      C44A4FF9 
 422      0BE13F7F 
 422      47F6
 423 0df4 42F82426 		.ascii	"B\370$&/\204\3530\177!\234\027\223x\331\356\271\002"
 423      2F84EB30 
 423      7F219C17 
 423      9378D9EE 
 423      B902
 424 0e06 5C97B9AB 		.ascii	"\\\227\271\253\036\313^\010W4\355\177\244\305/i\227"
 424      1ECB5E08 
 424      5734ED7F 
 424      A4C52F69 
ARM GAS  /var/folders/45/ct_yb_0s4l984dg097s5d1mh0000gp/T//ccY7DqKN.s 			page 34


 424      97
 425 0e17 11DA2A1F 		.ascii	"\021\332*\037\226z\240\000\035\177J;\254z\324I_\255"
 425      967AA000 
 425      1D7F4A3B 
 425      AC7AD449 
 425      5FAD
 426 0e29 9309921D 		.ascii	"\223\011\222\035\365\324\335.\330\243FH\011I\002\231"
 426      F5D4DD2E 
 426      D8A34648 
 426      09490299 
 427 0e39 0B52CE4D 		.ascii	"\013R\316M\225\355\361\306E\036\364\276\376~vr\236;"
 427      95EDF1C6 
 427      451EF4BE 
 427      FE7E7672 
 427      9E3B
 428 0e4b AE6048C9 		.ascii	"\256`H\311\\\326\035\035>\312\220\312\272\370Q\376-"
 428      5CD61D1D 
 428      3ECA90CA 
 428      BAF851FE 
 428      2D
 429 0e5c 432379D7 		.ascii	"C#y\327\361\320\232x\022\341\032zQ\273\251\273k\034"
 429      F1D09A78 
 429      12E11A7A 
 429      51BBA9BB 
 429      6B1C
 430 0e6e 2372D3EF 		.ascii	"#r\323\357o{\234\326\221\345\307\236\315\200\243\232"
 430      6F7B9CD6 
 430      91E5C79E 
 430      CD80A39A 
 431 0e7e 41C356FC 		.ascii	"A\303V\374\312\225\244m)\353\365dU;\343H\356\352&\345"
 431      CA95A46D 
 431      29EBF564 
 431      553BE348 
 431      EEEA26E5 
 432 0e92 2CF6E34B 		.ascii	",\366\343KX+\317\372\363`b\033d}\013@\007@;\300\005"
 432      582BCFFA 
 432      F360621B 
 432      647D0B40 
 432      07403BC0 
 433 0ea7 80737655 		.ascii	"\200svU0\302n\321\304%q\261,\371V4\363\315|\333\255"
 433      30C26ED1 
 433      C42571B1 
 433      2CF95634 
 433      F3CD7CDB 
 434 0ebc F08023B5 		.ascii	"\360\200#\265\274\251\360g8\2730I\237\326E;6\222\310"
 434      BCA9F067 
 434      38BB3049 
 434      9FD6453B 
 434      3692C8
 435 0ecf 222F12B6 		.ascii	"\"/\022\266&\347N\221\211\036\313\340.$N9\355Hn\377"
 435      26E74E91 
 435      891ECBE0 
 435      2E244E39 
 435      ED486EFF 
 436 0ee3 C0AAA97F 		.ascii	"\300\252\251\177\250\006\343z\017\366H\177\354X\",I"
 436      A806E37A 
 436      0FF6487F 
ARM GAS  /var/folders/45/ct_yb_0s4l984dg097s5d1mh0000gp/T//ccY7DqKN.s 			page 35


 436      EC58222C 
 436      49
 437 0ef4 BE4CA36E 		.ascii	"\276L\243nVv]0\371\242\224*\2554\345\235\272\023u\202"
 437      56765D30 
 437      F9A2942A 
 437      AD34E59D 
 437      BA137582 
 438 0f08 17BFA947 		.ascii	"\027\277\251G\311\313\326+9\025\236\362\244\356\262"
 438      C9CBD62B 
 438      39159EF2 
 438      A4EEB2
 439 0f17 EBEC9758 		.ascii	"\353\354\227X\017 G\362\325\307\334\313\001\015\276"
 439      0F2047F2 
 439      D5C7DCCB 
 439      010DBE
 440 0f26 C4B2EA61 		.ascii	"\304\262\352aVn\206\022_gH\306\266R\350\247w)\242\354"
 440      566E8612 
 440      5F6748C6 
 440      B652E8A7 
 440      7729A2EC 
 441 0f3a 9DBAF24C 		.ascii	"\235\272\362L\205|u\376.\036\016]\005K\272\271\212="
 441      857C75FE 
 441      2E1E0E5D 
 441      054BBAB9 
 441      8A3D
 442 0f4c A0E275AE 		.ascii	"\240\342u\256\216L\213n;-\2561-\230g\317\315\253^>e"
 442      8E4C8B6E 
 442      3B2DAE31 
 442      2D9867CF 
 442      CDAB5E3E 
 443 0f61 5BF66BBC 		.ascii	"[\366k\274\263u\277\262\247l\244A\355\266\017\252]?"
 443      B375BFB2 
 443      A76CA441 
 443      EDB60FAA 
 443      5D3F
 444 0f73 F84CFCCE 		.ascii	"\370L\374\316\344\332\213\351:\351\233\222\033\230\016"
 444      E4DA8BE9 
 444      3AE99B92 
 444      1B980E
 445 0f82 5ECC2CAA 		.ascii	"^\314,\252\362v\371\325\310-\332$n\212M\342\346.\353"
 445      F276F9D5 
 445      C82DDA24 
 445      6E8A4DE2 
 445      E62EEB
 446 0f95 6941EECF 		.ascii	"iA\356\317[vM\242W\336$"
 446      5B764DA2 
 446      57DE24
 447 0fa0 8EF46D3D 		.ascii	"\216\364m=\355\211\367\350h\334\367\024o\311\322\330"
 447      ED89F7E8 
 447      68DCF714 
 447      6FC9D2D8 
 448 0fb0 3FBE974F 		.ascii	"?\276\227OE\003\340(i\266\370\325\310\3172\351W#\375"
 448      4503E028 
 448      69B6F8D5 
 448      C8CF32E9 
 448      5723FD
 449 0fc3 70A14FCA 		.ascii	"p\241O\312\217^\314\036\341\253\023c\373\012\274\020"
ARM GAS  /var/folders/45/ct_yb_0s4l984dg097s5d1mh0000gp/T//ccY7DqKN.s 			page 36


 449      8F5ECC1E 
 449      E1AB1363 
 449      FB0ABC10 
 450 0fd3 7D64E76B 		.ascii	"}d\347k\363^\262\370\350Mt\337\320\253j\2509\2237pp"
 450      F35EB2F8 
 450      E84D74DF 
 450      D0AB6AA8 
 450      39933770 
 451 0fe8 D265EC40 		.ascii	"\322e\354@\\\345\230\366m\337e\255\200(\324\352\310"
 451      5CE598F6 
 451      6DDF65AD 
 451      8028D4EA 
 451      C8
 452 0ff9 7A71C10D 		.ascii	"zq\301\015e\370\320"
 452      65F8D0
 453 1000 7E3FE4AC 		.ascii	"~?\344\254\342\2462d\353\335\025G\321\256\372\212\270"
 453      E2A63264 
 453      EBDD1547 
 453      D1AEFA8A 
 453      B8
 454 1011 67505072 		.ascii	"gPPr\222bw\301s\267!\353\357\001\014\002\334\221\262"
 454      926277C1 
 454      73B721EB 
 454      EF010C02 
 454      DC91B2
 455 1024 FFD2CEB3 		.ascii	"\377\322\316\263%\032\\\312\"PUV}\320\023\371\0068\177"
 455      251A5CCA 
 455      22505556 
 455      7DD013F9 
 455      06387F
 456 1037 80F400B8 		.ascii	"\200\364\000\270\274\216#_\2042i\315\016\003\361})&"
 456      BC8E235F 
 456      843269CD 
 456      0E03F17D 
 456      2926
 457 1049 43986F40 		.ascii	"C\230o@\033\253\016O\333\275\363\032\266\313\365\021"
 457      1BAB0E4F 
 457      DBBDF31A 
 457      B6CBF511 
 458 1059 5E7123B4 		.ascii	"^q#\264\342jN\235l\360\350G\275\344C8\364\006[\315\020"
 458      E26A4E9D 
 458      6CF0E847 
 458      BDE44338 
 458      F4065BCD 
 459 106e FB0F4702 		.ascii	"\373\017G\002\024_\020\177\210\215\303\250\300\016\234"
 459      145F107F 
 459      888DC3A8 
 459      C00E9C
 460 107d 9420E214 		.ascii	"\224 \342\024d\033\0218\017A\344K\3778\003$\347\312"
 460      641B1138 
 460      0F41E44B 
 460      FF380324 
 460      E7CA
 461 108f AE3371E2 		.ascii	"\2563q\342O\301\350\231>\322<6$H\302dS\026\351\252\260"
 461      4FC1E899 
 461      3ED23C36 
 461      2448C264 
ARM GAS  /var/folders/45/ct_yb_0s4l984dg097s5d1mh0000gp/T//ccY7DqKN.s 			page 37


 461      5316E9AA 
 462 10a4 5DB62925 		.ascii	"]\266)%\031\211x\224F\266\0348\341=\200\372\340\352"
 462      19897894 
 462      46B61C38 
 462      E13D80FA 
 462      E0EA
 463 10b6 FF2814A9 		.ascii	"\377(\024\251\332\010\366\362k\272pN\203kh\354\234\255"
 463      DA08F6F2 
 463      6BBA704E 
 463      836B68EC 
 463      9CAD
 464 10c8 ED1B92E7 		.ascii	"\355\033\222\347\266z\261Z\206d\034c\265|/\345A\243"
 464      B67AB15A 
 464      86641C63 
 464      B57C2FE5 
 464      41A3
 465 10da 960E9225 		.ascii	"\226\016\222%a\234\015f\015_h\366\240\203dUy\314\006"
 465      619C0D66 
 465      0D5F68F6 
 465      A0836455 
 465      79CC06
 466 10ed 63EF2CBC 		.ascii	"c\357,\274\364\264\265\202'l\260q\347\325B\326\037\310"
 466      F4B4B582 
 466      276CB071 
 466      E7D542D6 
 466      1FC8
 467 10ff 5679820D 		.ascii	"Vy\202\015\216v]\333\251\226\367\007rG%5\210\247\264"
 467      8E765DDB 
 467      A996F707 
 467      72472535 
 467      88A7B4
 468 1112 414C8A0D 		.ascii	"AL\212\015\342|O\316)\357\267\363\254y\003p\363\234"
 468      E27C4FCE 
 468      29EFB7F3 
 468      AC790370 
 468      F39C
 469 1124 A929BEB3 		.ascii	"\251)\276\263\001\212\021}H\310\320\250\224.p\012\377"
 469      018A117D 
 469      48C8D0A8 
 469      942E700A 
 469      FF
 470 1135 1FE10184 		.ascii	"\037\341\001\204\036\342~\260\374\031~\033f\237\035"
 470      1EE27EB0 
 470      FC197E1B 
 470      669F1D
 471 1144 2AA856E3 		.ascii	"*\250V\343\261oh\364\2643\243\237;3z\206\015\036\257"
 471      B16F68F4 
 471      B433A39F 
 471      3B337A86 
 471      0D1EAF
 472 1157 EBE964F6 		.ascii	"\353\351d\366A\372\241Y>\275\274|\273\247k\373^P\373"
 472      41FAA159 
 472      3EBDBC7C 
 472      BBA76BFB 
 472      5E50FB
 473 116a E644FBB6 		.ascii	"\346D\373\266\356=\177P\303\355k#7\201\261V\362J\032"
 473      EE3D7F50 
ARM GAS  /var/folders/45/ct_yb_0s4l984dg097s5d1mh0000gp/T//ccY7DqKN.s 			page 38


 473      C3ED6B23 
 473      3781B156 
 473      F24A1A
 474 117d A8D09464 		.ascii	"\250\320\224d\336\224\243y/\251y\211\025\245C\356x\223"
 474      DE94A379 
 474      2FA97989 
 474      15A543EE 
 474      7893
 475 118f 2735EFE9 		.ascii	"'5\357\351\343k\363\336T\031r\373\317\354\333\233y\256"
 475      E36BF3DE 
 475      541972FB 
 475      CFECDB9B 
 475      79AE
 476 11a1 D08D2908 		.ascii	"\320\215)\010J,0\005\363\233/L\251\\\356\342b\224D?"
 476      4A2C3005 
 476      F39B2F4C 
 476      A95CEEE2 
 476      6294443F 
 477 11b5 AB92EB37 		.ascii	"\253\222\3537\375<\361:\002\375\006\330S\230\262\024"
 477      FD3CF13A 
 477      02FD06D8 
 477      5398B214 
 478 11c5 F0FF5E44 		.ascii	"\360\377^D\311\320\274\244\340<fo\216Q\254\222(\266"
 478      C9D0BCA4 
 478      E03C666F 
 478      8E51AC92 
 478      28B6
 479 11d7 ADB8BB43 		.ascii	"\255\270\273C\211w0\305\246\207\017=E\276\274Mlr\271"
 479      897730C5 
 479      A6870F3D 
 479      45BEBC4D 
 479      6C72B9
 480 11ea FC2A5EB7 		.ascii	"\374*^\267\366\226\037\272Y\253\226w\202x\245\274\023"
 480      F6961FBA 
 480      59AB9677 
 480      8278A5BC 
 480      13
 481 11fb 2428C517 		.ascii	"$(\305\027U\371\245\275\005Jj5\214qO\\\334\334\237\351"
 481      55F9A5BD 
 481      054A6A35 
 481      8C714F5C 
 481      DCDC9FE9 
 482 120f EE3A2A1B 		.ascii	"\356:*\033\251\325\033D\253\233\223f/j\270\325\260\001"
 482      A9D51B44 
 482      AB9B9366 
 482      2F6AB8D5 
 482      B001
 483 1221 6D3FB891 		.ascii	"m?\270\221Y\015d(Ni\263\032N\231\325\233\250\325\013"
 483      590D6428 
 483      4E69B31A 
 483      4E99D59B 
 483      A8D50B
 484 1234 FBFA4E7A 		.ascii	"\373\372Nz\342\022O\207ls\261\\nQ\262\304j=\331\353"
 484      E2124F87 
 484      6C73B15C 
 484      6E51B2C4 
 484      6A3DD9EB 
ARM GAS  /var/folders/45/ct_yb_0s4l984dg097s5d1mh0000gp/T//ccY7DqKN.s 			page 39


 485 1248 66AB9144 		.ascii	"f\253\221D6\330\271o\303=w\227kh2U6IT\266\245\260\276"
 485      36D8B96F 
 485      C33D7797 
 485      6B683255 
 485      364954B6 
 486 125f 47CB9585 		.ascii	"G\313\225\205\333\357\304\002\036\" C\233%e7\213\312"
 486      DBEFC402 
 486      1E222043 
 486      9B256537 
 486      8BCA
 487 1271 6EA5CA9E 		.ascii	"n\245\312\236z\2669\331\035\3273e\363z\273rU\266Df\332"
 487      7AB639D9 
 487      1DD73365 
 487      F37ABB72 
 487      55B64466 
 488 1286 DE1D8A4D 		.ascii	"\336\035\212Mp\375\365g\032\325!U\324\2412\275\277F"
 488      70FDF567 
 488      1AD52155 
 488      D4A132BD 
 488      BF46
 489 1298 D4E1F4BC 		.ascii	"\324\341\364\274\252\376\354\206\306\337S\"\224\"i\220"
 489      AAFEEC86 
 489      C6DF5322 
 489      94226990 
 490 12a8 226AB08D 		.ascii	"\"j\260\215%IaG\015\226\307\223(,\305s;\213'9\002q\332"
 490      25496147 
 490      0D96C793 
 490      282CC573 
 490      3B8B2739 
 491 12bf E389ED6A 		.ascii	"\343\211\355jw\351\003(\362ZO\242MW\222\217\012\002"
 491      77E90328 
 491      F25A4FA2 
 491      4D57928F 
 491      0A02
 492 12d1 E97324FA 		.ascii	"\351s$\372\351\325\330\234\322'\225/L\037\"\372q\203"
 492      E9D5D89C 
 492      D227952F 
 492      4C1F22FA 
 492      7183
 493 12e3 A4FB0EA5 		.ascii	"\244\373\016\245\2178\207\"\304\330\271\262\032\376"
 493      8F388722 
 493      C4D8B9B2 
 493      1AFE
 494 12f1 E99D1AD0 		.ascii	"\351\235\032\320\206\363\361u\036.\245\355\022\245\355"
 494      86F3F175 
 494      1E2EA5ED 
 494      12A5ED
 495 1300 5452714F 		.ascii	"TRqO\267$L\363o\241\3117v\342g\242K\330g\242%\203\351"
 495      B7244CF3 
 495      6FA1C937 
 495      76E267A2 
 495      4BD867A2 
 496 1317 EDC85199 		.ascii	"\355\310Q\231L\245\037\312P\022fYT\231]L\231,\252L\306"
 496      4CA51FCA 
 496      50126659 
 496      54995D4C 
 496      992CAA4C 
ARM GAS  /var/folders/45/ct_yb_0s4l984dg097s5d1mh0000gp/T//ccY7DqKN.s 			page 40


 497 132c F1DA066F 		.ascii	"\361\332\006o\271c6\3329&\233;&\233:\306\332\226\231"
 497      B96336DA 
 497      39269B3B 
 497      269B3AC6 
 497      DA9699
 498 133f 65E7C518 		.ascii	"e\347\305\030;\342\034N\234C\211;\307j\223<p\033\013"
 498      3BE21C4E 
 498      9C43893B 
 498      C76A933C 
 498      701B0B
 499 1352 7A69D242 		.ascii	"zi\322B\272\353>\260\233\0068\202\3077!\265\250\213"
 499      BAEB3EB0 
 499      9B063882 
 499      C73721B5 
 499      A88B
 500 1364 B48146D2 		.ascii	"\264\201F\322\206k4\275\211\344]o\214\365\303\217\011"
 500      866B34BD 
 500      89E45D6F 
 500      8CF5C38F 
 500      09
 501 1375 1DCA9562 		.ascii	"\035\312\225b\234\253t\350T{h\254\007\366\334\337\356"
 501      9CAB74E8 
 501      547B68AC 
 501      07F6DCDF 
 501      EE
 502 1386 89A798E0 		.ascii	"\211\247\230\340C\343G\356{qfw\262T7\216\300\366\024"
 502      43E347EE 
 502      7B716677 
 502      B254378E 
 502      C0F614
 503 1399 0C88474A 		.ascii	"\014\210GJ\312-O\342\226\347\310m/\345vm\250)\030\307"
 503      CA2D4FE2 
 503      96E7C86D 
 503      2FE5766D 
 503      A82918C7 
 504 13ad B20FC18B 		.ascii	"\262\017\301\213\313vWz\341T\206$6\235\316QC\036\243"
 504      CB76577A 
 504      E1548624 
 504      369DCE51 
 504      431EA3
 505 13c0 7D34D5C8 		.ascii	"}4\325\310=_a\325)D3{\320\366y\364\256\313\3715\256"
 505      3D5F61D5 
 505      2944337B 
 505      D0F679F4 
 505      AECBF935 
 506 13d5 6F630F50 		.ascii	"oc\017P\303\013\304\314>[\373\342\252F\264\274]ss|+"
 506      C30BC4CC 
 506      3E5BFBE2 
 506      AA46B4BC 
 506      5D73737C 
 507 13ea B3BC4520 		.ascii	"\263\274E \224(_T\026\355W*\011f\257\357A\252oRBq\214"
 507      94285F54 
 507      16ED572A 
 507      0966AFEF 
 507      41AA6F52 
 508 1401 06F7301D 		.ascii	"\006\3670\0357T\3676`\311\225\255\366\256,\224\214/"
 508      3754F736 
ARM GAS  /var/folders/45/ct_yb_0s4l984dg097s5d1mh0000gp/T//ccY7DqKN.s 			page 41


 508      60C995AD 
 508      F6AE2C94 
 508      8C2F
 509 1413 74645644 		.ascii	"tdVD\231\035\200\226\354\205\3570f\367\256N?\320H\256"
 509      991D8096 
 509      EC85EF30 
 509      66F7AE4E 
 509      3FD048AE 
 510 1427 2C767065 		.ascii	",vpe\261\304\255\330\221[\011\345\266\245\352\351\025"
 510      B1C4ADD8 
 510      915B09E5 
 510      B6A5EAE9 
 510      15
 511 1438 BBAF6FD2 		.ascii	"\273\257o\322\354\322\247\224\247O)M\237\254\206\316"
 511      ECD2A794 
 511      A74F294D 
 511      9FAC86CE 
 512 1448 0A844799 		.ascii	"\012\204G\231\350\373\367\367\246\363\257\241\337\004"
 512      E8FBF7F7 
 512      A6F3AFA1 
 512      DF04
 513 1456 B477FBA9 		.ascii	"\264w\373\251\\5\313\372Nr\327\274\367\302\344Nw<\307"
 513      5C35CBFA 
 513      4E72D7BC 
 513      F7C2E44E 
 513      773CC7
 514 1469 689FEE3A 		.ascii	"h\237\356:\337\303\2773\377.q\301\246\321Qo\227\345"
 514      DFC3BF33 
 514      FF2E71C1 
 514      A6D1516F 
 514      97E5
 515 147b 75582CAF 		.ascii	"uX,\257C\254\274\232K\332ni\034\013\250\002\012\250"
 515      43ACBC9A 
 515      4BDA6E69 
 515      1C0BA802 
 515      0AA8
 516 148d 9C16D011 		.ascii	"\234\026\320\021Z@t\022\241\036O\313{\354%\247\256}"
 516      5A407412 
 516      A11E4FCB 
 516      7BEC25A7 
 516      AE7D
 517 149f 1575FD93 		.ascii	"\025u\375\223\236a\355\217\366Y;\033\351\366\242\374"
 517      9E61ED8F 
 517      F6593B1B 
 517      E9F6A2FC 
 518 14af 5EBC3566 		.ascii	"^\2745f\003\354\260\217*}P%8\017\326Y\331\3442\030\371"
 518      03ECB08F 
 518      2A7D5025 
 518      380FD659 
 518      D9E43218 
 519 14c4 13645795 		.ascii	"\023dW\225\362G\012u\2101(\330hR~a2\032UQAk\214\346"
 519      F2470A75 
 519      883128D8 
 519      68527E61 
 519      321A5551 
 520 14dc EF2F5F1E 		.ascii	"\357/_\036\310\376\"\315\201&K\240\331d\0104\204\004"
 520      C8FE22CD 
ARM GAS  /var/folders/45/ct_yb_0s4l984dg097s5d1mh0000gp/T//ccY7DqKN.s 			page 42


 520      81264BA0 
 520      D9640834 
 520      8404
 521 14ee AF8F080A 		.ascii	"\257\217\010\012\0175,7h\177\373\237\177|k\325\312\225"
 521      0F352C37 
 521      687FFB9F 
 521      7F7C6BD5 
 521      CA95
 522 1500 0AB539F4 		.ascii	"\012\2659\364\377\214z\213%\360\217f\243\311\034\030"
 522      FF8C7A8B 
 522      25F08F66 
 522      A3C91C18 
 523 1510 116A880C 		.ascii	"\021j\210\014\013\012\016]c\212\266X\340lMh\220)84\""
 523      0B0A0E5D 
 523      638AB658 
 523      E06C4D68 
 523      90293834 
 524 1525 323032CA 		.ascii	"202\312\022\270\306`X\026d\012_\026\021\031a\\f\014"
 524      12B8C660 
 524      5816640A 
 524      5F161119 
 524      615C660C 
 525 1539 FA3C74D9 		.ascii	"\372<t\331\373\313\336]\261\362\203e\177ywYtTp\220\305"
 525      FBCBDE5D 
 525      B1F28365 
 525      7F797759 
 525      74547090 
 526 154e 181816FA 		.ascii	"\030\030\026\3729!\013\264#\013|\177\371{\313W\006\206"
 526      39210BB4 
 526      230B7C7F 
 526      F97BCB57 
 526      0686
 527 1560 4618C2A2 		.ascii	"F\030\302\242\203\215\201fKp\260\361\213\345!\012e\204"
 527      838D8166 
 527      4B70B0F1 
 527      8BE5210A 
 527      6584
 528 1572 F16B8B07 		.ascii	"\361k\213\007\250\036\245\347\372G\233\215\301J\242"
 528      A81EA5E7 
 528      FA479B8D 
 528      C14AA2
 529 1581 91928C7A 		.ascii	"\221\222\214z\312.\351-\332(S\344W\241p\352\031n\014"
 529      CA2EE92D 
 529      DA2853E4 
 529      57A170EA 
 529      196E0C
 530 1594 5F63B47C 		.ascii	"_c\264|\021\035axWoY&7\324\020\031\036\036\031\001g"
 530      111D6178 
 530      576F5926 
 530      37D41019 
 530      1E1E1901 
 531 15a9 440F519E 		.ascii	"D\017Q\236!\004&\030\"MF\020\351\001\247\221\246\365"
 531      21042618 
 531      224D4610 
 531      E901A791 
 531      A6F5
 532 15bb 8469140E 		.ascii	"\204i\024\016\267|\255\212\\\027a4iM\306\240\260(Sh"
ARM GAS  /var/folders/45/ct_yb_0s4l984dg097s5d1mh0000gp/T//ccY7DqKN.s 			page 43


 532      B77CAD8A 
 532      5C176134 
 532      694DC6A0 
 532      B0285368 
 533 15cf A4BB5E1F 		.ascii	"\244\273^\037\035\032ay\017\370~\365w\362\210\275'D"
 533      1D1A6179 
 533      0FF87EF5 
 533      77F288BD 
 533      2744
 534 15e1 9DC2830C 		.ascii	"\235\302\203\014!\241\021\306@=x\"(:\314\242\267\254"
 534      21A111C6 
 534      403D7822 
 534      283ACCA2 
 534      B7AC
 535 15f3 8F329A41 		.ascii	"\2172\232AA\255(\177\355?T\276y\2759P\017\201\000a "
 535      41AD287F 
 535      ED3F54BE 
 535      79BD3950 
 535      0F810061 
 536 1608 546321C6 		.ascii	"Tc!\306\353-\0378\361eT\244\311b\016\374\350\017\237"
 536      EB2D1F38 
 536      F16554A4 
 536      C9620EFC 
 536      E80F9F
 537 161b AEFAF46B 		.ascii	"\256\372\364k2\026\025\032F\324\372\355\252U\340XQk"
 537      3216151A 
 537      46D4FAED 
 537      AA55E058 
 537      516B
 538 162d 0DB8322C 		.ascii	"\015\2702,\324l\321\032\243\214\021\300t\215\207\361"
 538      D46CD11A 
 538      A38C11C0 
 538      748D87F1 
 539 163d 2B638425 		.ascii	"+c\204%<\310\274\026\002\027n^\363\227hc\264\361\015"
 539      3CC8BC16 
 539      02176E5E 
 539      F3976863 
 539      B4F10D
 540 1650 4388DE12 		.ascii	"C\210\336\022\002\276\0166\353\351\2002\312d\374\312"
 540      02BE0E36 
 540      EBE98032 
 540      CA64FCCA 
 541 1660 DB6E486F 		.ascii	"\333nHo\321\254\013\012\265\000\013o\0315\341\355%G"
 541      D1AC0B0A 
 541      B5000B6F 
 541      1935E1ED 
 541      2547
 542 1672 F41614AD 		.ascii	"\364\026\024\2556\256#\002\324\353, =\012\016fcx\024"
 542      36AE2302 
 542      D4EB2C20 
 542      3D0A0E66 
 542      637814
 543 1685 364458DC 		.ascii	"6DX\334\364z\356D\015?\252`\024\376S\011:\340\013\224"
 543      F47AEE44 
 543      0D3FAA60 
 543      14FE5309 
 543      3AE00B94 
ARM GAS  /var/folders/45/ct_yb_0s4l984dg097s5d1mh0000gp/T//ccY7DqKN.s 			page 44


 544 1699 41512190 		.ascii	"AQ!\220\022\0323Q\323\274F\005\000\004\353,\026S\224"
 544      121A3351 
 544      D3BC4605 
 544      0004EB2C 
 544      165394
 545 16ac 0F13A437 		.ascii	"\017\023\2447\031\2770\232\214\021\006\320\011\230G"
 545      19BF309A 
 545      8C1106D0 
 545      099847
 546 16bb 7EFE6594 		.ascii	"~\376e\224\326\370u\250\305\020\031lT\233\202\327\303"
 546      D6F875A8 
 546      C510196C 
 546      549B82D7 
 546      C3
 547 16cc 0C259098 		.ascii	"\014%\220\230\335X\316|\000\322\304\243\205\214\003"
 547      DD58CE7C 
 547      00D2C4A3 
 547      858C03
 548 16db BB2F205C 		.ascii	"\273/ \\f\215%\034f\000f\266@<\264\026z ,\203>\0172"
 548      668D251C 
 548      660066B6 
 548      403CB416 
 548      7A202C83 
 549 16f2 1B79C6FD 		.ascii	"\033y\306\375\362\347\340'\361\304\335lY\033\024\026"
 549      F2E7E027 
 549      F1C4DD6C 
 549      591B1416 
 550 1702 BA26426F 		.ascii	"\272&Bo\371\361k#\022\3023[\011\225mT\032B\202L\252"
 550      F9F16B23 
 550      12C2335B 
 550      09956D54 
 550      1A42824C 
 551 1717 C830A812 		.ascii	"\3100\250\022U\204q\235\321\204\015\226\257\005s\224"
 551      5584719D 
 551      D1840D96 
 551      AF057394 
 552 1727 1046727C 		.ascii	"\020Fr|\015\344\202\336\202M+W\002\254\020L\277\022"
 552      0DE482DE 
 552      824D2B57 
 552      02AC104C 
 552      BF12
 553 1739 4C1F08A6 		.ascii	"L\037\010\246\367\005\323/\005\323/\004\323\317=\010"
 553      F705D32F 
 553      05D32F04 
 553      D3CF3D08 
 554 1749 67E23A98 		.ascii	"g\342:\230\344\254\254\234\010\326\177\365~8\010\327"
 554      E4ACAC9C 
 554      08D67FF5 
 554      7E3808D7 
 555 1759 D19986C8 		.ascii	"\321\231\206\310\010\013T\264\222$\223\233-z\252\360"
 555      080B54B4 
 555      9224939B 
 555      2D7AAAF0 
 556 1769 A8C8C830 		.ascii	"\250\310\3100-w\252E\013\027\302\243\201NC\377\353-"
 556      2D77AA45 
 556      0B17C2A3 
 556      814E43FF 
ARM GAS  /var/folders/45/ct_yb_0s4l984dg097s5d1mh0000gp/T//ccY7DqKN.s 			page 45


 556      EB2D
 557 177b 6F39742A 		.ascii	"o9t*\251l\315\320\260\200\371\017\\\022@\334\341\272"
 557      A96CCDD0 
 557      B080F90F 
 557      5C1240DC 
 557      E1BA
 558 178d BF6B06EB 		.ascii	"\277k\006\353\315b\206\272f\002\271\000\327=e\215Ao"
 558      CD6286BA 
 558      6602B900 
 558      D73D658D 
 558      416F
 559 179f F9C93768 		.ascii	"\371\3117h*\204\222\326\016iDz\313?\273\024\300\363"
 559      2A8492D6 
 559      0E69447A 
 559      CB3FBB14 
 559      C0F3
 560 17b1 16685584 		.ascii	"\026hU\2044J\271\016jD\265\216D\037\007\231\326\370"
 560      344AB90E 
 560      6A44B58E 
 560      441F0799 
 560      D6F8
 561 17c3 72CF041B 		.ascii	"r\317\004\033\315\006Sh\224%\022z\235"
 561      CD065368 
 561      9425127A 
 561      9D
 562 17d0 8A86DF03 		.ascii	"\212\206\337\003r\316h\260\350IC\364 N\344\275p\371"
 562      72CE68B0 
 562      E84943F4 
 562      204EE4BD 
 562      70F9
 563 17e2 376B7964 		.ascii	"7kyd\006\221\252\223\372\245\336\"\332I\331Y|\015!\377"
 563      0691AA93 
 563      FAA5DE22 
 563      DA49D959 
 563      7C0D21FF 
 564 17f6 1512BC0A 		.ascii	"\025\022\274\012\344[\214\377a\212\014\377\030lr\364"
 564      E45B8CFF 
 564      618A0CFF 
 564      186C72F4 
 565 1806 94C3CAA1 		.ascii	"\224\303\312\241\370\256\303\234O)\303\337\003?\250"
 565      F8AEC39C 
 565      4F29C3DF 
 565      033FA8
 566 1815 ACD58690 		.ascii	"\254\325\206\220\377\016Zk\214\216Z\375m\031\331\352"
 566      FF0E5A6B 
 566      8C8E5AFD 
 566      6D19D9EA 
 567 1825 6833E90B 		.ascii	"h3\351\013\306\340O|\014!D\306Gaa\221\206\217\210\215"
 567      C6E04F7C 
 567      0C2144C6 
 567      47616191 
 567      868F888D 
 568 1839 C6600F43 		.ascii	"\306`\017C\010\231L\207\340|\365z\363\037#\340t\355"
 568      08994C87 
 568      E07CF57A 
 568      F31F23E0 
 568      74ED
ARM GAS  /var/folders/45/ct_yb_0s4l984dg097s5d1mh0000gp/T//ccY7DqKN.s 			page 46


 569 184b 2B22B69E 		.ascii	"+\"\266\236\230\305\2625\232\322z\352\241\244-\372\177"
 569      98C5B235 
 569      9AD27AEA 
 569      A1A42DFA 
 569      7F
 570 185c FB68F5BF 		.ascii	"\373h\365\277\377\376\017\237x\006\205\255\013Zo\206"
 570      FFFE0F9F 
 570      780685AD 
 570      0B5A6F86 
 571 186c 4C0E831E 		.ascii	"L\016\203\036\373\257N\274\005YJ\3628p\325\247\253?"
 571      FBAF4EBC 
 571      05594AF2 
 571      3870D5A7 
 571      AB3F
 572 187e 591DB80A 		.ascii	"Y\035\270\012\0229\360\023\221}\2709\324\254\207\306"
 572      1239F013 
 572      917DB839 
 572      D4AC87C6 
 573 188e 0A22DCA8 		.ascii	"\012\"\334\250:\277\003\001nT\030\027E=\251_\376\376"
 573      3ABF0301 
 573      6E541817 
 573      453DA95F 
 573      FEFE
 574 18a0 7BEFAFD0 		.ascii	"{\357\257\320\212\330\377\003\210\374_L"
 574      8AD8FF03 
 574      88FC5F4C 
 575              		.text
 576              		.section	.gnu.lto_.symtab.6bf1eab9c8736ca0,"",%progbits
 577 0000 63685468 		.ascii	"chThdCreateFromHeap\000"
 577      64437265 
 577      61746546 
 577      726F6D48 
 577      65617000 
 578 0014 00       		.ascii	"\000"
 579 0015 00       		.ascii	"\000"
 580 0016 00       		.ascii	"\000"
 581 0017 00000000 		.ascii	"\000\000\000\000\000\000\000\000"
 581      00000000 
 582 001f F5010000 		.ascii	"\365\001\000\000"
 583 0023 63685468 		.ascii	"chThdCreateFromMemoryPool\000"
 583      64437265 
 583      61746546 
 583      726F6D4D 
 583      656D6F72 
 584 003d 00       		.ascii	"\000"
 585 003e 00       		.ascii	"\000"
 586 003f 00       		.ascii	"\000"
 587 0040 00000000 		.ascii	"\000\000\000\000\000\000\000\000"
 587      00000000 
 588 0048 FD010000 		.ascii	"\375\001\000\000"
 589 004c 63685363 		.ascii	"chSchWakeupS\000"
 589      6857616B 
 589      65757053 
 589      00
 590 0059 00       		.ascii	"\000"
 591 005a 02       		.ascii	"\002"
 592 005b 00       		.ascii	"\000"
ARM GAS  /var/folders/45/ct_yb_0s4l984dg097s5d1mh0000gp/T//ccY7DqKN.s 			page 47


 593 005c 00000000 		.ascii	"\000\000\000\000\000\000\000\000"
 593      00000000 
 594 0064 02020000 		.ascii	"\002\002\000\000"
 595 0068 63685468 		.ascii	"chThdCreateSuspendedI\000"
 595      64437265 
 595      61746553 
 595      75737065 
 595      6E646564 
 596 007e 00       		.ascii	"\000"
 597 007f 02       		.ascii	"\002"
 598 0080 00       		.ascii	"\000"
 599 0081 00000000 		.ascii	"\000\000\000\000\000\000\000\000"
 599      00000000 
 600 0089 08020000 		.ascii	"\010\002\000\000"
 601 008d 63684865 		.ascii	"chHeapAllocAligned\000"
 601      6170416C 
 601      6C6F6341 
 601      6C69676E 
 601      656400
 602 00a0 00       		.ascii	"\000"
 603 00a1 02       		.ascii	"\002"
 604 00a2 00       		.ascii	"\000"
 605 00a3 00000000 		.ascii	"\000\000\000\000\000\000\000\000"
 605      00000000 
 606 00ab 0E020000 		.ascii	"\016\002\000\000"
 607 00af 6368506F 		.ascii	"chPoolAlloc\000"
 607      6F6C416C 
 607      6C6F6300 
 608 00bb 00       		.ascii	"\000"
 609 00bc 02       		.ascii	"\002"
 610 00bd 00       		.ascii	"\000"
 611 00be 00000000 		.ascii	"\000\000\000\000\000\000\000\000"
 611      00000000 
 612 00c6 12020000 		.ascii	"\022\002\000\000"
 613              		.text
 614              		.section	.gnu.lto_.opts,"",%progbits
 615 0000 272D666D 		.ascii	"'-fmath-errno' '-fsigned-zeros' '-ftrapping-math' '"
 615      6174682D 
 615      6572726E 
 615      6F272027 
 615      2D667369 
 616 0033 2D666E6F 		.ascii	"-fno-trapv' '-fno-openmp' '-fno-openacc' '-mcpu=cor"
 616      2D747261 
 616      70762720 
 616      272D666E 
 616      6F2D6F70 
 617 0066 7465782D 		.ascii	"tex-m7' '-mno-thumb-interwork' '-mthumb' '-O2' '-fo"
 617      6D372720 
 617      272D6D6E 
 617      6F2D7468 
 617      756D622D 
 618 0099 6D69742D 		.ascii	"mit-frame-pointer' '-falign-functions=16' '-ffuncti"
 618      6672616D 
 618      652D706F 
 618      696E7465 
 618      72272027 
 619 00cc 6F6E2D73 		.ascii	"on-sections' '-fdata-sections' '-fno-common' '-flto"
ARM GAS  /var/folders/45/ct_yb_0s4l984dg097s5d1mh0000gp/T//ccY7DqKN.s 			page 48


 619      65637469 
 619      6F6E7327 
 619      20272D66 
 619      64617461 
 620 00ff 2700     		.ascii	"'\000"
 621              		.text
 622              		.comm	__gnu_lto_v1,1,1
 623              		.comm	__gnu_lto_slim,1,1
 624              		.ident	"GCC: (GNU Tools for Arm Embedded Processors 7-2018-q2-update) 7.3.1 20180622 (release) [AR
ARM GAS  /var/folders/45/ct_yb_0s4l984dg097s5d1mh0000gp/T//ccY7DqKN.s 			page 49


DEFINED SYMBOLS
                            *ABS*:0000000000000000 chdynamic.c
                            *COM*:0000000000000001 __gnu_lto_v1
                            *COM*:0000000000000001 __gnu_lto_slim

NO UNDEFINED SYMBOLS
