ARM GAS  /var/folders/45/ct_yb_0s4l984dg097s5d1mh0000gp/T//ccVyFSta.s 			page 1


   1              		.cpu cortex-m7
   2              		.eabi_attribute 20, 1
   3              		.eabi_attribute 21, 1
   4              		.eabi_attribute 23, 3
   5              		.eabi_attribute 24, 1
   6              		.eabi_attribute 25, 1
   7              		.eabi_attribute 26, 1
   8              		.eabi_attribute 30, 2
   9              		.eabi_attribute 34, 1
  10              		.eabi_attribute 18, 4
  11              		.file	"chmemcore.c"
  12              		.section	.gnu.lto_.profile.4545645ee0423db9,"",%progbits
  13 0000 789C6363 		.ascii	"x\234cc```\001bF\006}m\000\001\001\000f"
  13      60606001 
  13      6246067D 
  13      6D000101 
  13      0066
  14              		.text
  15              		.section	.gnu.lto_.icf.4545645ee0423db9,"",%progbits
  16 0000 789C6363 		.ascii	"x\234cc``\220g@\000V\206\227\217>\3631\366\377}\377"
  16      60609067 
  16      40005686 
  16      978F3EF3 
  16      31F6FF7D 
  17 0015 9C97E5E7 		.ascii	"\234\227\345\347\335\306\003\234\254\015\213\017n\345"
  17      DDC6039C 
  17      AC0D8B0F 
  17      6EE5
  18 0023 643B72F9 		.ascii	"d;r\371\343\021n\006\000\000\320\017\217"
  18      E3116E06 
  18      0000D00F 
  18      8F
  19              		.text
  20              		.section	.gnu.lto_.jmpfuncs.4545645ee0423db9,"",%progbits
  21 0000 789C6363 		.ascii	"x\234cc``\320a@\000\026\020ffddd\257\237\303\314\000"
  21      6060D061 
  21      40001610 
  21      66666464 
  21      64AF9FC3 
  22 0016 C48C209A 		.ascii	"\304\214 \232\025C\204\015\250\016\000\230\376\007\026"
  22      1543840D 
  22      A80E0098 
  22      FE0716
  23              		.text
  24              		.section	.gnu.lto_.inline.4545645ee0423db9,"",%progbits
  25 0000 789C6363 		.ascii	"x\234cc``\250`@\000\026\006\006V\026F\006&\226\005\362"
  25      6060A860 
  25      40001606 
  25      06561646 
  25      06269605 
  26 0015 0C6C0BE4 		.ascii	"\014l\013\344\231 b\302B\214L\214\012\214@6\210`\221"
  26      992062C2 
  26      428C4C8C 
  26      0A8C4036 
  26      886091
  27 0028 68D8C608 		.ascii	"h\330\306\010\221e\373\240\307\303\300t\201\237\005"
  27      9165FBA0 
ARM GAS  /var/folders/45/ct_yb_0s4l984dg097s5d1mh0000gp/T//ccVyFSta.s 			page 2


  27      C7C3C074 
  27      819F05
  28 0037 A48E9541 		.ascii	"\244\216\225AT\204\221\011\254\004\254\230Ef\301U4u"
  28      54849109 
  28      AC04AC98 
  28      4566C155 
  28      3475
  29 0049 1C20756C 		.ascii	"\034 ul\014l\254@+\200bp+\030\000\033\353\015\240"
  29      0C6CAC40 
  29      2B806270 
  29      2B18001B 
  29      EB0DA0
  30              		.text
  31              		.section	.gnu.lto_.pureconst.4545645ee0423db9,"",%progbits
  32 0000 789C6363 		.ascii	"x\234cc``\340\002b\026\006\011\026\011\326]\214l,\000"
  32      6060E002 
  32      62160609 
  32      1609D65D 
  32      8C6C2C00 
  33 0014 05B20113 		.ascii	"\005\262\001\023"
  34              		.text
  35              		.section	.gnu.lto__core_init.4545645ee0423db9,"",%progbits
  36 0000 789C8591 		.ascii	"x\234\205\221\315K\033A\030\306\337g'Ysh,\205\036\212"
  36      CD4B1B41 
  36      18C6DF67 
  36      27597368 
  36      2C851E8A 
  37 0014 EDA1971C 		.ascii	"\355\241\227\034\002\222=\367\037\350\277\261\350v!"
  37      02923DF7 
  37      1FE8BFB1 
  37      E87621
  38 0023 85C61403 		.ascii	"\205\306\024\003^3Q4\251Z)R\265\224E\026<xj%4F\267~"
  38      5E335134 
  38      A95A2952 
  38      B5944516 
  38      3C786A25 
  39 003b 6DB71F82 		.ascii	"m\267\037\202\007\005/\202J)~\035J\021\244xi\361\343"
  39      07052F82 
  39      4A297E1D 
  39      4A11A478 
  39      69F1E3
  40 004e 9DCDD2AA 		.ascii	"\235\315\322\252\005;\354\260\317\316\274\317\263\277"
  40      053BECB0 
  40      CFCEBCCF 
  40      B3BF
  41 005c 794727A2 		.ascii	"yG'\242\254F\364\220\337wyB\020\264\027\253D\245\204"
  41      AC46F490 
  41      DF777942 
  41      10B417AB 
  41      44A584
  42 006f 06282113 		.ascii	"\006(!\023\240\242\206\"\006\305K\201\240|\340i\351"
  42      A0A28622 
  42      06C54B81 
  42      A07CE069 
  42      E9
  43 0080 49C9C31F 		.ascii	"I\311\303\037[\327\373d\357\035G\020\215\362T\003\357"
  43      5BD7FB64 
ARM GAS  /var/folders/45/ct_yb_0s4l984dg097s5d1mh0000gp/T//ccVyFSta.s 			page 3


  43      EF1D4710 
  43      8DF25403 
  43      EF
  44 0091 90262E3B 		.ascii	"\220&.;\356\377\271\237\024\255P\332]\012\326n\246&"
  44      EEFFB99F 
  44      14AD50DA 
  44      5D0AD66E 
  44      A626
  45 00a3 E437B61C 		.ascii	"\3447\266\034\274\276=,\335W2\346\010\240\006\021\371"
  45      BCBE3D2C 
  45      DD5732E6 
  45      08A00611 
  45      F9
  46 00b4 942455BB 		.ascii	"\224$U\273\261W\253B<\010}_\275\267U=\362m\266\224d"
  46      B157AB42 
  46      3C087D5F 
  46      BDB7553D 
  46      F26DB694 
  47 00c9 50BAAF5C 		.ascii	"P\272\257\\\365\277\256z\344\332\251\236\216$\365\030"
  47      F5BFAE7A 
  47      E4DAA99E 
  47      8E24F518 
  48 00d9 6690C234 		.ascii	"f\220\3024R\015\032\314B'\260\230Z\217\373\362\364\254"
  48      520D1ACC 
  48      4227B098 
  48      5A8FFBF2 
  48      F4AC
  49 00eb 2CFDD596 		.ascii	",\375\325\226\251\332\336\255\030Q\205\013\370l\322"
  49      A9DADEAD 
  49      1851850B 
  49      F86CD2
  50 00fa A7674253 		.ascii	"\247gBS\252\307\247\357\350\376U>\231\236\2052r\350"
  50      AAC7A7EF 
  50      E8FE553E 
  50      999E8532 
  50      72E8
  51 010c 686FB0D6 		.ascii	"ho\260\3264 \034\241\2054\236\367c\253\251x\"\023\274"
  51      34201CA1 
  51      85349EF7 
  51      63ABA978 
  51      2213BC
  52 011f E0AA7C5E 		.ascii	"\340\252|^\253\365\034\0157\273\030\207#\004\336s\213"
  52      ABF51C0D 
  52      37BB1887 
  52      2304DE73 
  52      8B
  53 0130 3CDC0B37 		.ascii	"<\334\0137\352\313\333\277\023\306\033\325%\267\313"
  53      EACBDBBF 
  53      13C61BD5 
  53      25B7CB
  54 013f 1131CCC1 		.ascii	"\0211\314\301\305HH\215y\030\027\323\343W\323\343\256"
  54      C548488D 
  54      791817D3 
  54      E357D3E3 
  54      AE
  55 0150 C0D57460 		.ascii	"\300\325t`\221\323\027\242\364\305\243\225\335f.\256"
  55      91D317A2 
ARM GAS  /var/folders/45/ct_yb_0s4l984dg097s5d1mh0000gp/T//ccVyFSta.s 			page 4


  55      F4C5A395 
  55      DD662EAE 
  56 0160 70FA0E54 		.ascii	"p\372\016T\304\022\307s\264\217b\343\030\317g\376\034"
  56      C412C773 
  56      B48F62E3 
  56      18CF67FE 
  56      1C
  57 0171 E3BFDC1F 		.ascii	"\343\277\334\037\256\343\016Bn\325E|\014\271/\203j\377"
  57      AEE30E42 
  57      6ED5457C 
  57      0CB92F83 
  57      6AFF
  58 0183 827EBA16 		.ascii	"\202~\272\026\364s\003\364\013\203\036\242\333\235\030"
  58      F47303F4 
  58      0B831EA2 
  58      DB9D18
  59 0192 0A31C3DB 		.ascii	"\0121\303\333\254\360o\370&82\235\311\030\215'_0\254"
  59      ACF06FF8 
  59      2638329D 
  59      C9188D27 
  59      5F30AC
  60 01a5 7C2E97EF 		.ascii	"|.\227\357`\365\344q\273Q\350\264\014+\233\263sV\276"
  60      60F5E471 
  60      BB51E8B4 
  60      0C2B9BB3 
  60      7356BE
  61 01b8 D3CE5874 		.ascii	"\323\316Xt\3034\263v\333S\323\356xd\232\311\350\243"
  61      C334B376 
  61      DB53D3EE 
  61      78649AC9 
  61      E8A3
  62 01ca BDAD609B 		.ascii	"\275\255`\233\3469?\352\351Z"
  62      E6393FEA 
  62      E95A
  63              		.text
  64              		.section	.gnu.lto_chCoreAllocAlignedWithOffsetI.4545645ee0423db9,"",%progbits
  65 0000 789C8D54 		.ascii	"x\234\215T]K\224Q\020\236y\317yw\267\325]S\011\272\220"
  65      5D4B9451 
  65      109E79CF 
  65      7977B7D5 
  65      5D5309BA 
  66 0015 F0221121 		.ascii	"\360\"\021!\\\202\242\273n*\350/tW-k\012\351\206FD7"
  66      5C82A2BB 
  66      6E2AE82F 
  66      74572D6B 
  66      0AE98646 
  67 002b 1E5DD3B6 		.ascii	"\036]\323\266\024\244\322`Yd\323D$D#\373\2602\267\314"
  67      14A4D260 
  67      5964D344 
  67      244423FB 
  67      B032B7CC 
  68 003f 8FB22CC3 		.ascii	"\217\262,\303\242\357\244,(\"\260\"0S\2339\347\0253"
  68      A2EFA42C 
  68      2822B022 
  68      30539B39 
  68      E71533
  69 0052 243CEC8E 		.ascii	"$<\354\216g\2363\317\231\231\347\314\352\002\200I\011"
ARM GAS  /var/folders/45/ct_yb_0s4l984dg097s5d1mh0000gp/T//ccVyFSta.s 			page 5


  69      679E33CF 
  69      9999E7CC 
  69      EA028049 
  69      09
  70 0063 B09DFEEE 		.ascii	"\260\235\376\356\240/\272\000\255\372Q\200\012\217e"
  70      A02FBA00 
  70      ADFA5180 
  70      0A8F65
  71 0072 D9556E50 		.ascii	"\331UnP^Q;\004\240R\205\343J\343J\264M\230\215\310\033"
  71      5E513B04 
  71      A05285E3 
  71      4AE34AB4 
  71      4D988DC8 
  72 0087 E54128B7 		.ascii	"\345A(\267\204\264\261\034k\305i\201cU]qqB\304\005\240"
  72      84B4B11C 
  72      6BC56981 
  72      63555D71 
  72      7142C405 
  73 009c 2477EA41 		.ascii	"$w\352A\354\275\237]\304lr\333k\276\217\271\362\332"
  73      ECBD9F5D 
  73      C46C72DB 
  73      6BBE8FB9 
  73      F2DA
  74 00ae 94AA54C9 		.ascii	"\224\252T\3113\217\334m\221\243;\343\302\202F\212\356"
  74      338FDC6D 
  74      91A33BE3 
  74      C282468A 
  74      EE
  75 00bf C62CBC88 		.ascii	"\306,\274\210Y\\\314%\314\243\330\346\212'#>\261\001"
  75      595CCC25 
  75      CCA3D8E6 
  75      8A27233E 
  75      B101
  76 00d1 81F613D1 		.ascii	"\201\366\023\321\216:\231\333\252y\223\255B\255\217"
  76      8E3A99DB 
  76      AA7993AD 
  76      42AD8F
  77 00e0 0B819751 		.ascii	"\013\201\227Q\374M$\010\360\012\346Rx\375\314\354\204"
  77      FC4D2408 
  77      F00AE652 
  77      78FDCCEC 
  77      84
  78 00f1 5B6CD4D4 		.ascii	"[l\324\324\366\241\206c^\207:\332\224\325\032Q\224R"
  78      F6A18663 
  78      5E873ADA 
  78      94D51A51 
  78      9452
  79 0103 E2D57FC9 		.ascii	"\342\325\177\311\022\260G\223\177\234z\361\326/\266"
  79      12B04793 
  79      7F9C7AF1 
  79      D62FB6
  80 0112 68F2F8D3 		.ascii	"h\362\370\323\352\315\016\367i\323Z\303\025xm\231\304"
  80      EACD0EF7 
  80      69D35AC3 
  80      15786D99 
  80      C4
  81 0123 D7319709 		.ascii	"\3271\227\011\365\257\246o\244\210\255\232|\\\365ua"
ARM GAS  /var/folders/45/ct_yb_0s4l984dg097s5d1mh0000gp/T//ccVyFSta.s 			page 6


  81      F5AFA66F 
  81      A488AD9A 
  81      7C5CF575 
  81      61
  82 0134 4E8B66BF 		.ascii	"N\213f\277iZ\335\034Q\303J\306\205\2157\226\362yQ\370"
  82      695ADD1C 
  82      51C34AC6 
  82      858D3796 
  82      F27951F8 
  83 0148 FD64B4D3 		.ascii	"\375d\264\323+\266i\352\314\231\236\017\322\241N\236"
  83      2BB669EA 
  83      CC999E0F 
  83      D2A14E9E 
  84 0158 15EA9CB2 		.ascii	"\025\352\234\262\230xsY\342\273\013s\015>\227\304>\314"
  84      98787359 
  84      E2BB0B73 
  84      0D3E97C4 
  84      3ECC
  85 016a C15ECC49 		.ascii	"\301^\314I\010`AI\307$?+\200\265p\322\371\330N\252\271"
  85      08604149 
  85      C7243F2B 
  85      80B570D2 
  85      F9D84EAA 
  86 017f F91A6A66 		.ascii	"\371\032jf\335\227\356\301\2145H\265[\202\233\227ll"
  86      DD97EEC1 
  86      8C3548B5 
  86      5B829B97 
  86      6C6C
  87 0191 362E32B6 		.ascii	"6.2\266\233\215\207\335Ul\274lR\330\244\362\201\017"
  87      9B8D87DD 
  87      556CBC6C 
  87      52D8A4F2 
  87      810F
  88 01a3 592A3FB2 		.ascii	"Y*?\262\332iZ\363td\0012\2003e\002\347\0028F5\320\210"
  88      DA695AF3 
  88      74640132 
  88      80336502 
  88      E7023846 
  89 01ba A82444E9 		.ascii	"\250$D\351\211i\027I\302g\2144V\327\365\025ri1!b\302"
  89      89691749 
  89      C2678C34 
  89      56D7F515 
  89      72693121 
  90 01d0 17137E83 		.ascii	"\027\023~\203\242\301$\301\324\323\353\341\366\363z"
  90      A2C124C1 
  90      D4D3EBE1 
  90      F6F37A
  91 01df 8C24CED3 		.ascii	"\214$\316\323J\303[\324\357g\254|\266\020g\023\227\211"
  91      4AC35BD4 
  91      EF67AC7C 
  91      B6106713 
  91      9789
  92 01f1 BFABA3C2 		.ascii	"\277\253\243\302 i\232l\303G\254\314f\204\353\"\224"
  92      20699A6C 
  92      C347ACCC 
  92      6684EB22 
  92      94
ARM GAS  /var/folders/45/ct_yb_0s4l984dg097s5d1mh0000gp/T//ccVyFSta.s 			page 7


  93 0202 59D73E4D 		.ascii	"Y\327>M\367{M\224\213.o<z\373\241\233/wi\261{z\276\274"
  93      F77B4D94 
  93      8B2E6F3C 
  93      7AFBA19B 
  93      2F7769B1 
  94 021a 7497CF2A 		.ascii	"t\227\317*\017\001\011\201Z\323\356\310\324I\177\002"
  94      0F010981 
  94      5AD3EEC8 
  94      D4497F02 
  95 022a 9B302EDC 		.ascii	"\2330.\334\330O\303}\233\365\246\203\313C\257f<\201"
  95      D84FC37D 
  95      9BF5A683 
  95      CB43AF66 
  95      3C81
  96 023c 0E452B9B 		.ascii	"\016E+\233\237\344\016&\260\201\325\006\034\300\000"
  96      9FE40E26 
  96      B081D506 
  96      1CC000
  97 024b 57145F28 		.ascii	"W\024_(\321M\331b\"\235\013\370V\343`\036\202\227\364"
  97      D14DD962 
  97      229D0BF8 
  97      56E3601E 
  97      8297F4
  98 025e BB4A63BE 		.ascii	"\273Jc\276%\230\227`\247a\352\317\001St\317^s\333.\203"
  98      25989760 
  98      A761EACF 
  98      015374CF 
  98      5E73DB2E 
  99 0273 6510BCD8 		.ascii	"e\020\274\330/iO\220)\241\243o\267\011\311\324Qi\213"
  99      2F694F90 
  99      29A1A36F 
  99      B709C9D4 
  99      51698B
 100 0286 51BD1C95 		.ascii	"Q\275\034\225iT\231m\361\233\250\324\225\3100\370\037"
 100      6954996D 
 100      F19BA8D4 
 100      95C830F8 
 100      1F
 101 0297 1986B40C 		.ascii	"\031\206\264\014\3102\014\223\014\037\260j\264\177\223"
 101      C8320C93 
 101      0C1FB06A 
 101      B47F93
 102 02a6 7337A7E3 		.ascii	"s7\247\343\025\245\337\011\375\027\2411\240\343g\375"
 102      15A5DF09 
 102      FD17A131 
 102      A0E367FD 
 103 02b6 E3D27991 		.ascii	"\343\322y\221\305s\011\317\223fL*\033?E\007R8`%\225"
 103      C57309CF 
 103      93664C2A 
 103      1B3F4507 
 103      52386025 
 104 02cb DD5DBEB2 		.ascii	"\335]\276\262\304!.\355\336\342\013\215`\300$\213\322"
 104      C4212EED 
 104      DEE20B8D 
 104      60C0248B 
 104      D2
 105 02dc 9C9889FC 		.ascii	"\234\230\211\374\212\026\304t\341?\0211?K\274\230\237"
ARM GAS  /var/folders/45/ct_yb_0s4l984dg097s5d1mh0000gp/T//ccVyFSta.s 			page 8


 105      8A16C474 
 105      E13F1131 
 105      3F4BBC98 
 105      9F
 106 02ed 40D24CFE 		.ascii	"@\322L\376j\036c\337b\237f\0319\336\002\310\313\317"
 106      6A1E63DF 
 106      629F6619 
 106      39DE02C8 
 106      CBCF
 107 02ff 0F984FB8 		.ascii	"\017\230O\270,\020\014\027\027\207Kh\267\277ho\240\254"
 107      2C100C17 
 107      17874B68 
 107      B7BF686F 
 107      A0AC
 108 0311 34180816 		.ascii	"4\030\010\026\026\207\212\203\341\322P~\020dY\321\221"
 108      16878A83 
 108      E1D2507E 
 108      106459D1 
 108      91
 109 0322 90BD677F 		.ascii	"\220\275g\177\321\276\022W\270\240\240,tP\226\204\016"
 109      D1BE1257 
 109      B8A0A02C 
 109      74509684 
 109      0E
 110 0333 1FC4037F 		.ascii	"\037\304\003\177\0007\336\231\347"
 110      0037DE99 
 110      E7
 111              		.text
 112              		.section	.gnu.lto_chCoreAllocAlignedWithOffset.4545645ee0423db9,"",%progbits
 113 0000 789C8D55 		.ascii	"x\234\215UoLSW\024\277\247\367\275\266\264P\376|\330"
 113      6F4C5357 
 113      14BFA7F7 
 113      BDB6B450 
 113      FE7CD8
 114 0013 92856435 		.ascii	"\222\205d5\031Q\027G\267d\213\311>,Y\314\222\371\201"
 114      19511747 
 114      B7648BC9 
 114      3E2C59CC 
 114      92F981
 115 0026 64D14F4B 		.ascii	"d\321OK\226\370\247\253\322D\250i\231\321}\341\331\""
 115      96F8A7AB 
 115      D244A869 
 115      99D17DE1 
 115      D922
 116 0038 D821C6CC 		.ascii	"\330!\306\314Q\015+Rq\304\001A\235sn\240H'C\300\177"
 116      510D2B52 
 116      71C40141 
 116      9D736EA0 
 116      482743C0 
 117 004d 0C448680 		.ascii	"\014D\206\200\200\"\250h\330d\213\3211p\347\334\373"
 117      8022A868 
 117      D8648BD1 
 117      3170E7DC 
 117      FB
 118 005e 400A8DF1 		.ascii	"@\012\215\361\005n\3379\367\374\3569\347w\316=\317\310"
 118      056EDF39 
 118      F7FCEE39 
ARM GAS  /var/folders/45/ct_yb_0s4l984dg097s5d1mh0000gp/T//ccVyFSta.s 			page 9


 118      E777CE3D 
 118      CFC8
 119 0070 18BB6766 		.ascii	"\030\273gf\354\021\376~\204\377`d`\330w\225\261\235"
 119      EC11FE7E 
 119      84FF6064 
 119      60D87795 
 119      B19D
 120 0082 6683412D 		.ascii	"f\203A-01\315\302\367\2642\246%r]T\244\250\200*\315"
 120      3031CDC2 
 120      F7B432A6 
 120      25725D54 
 120      A4A8802A 
 121 0097 54007AD1 		.ascii	"T\000z\321\314\300\362\015\\Q!\037\366\360o8t\026\234"
 121      CCC0F20D 
 121      5C51211F 
 121      F6F06F38 
 121      74169C
 122 00aa 08F3621E 		.ascii	"\010\363b\036\346\014\024\024\037])\033\261\221\010"
 122      E60C1414 
 122      1F5D291B 
 122      B19108
 123 00b9 6047B1BA 		.ascii	"`G\261\272\350\357N\343\362\243\232\346\327\242\007"
 123      E8EF4EE3 
 123      F2A39AE6 
 123      D7A207
 124 00c8 7A2D4703 		.ascii	"z-G\003\273>\016s\003\013\241\365)H\207\037!\235\202"
 124      BB3E0E73 
 124      030BA1F5 
 124      2948871F 
 124      219D82
 125 00db F90996A3 		.ascii	"\371\011\226\243m\345\316\353\227\222\370\012`\370>"
 125      6DE5CEEB 
 125      9792F80A 
 125      60F83E
 126 00ea 1CAC2B51 		.ascii	"\034\254+Q\226V\011\334@\025\327\336\010s\016\247\201"
 126      965609DC 
 126      4015D7DE 
 126      08730EA7 
 126      81
 127 00fb CF07A28A 		.ascii	"\317\007\242\212\301\317\260\024\315\367MM\017\233\370"
 127      C1CFB014 
 127      CDF74D4D 
 127      0F9BF8
 128 010a 3B025ADD 		.ascii	";\002Z\335Z\272\333\242C'j^\253\012h\350R\201_\026\202"
 128      5ABADBA2 
 128      43276A5E 
 128      AB0A68E8 
 128      52815F16 
 129 011f 1506F502 		.ascii	"\025\006\365\002\374\317\376\276!\033_)\300\335=\205"
 129      FCCFFEBE 
 129      211B5F29 
 129      C0DD3D85 
 130 012f EFE9D8C7 		.ascii	"\357\351\330\3075\257H,\207\2068\216\317\300R\002\\"
 130      35AF482C 
 130      8786388E 
 130      CFC05202 
 130      5C
ARM GAS  /var/folders/45/ct_yb_0s4l984dg097s5d1mh0000gp/T//ccVyFSta.s 			page 10


 131 0140 8E068F5B 		.ascii	"\216\006\217[\370\007\002|\341\311\221\015\031G\004"
 131      F807027C 
 131      E1C9910D 
 131      194704
 132 014f 78A626ED 		.ascii	"x\246&\355p@k\323\024\314\026\316\306\302\351A\353\333"
 132      70406BD3 
 132      14CC16CE 
 132      C6C2E941 
 132      EBDB
 133 0161 3FCC9426 		.ascii	"?\314\224&\031\025h\204\014\342\003i8\007F\230\333("
 133      19156884 
 133      0CE20369 
 133      38074698 
 133      DB28
 134 0173 D0F0890E 		.ascii	"\320\360\211\016\326\032\205>\304a\036\206A\023\232"
 134      D61A853E 
 134      C4611E86 
 134      41139A
 135 0182 46B1880B 		.ascii	"F\261\210\013\314\233\017.[\307h#\204$\343^\325\305"
 135      CC9B0F2E 
 135      5BC76823 
 135      8424E35E 
 135      D5C5
 136 0194 AE262B5F 		.ascii	"\256&+_/y9v\370`\242\036^k\371\262\362@q\211\026\361"
 136      2F793976 
 136      F860A21E 
 136      5E6BF9B2 
 136      F2407189 
 137 01aa A784B90A 		.ascii	"\247\204\271\012\347_\020\240<x\242\034ih\306H\341W"
 137      E75F10A0 
 137      3C78A21C 
 137      6968C648 
 137      E157
 138 01bc 3A9CC704 		.ascii	":\234\307\004\363\033\006\323B\035\205\0130F]Q[\261"
 138      F31B06D3 
 138      421D850B 
 138      30465D51 
 138      5BB1
 139 01ce B3DAA23B 		.ascii	"\263\332\242;\023u\227\\,\252!=p\0012\250\206\003O\317"
 139      1375975C 
 139      2CAA213D 
 139      700132A8 
 139      86034FCF 
 140 01e2 5A790844 		.ascii	"Zy\010D\260_iM'@\307\017\036J\251\324\361Fh\215\203"
 140      B05F694D 
 140      2740C70F 
 140      1E4AA9D4 
 140      F146688D 
 141 01f7 6F13F8A9 		.ascii	"o\023\370\251\003\365\243\212\016\271s\230k\337i\006"
 141      03F5A38A 
 141      0EB97398 
 141      6BDF6906 
 142 0207 02C4211F 		.ascii	"\002\304!\037\332!\343x\227\032\325f\236\025a\235\337"
 142      DA21E378 
 142      971AD566 
 142      9E15619D 
 142      DF
ARM GAS  /var/folders/45/ct_yb_0s4l984dg097s5d1mh0000gp/T//ccVyFSta.s 			page 11


 143 0218 7C706A28 		.ascii	"|pj(\355U\003P/a\333bS(@\345U\251I\214\264\230h1\213"
 143      ED550350 
 143      2F61DB62 
 143      532840E5 
 143      55A9498C 
 144 0231 4013F0D5 		.ascii	"@\023\360\325h\241\305J\312DZ\222h\261\321\222,\316"
 144      68A1C54A 
 144      CA445A92 
 144      68B1D192 
 144      2CCE
 145 0243 4E1121A5 		.ascii	"N\021!\245\222Q\032\243vg\273\261\276x{\264(\013\242"
 145      92511AA3 
 145      7667BBB1 
 145      BE787BB4 
 145      280BA2
 146 0256 886F8128 		.ascii	"\210o\201(\033\003C\234\262\224\275\270,pQ\344Zt_kT"
 146      1B03439C 
 146      B294BDB8 
 146      2C7051E4 
 146      5A745F6B 
 147 026b E896A960 		.ascii	"\350\226\251`\207K\270\367\000\374\267\377,m\030Z\330"
 147      874BB8F7 
 147      00FCB7FF 
 147      2C6D185A 
 147      D8
 148 027c 3FFB272D 		.ascii	"?\373'-z\377(\213{e\305g\014.\323\236\272h\257|\331"
 148      7AFF288B 
 148      7B65C567 
 148      0C2ED39E 
 148      BA68AF7C 
 149 0291 B79C7C31 		.ascii	"\267\234|1\270\262\270\336W\261\314\035T\357\016\252"
 149      B8B2B8DE 
 149      57B1CC1D 
 149      54EF0EAA 
 150 02a1 37B01EF2 		.ascii	"7\260\036\362ZYq\362\211e\311]\250\320\016\332\303\334"
 150      5A5971F2 
 150      8965C95D 
 150      A8D00EDA 
 150      C3DC
 151 02b3 4480BA91 		.ascii	"D\200\272\2213\232Y\301\364\341wX\"Z\352\257\207\335"
 151      339A59C1 
 151      F4E17758 
 151      225AEAAF 
 151      87DD
 152 02c5 FD06D440 		.ascii	"\375\006\324@'(\"n\006]bl|\177\256y4q\311\270\2166\223"
 152      2728226E 
 152      065D626C 
 152      7C7FAE79 
 152      3471C9B8 
 153 02dc EDE4B193 		.ascii	"\355\344\261\223\327\255\002}\215\320\320\015\012r\346"
 153      D7AD027D 
 153      8DD0D00D 
 153      0A72E6
 154 02eb B70B0E18 		.ascii	"\267\013\016\030\275\016\007\353Uqi\260.e\310+\355\222"
 154      BD0E07EB 
 154      557169B0 
 154      2E65C82B 
ARM GAS  /var/folders/45/ct_yb_0s4l984dg097s5d1mh0000gp/T//ccVyFSta.s 			page 12


 154      ED92
 155 02fd 8CE0926B 		.ascii	"\214\340\222k\227\247U\235\325\261\032[\231\026-\260"
 155      97A7559D 
 155      D5B11A5B 
 155      99162DB0 
 156 030d C7990282 		.ascii	"\307\231\002\202\322\353\204\346\204\216\334-\345\372"
 156      D2EB84E6 
 156      848EDC2D 
 156      E5FA
 157 031b 01FE7B7B 		.ascii	"\001\376{{\257\332\026\035\260h\024\210\003z\350\000"
 157      AFDA161D 
 157      B0681488 
 157      037AE800 
 158 032b 858D4320 		.ascii	"\205\215C TX\322\224\275\200\313\236Z\013Y\220\033\012"
 158      5458D294 
 158      BD80CB9E 
 158      5A0B5990 
 158      1B0A
 159 033d 542F8771 		.ascii	"T/\207q\376\010\300\236\241\216a\360\007&\323K\314\342"
 159      FE08C09E 
 159      A18E61F0 
 159      0726D34B 
 159      CCE2
 160 034f 52C6554C 		.ascii	"R\306UL\212\"\233=Xji\003\2617\333\252k\305\334U\340"
 160      8A229B3D 
 160      586A6903 
 160      B137DBAA 
 160      6BC5DC55 
 161 0364 193EC970 		.ascii	"\031>\311p\003\303\031\007\177o!H;\223\016\375\2570"
 161      03C31907 
 161      7F6F2148 
 161      3B930EFD 
 161      AF30
 162 0376 C8A5C62C 		.ascii	"\310\245\306,\300&\311S\357,ofB5\334\177\332l\221V\011"
 162      C026C953 
 162      EF2C6F66 
 162      4235DC7F 
 162      DA6C9156 
 163 038b 787868D7 		.ascii	"xxh\327\371\016\023\035\236 nc}\375\303~S\376\264fF"
 163      F90E131D 
 163      9E206E63 
 163      7DFDC37E 
 163      53FEB466 
 164 03a0 4584CBE9 		.ascii	"E\204\313\351p*\360\350k[\004\016A\230[\240\037\277"
 164      702AF0E8 
 164      6B5B040E 
 164      41985BA0 
 164      1FBF
 165 03b2 067D4407 		.ascii	"\006}D\007n\234n\035\2302;\352(w;]\300\001\210@)\202"
 165      6E9C6E1D 
 165      98323BEA 
 165      28773B5D 
 165      C0018840 
 166 03c8 28390637 		.ascii	"(9\0067\301AA\205g\243\264\240CI\236\177\262H\327YQ"
 166      C1414185 
 166      67A3B4A0 
 166      43499E7F 
ARM GAS  /var/folders/45/ct_yb_0s4l984dg097s5d1mh0000gp/T//ccVyFSta.s 			page 13


 166      B248D759 
 167 03dd 2D93D615 		.ascii	"-\223\326\025\211\230\012\252ctI\250\326s\306\024u\245"
 167      89980AAA 
 167      637449A8 
 167      D673C614 
 167      75A5
 168 03ef 4DA49D24 		.ascii	"M\244\235$O\373T\352\222Q\375<\345vJ9Y\206P\327\264"
 168      4FFB54EA 
 168      9251FD3C 
 168      E5764A39 
 168      598650D7 
 169 0404 5E9AA408 		.ascii	"^\232\244\010+\363s\2536\262J\221\304L\037\261I\253"
 169      2BF373AB 
 169      36B24A91 
 169      C44C1FB1 
 169      49AB
 170 0416 D4976162 		.ascii	"\324\227ab\360\005L\014\011&@gb\030\231\030\205\202"
 170      F0054C0C 
 170      09264067 
 170      62189918 
 170      8582
 171 0428 DEE677E7 		.ascii	"\336\346w\347\202H\025\375\024\304\272\341\307\027G"
 171      824815FD 
 171      14C4BAE1 
 171      C71747
 172 0437 84D8EE56 		.ascii	"\204\330\356V\364\272PDr_a7\242\264\217\361\205\356"
 172      F4BA5044 
 172      725F6137 
 172      A2B48FF1 
 172      85EE
 173 0449 075BAC64 		.ascii	"\007[\254d\3602\301\335\212\037\\d\033Ew;\246N#\340"
 173      F032C1DD 
 173      8A1F5C64 
 173      1B45773B 
 173      A64E23E0 
 174 045d 90FE8238 		.ascii	"\220\376\2028\035f\007\226?\362\240t\356\306\261\271"
 174      1D660796 
 174      3FF2A074 
 174      EEC6B1B9 
 175 046d FB46AD3D 		.ascii	"\373F\255=O\352\211\221\332b\244\366\030\251QJ8\017"
 175      4FEA8991 
 175      DA62A4F6 
 175      18A9514A 
 175      380F
 176 047f 9AC5589B 		.ascii	"\232\305X\233k;\025I\2723\177\254\311O\213>jf*n\235"
 176      6B3B1549 
 176      BA337FAC 
 176      C94F8B3E 
 176      6A662A6E 
 177 0494 B3CE4E91 		.ascii	"\263\316N\221;b\212\214\212)\262pd\214\311\2211|ko\303"
 177      3B628A8C 
 177      8A29B270 
 177      648CC991 
 177      317C6B6F 
 178 04a9 66E183B1 		.ascii	"f\341\203\261\011\024\213\033[\214\344\277\214\247a"
 178      09148B1B 
 178      5B8CE4BF 
ARM GAS  /var/folders/45/ct_yb_0s4l984dg097s5d1mh0000gp/T//ccVyFSta.s 			page 14


 178      8CA761
 179 04b8 828F210D 		.ascii	"\202\217!\0152\323\015}\317\206\001\177\351\306%+\377"
 179      32D30D7D 
 179      CF86017F 
 179      E9C6252B 
 179      FF
 180 04c9 5676020E 		.ascii	"Vv\002\016m\240\314\361\270\345\231\231\016\371\347"
 180      6DA0CCF1 
 180      B8E59999 
 180      0EF9E7
 181 04d8 F1399C9E 		.ascii	"\3619\234\236\234\034O.\276mqot\370\274N\2073;\307\225"
 181      9C1C4F2E 
 181      BE6D716F 
 181      74F8BC4E 
 181      87333BC7 
 182 04ed E3F4785D 		.ascii	"\343\364x]\231N\246\370\334_\272\324\015[\334\233s\215"
 182      994EA6F8 
 182      DC5FBAD4 
 182      0D5BDC9B 
 182      738D
 183 04ff 9E4D9B7C 		.ascii	"\236M\233|\256<\330\372\372|\2647\317\341\316un\371"
 183      AE3CD8FA 
 183      FA7CB437 
 183      CFE1CE75 
 183      6EF9
 184 0511 E27317E2 		.ascii	"\342s\027\342|;|\231\331\314\264q\203\317\365\211\327"
 184      7C3B7C99 
 184      D9CCB471 
 184      83CFF589 
 184      D7
 185 0522 FD561C2F 		.ascii	"\375V\034/[=\336<\237\343\3035Y\253\262\266#\200\274"
 185      5B3DDE3C 
 185      9FE3C335 
 185      59ABB2B6 
 185      2380BC
 186 0535 ACDBB632 		.ascii	"\254\333\2662\007QJ\256k{\336\373q \250&\200cU\326\332"
 186      07514AAE 
 186      6B7BDEFB 
 186      7120A826 
 186      806355D6 
 187 054a D56B1DAB 		.ascii	"\325k\035\253\020\341X=\3531\307\347\366\255\333\354"
 187      10E1583D 
 187      EB31C7E7 
 187      F6ADDBEC 
 188 055a 74223E25 		.ascii	"t\">%k\355\032;y\336\352u\257\260g\274\315\014^f\302"
 188      6BED1A3B 
 188      79DEEA75 
 188      AFB067BC 
 188      CD0C5E66 
 189 056f 443CDE1D 		.ascii	"D<\336\035\354\177Dl\024\026"
 189      EC7F446C 
 189      1416
 190              		.text
 191              		.section	.gnu.lto_chCoreGetStatusX.4545645ee0423db9,"",%progbits
 192 0000 789C8D90 		.ascii	"x\234\215\220\315J\303@\020\307g\262I\323\242\326\007"
 192      CD4AC340 
 192      10C767B2 
ARM GAS  /var/folders/45/ct_yb_0s4l984dg097s5d1mh0000gp/T//ccVyFSta.s 			page 15


 192      49D3A2D6 
 192      07
 193 0011 B0875E8B 		.ascii	"\260\207^\213\320<\210oa(X0\006\332\007\350\332\252"
 193      D03C886F 
 193      61285830 
 193      06DA07E8 
 193      DAAA
 194 0023 ADE841C4 		.ascii	"\255\350A\304\326RB)\210\210\007Q1V[\025\202\007\305"
 194      D6524229 
 194      88880751 
 194      31565B15 
 194      8207C5
 195 0036 839F07C1 		.ascii	"\203\237\007\301\217\223\236\224R\250W\265:\323x\362"
 195      8F939E94 
 195      52A857B5 
 195      3AD378F2 
 196 0046 20864D32 		.ascii	" \206M2\363\337\331\371\375w\002\000p\213\000\303\364"
 196      F3DFD9F9 
 196      FD770200 
 196      708B00C3 
 196      F4
 197 0057 1FA21705 		.ascii	"\037\242\027\005\240\262p\0010\031T\0209\220A\204\214"
 197      A0B27001 
 197      30195410 
 197      39904184 
 197      8C
 198 0068 82199C17 		.ascii	"\202\031\234\027K\002\257\247\266\0341'\034*S)\355\234"
 198      4B02AFA7 
 198      B61C3127 
 198      1C2A5329 
 198      ED9C
 199 007a 579EC39C 		.ascii	"W\236\303\234\"F)m\265O\334\376\330\232\224Y\351-W\373"
 199      2246296D 
 199      B54FDCFE 
 199      D89A9459 
 199      E92D57FB 
 200 008e CAEE950C 		.ascii	"\312\356\225\0149B\201\022\225\273\030\301\035\2140"
 200      39428112 
 200      95BB18C1 
 200      1D8C30
 201 009d 63176340 		.ascii	"c\027c@\325O\333\335\342@@\345]\022\353\030\0002\002"
 201      D54FDBDD 
 201      E24040E5 
 201      5D12EB18 
 201      003202
 202 00b0 9B379A27 		.ascii	"\2337\232'\273_y\351}\254`c\204\350\216\240\026\216"
 202      BB5F79E9 
 202      7DAC6063 
 202      84E88EA0 
 202      168E
 203 00c2 5005472A 		.ascii	"P\005G*G\032\177t\340\326P\240\323\344Sz0K)E9\017^1"
 203      471A7F74 
 203      E0D650A0 
 203      D3E4537A 
 203      304B2945 
 204 00da DB7CB95F 		.ascii	"\333|\271_\035\344\246\025\201\304*M\037_\352lTCF7\032"
 204      1DE4A615 
ARM GAS  /var/folders/45/ct_yb_0s4l984dg097s5d1mh0000gp/T//ccVyFSta.s 			page 16


 204      81C42A4D 
 204      1F5FEA6C 
 204      54434637 
 205 00ef AD073DF3 		.ascii	"\255\007=\363)\203$\324\030O\232\233\353,\206kXEG\004"
 205      298324D4 
 205      184F9A9B 
 205      EB2C866B 
 205      58454704 
 206 0103 709F2EBC 		.ascii	"p\237.\274\307ni\243~\372\370\03646$=Qr\200\015\254"
 206      C76E69A3 
 206      7EFAF81E 
 206      3436243D 
 206      5172800D 
 207 0118 61910F01 		.ascii	"a\221\017\0016\321`\330[\376.\344\263\024\302\365\360"
 207      36D160D8 
 207      5BFE2EE4 
 207      B314C2F5 
 207      F0
 208 0129 67495F10 		.ascii	"gI_\020\377\241\035\374A;\354\321x2x\364\233\246R\177"
 208      FFA11DFC 
 208      413BECD1 
 208      783278F4 
 208      9BA6527F 
 209 013d 5272E519 		.ascii	"Rr\345\031\364\005\255\347@\365\253\326\205/\352\244"
 209      F405ADE7 
 209      40F5ABD6 
 209      852FEAA4 
 210 014d 431BB3D1 		.ascii	"C\033\263\321\237\224\235\027\250#\315\212\346\027\213"
 210      9F949D17 
 210      A823CD8A 
 210      E6178B
 211 015c C70D7FD9 		.ascii	"\307\015\177\331i\303\264-\313\236\240h<9j\244S\246"
 211      69C3B42D 
 211      CB9EA068 
 211      3C396AA4 
 211      53A6
 212 016e 618E5909 		.ascii	"a\216Y\011\313\264S\211\270\011\337\317\274\241\300"
 212      CBB45389 
 212      B809DFCF 
 212      BCA1C0
 213              		.text
 214              		.section	.gnu.lto_.symbol_nodes.4545645ee0423db9,"",%progbits
 215 0000 789C6363 		.ascii	"x\234cc``H\006b\006\246\325L\365\014\014\023\31610\000"
 215      60604806 
 215      6206A6D5 
 215      4CF50C0C 
 215      13CE3130 
 216 0015 A95D0D8E 		.ascii	"\251]\015\216\014\014\254\253\230\030\032\225\200R\254"
 216      0C0CACAB 
 216      98181A95 
 216      8052AC
 217 0024 EB991815 		.ascii	"\353\231\030\025@\364\006&&\020\315\264\206\251\236"
 217      40F40626 
 217      2610CDB4 
 217      86A99E
 218 0033 114529D3 		.ascii	"\021E)\323Z\246z&T\221uL\365\314(\"\014\000!\242\025"
 218      5AA67A26 
ARM GAS  /var/folders/45/ct_yb_0s4l984dg097s5d1mh0000gp/T//ccVyFSta.s 			page 17


 218      5491754C 
 218      F5CC2822 
 218      0C0021A2 
 219 0048 92       		.ascii	"\222"
 220              		.text
 221              		.section	.gnu.lto_.refs.4545645ee0423db9,"",%progbits
 222 0000 789C1D88 		.ascii	"x\234\035\210A\012\200@\014\304\222\216\366\264\207"
 222      410A8040 
 222      0CC4928E 
 222      F6B487
 223 000f 0541F011 		.ascii	"\005A\360\021\376\377{\026\017\011$\015\274\303\201"
 223      FEFF7B16 
 223      0F09240D 
 223      BCC381
 224 001e 5AF52B95 		.ascii	"Z\365+\225\311\306\255WN\\x\353S\263\304\360\001\026"
 224      C9C6AD57 
 224      4E5C78EB 
 224      53B3C4F0 
 224      0116
 225 0030 6300D4   		.ascii	"c\000\324"
 226              		.text
 227              		.section	.gnu.lto_.decls.4545645ee0423db9,"",%progbits
 228 0000 789CB556 		.ascii	"x\234\265ViPT\331\025~\347\335\246\033\232n\260\320"
 228      695054D9 
 228      157EE7DD 
 228      A61B9A6E 
 228      B0D0
 229 0012 9AB21226 		.ascii	"\232\262\022&\261,\247$\251\242\333%\211V~\2444Vj\264"
 229      B12CA724 
 229      A9A2DB25 
 229      89567EA4 
 229      34566AB4 
 230 0026 2A26A9A1 		.ascii	"*&\251\241\254\031\223\252y\3236\255t\006\032C?&c\376"
 230      AC1993AA 
 230      79D336AD 
 230      74061A43 
 230      3F2663FE 
 231 003a E4B14AC0 		.ascii	"\344\261J\300\005\006\334\220QD\213\010\302(A\207\320"
 231      0506DC90 
 231      51448B08 
 231      C2284187 
 231      D0
 232 004b E8D88208 		.ascii	"\350\330\202\010\202(:q\001E\021\301m\224UD\304%\347"
 232      82283A71 
 232      014511C1 
 232      6D945544 
 232      C425E7
 233 005e DEFB7A01 		.ascii	"\336\373z\001\301\344G\362\252O\277\273\234\363\235"
 233      C1E447F2 
 233      AA4FBFBB 
 233      9CF39D
 234 006d EF9E73EE 		.ascii	"\357\236s\356}W+\010\202\306(\010\271D\020\312@\020"
 234      7D572B08 
 234      82C62808 
 234      B94410CA 
 234      4010
 235 007f 5EE31380 		.ascii	"^\343\023\200c\247PD\024\027\312j\201?\032\224Z\224"
ARM GAS  /var/folders/45/ct_yb_0s4l984dg097s5d1mh0000gp/T//ccVyFSta.s 			page 18


 235      63A75044 
 235      1417CA6A 
 235      813F1A94 
 235      5A94
 236 0091 46942694 		.ascii	"F\224&\224\026\0244\023\356\240\334E\271/\214\177\322"
 236      16143413 
 236      EEA0DC45 
 236      B92F8C7F 
 236      D2
 237 00a2 104F8BEF 		.ascii	"\020O\213\357OPzP\036\240t\241\264\243<T\361o\242t\240"
 237      4F507A50 
 237      1EA074A1 
 237      B4A33C54 
 237      F16FA274 
 238 00b7 808AFD36 		.ascii	"\200\212\3756\274\034T\012\304w\030\312\014\024\311"
 238      BC1C540A 
 238      C47718CA 
 238      0C14C9
 239 00c6 8F5FBB1F 		.ascii	"\217_\273\037\376D\334FulT\305\366\177\266\241B\360"
 239      FE44DC46 
 239      756C54C5 
 239      F67FB6A1 
 239      42F0
 240 00d8 1498D498 		.ascii	"\024\230\324\230\342\022\352\027&\307\327\251\261\320"
 240      E212EA17 
 240      26C7D7A9 
 240      B1D0
 241 00e6 E3BC0125 		.ascii	"\343\274\001%\014e\006\312;\300\375\302$>w\003\267\363"
 241      0C6506CA 
 241      3BC0FDC2 
 241      243E7703 
 241      B7F3
 242 00f8 F874A9FC 		.ascii	"\370t\251\374\177?a\015\035\252\037Pc=\031V\036\201"
 242      7F3F610D 
 242      1DAA1F50 
 242      633D1956 
 242      1E81
 243 010a 8EC69243 		.ascii	"\216\306\222C$\213\300j=\320\354\205\342\320\341G\325"
 243      248BC06A 
 243      3DD0EC85 
 243      E2D0E147 
 243      D5
 244 011b A3463E44 		.ascii	"\243F>D5.\214\326\356$Dd\355+\203\017\032\202Le\012"
 244      352E8CD6 
 244      EE244464 
 244      ED2B830F 
 244      1A824C65 
 245 0130 7F02FF20 		.ascii	"\177\002\377 \3001 \036\250\003\243}U\006\362\023\246"
 245      C031201E 
 245      A803A37D 
 245      5506F213 
 245      A6
 246 0141 7831F548 		.ascii	"x1\365H\001\205\015\323\203\006\273\003-\371wB\260;"
 246      01850DD3 
 246      8306BB03 
 246      2DF97742 
 246      B03B
ARM GAS  /var/folders/45/ct_yb_0s4l984dg097s5d1mh0000gp/T//ccVyFSta.s 			page 19


 247 0153 430FB3F2 		.ascii	"C\017\263\362\210\330\322:\342\012\004}D\206\242$+\205"
 247      88D8D23A 
 247      E20A047D 
 247      4486A224 
 247      2B85
 248 0165 294AD072 		.ascii	")J\320r\001\252!\034\376\011\341\002\324@\004u\3755"
 248      01AA211C 
 248      FE09E102 
 248      D4400475 
 248      FD35
 249 0177 9804388A 		.ascii	"\230\0048\212\203\2258XL\335\271o\3550\015\245)\212"
 249      83953858 
 249      4CDDB96F 
 249      ED300DA5 
 249      298A
 250 0189 082ED043 		.ascii	"\010.\320C\025\020\246\203+[\255\247\3778\210\236\\"
 250      1510A683 
 250      2B5BADA7 
 250      FF38889E 
 250      5C
 251 019a A74E9C0C 		.ascii	"\247N\234\014\276\005\035\2001\200i\214\032\000\377"
 251      BE051D80 
 251      3180698C 
 251      1A00FF
 252 01a9 C73715D6 		.ascii	"\3077\025\326\177\355y\200\217\343\250\310_\252*\355"
 252      7FED7980 
 252      8FE3A8C8 
 252      5FAA2AED 
 253 01b9 784CC03B 		.ascii	"xL\300;\"\252\030\242\007\227\375T\000\360G\345\363"
 253      22AA18A2 
 253      0797FD54 
 253      00F047E5 
 253      F3
 254 01ca DC9DE7E1 		.ascii	"\334\235\347\341Y\340\015?;>$\372\234\371\231\274\301"
 254      59E00D3F 
 254      3B3E24FA 
 254      9CF999BC 
 254      C1
 255 01db 55F04E7B 		.ascii	"U\360N{I\371\026\011j&\036f\026W\207v\302M\234\375H"
 255      49F91609 
 255      6A261E66 
 255      16578776 
 255      C24D9CFD 
 256 01f0 10B2031D 		.ascii	"\020\262\003\035,'\017+n\354\013!G\200u\352_\217\270"
 256      2C270F2B 
 256      6EEC0B21 
 256      478075EA 
 256      5F8FB8
 257 0203 43798244 		.ascii	"Cy\202D\354^\352?\367e0O\3204\354\226mz\235\0270s;\215"
 257      EC5EEA3F 
 257      F765304F 
 257      D034EC96 
 257      6D7A9D17 
 258 021b 7A768A32 		.ascii	"zv\2122M\204O\336\0017\346\342$\346B\200S0\023\377\035"
 258      4D844FDE 
 258      0137E6E2 
 258      24E64280 
ARM GAS  /var/folders/45/ct_yb_0s4l984dg097s5d1mh0000gp/T//ccVyFSta.s 			page 20


 258      533013FF 
 259 0230 1AEE6CD8 		.ascii	"\032\356l\330\365*\3310\273P)\354\304\014\035\236\223"
 259      F52AD930 
 259      BB5029EC 
 259      C40C1D9E 
 259      93
 260 0241 7F2E5D69 		.ascii	"\177.]iE\273%L\017\276\361\245\351\033Z*p\002:\001\216"
 260      45BB254C 
 260      0FBEF1A5 
 260      E91B5A2A 
 260      70023A01 
 261 0256 C32DE456 		.ascii	"\303-\344V\013\263\321>\255\351\232Lz8\253\202\356\315"
 261      0BB3D13E 
 261      ADE99A4C 
 261      7A38AB82 
 261      EECD
 262 0268 5B023422 		.ascii	"[\0024\"\317&\365\200cu\345cn\302\306\260*N\003\033"
 262      CF26F580 
 262      6375E563 
 262      6EC2C6B0 
 262      2A4E031B 
 263 027c EB3EF3B8 		.ascii	"\353>\363\270[\347\325\253\347\203w\207\\\233t\376\244"
 263      5BE7D5AB 
 263      E7837787 
 263      5C9B74FE 
 263      A4
 264 028d 25831FE9 		.ascii	"%\203\037\351\006F\372\014\250\254/4\355\375\212 \353"
 264      0646FA0C 
 264      A8AC2F34 
 264      EDFD8A20 
 264      EB
 265 029e 4E647D66 		.ascii	"Nd}fOH\276\342NV\224$\221\252A\235\217s\335D\316\215"
 265      4F48BEE2 
 265      4E569424 
 265      91AA419D 
 265      8F73DD44 
 266 02b4 8CF395EF 		.ascii	"\214\363\225\357\252\376\016$\205o\212\221\253\015\233"
 266      AAFE0E24 
 266      856F8A91 
 266      AB0D9B
 267 02c3 F52A54D7 		.ascii	"\365*T\327\2179\222\302\221\316\372\220\316NDjbH\207"
 267      8F3992C2 
 267      91CEFA90 
 267      CE4E446A 
 267      624887
 268 02d6 078EECD6 		.ascii	"\007\216\354\326\221B\2164\224^\227\241\361_\001]\235"
 268      91428E34 
 268      945E97A1 
 268      F15F015D 
 268      9D
 269 02e7 6F09E7C6 		.ascii	"o\011\347\306\305\275x\353\255\333\001j\334_\225M\333"
 269      C5BD78EB 
 269      ADDB016A 
 269      DC5F954D 
 269      DB
 270 02f8 97A21C44 		.ascii	"\227\242\034D;DB5h\3669n\236\350\270\2059\336y\277\307"
 270      3B444235 
ARM GAS  /var/folders/45/ct_yb_0s4l984dg097s5d1mh0000gp/T//ccVyFSta.s 			page 21


 270      68F6396E 
 270      9EE8B885 
 270      39DE79BF 
 271 030d AD2715DC 		.ascii	"\255'\025\334q~\315\223\246\000^\015\201\330\255\352"
 271      717ECD93 
 271      A6005E0D 
 271      81D8ADEA 
 272 031d 3D5465E4 		.ascii	"=Te\344\325\340f\225\2235\\)\222\343\\\367pZwI N\206"
 272      D5E06695 
 272      93355C29 
 272      92E35CF7 
 272      705A7749 
 273 0334 E389017E 		.ascii	"\343\211\001~\307E8?.\216\272\207\3125\3444\323\025"
 273      C745383F 
 273      2E8EBA87 
 273      CA35E434 
 273      D315
 274 0346 2BCABBFF 		.ascii	"+\312\273\377\010\021z\276}G\332Li\033id\256\340\252"
 274      08117ABE 
 274      7D47DA4C 
 274      691B6964 
 274      AEE0AA
 275 0359 FEE52318 		.ascii	"\376\345#\030N\267/;\012\224\375\012\231)\300\302p\230"
 275      4EB72F3B 
 275      0A94FD0A 
 275      9929C0C2 
 275      7098
 276 036b 8707C165 		.ascii	"\207\007\301e<\010\302\325\203\340[\014\302%\014\002"
 276      3C08C2D5 
 276      83E05B0C 
 276      C2250C02 
 277 037b 3A28D97B 		.ascii	":(\331{\360\264\221\324\023\346\340fy\337y\342\365\320"
 277      F0B491D4 
 277      13E6E066 
 277      79DF79E2 
 277      F5D0
 278 038d 373ABB92 		.ascii	"7:\273\222\035\020m\350\341\252\317\003:\234\334\305"
 278      1D106DE8 
 278      E1AACF03 
 278      3A9CDCC5 
 279 039d B5C95D94 		.ascii	"\265\311]\224\036-+\0165dzO'\206\3479\240\004h\007\203"
 279      1E2D2B0E 
 279      35647A4F 
 279      2786E739 
 279      A0046807 
 280 03b2 BAD106B6 		.ascii	"\272\321\006\266\265\345\022R\255\241\\4\003\327\263"
 280      B5E51252 
 280      ADA15C34 
 280      03D7B3
 281 03c1 6E6B61FA 		.ascii	"nka\372\2349\0219,\203(Xm\320\212v\027\230\335\015\230"
 281      9C391139 
 281      2C832858 
 281      6DD08A76 
 281      1798DD0D 
 282 03d6 4E5D6112 		.ascii	"N]a\022\"po\316\301Cj\016\333\273E\324\221\273a'9\221"
 282      22706FCE 
 282      C1436A0E 
ARM GAS  /var/folders/45/ct_yb_0s4l984dg097s5d1mh0000gp/T//ccVyFSta.s 			page 22


 282      DBBB45D4 
 282      91BB6127 
 283 03ec B271B352 		.ascii	"\262q\263RX\013\324\003\\G\376\324\302{0\232)F5ER-\232"
 283      580BD403 
 283      5C47FED4 
 283      C27B309A 
 283      29463545 
 284 0403 BE8FC596 		.ascii	"\276\217\305\226J\230\366\305I\265\347Se\036\233\336"
 284      4A98F6C5 
 284      49B5E753 
 284      651E9BDE 
 285 0413 FCB02424 		.ascii	"\374\260$$D\225\0045.\352\"Z\353\3323\010\351e\213\020"
 285      44950435 
 285      2EEA225A 
 285      EBDA3308 
 285      E9658B10 
 286 0427 EB8B86D3 		.ascii	"\353\213\206\323E\210\230\316\215\236\356\326\3421\017"
 286      458898CE 
 286      8D9EEED6 
 286      E2310F
 287 0436 5D08DCE9 		.ascii	"]\010\334\351\013'\205\300\017\352d\213\204\333\270"
 287      0B2785C0 
 287      0FEA648B 
 287      84DBB8
 288 0445 B6A9D689 		.ascii	"\266\251\326\211\276Z\216m\375\207\341\275\375J\241"
 288      BE5A8E6D 
 288      FD87E1BD 
 288      FD4AA1
 289 0454 9B1E1611 		.ascii	"\233\036\026\021U\373\021\002\030\376y\216\357\027\256"
 289      55FB1102 
 289      18FE798E 
 289      EF17AE
 290 0463 F3AC70EF 		.ascii	"\363\254p\357\300{hw\265\373h\005\220g\214#\014\237"
 290      C07B6877 
 290      B5FB6805 
 290      90678C23 
 290      0C9F
 291 0475 AA6CD486 		.ascii	"\252l\324\206e\253\376\227\000M\017;\003{ \314\273\252"
 291      65ABFE97 
 291      004D0F3B 
 291      037B20CC 
 291      BBAA
 292 0487 E3BB5E95 		.ascii	"\343\273^\225k\321S'.\343f\376\214/\224\302\231t\036"
 292      6BD15327 
 292      2EE366FE 
 292      8C2F94C2 
 292      99741E
 293 049a BAD50F16 		.ascii	"\272\325\017\026o\300]\006?\2349\324c$\351\001\014~"
 293      6FC05D06 
 293      3F9C39D4 
 293      6324E901 
 293      0C7E
 294 04ac 4749F9D7 		.ascii	"GI\371\327D\265\354\372^\222\202\371\240\206\367<\206"
 294      44B5ECFA 
 294      5E9282F9 
 294      A086F73C 
 294      86
ARM GAS  /var/folders/45/ct_yb_0s4l984dg097s5d1mh0000gp/T//ccVyFSta.s 			page 23


 295 04bd AC01F799 		.ascii	"\254\001\367\231\341\313-7+E\377J\351\362\313\201\000"
 295      E1CB2D37 
 295      2B45FF4A 
 295      E9F2CB81 
 295      00
 296 04ce 0F78A5D0 		.ascii	"\017x\245\3207*7\357\332\234m\360W\246\260>\345\207"
 296      372A37EF 
 296      DA9C6DF0 
 296      57A6B03E 
 296      E587
 297 04e0 AAF243A6 		.ascii	"\252\362C\246<\274qG\246\216\344rJ\256\224CG\214|\177"
 297      3CBC7147 
 297      A68EE472 
 297      4AAE9443 
 297      478C7C7F 
 298 04f4 FE00BBE9 		.ascii	"\376\000\273\3519]\373\325\317i?\335\202\373Z\206\266"
 298      395DFBD5 
 298      CF693FDD 
 298      82FB5A86 
 298      B6
 299 0505 EBC93EAE 		.ascii	"\353\311>\256[t\277\345\254\272\227\337\305\356\213"
 299      5B74BFE5 
 299      ACBA97DF 
 299      C5EE8B
 300 0514 2FBBF38C 		.ascii	"/\273\363\214\372\014\032,\3564\314\277\224\373i\344"
 300      FA0C1A2C 
 300      EE34CCBF 
 300      94FB69E4 
 301 0524 B056A08F 		.ascii	"\260V\240\217W\376\345g'\236\033H)C\322\224\245\224"
 301      57FEE567 
 301      279E1B48 
 301      2943D294 
 301      A594
 302 0536 F66B2022 		.ascii	"\366k \"\034P\035\370\026\243_}\001\206q;\014\250\341"
 302      1C501DF8 
 302      16A35F7D 
 302      0186713B 
 302      0CA8E1
 303 0549 C0275F41 		.ascii	"\300'_A\370\376\277\322al\007\262\367$\233m\020\313"
 303      F8FEBFD2 
 303      616C07B2 
 303      F7249B6D 
 303      10CB
 304 055b 6198F97B 		.ascii	"a\230\371{\202\200C\334\341\340\363\236\307\340\237"
 304      828043DC 
 304      E1E0F39E 
 304      C7E09F
 305 056a 4B8AFD18 		.ascii	"K\212\375\030\347\0371~OiF9K\252]Q\3208\032\244W\261"
 305      E71F317E 
 305      4F694639 
 305      4BAA5D51 
 305      D0381AA4 
 306 0580 33FE1376 		.ascii	"3\376\023v{\333\243\014\243?\366\310\333\260\335}\345"
 306      7BDBA30C 
 306      A33FF6C8 
 306      DBB0DD7D 
 306      E5
ARM GAS  /var/folders/45/ct_yb_0s4l984dg097s5d1mh0000gp/T//ccVyFSta.s 			page 24


 307 0591 03A198F6 		.ascii	"\003\241\230\366V,\315\247{\264I\205\356\244Y\360\014"
 307      562CCDA7 
 307      7BB44985 
 307      EEA459F0 
 307      0C
 308 05a2 33D48B95 		.ascii	"3\324\213\225\211\307\276\237\345w8\362\261(\300(\253"
 308      89C7BE9F 
 308      E57738F2 
 308      B128C028 
 308      AB
 309 05b3 01CF156A 		.ascii	"\001\317\025j\356\233W\250\271\374L\274\264u\360\200"
 309      EE9B57A8 
 309      B9FC4CBC 
 309      B475F080 
 310 05c3 8E1C6651 		.ascii	"\216\034fQ\025o\265\215\335\010\231\352\362\363\012"
 310      156FB58D 
 310      DD0899EA 
 310      F2F30A
 311 05d2 D731573D 		.ascii	"\3271W=\220\306p\360\271\367\3623\322\366\213]\203\212"
 311      90C670F0 
 311      B9F7F233 
 311      D2F68B5D 
 311      838A
 312 05e4 320B5EE2 		.ascii	"2\013^\342\"^\3706\343\\\225~\311\201\234\"-qq\0375"
 312      225EF836 
 312      E35C957E 
 312      C9819C22 
 312      2D71711F 
 313 05f9 BB7BEAC5 		.ascii	"\273{\352\305\251|$\211S\371\300\363\363\014;?\025\221"
 313      A97C2489 
 313      53F9C0F3 
 313      F30C3B3F 
 313      1591
 314 060b 1EEE5E1F 		.ascii	"\036\356^\037/Y\214\350(:\312\351\037\314\325NYP\311"
 314      2F598CE8 
 314      283ACAE9 
 314      1FCCD54E 
 314      5950C9
 315 061e A25A50F3 		.ascii	"\242ZP\363X\012\222kz\3074\023\323\353\373\242\245\210"
 315      580A926B 
 315      7AC73413 
 315      D3EBFBA2 
 315      A588
 316 0630 611E1BD6 		.ascii	"a\036\033\326\241\237\366\261rW\010/_-vO\236K=\036<"
 316      A19FF6B1 
 316      7257082F 
 316      5F2D764F 
 316      9E4B3D1E 
 317 0645 A5B7348F 		.ascii	"\245\2674\217\267T\221\271{\222\2316\242^;u\330=x\267"
 317      B75491B9 
 317      7B929936 
 317      A25E3B75 
 317      D83D78B7 
 318 0659 608B81EF 		.ascii	"`\213\201\357\223\305\330=\324\225\327\374F\255m\024"
 318      93C5D83D 
 318      D495D7FC 
 318      46AD6D14 
ARM GAS  /var/folders/45/ct_yb_0s4l984dg097s5d1mh0000gp/T//ccVyFSta.s 			page 25


 319 0669 C3215DA4 		.ascii	"\303!]\244`\031\214L\032'\223\301\310\264\366\326l\012"
 319      60198C4C 
 319      1A2793C1 
 319      C8B4F6D6 
 319      6C0A
 320 067b 26757C63 		.ascii	"&u|c\245e\227\\\004\374\340\272\361\203;VM:\232\331"
 320      A565975C 
 320      04FCE0BA 
 320      F1833B56 
 320      4D3A9AD9 
 321 068f 45A77039 		.ascii	"E\247p9\277\350\374M\364\206\013\233\343\277\270\231"
 321      BFE8FC4D 
 321      F4860B9B 
 321      E3BFB899 
 322 069f 22FDE276 		.ascii	"\"\375\342v\356\275\227k$}\034\254\242\257\362^\210"
 322      EEBD976B 
 322      247D1CAC 
 322      A2AFF25E 
 322      88
 323 06b0 0A76FD24 		.ascii	"\012v\375$i\257\274\257(x2\244\202\206\241e\371\320"
 323      69AFBCAF 
 323      287832A4 
 323      8286A165 
 323      F9D0
 324 06c2 B226A26D 		.ascii	"\262&\242mbhW\357\326F\223\022-\003+-\337s$\204T\361"
 324      626857EF 
 324      D6469312 
 324      2D032B2D 
 324      DF732484 
 325 06d8 4E566D5D 		.ascii	"NVm]\201\026\357F\260\205\032\322\221\206\203\307N\001"
 325      8116EF46 
 325      B0851AD2 
 325      918683C7 
 325      4E01
 326 06ea BB2DD1BC 		.ascii	"\273-\321\274\362[\325\216o\213\\\306)ox9\"\275id\213"
 326      F25BD58E 
 326      6F8B5CC6 
 326      296F7839 
 326      22BD6964 
 327 06ff EA55A3BE 		.ascii	"\352U\243\276\346\305e\235J\266\357\032\271\336\267"
 327      E6C5659D 
 327      4AB6EF1A 
 327      B9DEB7
 328 070e 053F5349 		.ascii	"\005?SI\312\222F\221j\302f\017Y\330*jho<\337/\030\337"
 328      CA924691 
 328      6AC2660F 
 328      59D82A6A 
 328      686F3CDF 
 329 0725 4D69A549 		.ascii	"Mi\245I:\242\350\030\307\364\252\216\223D\005|]M\316"
 329      3AA2E818 
 329      C7F4AA8E 
 329      9344057C 
 329      5D4DCE
 330 0738 666571C0 		.ascii	"feq\300\345l\361\271\276\305\347N\004\313c`\305#\317"
 330      E56CF1B9 
 330      BEC5E74E 
 330      04CB6360 
ARM GAS  /var/folders/45/ct_yb_0s4l984dg097s5d1mh0000gp/T//ccVyFSta.s 			page 26


 330      C523CF
 331 074b B2424826 		.ascii	"\262BH&\007\353\271<\362@\347\013e\351\204Pn\363\241"
 331      07EBB93C 
 331      F240E70B 
 331      65E98450 
 331      6EF3A1
 332 075e 6D9B88B6 		.ascii	"m\233\210\266]\234-D\230Lf\376\213w\232\255\361qq\361"
 332      5D9C2D44 
 332      984C66FE 
 332      8B779AAD 
 332      F17171F1 
 333 0772 0E6CC5DA 		.ascii	"\016l\305\332\327\230\235\011V\2635&\316\026g\215O\260"
 333      D7989D09 
 333      56B33526 
 333      CE16678D 
 333      4FB0
 334 0784 99AC81EF 		.ascii	"\231\254\201\357\377f\325\254e\363\347\013Z\247\375"
 334      FF66D5AC 
 334      65F3E70B 
 334      5AA7FD
 335 0793 2F364996 		.ascii	"/6I\226\315\253\234\266\004\247\331a\267\306\307Z\242"
 335      CDAB9CB6 
 335      04A7D961 
 335      B7C6C75A 
 335      A2
 336 07a4 EDEB1212 		.ascii	"\355\353\022\022e\031[\353\354\226\204h\273#\336\034"
 336      65195BEB 
 336      EC968468 
 336      BB23DE1C 
 337 07b4 BF5E36AF 		.ascii	"\277^6\257\263Z#-\011q\221\216x\207-\322fYc\217\\\024"
 337      B35A232D 
 337      0971918E 
 337      78872DD2 
 337      6659638F 
 338 07ca B960DEFC 		.ascii	"\271`\336\374\305\221"
 338      C591
 339 07d0 7F5A1099 		.ascii	"\177Z\020\231\270>\332\"\333\314\324\025\252\231\307"
 339      B83EDA22 
 339      DBCCD415 
 339      AA99C7
 340 07df A9991799 		.ascii	"\251\231\027\231\026\232\346\233\355\016klb\264\315"
 340      169AE69B 
 340      ED0E6B6C 
 340      62B4CD
 341 07ee EC94A3A3 		.ascii	"\354\224\243\243mkM1\202^\242d$\273\303.\377\350\277"
 341      6D6B4D31 
 341      825EA264 
 341      24BBC32E 
 341      FFE8BF
 342 0801 252EBC6B 		.ascii	"%.\274k\215Y\206\255\245\261\261\361\326\245\261\366"
 342      8D5986AD 
 342      A5B1B1F1 
 342      D6A5B1F6 
 343 0811 750E5BF4 		.ascii	"u\016[\364\207v9\346\267k\327:m\362\212\360\267\315"
 343      877639E6 
 343      B76BD73A 
 343      6DF28AF0 
ARM GAS  /var/folders/45/ct_yb_0s4l984dg097s5d1mh0000gp/T//ccVyFSta.s 			page 27


 343      B7CD
 344 0823 4EE393EF 		.ascii	"N\343\223\357\333\344(\331\"':?\322[c$\025Y\347\260"
 344      DBE428D9 
 344      22273A3F 
 344      D25B6324 
 344      1559E7B0 
 345 0837 7D2E633B 		.ascii	"}.c;H\222\022\355\016y\261$\177\366?\012\311\370Px\202"
 345      489212ED 
 345      0E79B124 
 345      7FF63F0A 
 345      C9F85078 
 346 084c 1067B1C6 		.ascii	"\020g\261\306\330\0356\263\204\241\260$\306\312\222"
 346      D81D36B3 
 346      84A1B024 
 346      C6CA92
 347 085b BC61BDCD 		.ascii	"\274a\275\315\211A\321\251\356?\375\277\272wnp\232%"
 347      8941D1A9 
 347      EE3FFDBF 
 347      BA776E70 
 347      9A25
 348 086d 4C04FA42 		.ascii	"L\004\372B\237Z\233#\032\327\0369e\022<f\276D\304\010"
 348      9F5A9B23 
 348      1AD71E39 
 348      65123C66 
 348      BE44C408 
 349 0881 416A5392 		.ascii	"AjS\222\215\222\024c\263\254\227\326X\2346I2\250=\304"
 349      8D921463 
 349      B3AC97D6 
 349      589C3649 
 349      32A83DC4 
 350 0895 94249C5A 		.ascii	"\224$\234Z\233\350\260J\222i\321\302\237\3754\320\323"
 350      9BE8B04A 
 350      9269D1C2 
 350      9FFD34D0 
 350      D3
 351 08a6 D358632C 		.ascii	"\323Xc,\011z\036\352\205\013$9\320\323\010\266\306D"
 351      097A1EEA 
 351      850B2439 
 351      D0D308B6 
 351      C644
 352 08b8 6D70AE72 		.ascii	"mp\256r`\372>\375\241?\235\004\331\217\004\262G\002"
 352      60FA3EFD 
 352      A13F9D04 
 352      D98F04B2 
 352      4702
 353 08ca C1EBE313 		.ascii	"\301\353\343\023d)\221\351NF\235N;\315K?X\271l\345\347"
 353      642991E9 
 353      4E469D4E 
 353      3BCD4B3F 
 353      58B96CE5 
 354 08df 68C4B87E 		.ascii	"h\304\270~\266(\016-\221\025\226\203\364\313\245Q\277"
 354      B6280E2D 
 354      91159683 
 354      F4CBA551 
 354      BF
 355 08f0 FADD072B 		.ascii	"\372\335\007+\214\226\330?[68\261\016c1#?\237\004\011"
 355      8C96D83F 
ARM GAS  /var/folders/45/ct_yb_0s4l984dg097s5d1mh0000gp/T//ccVyFSta.s 			page 28


 355      5B3638B1 
 355      0E633123 
 355      3F9F0409 
 356 0904 4B83E298 		.ascii	"K\203\342\230\227\255\214Z\021e\2465d^\341!\023\347"
 356      97AD8C5A 
 356      1165A635 
 356      645EE121 
 356      13E7
 357 0916 B43B25CC 		.ascii	"\264;%\314\003\215\010#\377k\244\023\304\250Qb\377\006"
 357      038D0823 
 357      FF6BA413 
 357      C4A85162 
 357      FF06
 358 0928 34F9256F 		.ascii	"4\371%o"
 359              		.text
 360              		.section	.gnu.lto_.symtab.4545645ee0423db9,"",%progbits
 361 0000 5F636F72 		.ascii	"_core_init\000"
 361      655F696E 
 361      697400
 362 000b 00       		.ascii	"\000"
 363 000c 00       		.ascii	"\000"
 364 000d 00       		.ascii	"\000"
 365 000e 00000000 		.ascii	"\000\000\000\000\000\000\000\000"
 365      00000000 
 366 0016 C2000000 		.ascii	"\302\000\000\000"
 367 001a 63685F6D 		.ascii	"ch_memcore\000"
 367      656D636F 
 367      726500
 368 0025 00       		.ascii	"\000"
 369 0026 00       		.ascii	"\000"
 370 0027 00       		.ascii	"\000"
 371 0028 00000000 		.ascii	"\000\000\000\000\000\000\000\000"
 371      00000000 
 372 0030 E3000000 		.ascii	"\343\000\000\000"
 373 0034 6368436F 		.ascii	"chCoreAllocAlignedWithOffsetI\000"
 373      7265416C 
 373      6C6F6341 
 373      6C69676E 
 373      65645769 
 374 0052 00       		.ascii	"\000"
 375 0053 00       		.ascii	"\000"
 376 0054 00       		.ascii	"\000"
 377 0055 00000000 		.ascii	"\000\000\000\000\000\000\000\000"
 377      00000000 
 378 005d C8000000 		.ascii	"\310\000\000\000"
 379 0061 6368436F 		.ascii	"chCoreAllocAlignedWithOffset\000"
 379      7265416C 
 379      6C6F6341 
 379      6C69676E 
 379      65645769 
 380 007e 00       		.ascii	"\000"
 381 007f 00       		.ascii	"\000"
 382 0080 00       		.ascii	"\000"
 383 0081 00000000 		.ascii	"\000\000\000\000\000\000\000\000"
 383      00000000 
 384 0089 CA000000 		.ascii	"\312\000\000\000"
 385 008d 6368436F 		.ascii	"chCoreGetStatusX\000"
ARM GAS  /var/folders/45/ct_yb_0s4l984dg097s5d1mh0000gp/T//ccVyFSta.s 			page 29


 385      72654765 
 385      74537461 
 385      74757358 
 385      00
 386 009e 00       		.ascii	"\000"
 387 009f 00       		.ascii	"\000"
 388 00a0 00       		.ascii	"\000"
 389 00a1 00000000 		.ascii	"\000\000\000\000\000\000\000\000"
 389      00000000 
 390 00a9 CD000000 		.ascii	"\315\000\000\000"
 391 00ad 5F5F6865 		.ascii	"__heap_base__\000"
 391      61705F62 
 391      6173655F 
 391      5F00
 392 00bb 00       		.ascii	"\000"
 393 00bc 02       		.ascii	"\002"
 394 00bd 00       		.ascii	"\000"
 395 00be 00000000 		.ascii	"\000\000\000\000\000\000\000\000"
 395      00000000 
 396 00c6 E6000000 		.ascii	"\346\000\000\000"
 397 00ca 5F5F6865 		.ascii	"__heap_end__\000"
 397      61705F65 
 397      6E645F5F 
 397      00
 398 00d7 00       		.ascii	"\000"
 399 00d8 02       		.ascii	"\002"
 400 00d9 00       		.ascii	"\000"
 401 00da 00000000 		.ascii	"\000\000\000\000\000\000\000\000"
 401      00000000 
 402 00e2 E8000000 		.ascii	"\350\000\000\000"
 403              		.text
 404              		.section	.gnu.lto_.opts,"",%progbits
 405 0000 272D666D 		.ascii	"'-fmath-errno' '-fsigned-zeros' '-ftrapping-math' '"
 405      6174682D 
 405      6572726E 
 405      6F272027 
 405      2D667369 
 406 0033 2D666E6F 		.ascii	"-fno-trapv' '-fno-openmp' '-fno-openacc' '-mcpu=cor"
 406      2D747261 
 406      70762720 
 406      272D666E 
 406      6F2D6F70 
 407 0066 7465782D 		.ascii	"tex-m7' '-mno-thumb-interwork' '-mthumb' '-O2' '-fo"
 407      6D372720 
 407      272D6D6E 
 407      6F2D7468 
 407      756D622D 
 408 0099 6D69742D 		.ascii	"mit-frame-pointer' '-falign-functions=16' '-ffuncti"
 408      6672616D 
 408      652D706F 
 408      696E7465 
 408      72272027 
 409 00cc 6F6E2D73 		.ascii	"on-sections' '-fdata-sections' '-fno-common' '-flto"
 409      65637469 
 409      6F6E7327 
 409      20272D66 
 409      64617461 
ARM GAS  /var/folders/45/ct_yb_0s4l984dg097s5d1mh0000gp/T//ccVyFSta.s 			page 30


 410 00ff 2700     		.ascii	"'\000"
 411              		.text
 412              		.comm	__gnu_lto_v1,1,1
 413              		.comm	__gnu_lto_slim,1,1
 414              		.ident	"GCC: (GNU Tools for Arm Embedded Processors 7-2018-q2-update) 7.3.1 20180622 (release) [AR
ARM GAS  /var/folders/45/ct_yb_0s4l984dg097s5d1mh0000gp/T//ccVyFSta.s 			page 31


DEFINED SYMBOLS
                            *ABS*:0000000000000000 chmemcore.c
                            *COM*:0000000000000001 __gnu_lto_v1
                            *COM*:0000000000000001 __gnu_lto_slim

NO UNDEFINED SYMBOLS
