ARM GAS  /var/folders/45/ct_yb_0s4l984dg097s5d1mh0000gp/T//ccYh2lm5.s 			page 1


   1              		.cpu cortex-m7
   2              		.eabi_attribute 20, 1
   3              		.eabi_attribute 21, 1
   4              		.eabi_attribute 23, 3
   5              		.eabi_attribute 24, 1
   6              		.eabi_attribute 25, 1
   7              		.eabi_attribute 26, 1
   8              		.eabi_attribute 30, 2
   9              		.eabi_attribute 34, 1
  10              		.eabi_attribute 18, 4
  11              		.file	"hal.c"
  12              		.section	.gnu.lto_.profile.1e86ebbbdae41878,"",%progbits
  13 0000 789C6363 		.ascii	"x\234cc```\001bF\2064n\000\001O\000}"
  13      60606001 
  13      62468634 
  13      6E00014F 
  13      007D
  14              		.text
  15              		.section	.gnu.lto_.icf.1e86ebbbdae41878,"",%progbits
  16 0000 789C6363 		.ascii	"x\234cc```g@\000F\206\235{\377K3\000\000\012\361\002"
  16      60606067 
  16      40004686 
  16      9D7BFF4B 
  16      3300000A 
  17 0016 9F       		.ascii	"\237"
  18              		.text
  19              		.section	.gnu.lto_.jmpfuncs.1e86ebbbdae41878,"",%progbits
  20 0000 789C6363 		.ascii	"x\234cc``\340g@\000F\006\024\000\000\002}\000\027"
  20      6060E067 
  20      40004606 
  20      14000002 
  20      7D0017
  21              		.text
  22              		.section	.gnu.lto_.inline.1e86ebbbdae41878,"",%progbits
  23 0000 789C6363 		.ascii	"x\234cc``pg@\000F\006\006\336g@\222\011\310f[ \317\004"
  23      60607067 
  23      40004606 
  23      06DE6740 
  23      9209C866 
  24 0018 16E32295 		.ascii	"\026\343\"\225`\000\000\222\346\002z"
  24      60000092 
  24      E6027A
  25              		.text
  26              		.section	.gnu.lto_.pureconst.1e86ebbbdae41878,"",%progbits
  27 0000 789C6363 		.ascii	"x\234cc```\006bF\006\011\000\000}\000#"
  27      60606006 
  27      62460609 
  27      00007D00 
  27      23
  28              		.text
  29              		.section	.gnu.lto_halInit.1e86ebbbdae41878,"",%progbits
  30 0000 789C75D1 		.ascii	"x\234u\321?N\3030\024\006\360\367\331m\032P\001!\301"
  30      3F4EC330 
  30      1406F0F7 
  30      D96D1A50 
  30      0121C1
  31 0013 00E5025D 		.ascii	"\000\345\002]\322{p\013\324\205\001\011\211\036 \206"
ARM GAS  /var/folders/45/ct_yb_0s4l984dg097s5d1mh0000gp/T//ccYh2lm5.s 			page 2


  31      D27B700B 
  31      D4850109 
  31      891E2086 
  32 0023 0E2D1203 		.ascii	"\016-\022\003\003-K\206\302\002L\010A\201\360O\026\007"
  32      032D4B86 
  32      C2024C08 
  32      4181F04F 
  32      1607
  33 0035 60606503 		.ascii	"``e\003\304T\020\235Q\013_Z\006\017\311\223-?\331?\333"
  33      C454109D 
  33      510B5F5A 
  33      060FC993 
  33      2D3FD93F 
  34 004a 7AB62722 		.ascii	"z\266'\"\263Jd\211c\211\035Z\240v\237D6}\005$\211\361"
  34      B34A6489 
  34      63891D5A 
  34      A0769F44 
  34      367D0524 
  35 0060 21A14288 		.ascii	"!\241B\210\035\275\247\361\330\370\210U\371\3100\354"
  35      1DBDA7F1 
  35      D8F88855 
  35      F9C830EC 
  36 0070 FEF78239 		.ascii	"\376\367\2029\266\210\264H\233=\011\234\243,d\257g\303"
  36      B688B448 
  36      9B3D099C 
  36      A32C64AF 
  36      67C3
  37 0082 D694971B 		.ascii	"\326\224\227\033\317\343\002\236\200\311\351s\336\232"
  37      CFE3029E 
  37      80C9E973 
  37      DE9A
  38 0090 E16FC3D8 		.ascii	"\341o\303\330\367C\364\227\213\"M\256\363\022ce[\253"
  38      F743F497 
  38      8B224DAE 
  38      F3126365 
  38      5BAB
  39 00a2 24AB5BE9 		.ascii	"$\253[\351\241\336\371)\2156\361\2448\356\275\024\302"
  39      A1DEF929 
  39      8D36F1A4 
  39      38EEBD14 
  39      C2
  40 00b3 81F1238D 		.ascii	"\201\361#\215\266\346)\350\"\224\210:q'\305t\307\212"
  40      B6E629E8 
  40      2294883A 
  40      7127C574 
  40      C78A
  41 00c5 70E9B8CF 		.ascii	"p\351\270\317\014\307\353q\345\270\203\351t\227\243"
  41      0CC7EB71 
  41      E5B883E9 
  41      7497A3
  42 00d4 BB765C9C 		.ascii	"\273v\\\234\341\362t\261\343\372\031\316\243\273q\353"
  42      E1F274B1 
  42      E3FA19CE 
  42      A3BB71EB 
  43 00e4 98497705 		.ascii	"\230Iw\005\272[\307u3\234Ow\347\270\301\\\272\233\240"
  43      BA5BC775 
  43      339C4F77 
ARM GAS  /var/folders/45/ct_yb_0s4l984dg097s5d1mh0000gp/T//ccYh2lm5.s 			page 3


  43      E7B8C15C 
  43      BA9BA0
  44 00f7 BB77EB98 		.ascii	"\273w\353\230Ow\223t\017\377\356\013[\235\267\026F0"
  44      4F779374 
  44      0FFFEE0B 
  44      5B9DB716 
  44      4630
  45 0109 89267F81 		.ascii	"\211&\177\201?\305'^\014\202\312\270\255\327*\253+k"
  45      3FC5275E 
  45      0C82CAB8 
  45      ADD72AAB 
  45      2B6B
  46 011b 95DA4635 		.ascii	"\225\332F5\031\203\252\374\001\025\320\263\016"
  46      1983AAFC 
  46      0115D0B3 
  46      0E
  47              		.text
  48              		.section	.gnu.lto_.symbol_nodes.1e86ebbbdae41878,"",%progbits
  49 0000 789C55C8 		.ascii	"x\234U\310;\016\3020\020E\321\347\347\304\371\024l\201"
  49      3B0EC230 
  49      1045D1E7 
  49      E7C4F914 
  49      6C81
  50 0012 ADC0CAC6 		.ascii	"\255\300\312\306ED\315\"\274\012jw@\370\367DJ\2315 "
  50      4544CD22 
  50      BC0A6A77 
  50      40F8F744 
  50      4A993520 
  51 0026 CC544C73 		.ascii	"\314TLs\257t\002\200\225+\341\221\002\354G\240\354\020"
  51      AF740280 
  51      952BE191 
  51      02EC47A0 
  51      EC10
  52 0038 B7807B51 		.ascii	"\267\200{Q\234\012\020\343\246\300\223B\003\017\212"
  52      9C0A10E3 
  52      A6C09342 
  52      030F8A
  53 0047 3770A754 		.ascii	"7p\247T\006n\224\332\300\225\022\014\\(\215\201\221"
  53      066E94DA 
  53      C095120C 
  53      5C288D81 
  53      91
  54 0058 D21A3853 		.ascii	"\322\0328S:\003'J\377\017\036=\322\373\343<:d}\213Y"
  54      3A03274A 
  54      FF0F1E3D 
  54      D2FBE33C 
  54      3A647D8B 
  55 006d DF60987E 		.ascii	"\337`\230~\017H\372\032Y_a\326{\014\273e\355A$\275C"
  55      0F48FA1A 
  55      595F61D6 
  55      7B0CBB65 
  55      ED4124BD 
  56 0082 2EC717CF 		.ascii	".\307\027\317\276E\205"
  56      BE4585
  57              		.text
  58              		.section	.gnu.lto_.refs.1e86ebbbdae41878,"",%progbits
  59 0000 789C6363 		.ascii	"x\234cc```\004b\006\000\000D\000\010"
ARM GAS  /var/folders/45/ct_yb_0s4l984dg097s5d1mh0000gp/T//ccYh2lm5.s 			page 4


  59      60606004 
  59      62060000 
  59      440008
  60              		.text
  61              		.section	.gnu.lto_.decls.1e86ebbbdae41878,"",%progbits
  62 0000 789C8593 		.ascii	"x\234\205\223mLSW\030\307\317sO)\245\200\020\263-\272"
  62      6D4C5357 
  62      18C7CF73 
  62      4F29A580 
  62      10B32DBA 
  63 0014 98A5639A 		.ascii	"\230\245c\232\370ai\207:\361\203\337\334T\022\246&\233"
  63      F8616987 
  63      3AF183DF 
  63      DC5412A6 
  63      269B
  64 0026 C9B22F95 		.ascii	"\311\262/\225\025\023\232\260\322\2650M\374r\035:I\347"
  64      15139AB0 
  64      D2B5304D 
  64      FC721D3A 
  64      49E7
  65 0038 264B080B 		.ascii	"&K\010\013\356\005\202\211\321\215D2\001\205\202-/\265"
  65      EE058289 
  65      D18D4432 
  65      0185822D 
  65      2FB5
  66 004a 148A5574 		.ascii	"\024\212Ut\211\331\324\022\335\014\360\001]H\246N\222"
  66      89D9D412 
  66      DD0CF001 
  66      5D48A64E 
  66      92
  67 005b FA9CB77B 		.ascii	"\372\234\267{I\315\340\244\317=o\377\337\377y\316\271"
  67      49CDE0A4 
  67      CF3D6FFF 
  67      DFFF79CE 
  67      B9
  68 006c BD564248 		.ascii	"\275VBH\207\205\220\255\032!\347p\234\301\206C2D\314"
  68      878590AD 
  68      1A21E770 
  68      9CC18643 
  68      3244CC
  69 007f 968F11C6 		.ascii	"\226\217\021\306\030\304\210\310\275\021\214\030F\034"
  69      18C488C8 
  69      BD118C18 
  69      461C
  70 008d 23813181 		.ascii	"#\2011\2011\211\221\"/\267C@\010\305\376\000\306\024"
  70      31899122 
  70      2FB74340 
  70      08C5FE00 
  70      C614
  71 009f 467F966F 		.ascii	"F\177\226oJ\262\023\322+.\275Gd\256\210\314\235\335"
  71      4AB213D2 
  71      2B2EBD47 
  71      64AE88CC 
  71      9DDD
  72 00b1 9A29F40F 		.ascii	"\232)\364\017\015F\362\323p\027\260f(\346\253\000\342"
  72      0D46F2D3 
  72      7017B066 
ARM GAS  /var/folders/45/ct_yb_0s4l984dg097s5d1mh0000gp/T//ccYh2lm5.s 			page 5


  72      28E6AB00 
  72      E2
  73 00c2 893D0B3E 		.ascii	"\211=\013>\317\250\006b\035W5\321I)\233(\004\214\025"
  73      CFA80662 
  73      1D5735D1 
  73      49299B28 
  73      048C15
  74 00d5 4D7A68CA 		.ascii	"Mzh\312\227\377\244\001,u\025\373\"\235jD\350E=&'\226"
  74      97FFA401 
  74      2C7515FB 
  74      229D6A44 
  74      E8453D26 
  75 00eb 3433D912 		.ascii	"43\331\022\344\245Z\211\261m\024e\036\022\344%\314\205"
  75      E4A55A89 
  75      B16D1465 
  75      1E12E425 
  75      CC85
  76 00fd CEF6154D 		.ascii	"\316\366\025M\303=\334\375\230\220&\233\017\330\352"
  76      C33DDCFD 
  76      9890269B 
  76      0FD8EA
  77 010c E38BFA7D 		.ascii	"\343\213\372};\325\370\370\326\277\247:l\324\316\307"
  77      3BD5F8F8 
  77      D6BFA73A 
  77      6CD4CEC7 
  78 011c 67FEE868 		.ascii	"g\376\350h\311uv\352\242\331*\010\364\002U\367\031\313"
  78      C97576EA 
  78      A2D92A08 
  78      F40255F7 
  78      19CB
  79 012e 3C89167D 		.ascii	"<\211\026}Ma\265\0354\234N=N\376\224\217\323W\354P\214"
  79      4D61B51D 
  79      349C4E3D 
  79      4EFE948F 
  79      D357EC50 
  80 0143 D3CE9399 		.ascii	"\323\316\223\231\346\2345-\214kj\320\21358\360\032\364"
  80      E69C352D 
  80      8C6B6AD0 
  80      8B3538F0 
  80      1AF4
  81 0155 C13AB80C 		.ascii	"\301:\270\014\353\260\232~X\203O\237E8\335K\367\015"
  81      EBB09A7E 
  81      58834F9F 
  81      4538DD4B 
  81      F70D
  82 0167 5B4BDAF5 		.ascii	"[K\332\365\366i=\372\350\370\033g\033\364s\2109\230"
  82      F6693DFA 
  82      E8F81B67 
  82      1BF47388 
  82      3998
  83 0179 0A7A80C2 		.ascii	"\012z\200\302%p\262#\364\260\334\320\015\323\000\027"
  83      2570B223 
  83      F4B0DCD0 
  83      0DD30017 
  84 0189 218D2708 		.ascii	"!\215'\010C\011\322'~\233O\347\320\335\274\340\223\177"
  84      4309D227 
  84      7E9B4FE7 
ARM GAS  /var/folders/45/ct_yb_0s4l984dg097s5d1mh0000gp/T//ccYh2lm5.s 			page 6


  84      D0DDBCE0 
  84      937F
  85 019b 857B8AD0 		.ascii	"\205{\212\320iZ\327\243\231\326m\247\273f\364F;O\007"
  85      695AD7A3 
  85      99D66DA7 
  85      BB66F446 
  85      3B4F07
  86 01ae 03A6D180 		.ascii	"\003\246\321\200<\004\014r\203\344\303\273G\350\347"
  86      3C040C72 
  86      83E4C3BB 
  86      47E8E7
  87 01bd 9CFF3516 		.ascii	"\234\3775\026:j\221\374\237m\216\333\361\257\242\373"
  87      3A6A91FC 
  87      9F6D8EDB 
  87      F1AFA2FB 
  88 01cd 047EC5C4 		.ascii	"\004~\305\304\257(<\302\361P\323\370\214\215^\000n\320"
  88      AF283CC2 
  88      F150D3F8 
  88      8C8D5E00 
  88      6ED0
  89 01df 9B68EBCC 		.ascii	"\233h\353\314\223\006#\027\326\317v\353\307r8\0375\371"
  89      93062317 
  89      D6CF76EB 
  89      C772381F 
  89      35F9
  90 01f1 A8E28738 		.ascii	"\250\342\2078?\372\373\\c\016\275#\370\376\205\226\240"
  90      3FFAFB5C 
  90      630EBD23 
  90      F8FE8596 
  90      A0
  91 0202 C41F0CBC 		.ascii	"\304\037\014\274=c\340\303&>\254\360\021\216\247\306"
  91      3D63E0C3 
  91      263EACF0 
  91      118EA7C6 
  92 0212 CF2C16D2 		.ascii	"\317,\026\322\023\342\345\335l>\377\254P\362\013\211"
  92      13E2E5DD 
  92      6C3EFFAC 
  92      50F20B89 
  93 0222 8D49831F 		.ascii	"\215I\203\0375\371Q\305\3078\377\264\2579n\247\335\202"
  93      35F951C5 
  93      C738FFB4 
  93      AF396EA7 
  93      DD82
  94 0234 EF3DDF74 		.ascii	"\357=\337t\\S\371S\333'\014\376\252\311_U|\234\363\341"
  94      5C53F953 
  94      DB270CFE 
  94      AAC95F55 
  94      7C9CF3E1 
  95 0248 C4A3290B 		.ascii	"\304\243)\013M\013\376\237\371\037\326K\374\371\235"
  95      4D0BFE9F 
  95      F91FD64B 
  95      FCF99D
  96 0257 ED61031F 		.ascii	"\355a\003\0373\3611\205'8\376\315\355\330}+\015Q\216"
  96      33F13185 
  96      2738FECD 
  96      EDD87D2B 
  96      0D518E
ARM GAS  /var/folders/45/ct_yb_0s4l984dg097s5d1mh0000gp/T//ccYh2lm5.s 			page 7


  97 026a 0F8FFDF7 		.ascii	"\017\217\375\367}\276\344o\3169\006\014~\334\344\307"
  97      7DBEE46F 
  97      CE39060C 
  97      7EDCE4C7 
  98 027a 153FC1F9 		.ascii	"\025?\301\371_:[\377\316\243=\202\277u\364\333W\325"
  98      5F3A5BFF 
  98      CEA33D82 
  98      BF75F4DB 
  98      57D5
  99 028c DB7BBA71 		.ascii	"\333{\272q\321\300\223&\236T\370$\307[\177>\325E\351"
  99      D1C09326 
  99      9E54F824 
  99      C75B7F3E 
  99      D545E9
 100 029f 3381CF47 		.ascii	"3\201\317G\026f\325\333_h\244\351\357f\215\177\3175"
 100      1666D5DB 
 100      5F68A4E9 
 100      EF668D7F 
 100      CF35
 101 02b1 D3E19A72 		.ascii	"\323\341\232rHq\207\033\307\272~\244\3423\260\260\033"
 101      4871871B 
 101      C7BA7EA4 
 101      E233B0B0 
 101      1B
 102 02c2 983CFD60 		.ascii	"\230<\375`\225\370\014\0348m[|\336\272\252 \244\353"
 102      95F80C1C 
 102      386D5B7C 
 102      DEBAAA20 
 102      A4EB
 103 02d4 5FEAED0D 		.ascii	"_\352\355\015z\336nnv\003\277\203\353\374;\230\202\002"
 103      7ADE6E6E 
 103      7603BF83 
 103      EBFC3B98 
 103      8202
 104 02e6 6EC5FADC 		.ascii	"n\305\372\334\352\312\232r\237\267n\255\323\351\022"
 104      EACA9A72 
 104      9FB76EAD 
 104      D3E912
 105 02f5 BFDAA00B 		.ascii	"\277\332\240\013\327\\\301\200\207\365N\217m\327\236"
 105      D75CC180 
 105      87F54E8F 
 105      6DD79E
 106 0304 FD8E1DA5 		.ascii	"\375\216\035\245\245\344\365\377\225\020k\260\216\231"
 106      A5E4F5FF 
 106      95106BB0 
 106      8E99
 107 0312 BC99ADF0 		.ascii	"\274\231\255\360\372<5\365U\007\331\330\035\254sV\223"
 107      FA3C35F5 
 107      5507D9D8 
 107      1DAC7356 
 107      93
 108 0323 BC4F6B2B 		.ascii	"\274Ok+\003UL\2739[\313w\202\256\017?r\357\331\277\243"
 108      03554CBB 
 108      395BCB77 
 108      82AE0F3F 
 108      72EFD9BF 
 109 0338 E2FDBDA5 		.ascii	"\342\375\275\245[\266\270w\226m-\373\244\\l!m\253\257"
ARM GAS  /var/folders/45/ct_yb_0s4l984dg097s5d1mh0000gp/T//ccYh2lm5.s 			page 8


 109      5BB6B877 
 109      966D2DFB 
 109      A45C6C21 
 109      6DABAF
 110 034b 0CF0446F 		.ascii	"\014\360Do-\227\210\211P\234\033\364{\231\266d\331\242"
 110      2D978889 
 110      509C1BF4 
 110      7B99B664 
 110      D9A2
 111 035d FC5E945A 		.ascii	"\374^\224Z\203\274\244\015\313*\017\006\274xV\364\365"
 111      83BCA40D 
 111      CB2A0F06 
 111      BC7856F4 
 111      F5
 112 036e 1FFA6C45 		.ascii	"\037\372lE_\3240\251\327S\277\242\0245L\352\251\364"
 112      5FD430A9 
 112      D753BFA2 
 112      14354CEA 
 112      A9F4
 113 0380 AD28450D 		.ascii	"\255(E\015J\013\335~\034\327\324T\271\275\010\274\233"
 113      4A0BDD7E 
 113      1CD7D454 
 113      B9BD08BC 
 113      9B
 114 0391 0DF86B03 		.ascii	"\015\370k\003u\354\032?\330\274\311UQ\361\236k\327\276"
 114      75EC1A3F 
 114      D8BCC955 
 114      51F19E6B 
 114      D7BE
 115 03a3 F2BD5F6C 		.ascii	"\362\275_l\022U\011\016=\012\252\227X\274\263\234\005"
 115      1255090E 
 115      3D0AAA97 
 115      58BCB39C 
 115      05
 116 03b4 7FEE2C3B 		.ascii	"\177\356,;|\330Um\320/\000F\\\012\305"
 116      7CD8556D 
 116      D02F0046 
 116      5C0AC5
 117              		.text
 118              		.section	.gnu.lto_.symtab.1e86ebbbdae41878,"",%progbits
 119 0000 68616C49 		.ascii	"halInit\000"
 119      6E697400 
 120 0008 00       		.ascii	"\000"
 121 0009 00       		.ascii	"\000"
 122 000a 00       		.ascii	"\000"
 123 000b 00000000 		.ascii	"\000\000\000\000\000\000\000\000"
 123      00000000 
 124 0013 BB000000 		.ascii	"\273\000\000\000"
 125 0017 7374496E 		.ascii	"stInit\000"
 125      697400
 126 001e 00       		.ascii	"\000"
 127 001f 02       		.ascii	"\002"
 128 0020 00       		.ascii	"\000"
 129 0021 00000000 		.ascii	"\000\000\000\000\000\000\000\000"
 129      00000000 
 130 0029 BD000000 		.ascii	"\275\000\000\000"
 131 002d 626F6172 		.ascii	"boardInit\000"
ARM GAS  /var/folders/45/ct_yb_0s4l984dg097s5d1mh0000gp/T//ccYh2lm5.s 			page 9


 131      64496E69 
 131      7400
 132 0037 00       		.ascii	"\000"
 133 0038 02       		.ascii	"\002"
 134 0039 00       		.ascii	"\000"
 135 003a 00000000 		.ascii	"\000\000\000\000\000\000\000\000"
 135      00000000 
 136 0042 BF000000 		.ascii	"\277\000\000\000"
 137 0046 75617274 		.ascii	"uartInit\000"
 137      496E6974 
 137      00
 138 004f 00       		.ascii	"\000"
 139 0050 02       		.ascii	"\002"
 140 0051 00       		.ascii	"\000"
 141 0052 00000000 		.ascii	"\000\000\000\000\000\000\000\000"
 141      00000000 
 142 005a C1000000 		.ascii	"\301\000\000\000"
 143 005e 73706949 		.ascii	"spiInit\000"
 143      6E697400 
 144 0066 00       		.ascii	"\000"
 145 0067 02       		.ascii	"\002"
 146 0068 00       		.ascii	"\000"
 147 0069 00000000 		.ascii	"\000\000\000\000\000\000\000\000"
 147      00000000 
 148 0071 C3000000 		.ascii	"\303\000\000\000"
 149 0075 7364496E 		.ascii	"sdInit\000"
 149      697400
 150 007c 00       		.ascii	"\000"
 151 007d 02       		.ascii	"\002"
 152 007e 00       		.ascii	"\000"
 153 007f 00000000 		.ascii	"\000\000\000\000\000\000\000\000"
 153      00000000 
 154 0087 C5000000 		.ascii	"\305\000\000\000"
 155 008b 70776D49 		.ascii	"pwmInit\000"
 155      6E697400 
 156 0093 00       		.ascii	"\000"
 157 0094 02       		.ascii	"\002"
 158 0095 00       		.ascii	"\000"
 159 0096 00000000 		.ascii	"\000\000\000\000\000\000\000\000"
 159      00000000 
 160 009e C7000000 		.ascii	"\307\000\000\000"
 161 00a2 69637549 		.ascii	"icuInit\000"
 161      6E697400 
 162 00aa 00       		.ascii	"\000"
 163 00ab 02       		.ascii	"\002"
 164 00ac 00       		.ascii	"\000"
 165 00ad 00000000 		.ascii	"\000\000\000\000\000\000\000\000"
 165      00000000 
 166 00b5 C9000000 		.ascii	"\311\000\000\000"
 167 00b9 63616E49 		.ascii	"canInit\000"
 167      6E697400 
 168 00c1 00       		.ascii	"\000"
 169 00c2 02       		.ascii	"\002"
 170 00c3 00       		.ascii	"\000"
 171 00c4 00000000 		.ascii	"\000\000\000\000\000\000\000\000"
 171      00000000 
 172 00cc CB000000 		.ascii	"\313\000\000\000"
ARM GAS  /var/folders/45/ct_yb_0s4l984dg097s5d1mh0000gp/T//ccYh2lm5.s 			page 10


 173 00d0 5F70616C 		.ascii	"_pal_lld_init\000"
 173      5F6C6C64 
 173      5F696E69 
 173      7400
 174 00de 00       		.ascii	"\000"
 175 00df 02       		.ascii	"\002"
 176 00e0 00       		.ascii	"\000"
 177 00e1 00000000 		.ascii	"\000\000\000\000\000\000\000\000"
 177      00000000 
 178 00e9 CD000000 		.ascii	"\315\000\000\000"
 179 00ed 68616C5F 		.ascii	"hal_lld_init\000"
 179      6C6C645F 
 179      696E6974 
 179      00
 180 00fa 00       		.ascii	"\000"
 181 00fb 02       		.ascii	"\002"
 182 00fc 00       		.ascii	"\000"
 183 00fd 00000000 		.ascii	"\000\000\000\000\000\000\000\000"
 183      00000000 
 184 0105 CF000000 		.ascii	"\317\000\000\000"
 185              		.text
 186              		.section	.gnu.lto_.opts,"",%progbits
 187 0000 272D666D 		.ascii	"'-fmath-errno' '-fsigned-zeros' '-ftrapping-math' '"
 187      6174682D 
 187      6572726E 
 187      6F272027 
 187      2D667369 
 188 0033 2D666E6F 		.ascii	"-fno-trapv' '-fno-openmp' '-fno-openacc' '-mcpu=cor"
 188      2D747261 
 188      70762720 
 188      272D666E 
 188      6F2D6F70 
 189 0066 7465782D 		.ascii	"tex-m7' '-mno-thumb-interwork' '-mthumb' '-O2' '-fo"
 189      6D372720 
 189      272D6D6E 
 189      6F2D7468 
 189      756D622D 
 190 0099 6D69742D 		.ascii	"mit-frame-pointer' '-falign-functions=16' '-ffuncti"
 190      6672616D 
 190      652D706F 
 190      696E7465 
 190      72272027 
 191 00cc 6F6E2D73 		.ascii	"on-sections' '-fdata-sections' '-fno-common' '-flto"
 191      65637469 
 191      6F6E7327 
 191      20272D66 
 191      64617461 
 192 00ff 2700     		.ascii	"'\000"
 193              		.text
 194              		.comm	__gnu_lto_v1,1,1
 195              		.comm	__gnu_lto_slim,1,1
 196              		.ident	"GCC: (GNU Tools for Arm Embedded Processors 7-2018-q2-update) 7.3.1 20180622 (release) [AR
ARM GAS  /var/folders/45/ct_yb_0s4l984dg097s5d1mh0000gp/T//ccYh2lm5.s 			page 11


DEFINED SYMBOLS
                            *ABS*:0000000000000000 hal.c
                            *COM*:0000000000000001 __gnu_lto_v1
                            *COM*:0000000000000001 __gnu_lto_slim

NO UNDEFINED SYMBOLS
