ARM GAS  /var/folders/45/ct_yb_0s4l984dg097s5d1mh0000gp/T//cclvJmtV.s 			page 1


   1              		.cpu cortex-m7
   2              		.eabi_attribute 20, 1
   3              		.eabi_attribute 21, 1
   4              		.eabi_attribute 23, 3
   5              		.eabi_attribute 24, 1
   6              		.eabi_attribute 25, 1
   7              		.eabi_attribute 26, 1
   8              		.eabi_attribute 30, 2
   9              		.eabi_attribute 34, 1
  10              		.eabi_attribute 18, 4
  11              		.file	"hal_pal.c"
  12              		.section	.gnu.lto_.profile.ed2922a2af9a6ec,"",%progbits
  13 0000 789C6363 		.ascii	"x\234cc```\001bF\006\015\031\000\000\344\000P"
  13      60606001 
  13      6246060D 
  13      190000E4 
  13      0050
  14              		.text
  15              		.section	.gnu.lto_.icf.ed2922a2af9a6ec,"",%progbits
  16 0000 789C6363 		.ascii	"x\234cc``\020a@\000f\206\305\215]\033\271\031_\317\353"
  16      60601061 
  16      40006686 
  16      C58D5D1B 
  16      B9195FCF 
  17 0015 9BCACDF4 		.ascii	"\233\312\315\364\266\357\356>\016\006\000Vt\010`"
  17      B6EFEE3E 
  17      0E060056 
  17      740860
  18              		.text
  19              		.section	.gnu.lto_.jmpfuncs.ed2922a2af9a6ec,"",%progbits
  20 0000 789C6363 		.ascii	"x\234cc``hf@\000f\006FF\306\3729@\212\211\221\221\031"
  20      60606866 
  20      40006606 
  20      4646C6FA 
  20      39408A89 
  21 0017 C4006246 		.ascii	"\304\000bF&\030\207q\0163\023\033\003\003\343\001\026"
  21      26188771 
  21      0E33131B 
  21      0303E301 
  21      16
  22 0028 460620FE 		.ascii	"F\006 \376\017\004\374\014h|F\306)\314\214\323Z\017"
  22      0F04FC0C 
  22      687C46C6 
  22      29CC8CD3 
  22      5A0F
  23 003a 9D67EF66 		.ascii	"\235g\357f\006\352ed`\334\314(\003\024z\275g\303\015"
  23      06EA6564 
  23      60DCCC28 
  23      03147ABD 
  23      67C30D
  24 004d 56881044 		.ascii	"V\210\020D\335\026F\031\246JF\014\323\000\214y&%"
  24      DD164619 
  24      A64A460C 
  24      D3008C79 
  24      2625
  25              		.text
  26              		.section	.gnu.lto_.inline.ed2922a2af9a6ec,"",%progbits
ARM GAS  /var/folders/45/ct_yb_0s4l984dg097s5d1mh0000gp/T//cclvJmtV.s 			page 2


  27 0000 789C6363 		.ascii	"x\234cc``\370\316\200\000\314\014\014\234\034\214\314"
  27      6060F8CE 
  27      8000CC0C 
  27      0C9C1C8C 
  27      CC
  28 0011 0C0A8C20 		.ascii	"\014\012\214 &\210t\000\223\012\034l\037\364\030\330"
  28      26887400 
  28      930A1C6C 
  28      1FF418D8 
  29 0021 16C83331 		.ascii	"\026\310310\276`g\201\220 \202\003\314\344\000\021\002"
  29      30BE6067 
  29      81902082 
  29      03CCE400 
  29      1102
  30 0033 60A600C8 		.ascii	"`\246\000\310\030F\006>^F\026F\240N\210!\012HF1p3]\340"
  30      1846063E 
  30      5E461646 
  30      A04E8821 
  30      0A484631 
  31 004b 87180564 		.ascii	"\207\030\005d\240\030\302\262@\236\007j\022\363\016"
  31      A018C2B2 
  31      409E076A 
  31      12F30E
  32 005a 710106A0 		.ascii	"q\001\006\240\2352 \276\002X^\001d2\023\003\2670\212"
  32      9D3220BE 
  32      02585E01 
  32      64321303 
  32      B7308A
  33 006d FBA04673 		.ascii	"\373\240Fs\002\345\210s\036\320R\011\220I,\274@\357"
  33      02E58873 
  33      1ED05209 
  33      90492CBC 
  33      40EF
  34 007f 4EF00341 		.ascii	"N\360\003A\006\000\373F \246"
  34      0600FB46 
  34      20A6
  35              		.text
  36              		.section	.gnu.lto_.pureconst.ed2922a2af9a6ec,"",%progbits
  37 0000 789C6363 		.ascii	"x\234cc```\007bf\006)F)&I\000\001\274\000a"
  37      60606007 
  37      62660629 
  37      46292649 
  37      0001BC00 
  38              		.text
  39              		.section	.gnu.lto_palReadBus.ed2922a2af9a6ec,"",%progbits
  40 0000 789C9591 		.ascii	"x\234\225\221\317K[A\020\307\347\373\346e\363b\215\377"
  40      CF4B5B41 
  40      10C7E7FB 
  40      E665F362 
  40      8DFF
  41 0012 40A5A420 		.ascii	"@\245\244 \210\227\274\377\302\177\243\250\027\017\201"
  41      8897BCFF 
  41      C27FA3A8 
  41      170F81
  42 0021 8AA1E0CD 		.ascii	"\212\241\340\315M\374\215\025D\252BxJ\016\212P(*\246"
  42      4DFC8D15 
  42      44AA4278 
ARM GAS  /var/folders/45/ct_yb_0s4l984dg097s5d1mh0000gp/T//cclvJmtV.s 			page 3


  42      4A0E8A50 
  42      282AA6
  43 0034 8D4D6DFB 		.ascii	"\215Mm\373\232\2027[\365 \012\236\332\223\"\322\212"
  43      9A82375B 
  43      F5200A9E 
  43      DA9322D2 
  43      8A
  44 0045 47B19DD9 		.ascii	"G\261\235\331(\344\340Exovfw\3463\337\3315D4\344\021"
  44      28E4E045 
  44      786F7666 
  44      77E633DF 
  44      D9354434 
  45 005b 75C8FA54 		.ascii	"u\310\372T~0\301\233\375AT\010<@\035\033\200\206=\014"
  45      7E30C19B 
  45      FD415408 
  45      3C401D1B 
  45      80863D0C 
  46 006f E335BF61 		.ascii	"\3435\277a\034\214nD<\315\221\244\371\022\376\335+\375"
  46      1C8C6E44 
  46      3CCD91A4 
  46      F912FEDD 
  46      2BFD
  47 0081 6ED310C8 		.ascii	"n\323\020\310Hxq\271[i\355Z\263\266h\343\3059\263\\"
  47      487871B9 
  47      5B69ED5A 
  47      B3B668E3 
  47      C539B35C 
  48 0095 D9B7A988 		.ascii	"\331\267\251\210=Z\220\364\012\332\261\205v\355\361"
  48      3D5A90F4 
  48      0ADAB185 
  48      76EDF1
  49 00a4 1E5D923C 		.ascii	"\036]\222<v\2608\316\374\034$\376\311\237\267\247m\235"
  49      76B038CE 
  49      FC1C24FE 
  49      C99FB7A7 
  49      6D9D
  50 00b6 ABAEF07A 		.ascii	"\253\256\360z\205mG\304\214\017\340\346B\331\"T\321"
  50      856D47C4 
  50      8C0FE0E6 
  50      42D92254 
  50      D1
  51 00c7 A9F9BF36 		.ascii	"\251\371\2776o\347\323\306/3)[\220\3330\004q\326\017"
  51      6FE7D3C6 
  51      2F33295B 
  51      90DB3004 
  51      71D60F
  52 00da 13B1BDFD 		.ascii	"\023\261\275\3757a\343\323U,u\247<)\363YL\302\027c\022"
  52      3761E3D3 
  52      552C75A7 
  52      3C29F359 
  52      4CC21763 
  53 00ef EA193549 		.ascii	"\352\0315I(+ \225G\223\302\220YmLS\022\2127\022\323"
  53      282B2095 
  53      4793C290 
  53      596D4C53 
  53      128A3712 
  54 0104 398AB5B3 		.ascii	"9\212\265\263\231\357F\321%\366\244\351\302X\375gR\207"
ARM GAS  /var/folders/45/ct_yb_0s4l984dg097s5d1mh0000gp/T//cclvJmtV.s 			page 4


  54      99EF46D1 
  54      25F6A4E9 
  54      C258FD67 
  54      5287
  55 0116 65A779A7 		.ascii	"e\247y\247\276\267k\312X.Xk3\021'K\234\304G\035P\357"
  55      BEB76BCA 
  55      582E586B 
  55      3311274B 
  55      9CC4471D 
  56 012c 657AEE18 		.ascii	"ez\356\030\341;;\353\216\002\324P\306\274\012%|B(\354"
  56      E13B3BEB 
  56      8E02D450 
  56      C6BC0A25 
  56      7C4228EC 
  57 0140 7A2DD500 		.ascii	"z-\325\000s38\365\020\270E\272c\347\016|T\255U\323\002"
  57      733338F5 
  57      10B845BA 
  57      63E70E7C 
  57      54AD55D3 
  58 0155 1E2DE8D1 		.ascii	"\036-\350\321\023|v`\235\034_\034\270x\017\366\037%"
  58      137C7660 
  58      9D1C5F1C 
  58      B8780FF6 
  58      1F25
  59 0167 B1155F1D 		.ascii	"\261\025_\035\311SR\354H#W\343h\240\022\"S\200\315t"
  59      C95352EC 
  59      482357E3 
  59      68A01222 
  59      5380CD74 
  60 017b F3287A1A 		.ascii	"\363(z\032\337\034\335=U\275A\277\271\247\007\256\201"
  60      DF1CDD3D 
  60      55BD41BF 
  60      B9A707AE 
  60      81
  61 018c A14B1433 		.ascii	"\241K\0243w;zQ\2232\225\274\204\010z\226\315\206\215"
  61      773B7A51 
  61      933295BC 
  61      84087A96 
  61      CD868D
  62 019f EF653EEC 		.ascii	"\357e>\354\357\311\205\371\301>]_\014\364\344\262}\304"
  62      EFC985F9 
  62      C13E5D5F 
  62      0CF4E4B2 
  62      7DC4
  63 01b1 BDAFF2FF 		.ascii	"\275\257\362\377\001\201\326\314b"
  63      0181D6CC 
  63      62
  64              		.text
  65              		.section	.gnu.lto_palWriteBus.ed2922a2af9a6ec,"",%progbits
  66 0000 789C9553 		.ascii	"x\234\225SKk\023a\024\375\316\334\231\311\253I\273\024"
  66      4B6B1361 
  66      14FDCEDC 
  66      99C9AB49 
  66      BB14
  67 0012 2C524109 		.ascii	",RA\011\331d\376\205\177\300\037P\332l\024\012\212\321"
  67      D964FE85 
  67      7FC01F50 
ARM GAS  /var/folders/45/ct_yb_0s4l984dg097s5d1mh0000gp/T//cclvJmtV.s 			page 5


  67      DA6C140A 
  67      8AD1
  68 0024 75276993 		.ascii	"u'i\223V\253P\304\244\020\246%T\214\"\210\212\217\330"
  68      56AB50C4 
  68      A410A625 
  68      548C2288 
  68      8A8FD8
  69 0037 B4D6316A 		.ascii	"\264\3261j\335\264J\213\210\202+\005\027\202\222\202"
  69      DDB44A8B 
  69      88822B05 
  69      17829282 
  70 0047 0B1725F1 		.ascii	"\013\027%\361\336o\022\215\322M\207\231;\367y\356\231"
  70      DE6F128D 
  70      D24D8799 
  70      3BF779EE 
  70      99
  71 0058 3333B652 		.ascii	"33\266R\352$)\225\342\373a\276@\012\306\374\033\245"
  71      EA242995 
  71      E2FB61BE 
  71      400AC6FC 
  71      1BA5
  72 006a 72610310 		.ascii	"ra\003\020\307\015CM\032\230\304e\272Fh\316|]1R7]>\374"
  72      C70D434D 
  72      1A98C465 
  72      BA4668CE 
  72      7C5D3152 
  73 0082 859F76D1 		.ascii	"\205\237v\321-\034\362x\274\314\227\034x\200\024wmO"
  73      2D1CF278 
  73      BCCC971C 
  73      78801477 
  73      6D4F
  74 0094 DFF3688E 		.ascii	"\337\363h\216<\002L\016w\267*_\022\022\032\030\341\260"
  74      3C024C0E 
  74      77B72A5F 
  74      12121A18 
  74      E1B0
  75 00a6 B0BD5024 		.ascii	"\260\275P$:\012\305\376\307\326\355O\211\344\015\327"
  75      3A0AC5FE 
  75      C7D6ED4F 
  75      89E40DD7 
  76 00b6 CDBBFEDE 		.ascii	"\315\273\376\336ur\217yDx\014b@<\3020\036bXqJ\241\216"
  76      75728F79 
  76      44780C62 
  76      403CC230 
  76      1E625871 
  77 00cd 24B72FB6 		.ascii	"$\267/\266\227_\307\350\270\036\255\255{\231\356\344"
  77      975FC7E8 
  77      B81EADAD 
  77      7B99EEE4 
  78 00dd 664D4F9A 		.ascii	"fMO\232x\362\377\244\251\260\202\244\264\177\276\337"
  78      78F2FFA4 
  78      A9B082A4 
  78      B47FBEDF 
  79 00ed 2EC56DB3 		.ascii	".\305m\263\332c\213\006l\005v\356\356X\276\333\356\314"
  79      DA638B06 
  79      6C0576EE 
  79      EE58BEDB 
ARM GAS  /var/folders/45/ct_yb_0s4l984dg097s5d1mh0000gp/T//cclvJmtV.s 			page 6


  79      EECC
  80 00ff 30811A3A 		.ascii	"0\201\032:'\006\001\0311x\330\"1\246\030\213\215m\213"
  80      27060119 
  80      3178D822 
  80      31A6188B 
  80      8D6D8B
  81 0112 09491816 		.ascii	"\011I\030\026\023\021\023e\023\212\211\027\207\220T"
  81      13111365 
  81      138A8917 
  81      879054
  82 0121 6A96D159 		.ascii	"j\226\321Y8\327W\027\311\020o\312W\337\220o\027\277"
  82      38D75717 
  82      C9106FCA 
  82      57DF906F 
  82      17BF
  83 0133 D7076469 		.ascii	"\327\007di\205\214\012AR\215H\020\213\260\345B\363m"
  83      858C0A41 
  83      528D4810 
  83      8BB0E542 
  83      F36D
  84 0145 483422FD 		.ascii	"H4\"\375pk\315\255\015\273\212\245\034\013=\342Q\270"
  84      706BCDAD 
  84      0DBB8AA5 
  84      1C0B3DE2 
  84      51B8
  85 0157 4271ACF2 		.ascii	"Bq\254\362\023Imw\356\352\0078w\334y]\212`\015U\224"
  85      13496D77 
  85      EEEA0738 
  85      77DC795D 
  85      8A600D55 
  86 016c F40BC053 		.ascii	"\364\013\300S8\014<\265WD\200l\352e\324\277\314:\020"
  86      380C3CB5 
  86      5744806C 
  86      EA65D4BF 
  86      CC3A10
  87 017f 7A14EB1A 		.ascii	"z\024\353\032]\204\302\263\000\275\334C\357\242\355"
  87      5D84C2B3 
  87      00BDDC43 
  87      EFA2ED
  88 018e B4361763 		.ascii	"\2646\027cB\335\306\020|\206\341\236V\257'\244I\330"
  88      42DDC610 
  88      7C86E19E 
  88      56AF27A4 
  88      49D8
  89 01a0 FFB0E27D 		.ascii	"\377\260\342}\010X\375\355\213\350\264\325\3174z \246"
  89      0858FDED 
  89      8BE8B4D5 
  89      CF347A20 
  89      A6
  90 01b1 313CD74C 		.ascii	"1<\327L\015a\332\014\230\376\352\241\3074\221\010\347"
  90      0D61DA0C 
  90      98FEEAA1 
  90      C7349108 
  90      E7
  91 01c2 9AEF2EE9 		.ascii	"\232\357.\351\\\277\344\003\373I\036g\002x\321]\365"
  91      5CBFE403 
  91      FB491E67 
ARM GAS  /var/folders/45/ct_yb_0s4l984dg097s5d1mh0000gp/T//cclvJmtV.s 			page 7


  91      0278D15D 
  91      F5
  92 01d3 BEDEA8C7 		.ascii	"\276\336\250\307y\325tNJ\011\274\324\253Ds.\256.-\337"
  92      79D5744E 
  92      4A09BCD4 
  92      AB44732E 
  92      AE2E2DDF 
  93 01e7 C29FE220 		.ascii	"\302\237\342 ^\301)\361\207\30746\340\360n\365\003\371"
  93      5EC129F1 
  93      87C73436 
  93      E0F06EF5 
  93      03F9
  94 01f9 6AE78A5E 		.ascii	"j\347\212^\253\377\222Y\226\223\277\013fz$\235v\202"
  94      ABFF9259 
  94      9693BF0B 
  94      667A249D 
  94      7682
  95 020b F34CD639 		.ascii	"\363L\326956\341d\317e\344>zvl\"\235Q4~!k\216\237>\237"
  95      3536E164 
  95      CF65E43E 
  95      7A766C22 
  95      9D51347E 
  96 0225 FD0D61CC 		.ascii	"\375\015a\314\013\242"
  96      0BA2
  97              		.text
  98              		.section	.gnu.lto_palSetBusMode.ed2922a2af9a6ec,"",%progbits
  99 0000 789C9592 		.ascii	"x\234\225\222MK[A\024\206\317;\347\346\336D\253\353"
  99      4D4B5B41 
  99      1486CF3B 
  99      E7E6DE44 
  99      ABEB
 100 0012 4283A4D0 		.ascii	"B\203\244\320\022\262\311\375\031\376\214bS\241\210"
 100      12B2C9FD 
 100      19FE8C62 
 100      53A188
 101 0021 A234749D 		.ascii	"\2424t\23516Q\261Pik\204x\221,\232\012\202\250\370\321"
 101      313651B1 
 101      50696B84 
 101      78912C9A 
 101      0A82A8F8 
 102 0036 46ADDE66 		.ascii	"F\255\336f\321\225Zt\325\342\307\242\005\241%\025\305"
 102      D1955A74 
 102      D5E2C7A2 
 102      05A12515 
 102      C5
 103 0047 6D6B7B66 		.ascii	"mk{f\322.\352\316\341\316\314\231;\347}\346\235\303"
 103      D22EEACE 
 103      E1CECC99 
 103      3BE77DE6 
 103      9DC3
 104 0059 B844D4A3 		.ascii	"\270D\324\243\210R2\337\222\016&\250\361]\242\301\250"
 104      885232DF 
 104      920E26A8 
 104      F15DA2C1 
 104      A8
 105 006a 024CA0A3 		.ascii	"\002L\240\243\240\234B\016O\371%\243>|RS\251\031--\234"
 105      A09C420E 
ARM GAS  /var/folders/45/ct_yb_0s4l984dg097s5d1mh0000gp/T//cclvJmtV.s 			page 8


 105      4FF925A3 
 105      3E7C5253 
 105      A9192D2D 
 106 007f DCF78ABA 		.ascii	"\334\367\212\272p3`\242\222t\323\260\204\224d\355=Y"
 106      703360A2 
 106      9274D3B0 
 106      849464ED 
 106      3D59
 107 0091 08788C03 		.ascii	"\010x\214\003\006\034Y\236\357\224\277\266\233\245B"
 107      061C599E 
 107      EF94BFB6 
 107      9BA542
 108 00a0 429685BD 		.ascii	"B\226\205\275\311\"\363m\220\304\237\317f\017\333\223"
 108      C922F36D 
 108      90C49FCF 
 108      660FDB93 
 109 00b0 55ADF33A 		.ascii	"U\255\363:\334~\305\372N\300\214U\260\000\261\2028\226"
 109      DC7EC5FA 
 109      4EC08C55 
 109      B000B182 
 109      3896
 110 00c2 1127F945 		.ascii	"\021'\371Ex\203\244\244_,U_\264\362]+=>]\236j\371+\375"
 110      7883A4A4 
 110      5F2C555F 
 110      B4F25D2B 
 110      3D3E5D9E 
 111 00da 59B55207 		.ascii	"Y\265R\007o\257J\035B\015I\223\377e\361r\242\315u*\377"
 111      6FAF4A1D 
 111      420D4993 
 111      FF65F172 
 111      A2CD752A 
 112 00ef EC620D2E 		.ascii	"\354b\015.A\202\371\375H\250/\177\017\353\260\361\032"
 112      4182F9FD 
 112      48A82F7F 
 112      0FEBB0F1 
 112      1A
 113 0100 479D3125 		.ascii	"G\2351%\262\010\313\340:2x\021\023\2710\016<X\030\215"
 113      B208CBE0 
 113      3A327811 
 113      13B9300E 
 113      3C58188D 
 114 0114 885E6AA3 		.ascii	"\210^j\243C\032ee\242\241\220\276#\277\366\355G\306"
 114      431A6565 
 114      A2A190BE 
 114      23BFF6ED 
 114      47C6
 115 0126 50CBACE4 		.ascii	"P\313\254\344\274R\241\376\3213\267fkw\243\276\363\301"
 115      BC52A1FE 
 115      D133B766 
 115      6B77A3BE 
 115      F3C1
 116 0138 AD607A50 		.ascii	"\255`zPJ\227\0108Zf\027\353b\321\354\235\217=\377\004"
 116      4A970838 
 116      5A6617EB 
 116      62D1EC9D 
 116      8F3DFF04 
 117 014c 7F4E8FDB 		.ascii	"\177N\217\333\255\0306P\301\204-)\336\301\267\350X\023"
ARM GAS  /var/folders/45/ct_yb_0s4l984dg097s5d1mh0000gp/T//cclvJmtV.s 			page 9


 117      AD183650 
 117      C1842D29 
 117      DEC1B7E8 
 117      5813
 118 015e CCD722B5 		.ascii	"\314\327\"\265`\323\222\314-\261\365?\311\271\026\251"
 118      60D392CC 
 118      2DB1F53F 
 118      C9B916A9 
 119 016e 15A12529 		.ascii	"\025\241%)CzoICgE4Q\021\361%@j\240\230\260U\025y\255"
 119      437A6F49 
 119      43674534 
 119      5111F125 
 119      406AA098 
 120 0187 D638F072 		.ascii	"\3268\360r\277t4\340\033%c\000u\344H*c\323\275\200\333"
 120      BF7434E0 
 120      1B256300 
 120      75E4482A 
 120      63D3BD80 
 121 019c E814F9CA 		.ascii	"\350\024\371\312\3723\313\260\217gD\322\244\226rDG:"
 121      FA33CBB0 
 121      8F6744D2 
 121      A4967244 
 121      473A
 122 01ae ED37BFFE 		.ascii	"\3557\277\376\254\377\260\253\327\317>\312\230\371\336"
 122      ACFFB0AB 
 122      D7CF3ECA 
 122      98F9DE
 123 01bd 40576F3A 		.ascii	"@Wo:C|\377q\326\351\353\177\320\375\007Ru\312b"
 123      437CFF71 
 123      D6E9EB7F 
 123      D0FD0752 
 123      75CA62
 124              		.text
 125              		.section	.gnu.lto_.symbol_nodes.ed2922a2af9a6ec,"",%progbits
 126 0000 789C6363 		.ascii	"x\234cc``\010\004b\006\246\323L\365\014\014\023\316"
 126      60600804 
 126      6206A6D3 
 126      4CF50C0C 
 126      13CE
 127 0012 313000A9 		.ascii	"10\000\251]\015\216@\2213L\365\214\250\"g\231\352\231"
 127      5D0D8E40 
 127      91334CF5 
 127      8CA82267 
 127      99EA99
 128 0025 5044182F 		.ascii	"PD\030/0\3253\203E\030\030\032\032\034\030\030\230\231"
 128      30D53383 
 128      4518181A 
 128      1A1C1818 
 128      9899
 129 0037 9819963C 		.ascii	"\230\031\226<\374\307\310\000\000f\356\024\317"
 129      FCC7C800 
 129      0066EE14 
 129      CF
 130              		.text
 131              		.section	.gnu.lto_.refs.ed2922a2af9a6ec,"",%progbits
 132 0000 789C6363 		.ascii	"x\234cc```\004b\006\000\000D\000\010"
 132      60606004 
ARM GAS  /var/folders/45/ct_yb_0s4l984dg097s5d1mh0000gp/T//cclvJmtV.s 			page 10


 132      62060000 
 132      440008
 133              		.text
 134              		.section	.gnu.lto_.decls.ed2922a2af9a6ec,"",%progbits
 135 0000 789CB558 		.ascii	"x\234\265XmP\024G\032\236\236\336\205eX\300\002\357"
 135      6D501447 
 135      1A9E9EDE 
 135      856558C0 
 135      02EF
 136 0012 CA3B39CB 		.ascii	"\312;9\3132D\367\356\002\253p\271\363G\256*1z\321\234"
 136      3244F7EE 
 136      02AB70B9 
 136      F347AE2A 
 136      317AD19C 
 137 0026 1E162695 		.ascii	"\036\026&\225\363\317m\366`\325\255 p\354\222\252\374"
 137      F3CF6DF6 
 137      60D5AD20 
 137      70EC92AA 
 137      FC
 138 0037 BA8145C5 		.ascii	"\272\201E\305\257\004\374@\005\215\004\024\203(`\202"
 138      AF04FC40 
 138      058D0414 
 138      83286082 
 139 0047 0AA2808B 		.ascii	"\012\242\200\213\010bPDE\301/\374FE\345\303\240|\010"
 139      08625044 
 139      45C12FFC 
 139      4645E5C3 
 139      A07C08
 140 005a F776F7CC 		.ascii	"\367v\367\314\316\260\2621uU\231\242\267\247{\336~\237"
 140      CEB0B231 
 140      755599A2 
 140      B7A77BDE 
 140      7E9F
 141 006c E77DFAED 		.ascii	"\347}\372\355\356\031\2748\216{\024\304q\037a\216\333"
 141      EE19BC38 
 141      8E7B14C4 
 141      711F618E 
 141      DB
 142 007d 8E386E04 		.ascii	"\2168n\004.\015\364\035\207\002]\3348\350sB\035\010"
 142      2E0DF41D 
 142      87025DDC 
 142      38E87342 
 142      1D08
 143 008f 35B9C8B3 		.ascii	"5\271\310\263\337\300\375$(o@\371\275\324\257\276\""
 143      DFC0FD24 
 143      286F40F9 
 143      BDD4AFBE 
 143      22
 144 00a0 788EF327 		.ascii	"x\216\363'c\240\214\347\330x\342g\020\352iP\026C\011"
 144      63A08CE7 
 144      D878E267 
 144      10EA6950 
 144      164309
 145 00b3 80F61FA0 		.ascii	"\200\366\037\240\374\021\312\000\264\353\240\274\005"
 145      FC11CA00 
 145      B4EBA0BC 
 145      05
ARM GAS  /var/folders/45/ct_yb_0s4l984dg097s5d1mh0000gp/T//cclvJmtV.s 			page 11


 146 00c0 F7A18861 		.ascii	"\367\241\210axC\375\004j\001j_(H\302%\365;n\230\177"
 146      7843FD04 
 146      6A016A5F 
 146      2848C225 
 146      F53B6E98 
 147 00d5 05BC7150 		.ascii	"\005\274qP\177\252\302\224y\313x\203\022&\361\377\226"
 147      7FAAC294 
 147      79CB7883 
 147      1226F1FF 
 147      96
 148 00e6 1BF64D09 		.ascii	"\033\366M\011_\3131,\202I\360\237C\373\032\3070'I\330"
 148      5FCB312C 
 148      8249F09F 
 148      43FB1AC7 
 148      302749D8 
 149 00fa EFB9617F 		.ascii	"\357\271a\177 \305\352\216\035\350!^\031\177\026\024"
 149      20C5EA8E 
 149      1DE8215E 
 149      197F1614 
 150 010a 03621A7B 		.ascii	"\003b\032{#\005\027\334\271t%P\037\272\341m\302\350"
 150      230517DC 
 150      B9742550 
 150      1FBAE16D 
 150      C2E8
 151 011c 5C6AC976 		.ascii	"\\j\311v\274\026\243@\001i\240\331\335\230u\333\037"
 151      BC16A340 
 151      0169A0D9 
 151      DD9875DB 
 151      1F
 152 012d 9AE30534 		.ascii	"\232\343\0054\031\232Y\025\317\032\264\354\251\016\232"
 152      199A5915 
 152      CF1AB4EC 
 152      A90E9A
 153 013c 23F925AB 		.ascii	"#\371%\253u\230Gd\340\265\372\202B2p\232\200\3104\007"
 153      75984764 
 153      E0B5FA82 
 153      4232709A 
 153      80C83407 
 154 0150 40577167 		.ascii	"@Wqgy\277\037\353\"\026\271eye\032\354M\357\277n\372"
 154      79BF1FEB 
 154      2216B965 
 154      79651AEC 
 154      4DEFBF6E 
 155 0165 2E326C9F 		.ascii	".2l\237\310.\335\002\016\225#,Sh\376\252g\2277\016#"
 155      C82EDD02 
 155      0E95232C 
 155      5368FEAA 
 155      6797370E 
 156 017a 76FC8DD6 		.ascii	"v\374\215\326\301\253\376H0\244\211b\212\230\343\020"
 156      C1ABFE48 
 156      30A48962 
 156      8A98E310 
 157 018a 7DE672A8 		.ascii	"}\346r\250\024\005\243\357Q0\207\216!\003\361}\004\205"
 157      1405A3EF 
 157      5130878E 
 157      2103F17D 
 157      0485
ARM GAS  /var/folders/45/ct_yb_0s4l984dg097s5d1mh0000gp/T//cclvJmtV.s 			page 12


 158 019c 71A80C3A 		.ascii	"q\250\014:\017Cg>qX}\366\371\264\214U\242\310\243\243"
 158      0F43673E 
 158      71587DF6 
 158      F9B48C55 
 158      A2C8A3A3 
 159 01b0 48401508 		.ascii	"H@\025\010S\033\210y\232\300 \012ve\344z\341\022D1*"
 159      531B8879 
 159      9AC0200A 
 159      7665E47A 
 159      E1124431 
 160 01c5 B2EFD6F2 		.ascii	"\262\357\326\362\2360\252=c\024O9\271\202`T\001F\245"
 160      9E30AA3D 
 160      63144F39 
 160      B9826054 
 160      0146A5
 161 01d8 8201900C 		.ascii	"\202\001\220\014$\365D_\206\037\336M\345\341\357\365"
 161      24F5445F 
 161      861FDE4D 
 161      E5E1EFF5 
 162 01e8 A796FA7A 		.ascii	"\247\226\372z\002\251\361\010r\351\214\241\354\202("
 162      02A9F108 
 162      72E98CA1 
 162      EC8228
 163 01f7 4E464E00 		.ascii	"NFN\0009\256\200T\311 \027\273{2\375q\007\233\003y\266"
 163      39AE8054 
 163      C92017BB 
 163      7B32FD71 
 163      079B0379 
 164 020c 02D96C95 		.ascii	"\002\331l\225\214lj\367\303O\331\263\255\315\007\346"
 164      8C6C6AF7 
 164      C34FD9B3 
 164      ADCD07E6 
 165 021c 0880EEF8 		.ascii	"\010\200\356\370Y!\302\200'\251w\333}\231\263\011\320"
 165      5921C280 
 165      27A977DB 
 165      7D99B309 
 165      D0
 166 022d BC95525A 		.ascii	"\274\225RZ\357\207\2371g\35379\235\032<\300\032y\333"
 166      EF879F31 
 166      67EB3739 
 166      9D1A3CC0 
 166      1A79DB
 167 0240 325669F1 		.ascii	"2Vi\361\010k\024lH/\021p2\246\215\346\256\037v\370\262"
 167      086B146C 
 167      482F1170 
 167      32A68DE6 
 167      AE1F76F8 
 168 0255 EC1907CD 		.ascii	"\354\031\007\315\332\221\347\325\001\314#O\030\355\275"
 168      DA91E7D5 
 168      01CC234F 
 168      18EDBD
 169 0264 34E0831D 		.ascii	"4\340\203\035\314t\367\300`\027I\237\251$}\260*y\246"
 169      CC74F7C0 
 169      6017499F 
 169      A9247DB0 
 169      2A79A6
 170 0277 B2E4A93A 		.ascii	"\262\344\251:}*_\217WSc\276(kh(@\0263\335!j\015\034"
ARM GAS  /var/folders/45/ct_yb_0s4l984dg097s5d1mh0000gp/T//cclvJmtV.s 			page 13


 170      7D2A5F8F 
 170      575363BE 
 170      286B6828 
 170      401633DD 
 171 028f 6A04E667 		.ascii	"j\004\346gH8\027 \234\251R8\347\240\263I\231\261\303"
 171      48381720 
 171      9CA95238 
 171      E7A0B349 
 171      99B1C3
 172 02a2 93CA4571 		.ascii	"\223\312Eq\034:\017Z6+ZN\225\244\254\314\270rO \320"
 172      1C3A0F5A 
 172      362B5A4E 
 172      95A4ACCC 
 172      B8724F20 
 173 02b7 0422A569 		.ascii	"\004\"\245is\257G\210K\236!\212\303O\320\244h\001\214"
 173      73AF4788 
 173      4B9E218A 
 173      C34FD0A4 
 173      68018C
 174 02ca 8B0AC679 		.ascii	"\213\012\306yy\276R^\344\036\325\341\035\024D\323\367"
 174      79BE525E 
 174      E41ED5E1 
 174      1D1444D3 
 174      F7
 175 02db EDC1167F 		.ascii	"\355\301\026\177\024\024\022b\310 \243\323\241 ^\231"
 175      14141262 
 175      C820A3D3 
 175      A1205E99 
 176 02eb 190EB5A2 		.ascii	"\031\016\265\242 \342\001]\005\3006\024\202\256\240"
 176      20E2015D 
 176      05C03614 
 176      82AEA0
 177 02fa 10BA4A72 		.ascii	"\020\272Jr\011\253\352\263\235\323\263{\356\210\342"
 177      09ABEAB3 
 177      9DD3B37B 
 177      EE88E2
 178 0309 1A3D85BB 		.ascii	"\032=\205\273\014pd\200\213\246\221\270\230\021\354"
 178      0C706480 
 178      8BA691B8 
 178      9811EC
 179 0318 B27F3871 		.ascii	"\262\1778q\233X\235\202\251\361\3311\215\033\011\252"
 179      9B589D82 
 179      A9F1D931 
 179      8D1B09AA 
 180 0328 14CAF56C 		.ascii	"\024\312\365l\001\226&1\342\244(\330\372\324\3249\037"
 180      01962631 
 180      E2A428D8 
 180      FAD4D439 
 180      1F
 181 0339 950A2824 		.ascii	"\225\012($d\274\201\271m\311\016\314s\210\365\323\351"
 181      64BC81B9 
 181      6DC90ECC 
 181      7388F5D3 
 181      E9
 182 034a 42380D7E 		.ascii	"B8\015~o\240\361Jv\215\"\001n\373\262\375\223)\013\202"
 182      6FA0F14A 
 182      768D2201 
ARM GAS  /var/folders/45/ct_yb_0s4l984dg097s5d1mh0000gp/T//cclvJmtV.s 			page 14


 182      6EFBB2FD 
 182      93290B82 
 183 035e FE8367EB 		.ascii	"\376\203g\353\015\304\032RUD\032\265\"\304\232(\322"
 183      0DC41A52 
 183      55441AB5 
 183      22C49A28 
 183      D2
 184 036f 0E8A5C03 		.ascii	"\016\212\\\003E\256K\2120\316g\262'$\303\010b5\2324"
 184      45AE4B8A 
 184      30CE67B2 
 184      2724C308 
 184      62359A34 
 185 0383 6A3CB2A1 		.ascii	"j<\262\241\324g<8M\366\354\224\033\345Q\225\277\201"
 185      D4673C38 
 185      4DF6EC94 
 185      1BE55195 
 185      BF81
 186 0395 2C7F536B 		.ascii	",\177Sk.\036\324\343\026\226\260wO\027\247\350p\033"
 186      2E1ED4E3 
 186      1696B077 
 186      4F17A7E8 
 186      701B
 187 03a7 6B7CDD58 		.ascii	"k|\335XtZ\213\257\263FEaQ3\217\357\260\306\276\362\256"
 187      745A8BAF 
 187      B3464561 
 187      51338FEF 
 187      B0C6BEF2 
 188 03bc B50877B2 		.ascii	"\265\010w\262F\367\252b;\356e\367\331\275\327\036\370"
 188      46F7AA62 
 188      3BEE65F7 
 188      D9BDD71E 
 188      F8
 189 03cd 30DF0668 		.ascii	"0\337\006h~\325\264\363\212\216-\225j\2628^|sg\003\217"
 189      7ED5B4F3 
 189      8A8E2D95 
 189      6AB2385E 
 189      7C736703 
 190 03e2 FBA9AD7E 		.ascii	"\373\251\255~]\223\343\254\026\024\207+(\304@\252\\"
 190      5D93E3AC 
 190      1614872B 
 190      28C440AA 
 190      5C
 191 03f3 31D52156 		.ascii	"1\325!V\337\313\222\224\257\003\345\357\203\226\335"
 191      DFCB9294 
 191      AF03E5EF 
 191      8396DD
 192 0402 A0E9682D 		.ascii	"\240\351h-K\021\223\236\230;'f\211\325\251\230Z\337"
 192      4B11939E 
 192      983B2766 
 192      89D5A998 
 192      5ADF
 193 0414 76B7BE85 		.ascii	"v\267\276\205\334\315\007~\253\230\337\031\333|\206"
 193      DCCD077E 
 193      AB98DF19 
 193      DB7C86
 194 0423 62DDA3B2 		.ascii	"b\335\243\262\276\353n}\360\025\347\316`\305\374\224"
 194      BEEB6E7D 
ARM GAS  /var/folders/45/ct_yb_0s4l984dg097s5d1mh0000gp/T//cclvJmtV.s 			page 15


 194      F015E7CE 
 194      60C5FC94 
 195 0433 BB79BDCA 		.ascii	"\273y\275\312\\Y\0310e\017\301\342\001}\330-\255\214"
 195      5C591930 
 195      650FC1E2 
 195      017DD82D 
 195      AD8C
 196 0445 5EC88367 		.ascii	"^\310\203g0k\235P\372\240<\205\362\004\312c(\317\241"
 196      306B9D50 
 196      FAA03C85 
 196      F204CA63 
 196      28CFA1
 197 0458 7441E981 		.ascii	"tA\351\201\362\243k\345\020\364\006\025\372Iw\364Z%"
 197      F2A36BE5 
 197      10F40615 
 197      FA4977F4 
 197      5A25
 198 046a 3429ABB2 		.ascii	"4)\253\262\002iVu\217^\012\314\325u\365\034t\2149\007"
 198      02695675 
 198      8F5E0ACC 
 198      D575F51C 
 198      748C3907 
 199 047e 2A959A55 		.ascii	"*\225\232U\300\217\306\006V\253\364P%\352\275\261E\225"
 199      C08FC606 
 199      56ABF450 
 199      25EABDB1 
 199      4595
 200 0490 9DC3A21A 		.ascii	"\235\303\242\032\316\026\230\371M\310\347\206\261E\245"
 200      CE1698F9 
 200      4DC8E786 
 200      B145A5
 201 049f E6905FD5 		.ascii	"\346\220_\325\215/J\265x\230mv\225\207v\037\363F\206"
 201      8D2F4AB5 
 201      78986D76 
 201      9587761F 
 201      F34686
 202 04b2 2069E16F 		.ascii	" i\341o\367\"\013\177\000\006\277Pv0\022\274\207\331"
 202      F7220B7F 
 202      0006BF50 
 202      763012BC 
 202      87D9
 203 04c4 40FD3009 		.ascii	"@\3750\011\377\357\204\000\227\035EE\335X\277\306u2"
 203      FFEF8400 
 203      971D4545 
 203      DD58BFC6 
 203      7532
 204 04d6 52686575 		.ascii	"Rheu\016\"\275D\002l\017\257\336z\337\017\257\325P\336"
 204      0E22BD44 
 204      026C0FAF 
 204      DE7ADF0F 
 204      AFD550DE 
 205 04ea 973B2A1F 		.ascii	"\227;*\037{#\275\301\303P4\014\\\224\321\362\211\032"
 205      7B23BDC1 
 205      C350340C 
 205      5C94D1F2 
 205      891A
 206 04fc 52D1454E 		.ascii	"R\321EN\324\227\360`H\211\017\354\030\302`\307\246V"
ARM GAS  /var/folders/45/ct_yb_0s4l984dg097s5d1mh0000gp/T//cclvJmtV.s 			page 16


 206      D497F060 
 206      48890FEC 
 206      18C260C7 
 206      A656
 207 050e C416A69E 		.ascii	"\304\026\246\236l\330\025\255\031\001la\266\223\307"
 207      6CD815AD 
 207      19016C61 
 207      B693C7
 208 051d CF36B6DD 		.ascii	"\3176\266\335\360\307\231\232Q/=\213_}\351Y\314\316"
 208      F0C7999A 
 208      512F3D8B 
 208      5F7DE959 
 208      CCCE
 209 052f ADCEA6B3 		.ascii	"\255\316\246\263\347\021\336\301\370\266\365\234\303"
 209      E711DEC1 
 209      F8B6F59C 
 209      C3
 210 053c 9EDE0156 		.ascii	"\236\336\001V\362\0062\206nC\016>\030\245\360\256w\200"
 210      F2063286 
 210      6E430E3E 
 210      18A5F0AE 
 210      7780
 211 054e F56F740E 		.ascii	"\365ot\016\023\306+x\001\245\362.\306\213\331\221\242"
 211      13C62B78 
 211      01A5F22E 
 211      C68BD991 
 211      A2
 212 055f DDBFB361 		.ascii	"\335\277\263a%\354\016A\006\262-\320sa/\036\334\375"
 212      25EC0E41 
 212      06B22DD0 
 212      73612F1E 
 212      DCFD
 213 0571 E57A31C7 		.ascii	"\345z1\307\211h\224' \3124~\314\254\0345\237\"\300\216"
 213      89689427 
 213      20CA347E 
 213      CCAC1C35 
 213      9F22C08E 
 214 0585 50C98935 		.ascii	"P\311\2115\231\314\325@j\025\037\202\326BY\303\253w"
 214      99CCD540 
 214      6A151F82 
 214      D64259C3 
 214      AB77
 215 0597 DAE122B6 		.ascii	"\332\341\"\266&\300r\364\232 \004\236\224Ik\2020N\346"
 215      26C072F4 
 215      9A20049E 
 215      94496B82 
 215      304EE6
 216 05aa DDD047E5 		.ascii	"\335\320G\345-1o\230\311\322\226\274\343\034\032\223"
 216      2D316F98 
 216      C9D296BC 
 216      E31C1A93 
 217 05ba 2B5B1320 		.ascii	"+[\023 g\177A\3573\214K\265T\316\272\264\241\\\001\005"
 217      677F41EF 
 217      338C4BB5 
 217      54CEBAB4 
 217      A15C0105 
 218 05ce 19C60C02 		.ascii	"\031\306\014\002}\011\334_\037G_\031M\366\365`\270N"
ARM GAS  /var/folders/45/ct_yb_0s4l984dg097s5d1mh0000gp/T//cclvJmtV.s 			page 17


 218      7D09DC5F 
 218      1F475F19 
 218      4DF6F560 
 218      B84E
 219 05e0 91964445 		.ascii	"\221\226DE\361F\006O\225\361A\022@\232G\000\356\025"
 219      F146064F 
 219      95F14112 
 219      409A4700 
 219      EE15
 220 05f2 EF30B6AC 		.ascii	"\3570\266\254#\257K\247N\353\257xuZ\247\363$\341h\015"
 220      23AF4BA7 
 220      4EEBAF78 
 220      755AA7F3 
 220      24E1680D 
 221 0606 C67B1B0B 		.ascii	"\306{\033\013\2064\370\010\013\254\357\304\375<\235"
 221      8634F808 
 221      0BACEFC4 
 221      FD3C9D
 222 0615 A744D9C8 		.ascii	"\247D\331\310{~Y|\207\275,n\000\3313x\267\227E\322\013"
 222      7B7E597C 
 222      87BD2C6E 
 222      00D93378 
 222      B79745D2 
 223 062a 40478E1F 		.ascii	"@G\216\037\253\362\275\001'\035|\014\240q\224+B\354"
 223      ABF2BD01 
 223      271D7C0C 
 223      A071942B 
 223      42EC
 224 063c 176A5268 		.ascii	"\027jRh{D\276\020\353\207^\236U\222)i\310C\220\253\207"
 224      7B44BE10 
 224      EB875E9E 
 224      55922969 
 224      C84390AB 
 225 0651 977CF0B2 		.ascii	"\227|\360\262_\372'9@j\257\3549\203\223/\216\3313>\312"
 225      5FFA2739 
 225      406AAFEC 
 225      3983932F 
 225      8ED9333E 
 226 0666 38D6C52B 		.ascii	"8\326\305+`\252!\257p\345\\\217]\244\224 \22145\017"
 226      60AA21AF 
 226      70E55C8F 
 226      5DA49420 
 226      9134350F 
 227 067a D7E49707 		.ascii	"\327\344\227\007\264\303Q\317\241\177r\\\272.\216\256"
 227      B4C351CF 
 227      A17F725C 
 227      BA2E8EAE 
 228 068a D59BCD47 		.ascii	"\325\233\315G_\352p\015\235\003t\346\376\316\026\244"
 228      5FEA700D 
 228      9D0374E6 
 228      FECE16A4 
 229 069a E1D904A1 		.ascii	"\341\331\004\2418\015\335\250\316\025\264\350&d\322"
 229      380DDDA8 
 229      CE15B4E8 
 229      2664D2
 230 06a9 6C7088E3 		.ascii	"lp\210\343x\232\261\362\033\024\207\266\362\023\340"
 230      789AB1F2 
ARM GAS  /var/folders/45/ct_yb_0s4l984dg097s5d1mh0000gp/T//cclvJmtV.s 			page 18


 230      1B1487B6 
 230      F213E0
 231 06b8 770BAF61 		.ascii	"w\013\257a \015\3039m^Sr\304\234v\261\372y9^]\263\012"
 231      200DC339 
 231      6D5E5372 
 231      C49C76B1 
 231      FA79395E 
 232 06cf 96247A97 		.ascii	"\226$z\227\230\241Lev\340\026~7\363\355\010m\342o\000"
 232      98A14C65 
 232      76E0167E 
 232      37F3ED08 
 232      6DE26F00 
 233 06e3 A36DFC14 		.ascii	"\243m\374\024\030\275g\253\343\264/~\314\310\254\254"
 233      18BD67AB 
 233      E3B42F7E 
 233      CCC8ACAC 
 234 06f3 3BEFF4A6 		.ascii	";\357\364\246d\010\"#s\277\355f\255\227\213`6O;\207"
 234      64082223 
 234      73BFED66 
 234      AD978B60 
 234      364F3B87 
 235 0707 0AFB2E68 		.ascii	"\012\373.h\324\014?\375\265\212\340\016Jp\273L0\275"
 235      D40C3FFD 
 235      B58AE00E 
 235      4A70BB4C 
 235      30BD
 236 0719 B7F0A9BF 		.ascii	"\267\360\251\277D\260%[\017\2130E$\357\256`\206\262"
 236      44B0255B 
 236      0F8B3045 
 236      24EFAE60 
 236      86B2
 237 072b 148259EE 		.ascii	"\024\202Y\356\004\277\246\004_^\277\335\003o(\214\340"
 237      04BFA604 
 237      5F5EBFDD 
 237      036F288C 
 237      E0
 238 073c E1FAAA34 		.ascii	"\341\372\2524\201\222!\271\307\010n\331\237\223\257"
 238      819221B9 
 238      C7086ED9 
 238      9F93AF
 239 074b 7711CC61 		.ascii	"w\021\314a\004{V\034\353\321{$\230K\011~#\023\254]\367"
 239      047B561C 
 239      EBD17B24 
 239      984B097E 
 239      2313AC5D 
 240 0760 F8AA2011 		.ascii	"\370\252 \021l\230\344\342\007Vh\247\302o\247;\277<"
 240      6C98E4E2 
 240      075668A7 
 240      C26FA73B 
 240      BF3C
 241 0772 CAEFF16E 		.ascii	"\312\357\361n\307\306\000\274\312\313#\277\221m_\346"
 241      C7C600BC 
 241      CACB23BF 
 241      916D5FE6 
 242 0782 79B944DD 		.ascii	"y\271D\335\315\370\375\320vr?3$;g>\353L\356\030x\344"
 242      CDF8FDD0 
 242      76723F33 
ARM GAS  /var/folders/45/ct_yb_0s4l984dg097s5d1mh0000gp/T//cclvJmtV.s 			page 19


 242      243B673E 
 242      EB4CEE18 
 243 0798 E591F4B7 		.ascii	"\345\221\364\267\224\364\036\231\364\226\315\375\373"
 243      94F41E99 
 243      F496CDFD 
 243      FB
 244 07a5 B540BA9D 		.ascii	"\265@\272\235\256\310\267\206J:\3044\201Z\241]\012\351"
 244      AEC8B786 
 244      4A3AC434 
 244      815AA15D 
 244      0AE9
 245 07b7 5D3CFBDE 		.ascii	"]<\373\336E\005\224\354\321\374\241\341\000y\257H\373"
 245      450594EC 
 245      D1FCA1E1 
 245      0079AF48 
 245      FB
 246 07c8 892310ED 		.ascii	"\211#\020\355\245\333\305\301"
 246      A5DBC5C1 
 247 07d0 7B69351A 		.ascii	"{i5\032O\366n\347\036*\244CV\256\250\030\306B\232k\310"
 247      4FF66EE7 
 247      1E2AA443 
 247      56AEA818 
 247      C6429A6B 
 248 07e5 6BCE1EB4 		.ascii	"k\316\036\264\217n\027\311\345\3333\265c\217\032\353"
 248      8F6E17C9 
 248      E5DB33B5 
 248      638F1AEB 
 249 07f5 AB15EDA7 		.ascii	"\253\025\355\247\243Z\235#\017\340+\207i\177\2515\265"
 249      A35A9D23 
 249      0FE02B87 
 249      697FA935 
 249      B5
 250 0806 5C3A507D 		.ascii	"\\:P}\311T\334\334\\\345\303\016\324\313\344\3617\215"
 250      C954DCDC 
 250      5CE5C30E 
 250      D4CBE4F1 
 250      378D
 251 0818 BD99022E 		.ascii	"\275\231\002.d\266/\273\232^\352\231-\3613X\277r'\""
 251      64B62FBB 
 251      9A5EEA99 
 251      2DF13358 
 251      BF722722 
 252 082c E8A2B485 		.ascii	"\350\242\264\205B\277\242\312\367<\354kp@\240\357x\372"
 252      42BFA2CA 
 252      F73CEC6B 
 252      7040A0EF 
 252      78FA
 253 083e C57AF1C5 		.ascii	"\305z\361\305\261\001=.\245\2364\373\034{\2734\310\020"
 253      B1013D2E 
 253      A59E34FB 
 253      1C7BBB34 
 253      C810
 254 0850 8CC01C09 		.ascii	"\214\300\034\011\371\362\277\032\200*$@\251\244>\\Y"
 254      F9F2BF1A 
 254      802A2440 
 254      A9A43E5C 
 254      59
ARM GAS  /var/folders/45/ct_yb_0s4l984dg097s5d1mh0000gp/T//cclvJmtV.s 			page 20


 255 0861 B0AD8B5D 		.ascii	"\260\255\213]\377%\335p\257\2435\015W\314\023\361\004"
 255      FF25DD70 
 255      AFA3350D 
 255      57CC13F1 
 255      04
 256 0872 0E4504A3 		.ascii	"\016E\004\243\351\344\320\002\211\312(\336a\020\350"
 256      E9E4D002 
 256      89CA28DE 
 256      6110E8
 257 0881 1003AC3C 		.ascii	"\020\003\254<\335\334\352\037\230.\035?\357\"\352\273"
 257      DDDCEA1F 
 257      982E1D3F 
 257      EF22EABB 
 258 0891 049E17F3 		.ascii	"\004\236\027\363\204_9\037(\263$\326\007\266\327\367"
 258      845F391F 
 258      28B324D6 
 258      07B6D7F7 
 259 08a1 FB0892EF 		.ascii	"\373\010\222\357\264\327\371\276p}\335\373j\327G~\312"
 259      B4D7F9BE 
 259      707DDDFB 
 259      6AD7477E 
 259      CA
 260 08b2 F5E3C327 		.ascii	"\365\343\303'.\004\274\231'6U\323\255f\355\355T1y%\234"
 260      2E04BC99 
 260      273655D3 
 260      AD66EDED 
 260      54317925 
 261 08c7 CE157C20 		.ascii	"\316\025| :\000I\007[\212jp\021\364\374\013\2763\217"
 261      3A004907 
 261      5B8A6A70 
 261      11F4FC0B 
 261      BE338F
 262 08da F26FC2D8 		.ascii	"\362o\302\330\223\007swy\343r\246\277c_\345!\255G\301"
 262      93077377 
 262      79E372A6 
 262      BF635FE5 
 262      21AD47C1 
 263 08ee 2B65C18B 		.ascii	"+e\301\213\031\307'\235\371\205Z\367\370\225\267\210"
 263      19C7279D 
 263      F9855AF7 
 263      F895B788 
 264 08fe 2A4AB252 		.ascii	"*J\262R&y\350\344\266\037\005\367\220<Zwn\253O\367\223"
 264      2679E8E4 
 264      B61F05F7 
 264      903C5A77 
 264      6EAB4FF7 
 265 0913 42BA3531 		.ascii	"B\272519\247:y2|\031\261p`\003R\015<&\205s\234\206\223"
 265      39A73A79 
 265      327C19B1 
 265      70600352 
 265      0D3C2685 
 266 092b B7E7D079 		.ascii	"\267\347\320y^}\352\222\205\247\204\340\224N]']\023"
 266      5E7DEA92 
 266      85A784E0 
 266      944E5D27 
 266      5D13
 267 093d B50F8AF7 		.ascii	"\265\017\212\367\371\340:)\367\256&\017\363,\367\374"
ARM GAS  /var/folders/45/ct_yb_0s4l984dg097s5d1mh0000gp/T//cclvJmtV.s 			page 21


 267      F9E03A29 
 267      F7AE260F 
 267      F32CF7FC 
 268 094d C9F6F0A0 		.ascii	"\311\366\360\2405O\312\323.\372o\216\207\3455\322\377"
 268      354FCAD3 
 268      2EFA6F8E 
 268      87E535D2 
 268      FF
 269 095e BEFCA0F9 		.ascii	"\276\374\240\371\235s\327\023\037\217J\325\311J\235"
 269      9D73D713 
 269      1F8F4AD5 
 269      C94A9D
 270 096d 644A898E 		.ascii	"dJ\211\216\347\367\364\356J\325B\010'\350\214\324\323"
 270      E7F7F4EE 
 270      4AD54208 
 270      27E88CD4 
 270      D3
 271 097e D8EBE4D8 		.ascii	"\330\353\344\330\3678S+^Q\312\243\365\201\264\366R$"
 271      F738532B 
 271      5E51CAA3 
 271      F581B4F6 
 271      5224
 272 0990 29D53689 		.ascii	")\3256\211)uJR\012\266B\325\300\032I\251\006\376MN\263"
 272      29754A52 
 272      0AB642D5 
 272      C01A49A9 
 272      06FE4D4E 
 273 09a5 DC6CFBEC 		.ascii	"\334l\373\354waaF\366\027o3.3\307\032m\211\321\2446"
 273      77616146 
 273      F6176F33 
 273      2E33C71A 
 273      6D89D1A4 
 274 09ba 259863C3 		.ascii	"%\230c\303\242u\037\374\343\343\311\357\317\230\301"
 274      A2751FFC 
 274      E3E3C9EF 
 274      CF98C1
 275 09c9 09265392 		.ascii	"\011&S\2225\316\036\021n\262\177n\374\330fI\264\031"
 275      35CE1E11 
 275      6EB27F6E 
 275      FCD86649 
 275      B419
 276 09db E3ACD1F1 		.ascii	"\343\254\321\361\261\346\030\353\322\304$\273\035\356"
 276      B1E618EB 
 276      D2C424BB 
 276      1DEE
 277 09e9 965ACD89 		.ascii	"\226Z\315\2111\326\270xc|\202\335\2704::\324\234\270"
 277      31D6B878 
 277      637C82DD 
 277      B8343A3A 
 277      D49CB8
 278 09fc 3C342E3E 		.ascii	"<4.>\316\022j1\377\333\032\372\227\320\360\3513f\206"
 278      CE126A31 
 278      FFDB1AFA 
 278      97D0F0E9 
 278      336686
 279 0a0f FE273C34 		.ascii	"\376'<4)!\306l\267\030G=6Z\343\242c\223b,\306\345\346"
 279      2921C66C 
ARM GAS  /var/folders/45/ct_yb_0s4l984dg097s5d1mh0000gp/T//cclvJmtV.s 			page 22


 279      B718473D 
 279      365AE3A2 
 279      6393622C 
 280 0a26 E865D638 		.ascii	"\350e\3268\213\321\024cYbN\212\265\233\354_$Xla\313"
 280      8BD11463 
 280      59624E8A 
 280      B59BEC5F 
 280      24586C61 
 281 0a3b 389D8CFF 		.ascii	"8\235\214\377\331/\212o\373\302f4\331\354\340\310\016"
 281      D92F8A6F 
 281      FBC26634 
 281      D9ECE0C8 
 281      0E
 282 0a4c A07A6B7C 		.ascii	"\240zk|B|\242\235\010e\262\277\355.\025yd3.\372hAD\270"
 282      427CA29D 
 282      0865B2BF 
 282      ED2E1579 
 282      64332EFA 
 283 0a64 71FEFCD9 		.ascii	"q\376\374\331\306\017\026\316\213\374<\\V\317\024\033"
 283      C60F16CE 
 283      8BFC3C5C 
 283      56CF141B 
 284 0a74 1B032EBC 		.ascii	"\033\003.\274\210\2255F\363\336\337\242\346k\347G\276"
 284      88953546 
 284      F3DEDFA2 
 284      E66BE747 
 284      BE
 285 0a85 FFF728CD 		.ascii	"\377\367(\315\254EQQ\350\0234W\033\035k1'J\322\316\370"
 285      AC455151 
 285      E8133457 
 285      1B1D6B31 
 285      274AD2CE 
 286 0a9a B3C9AE93 		.ascii	"\263\311\256\223o\260\315b\377\323\317\204\263\331\227"
 286      6FB0CD62 
 286      FFD3CF84 
 286      B3D997
 287 0aa9 832C4B13 		.ascii	"\203,K\023\254\361\200\206#gG\341y\263\243\264\013?"
 287      ACF18086 
 287      236747E1 
 287      79B3A3B4 
 287      0B3F
 288 0abb 5E383BCA 		.ascii	"^8;\312;r\321\3029sfGyE~\264x\341\234(\355\202\310\331"
 288      3B72D1C2 
 288      39736647 
 288      79457EB4 
 288      78E19C28 
 289 0ad3 73A20893 		.ascii	"s\242\010\223\271ze\224\311.\260(\2551&\273W\374\222"
 289      B97A6594 
 289      C92EB028 
 289      AD3126BB 
 289      57FC92
 290 0ae6 2580AD27 		.ascii	"%\200\255'DLK\3146\373L\223}\311/+\270\254\365\024\367"
 290      444C4BCC 
 290      36FB4C93 
 290      7DC92F2B 
 290      B8ACF514 
 291 0afb 78650B39 		.ascii	"xe\0139\033\227q\332y\221\263\222l:k\374\362\370\030"
ARM GAS  /var/folders/45/ct_yb_0s4l984dg097s5d1mh0000gp/T//cclvJmtV.s 			page 23


 291      1B9771DA 
 291      7991B392 
 291      6C3A6BFC 
 291      F2F818
 292 0b0e 0BF086DE 		.ascii	"\013\360\206\336(\2139\006\372&\375d\032s\276P}\222"
 292      288B3906 
 292      FA26FD64 
 292      1A73BE50 
 292      7D92
 293 0b20 68B55BC0 		.ascii	"h\265[\300\324\017\356\027Y\354p\267\000\274\374J\236"
 293      D40FEE17 
 293      59EC70B7 
 293      00BCFC4A 
 293      9E
 294 0b31 2A1384BD 		.ascii	"*\023\204\27541>)\201\370\3663\231\226$\305E\233La3"
 294      34313E29 
 294      81F8F633 
 294      999624C5 
 294      459B4C61 
 295 0b46 DF0E8FD0 		.ascii	"\337\016\217\320\311-M\3642s\342\250g3\325\255\210\210"
 295      C92D4DF4 
 295      3273E2A8 
 295      6733D5AD 
 295      8888
 296 0b58 FF014993 		.ascii	"\377\001I\223\261\200"
 296      B180
 297              		.text
 298              		.section	.gnu.lto_.symtab.ed2922a2af9a6ec,"",%progbits
 299 0000 70616C52 		.ascii	"palReadBus\000"
 299      65616442 
 299      757300
 300 000b 00       		.ascii	"\000"
 301 000c 00       		.ascii	"\000"
 302 000d 00       		.ascii	"\000"
 303 000e 00000000 		.ascii	"\000\000\000\000\000\000\000\000"
 303      00000000 
 304 0016 19010000 		.ascii	"\031\001\000\000"
 305 001a 70616C57 		.ascii	"palWriteBus\000"
 305      72697465 
 305      42757300 
 306 0026 00       		.ascii	"\000"
 307 0027 00       		.ascii	"\000"
 308 0028 00       		.ascii	"\000"
 309 0029 00000000 		.ascii	"\000\000\000\000\000\000\000\000"
 309      00000000 
 310 0031 1E010000 		.ascii	"\036\001\000\000"
 311 0035 70616C53 		.ascii	"palSetBusMode\000"
 311      65744275 
 311      734D6F64 
 311      6500
 312 0043 00       		.ascii	"\000"
 313 0044 00       		.ascii	"\000"
 314 0045 00       		.ascii	"\000"
 315 0046 00000000 		.ascii	"\000\000\000\000\000\000\000\000"
 315      00000000 
 316 004e 23010000 		.ascii	"#\001\000\000"
 317 0052 5F70616C 		.ascii	"_pal_lld_setgroupmode\000"
ARM GAS  /var/folders/45/ct_yb_0s4l984dg097s5d1mh0000gp/T//cclvJmtV.s 			page 24


 317      5F6C6C64 
 317      5F736574 
 317      67726F75 
 317      706D6F64 
 318 0068 00       		.ascii	"\000"
 319 0069 02       		.ascii	"\002"
 320 006a 00       		.ascii	"\000"
 321 006b 00000000 		.ascii	"\000\000\000\000\000\000\000\000"
 321      00000000 
 322 0073 29010000 		.ascii	")\001\000\000"
 323              		.text
 324              		.section	.gnu.lto_.opts,"",%progbits
 325 0000 272D666D 		.ascii	"'-fmath-errno' '-fsigned-zeros' '-ftrapping-math' '"
 325      6174682D 
 325      6572726E 
 325      6F272027 
 325      2D667369 
 326 0033 2D666E6F 		.ascii	"-fno-trapv' '-fno-openmp' '-fno-openacc' '-mcpu=cor"
 326      2D747261 
 326      70762720 
 326      272D666E 
 326      6F2D6F70 
 327 0066 7465782D 		.ascii	"tex-m7' '-mno-thumb-interwork' '-mthumb' '-O2' '-fo"
 327      6D372720 
 327      272D6D6E 
 327      6F2D7468 
 327      756D622D 
 328 0099 6D69742D 		.ascii	"mit-frame-pointer' '-falign-functions=16' '-ffuncti"
 328      6672616D 
 328      652D706F 
 328      696E7465 
 328      72272027 
 329 00cc 6F6E2D73 		.ascii	"on-sections' '-fdata-sections' '-fno-common' '-flto"
 329      65637469 
 329      6F6E7327 
 329      20272D66 
 329      64617461 
 330 00ff 2700     		.ascii	"'\000"
 331              		.text
 332              		.comm	__gnu_lto_v1,1,1
 333              		.comm	__gnu_lto_slim,1,1
 334              		.ident	"GCC: (GNU Tools for Arm Embedded Processors 7-2018-q2-update) 7.3.1 20180622 (release) [AR
ARM GAS  /var/folders/45/ct_yb_0s4l984dg097s5d1mh0000gp/T//cclvJmtV.s 			page 25


DEFINED SYMBOLS
                            *ABS*:0000000000000000 hal_pal.c
                            *COM*:0000000000000001 __gnu_lto_v1
                            *COM*:0000000000000001 __gnu_lto_slim

NO UNDEFINED SYMBOLS
