ARM GAS  /var/folders/45/ct_yb_0s4l984dg097s5d1mh0000gp/T//ccJfrqhx.s 			page 1


   1              		.cpu cortex-m7
   2              		.eabi_attribute 20, 1
   3              		.eabi_attribute 21, 1
   4              		.eabi_attribute 23, 3
   5              		.eabi_attribute 24, 1
   6              		.eabi_attribute 25, 1
   7              		.eabi_attribute 26, 1
   8              		.eabi_attribute 30, 2
   9              		.eabi_attribute 34, 1
  10              		.eabi_attribute 18, 4
  11              		.file	"hal_st.c"
  12              		.section	.gnu.lto_.profile.31e313ef41d17245,"",%progbits
  13 0000 789C6363 		.ascii	"x\234cc```\001bF\006)\036\000\000\270\0002"
  13      60606001 
  13      62460629 
  13      1E0000B8 
  13      0032
  14              		.text
  15              		.section	.gnu.lto_.icf.31e313ef41d17245,"",%progbits
  16 0000 789C6363 		.ascii	"x\234cc``P`@\000V\206\371\273\347\235\346g\374z\373"
  16      60605060 
  16      40005686 
  16      F9BBE79D 
  16      E667FC7A 
  17 0015 FD730EA6 		.ascii	"\375s\016\246\303\267\333\02632_}\370a;\023\313\237"
  17      C3B7DB16 
  17      33325F7D 
  17      F8613B13 
  17      CB9F
  18 0027 573D3B58 		.ascii	"W=;X\031\000\013i\020\014"
  18      19000B69 
  18      100C
  19              		.text
  20              		.section	.gnu.lto_.jmpfuncs.31e313ef41d17245,"",%progbits
  21 0000 789C6363 		.ascii	"x\234cc``\220a@\000V\020\301\010\004\365s\230\031\230"
  21      60609061 
  21      40005610 
  21      C10804F5 
  21      73981998 
  22 0014 181898A1 		.ascii	"\030\030\230\241L\026\2400\000#\314\002t"
  22      4C16A030 
  22      0023CC02 
  22      74
  23              		.text
  24              		.section	.gnu.lto_.inline.31e313ef41d17245,"",%progbits
  25 0000 789C6363 		.ascii	"x\234cc``He@\000V\006\006\026\036F\006& \223m\201<\210"
  25      60604865 
  25      40005606 
  25      06161E46 
  25      06262093 
  26 0018 6260E402 		.ascii	"b`\344\002\021\014l\254@a\266\017zpq&\006\026f\240\020"
  26      110C6CAC 
  26      4061B60F 
  26      7A707126 
  26      061666A0 
  27 002d D3057EB8 		.ascii	"\323\005~\270\0203\246\020\013\246\020\003\000\234z"
  27      1033A610 
ARM GAS  /var/folders/45/ct_yb_0s4l984dg097s5d1mh0000gp/T//ccJfrqhx.s 			page 2


  27      0BA61003 
  27      009C7A
  28 003c 086F     		.ascii	"\010o"
  29              		.text
  30              		.section	.gnu.lto_.pureconst.31e313ef41d17245,"",%progbits
  31 0000 789C6363 		.ascii	"x\234cc``\340\006bV\006\011F)&)f)\026)\000\004\001\000"
  31      6060E006 
  31      62560609 
  31      46292629 
  31      66291629 
  32 0018 A1       		.ascii	"\241"
  33              		.text
  34              		.section	.gnu.lto_stInit.31e313ef41d17245,"",%progbits
  35 0000 789C258D 		.ascii	"x\234%\2151k\002A\024\204gv\365r \376\000\021\261\266"
  35      316B0241 
  35      14846776 
  35      F57220FE 
  35      0011B1B6 
  36 0014 B9FB4922 		.ascii	"\271\373I\"6)\004\301\263\277U\2133`a\221hs\205\330"
  36      362904C1 
  36      B3BF558B 
  36      33606191 
  36      687385D8 
  37 0028 6817C4A4 		.ascii	"h\027\304\244\270n\311\017Ha\233T\026Vb-\210\236ou\330"
  37      B86EC90F 
  37      48619B54 
  37      1656622D 
  37      889E6F75 
  38 003d 8F1DF6CD 		.ascii	"\217\035\366\315\233\365\000\254\205\272P\025\250A5"
  38      9BF500AC 
  38      85BA5015 
  38      A84135
  39 004c FD0506BE 		.ascii	"\375\005\006\276\"\2351>\021+\306\234\350w\315\237\344"
  39      229D313E 
  39      112BC69C 
  39      E877CD9F 
  39      E4
  40 005d 90A9C6CA 		.ascii	"\220\251\306\312\210\354\374\\1k\313T\0033\301\211["
  40      88ECFC5C 
  40      316BCB54 
  40      0333C189 
  40      5B
  41 006e 3620B1FD 		.ascii	"6 \261\375\346\366Q\366\012\317w~\321\003\305|\356\212"
  41      E6F651F6 
  41      0ACF777E 
  41      D103C57C 
  41      EE8A
  42 0080 D6DCF2C4 		.ascii	"\326\334\362\304\330\377%\363\242\314\306\202|b,\336"
  42      D8FF25F3 
  42      A2CCC682 
  42      7C622CDE 
  43 0090 B4726E64 		.ascii	"\264rndq\344hq\251>\226\244)\313\216\177/\361\325\370"
  43      71E46871 
  43      A93E96A4 
  43      29CB8E7F 
  43      2FF1D5F8 
  44 00a4 A9E64C4B 		.ascii	"\251\346LK\013\277\031#\225\364\211\303E^z\344\234\306"
ARM GAS  /var/folders/45/ct_yb_0s4l984dg097s5d1mh0000gp/T//ccJfrqhx.s 			page 3


  44      0BBF1923 
  44      95F489C3 
  44      455E7AE4 
  44      9CC6
  45 00b6 32940205 		.ascii	"2\224\002\005\324\202 |\236n\024\276\266:a\324k\273"
  45      D482207C 
  45      9E6E14BE 
  45      B63A61D4 
  45      6BBB
  46 00c8 BB19F583 		.ascii	"\273\031\365\2036\356\010\306B\347"
  46      36EE08C6 
  46      42E7
  47              		.text
  48              		.section	.gnu.lto_stStartAlarm.31e313ef41d17245,"",%progbits
  49 0000 789C9552 		.ascii	"x\234\225R\317k\023A\024\236o'\335\255A\343U0b\016\226"
  49      CF6B1341 
  49      149E6F27 
  49      DDAD41E3 
  49      5530620E 
  50 0015 5A0F5962 		.ascii	"Z\017Yb/\376\001\"\010\355\311\336k\215B\205H\245\011"
  50      2FFE0122 
  50      08EDC9DE 
  50      6B8D4285 
  50      48A509
  51 0028 1EED3426 		.ascii	"\036\3554&\2465\021El\212!\352b-\265Bh\375\335j\255"
  51      A6351145 
  51      6C8A21EA 
  51      622DB542 
  51      68FDDD6A 
  52 003d 6BAC7A10 		.ascii	"k\254z\020k\265\007/\012E%\026\021Q)\024-T\337\233\254"
  52      6BB5072F 
  52      0A452516 
  52      11512914 
  52      2D54DF9B 
  53 0052 523DE9B0 		.ascii	"R=\351\2603\363\336\343{\337\373\336\3331\205\020\223"
  53      33F3DEE3 
  53      7BDFFBDE 
  53      DB318510 
  53      93
  54 0063 8610BBE9 		.ascii	"\206\020\273\351^O\033R\30089-Dw\255\001\260\241j!\272"
  54      5E4F1B52 
  54      C038392D 
  54      4477AD01 
  54      B0A16A21 
  55 0078 0C742127 		.ascii	"\014t!'OK\2243\225q\243aH\321r\373\307\314\243*\275"
  55      4F4B9433 
  55      9571A361 
  55      48D172FB 
  55      C7CCA32A 
  56 008d AE2885C8 		.ascii	"\256(\205\310\323\346\205kh \324\363\324hQfeQ\002>r"
  56      D3E6856B 
  56      6820D4F3 
  56      D4685166 
  56      6551023E 
  57 00a2 BF3C2DBC 		.ascii	"\277<-\274\015\260k D\356\322\345\321Wke\010\202\354"
  57      0DB06B20 
  57      44EED2E5 
ARM GAS  /var/folders/45/ct_yb_0s4l984dg097s5d1mh0000gp/T//ccJfrqhx.s 			page 4


  57      D1576B65 
  57      0882EC
  58 00b5 0BA51383 		.ascii	"\013\245\023\203f\375\240RI\345~\034\220jSQJ\334\204"
  58      66FDA052 
  58      49E57E1C 
  58      906A5351 
  58      4ADC84
  59 00c8 2442DC40 		.ascii	"$B\334@\020\327\021\024\024\022\270\205z\306\277\271"
  59      10D71114 
  59      1412B885 
  59      7AC6BFB9 
  60 00d8 B2DCB7C6 		.ascii	"\262\334\267\306\3649\277jb\014\246\000\031#/j\\\265"
  60      F439BF6A 
  60      620CA600 
  60      19232F6A 
  60      5CB5
  61 00ea FC23A3DC 		.ascii	"\374#\243\334\205\213\230\335a\222zN\021=\204\2426\224"
  61      858B98DD 
  61      61927A4E 
  61      113D84A2 
  61      3694
  62 00fc 2B7AA5C1 		.ascii	"+z\245\301\326\021WT`0W\257{l\312/7k\035/\263\251y\253"
  62      D6115754 
  62      603057AF 
  62      7B6CCA2F 
  62      376B1D2F 
  63 0114 6E40EBA8 		.ascii	"n@\353\250\234Y]Pn*\304R\306\377\224\242{\274\215\272"
  63      9C595D50 
  63      6E2AC452 
  63      C6FF94A2 
  63      7BBC8DBA 
  64 0128 02717D40 		.ascii	"\002q}@\271\360\355\365\273\376m\277e\245\252c\2311"
  64      B9F0EDF5 
  64      BBFE6DBF 
  64      65A5AA63 
  64      9931
  65 013a 2563B4B6 		.ascii	"%c\264\266\274\304\012\331\002w`b\202%\323A\361|\272"
  65      BCC40AD9 
  65      02776062 
  65      8225D341 
  65      F17CBA
  66 014d FCCCE2C9 		.ascii	"\374\314\342\311\3704l\272\264\370\331_u\231\212g\347"
  66      F8346CBA 
  66      B4F8D95F 
  66      75998A67 
  66      E7
  67 015e 9C7DBFCA 		.ascii	"\234}\277\312\3019\024e\015&I\305]VA\361L\345\311L\300"
  67      C1391465 
  67      0D2649C5 
  67      5D5641F1 
  67      4CE5C94C 
  68 0173 2EA954B7 		.ascii	".\251T\267\232[<\265\361+%\231\270\007\007}\3240\227"
  68      9A5B3CB5 
  68      F12B2599 
  68      B807077D 
  68      D43097
  69 0186 61909B4B 		.ascii	"a\220\233K\016[\221\021\0069W\211\302\202\013\033[\202"
ARM GAS  /var/folders/45/ct_yb_0s4l984dg097s5d1mh0000gp/T//ccJfrqhx.s 			page 5


  69      0E5B9111 
  69      06395789 
  69      C2820B1B 
  69      5B82
  70 0198 1E02F711 		.ascii	"\036\002\367\021\361:Y\230\377\236\016x\242\376\241"
  70      F13A5998 
  70      FF9E0E78 
  70      A2FEA1
  71 01a7 A47398C9 		.ascii	"\244s\230\311\312\272\034<\262\007\260WvdQ|\21225\371"
  71      CABA1C3C 
  71      B207B057 
  71      7664517C 
  71      8A3235F9 
  72 01bb D2FF933F 		.ascii	"\322\377\223?\324\344\206G\376H\223O\234\317\015\373"
  72      D4E48647 
  72      FE48934F 
  72      9CCF0DFB 
  73 01cb ABE4061E 		.ascii	"\253\344\006\036Sf\005\311\271\354\245(OZ\217\\|B\322"
  73      536605C9 
  73      B9ECA528 
  73      4F5A8F5C 
  73      7C42D2
  74 01de 193A0EFD 		.ascii	"\031:\016\375,x\365\220<\372\351\364\3027\204\303v\365"
  74      2C78F590 
  74      3CFAE9F4 
  74      C23784C3 
  74      76F5
  75 01f0 EB88DBED 		.ascii	"\353\210\333\355m1;\336\031\345\2735\236\010G\205\325"
  75      6D313BDE 
  75      19E5BB35 
  75      9E084785 
  75      D5
  76 0201 B6279ED8 		.ascii	"\266'\236\330\177`\237\217\217\306\277\241\007;:\023"
  76      7F609F8F 
  76      8FC6BFA1 
  76      073B3A13 
  77 0211 717B574B 		.ascii	"q{WKs\343V\273\251i\273\335\262\263\371P\304Kn\215\305"
  77      73E356BB 
  77      A969BBDD 
  77      B2B3F950 
  77      C44B6E8D 
  78 0226 F686DBC5 		.ascii	"\366\206\333\305O2\033\376\216"
  78      4F321BFE 
  78      8E
  79              		.text
  80              		.section	.gnu.lto_stStopAlarm.31e313ef41d17245,"",%progbits
  81 0000 789C5D4F 		.ascii	"x\234]OMK\002a\020\236g_\333,(\350\026d\247N^v)\351"
  81      4D4B0261 
  81      109E675F 
  81      DB2C28E8 
  81      1664A74E 
  82 0018 1F4410E8 		.ascii	"\037D\020\350I\357\022v\360 \030\256tu-M\303\016\035"
  82      49EF1276 
  82      F02018AE 
  82      74752D4D 
  82      C30E1D
  83 002b D22E5B08 		.ascii	"\322.[\010\036:ID\366a\021,\322!\010,\374\005\322\301"
ARM GAS  /var/folders/45/ct_yb_0s4l984dg097s5d1mh0000gp/T//ccJfrqhx.s 			page 6


  83      1E3A4944 
  83      F661112C 
  83      D221082C 
  83      FC05D2C1 
  84 003f A0430409 		.ascii	"\240C\004\011\011\2015\257\033!\015\357|\2743\317\314"
  84      098135AF 
  84      1B210DEF 
  84      7CBC33CF 
  84      CC
  85 0050 33A312D1 		.ascii	"3\243\022\321\"\210\202\354gX!\010\312^\223(\355V\000"
  85      228882EC 
  85      67582108 
  85      CA5E9328 
  85      ED5600
  86 0063 19986E50 		.ascii	"\031\230nPJA\012\273b_\240\221\353\324\025\357\261\311"
  86      4A410ABB 
  86      625FA091 
  86      EBD415EF 
  86      B1C9
  87 0075 621F74D5 		.ascii	"b\037t\325m3;m\011\242\022\253\024\234\301K\014{>\355"
  87      6D333B6D 
  87      09A212AB 
  87      149CC14B 
  87      0C7B3EED 
  88 0089 17275497 		.ascii	"\027'T\227\223G\015*1\007\235\264Fl\263\377\2353\355"
  88      93470D2A 
  88      31079DB4 
  88      466CB3FF 
  88      9D33ED
  89 009c BB0ABE96 		.ascii	"\273\012\276\226\271\226ge\022\323\246\035\241\310h"
  89      B9966765 
  89      12D3A61D 
  89      A1C868
  90 00ab CBA65734 		.ascii	"\313\246W4\272\275\373\232\245\375\315\3118t=U\014f"
  90      BABDFB9A 
  90      A5FDCDC9 
  90      38743D55 
  90      0C66
  91 00bd 95048639 		.ascii	"\225\004\2069p\016\025\027\222\202\015\347K\331\306"
  91      700E1517 
  91      92820DE7 
  91      4BD9C6
  92 00cc E3684158 		.ascii	"\343hAX\002\003X\263\372\371>\356|\345\030\027\247\312"
  92      020358B3 
  92      FAF93EEE 
  92      7CE51817 
  92      A7CA
  93 00de 872F6365 		.ascii	"\207/ce\034\301\022\012\256\340\301%<$\241\271\316\303"
  93      1CC1120A 
  93      AEE0C125 
  93      3C24A1B9 
  93      CEC3
  94 00f0 D3A45E35 		.ascii	"\323\244^53i\263]iM}p\223@\035e\024yMIC\270\206>L\301"
  94      3369B35D 
  94      694D7D70 
  94      93401D65 
  94      14794D49 
ARM GAS  /var/folders/45/ct_yb_0s4l984dg097s5d1mh0000gp/T//ccJfrqhx.s 			page 7


  95 010a 9BE086BB 		.ascii	"\233\340\206\273\337\260\331.\334\316\015.\225\222\347"
  95      DFB0D92E 
  95      DCCE0D2E 
  95      9592E7
  96 0119 025FA310 		.ascii	"\002_\243\020\315j\232\356\274\270\241GWc\272\221\210"
  96      CD6A9AEE 
  96      BCB8A147 
  96      5763BA91 
  96      88
  97 012a 481F3692 		.ascii	"H\0376\222Z\204|\377\253\353\361D\322\320\203\241\200"
  97      5A847CFF 
  97      ABEBF144 
  97      D2D083A1 
  97      80
  98 013b 6F41F7FB 		.ascii	"oA\367\373\227\364\320J`c\376\027\037\216\305\326\264"
  98      97F4D04A 
  98      6063FE17 
  98      1F8EC5D6 
  98      B4
  99 014c 28FD00DC 		.ascii	"(\375\000\334\022\201c"
  99      128163
 100              		.text
 101              		.section	.gnu.lto_stSetAlarm.31e313ef41d17245,"",%progbits
 102 0000 789C5D92 		.ascii	"x\234]\222\317k\023Q\020\307\347\273o\273[\213\326\223"
 102      CF6B1351 
 102      10C7E7BB 
 102      6FBB5B8B 
 102      D693
 103 0012 20182107 		.ascii	" \030!\007K\255\207,\261\027\377\000A\204\366d\357\265"
 103      4BAD872C 
 103      B117FF00 
 103      4184F664 
 103      EFB5
 104 0024 46A142A4 		.ascii	"F\241B\244\322\015^\373\032\267\246m\212\212\330\010"
 104      D20D5EFB 
 104      1AB7A66D 
 104      8A8AD808 
 105 0034 61238B6D 		.ascii	"a#\213m\021\205\320\370\273\265\376X\203x\021\353\217"
 105      1185D0F8 
 105      BBB5FE58 
 105      837811EB 
 105      8F
 106 0045 8B970845 		.ascii	"\213\227\010EK\024\017\242\364\020D\250\316l\252\250"
 106      4B140FA2 
 106      F41044A8 
 106      CE6CAAA8 
 107 0055 C3BEF766 		.ascii	"\303\276\367f\036\337\231\367\231a-\"2\015\242\303|"
 107      1EDF99F7 
 107      99612D22 
 107      320DA2C3 
 107      7C
 108 0066 EEE00545 		.ascii	"\356\340\005E0\316/\023\215\266\032\2008\272\0254b`"
 108      30CE2F13 
 108      8DB61A80 
 108      38BA1534 
 108      6260
 109 0078 0453EAA2 		.ascii	"\004S\352\242B5W_4\272\256j\266\360R\305>\243\307\266"
ARM GAS  /var/folders/45/ct_yb_0s4l984dg097s5d1mh0000gp/T//ccJfrqhx.s 			page 8


 109      4235575F 
 109      34BAAE6A 
 109      B6F052C5 
 109      3EA3C7B6 
 110 008c FB8AA8C0 		.ascii	"\373\212\250\300K\014\267\320\305\252\327^\305Wy\345"
 110      4B0CB7D0 
 110      C5AAD75E 
 110      C55779E5 
 111 009c 2BC0E4F0 		.ascii	"+\300\344\360\333\213\342\207v\011\015\3049\374q\275"
 111      DB8BE287 
 111      76090DC4 
 111      39FC71BD 
 112 00ac 52DBAAE2 		.ascii	"R\333\252\342 \366\257\224\317\315Y\235sZguX\233Qz\227"
 112      20F6AF94 
 112      CFCD599D 
 112      735A6775 
 112      589B517A 
 113 00c1 AF14EE42 		.ascii	"\257\024\356BqA\334A\014\267\021#\276\"\334C\247\350"
 113      7141DC41 
 113      0CB71123 
 113      BE22DC43 
 113      A7E8
 114 00d3 DFDF589F 		.ascii	"\337\337X\237\336b\231\301\3577\261\000\213\300\316"
 114      DE6299C1 
 114      EF37B100 
 114      8BC0CE
 115 00e2 FC9B9650 		.ascii	"\374\233\226P\257\377\314\351pu\026K\007L\246\227\024"
 115      AFFFCCE9 
 115      7075164B 
 115      074CA697 
 115      14
 116 00f3 1A6715B7 		.ascii	"\032g\025\267\241C\232P\206x\247C\252\303\220Z\023\341"
 116      A1439A50 
 116      8678A743 
 116      AAC3905A 
 116      13E1
 117 0105 E4D336B5 		.ascii	"\344\3236\265;\342x\233\367>\331\0353\021\307\263\322"
 117      3BE2789B 
 117      F73ED91D 
 117      3311C7B3 
 117      D2
 118 0116 E6A20EBD 		.ascii	"\346\242\016\275\270\240,\376\213\022\365x\037\035E"
 118      B8A02CFE 
 118      8B12F578 
 118      1F1D45
 119 0125 AEF519D5 		.ascii	"\256\365\031\325\342\367w\263\245}\177\260\274\346X"
 119      E2F777B3 
 119      A57D7FB0 
 119      BCE658
 120 0134 166C259A 		.ascii	"\026l%\232\210\255\240\360\0276a\011\026\036\0102o|"
 120      88ADA0F0 
 120      17366109 
 120      161E0832 
 120      6F7C
 121 0146 5F18ABBE 		.ascii	"_\030\253\276\264e2f$[.7\276\2665C)%\263\013J\0377\005"
 121      B4653266 
 121      245B2E37 
ARM GAS  /var/folders/45/ct_yb_0s4l984dg097s5d1mh0000gp/T//ccJfrqhx.s 			page 9


 121      BEB63543 
 121      2925B30B 
 122 015e B80C5FB5 		.ascii	"\270\014_\265\340\021S<\024\012\276\317\325\237\277"
 122      E011533C 
 122      140ABECF 
 122      D59FBF
 123 016d 6A77CADA 		.ascii	"jw\312\332\033\325+\215\013\333\3268\311\302c\004\230"
 123      1BD52B8D 
 123      0BDBD638 
 123      C9C26304 
 123      98
 124 017e E686E519 		.ascii	"\346\206\345\031\021\205S\331kvr^D\301M.a#\204\203="
 124      118553D9 
 124      6B76725E 
 124      44C14D2E 
 124      61238483 
 125 0193 B10D059E 		.ascii	"\261\015\005\236 )\235\324\221]\311\327R\302\033\201"
 125      20299DD4 
 125      915DC9D7 
 125      52C21B81 
 126 01a3 D3176483 		.ascii	"\323\027d\203\306YD\303\025\033\347.xt\374\237\354L"
 126      C65944C3 
 126      151BE72E 
 126      7874FC9F 
 126      EC4C
 127 01b5 249CE637 		.ascii	"$\234\3467\344:\203\003i\307\035N\311\331\357f\022)"
 127      E43A8303 
 127      69C71D4E 
 127      C9D9EF66 
 127      1229
 128 01c7 B2078EB8 		.ascii	"\262\007\216\270\231\343'\216\231\262u\377/=94\234q"
 128      99E3278E 
 128      99B275FF 
 128      2F3D3934 
 128      9C71
 129 01d9 9D437DBD 		.ascii	"\235C}\275\335{\235\236\236\375N\337\301\336S\311\215"
 129      DD7B9D9E 
 129      9EFD4EDF 
 129      C1DE53C9 
 129      8D
 130 01ea E4FE74FA 		.ascii	"\344\376t\372hb\220~\001\013\007\302g"
 130      6862907E 
 130      010B07C2 
 130      67
 131              		.text
 132              		.section	.gnu.lto_stGetAlarm.31e313ef41d17245,"",%progbits
 133 0000 789C5D90 		.ascii	"x\234]\220\317+DQ\024\307\317\367\335\361\236\021\266"
 133      CF2B4451 
 133      14C7CFF7 
 133      DDF19E11 
 133      B6
 134 0011 8A51B663 		.ascii	"\212Q\266c1\257\341_PR\254\330Oba1E\363\246\331\316"
 134      31AFE15F 
 134      5052ACD8 
 134      4F626131 
 134      45F3A6D9 
 135 0026 35468885 		.ascii	"5F\210\205\302(\036\275\232\205,\246!\343\367\217^\243"
ARM GAS  /var/folders/45/ct_yb_0s4l984dg097s5d1mh0000gp/T//ccJfrqhx.s 			page 10


 135      C2281EBD 
 135      9A852CA6 
 135      21E3F78F 
 135      5EA3
 136 0038 A464FCF8 		.ascii	"\244d\374\370\013\204(I\224B\204s\221\344\366\356\273"
 136      0B842849 
 136      94428473 
 136      91E4F6EE 
 136      BB
 137 0049 E79CFBE9 		.ascii	"\347\234\373\351\234\357\367\352D\024\003Q+\237U\274"
 137      9CEFF7EA 
 137      44140351 
 137      2B9F55BC 
 138 0059 2108DA68 		.ascii	"!\010\332h\201\250\267X\003T \213Aq\015q\214\210q\201"
 138      81A8B758 
 138      0354208B 
 138      41710D71 
 138      8C887181 
 139 006d 93E4822D 		.ascii	"\223\344\202-\206\205\315\230\207\323\207\303\251\213"
 139      8685CD98 
 139      87D387C3 
 139      A98B
 140 007b 72950235 		.ascii	"r\225\0025\234\336\336\355\345J\375sR&\244;yoL\347\216"
 140      9CDEDEED 
 140      E54AFD73 
 140      5226A43B 
 140      796F4CE7 
 141 0090 A5D7161A 		.ascii	"\245\327\026\032\245\030\317\301\207%\370\324\214e\370"
 141      A518CFC1 
 141      8725F8D4 
 141      8C65F8
 142 009f 89E9F3C5 		.ascii	"\211\351\363\305\367\2112\335\343\010R\000\327W\240"
 142      F78932DD 
 142      E3085200 
 142      D757A0
 143 00ae 136BA1EC 		.ascii	"\023k\241\354i\221+\337?\006\244{\231\306k#7\260\005"
 143      69912BDF 
 143      3F06A47B 
 143      99C66B23 
 143      37B005
 144 00c1 0383BC59 		.ascii	"\003\203\274Y\221ti\210K\034\365\271t\203\374\316\313"
 144      91746988 
 144      4B1CF5B9 
 144      7483FCCE 
 144      CB
 145 00d2 FEE34CE5 		.ascii	"\376\343L\345o\277\244\344\345\216=\033_\375R\002\177"
 145      6FBFA4E4 
 145      E58E3D1B 
 145      5FFD5202 
 145      7F
 146 00e3 461156A1 		.ascii	"F\021V\241cM\215\341\337\224\320\370*\325\237?2\224"
 146      634D8DE1 
 146      DF94D0F8 
 146      2AD59F3F 
 146      3294
 147 00f5 05CF1759 		.ascii	"\005\317\027Y\310<\335\227|\247\252\2212\351\314\\{"
 147      C83CDD97 
ARM GAS  /var/folders/45/ct_yb_0s4l984dg097s5d1mh0000gp/T//ccJfrqhx.s 			page 11


 147      7CA7AA91 
 147      32E9CC5C 
 147      7B
 148 0106 1DCCC216 		.ascii	"\035\314\302\026E\330`\027\353\312\005\327\007\256\016"
 148      45D86017 
 148      EBCA05D7 
 148      07AE0E
 149 0115 8ECBCD8C 		.ascii	"\216\313\315\214L\366\312\263\364i\305\030[\325\261"
 149      4CF6CAB3 
 149      F469C518 
 149      5BD5B1
 150 0124 0907132C 		.ascii	"\011\007\023,TMR\220;\222\2307\202Y\0059\033\232-\014"
 150      544D5290 
 150      3B929837 
 150      82590539 
 150      1B9A2D0C 
 151 0138 6CC144AD 		.ascii	"l\301D\255\357\207\3006\202t\207\304\331\360\333\256"
 151      EF87C036 
 151      827487C4 
 151      D9F0DBAE 
 152 0148 AE04B328 		.ascii	"\256\004\263(~\001\366\012\345\220\343\352@\300\374"
 152      7E01F60A 
 152      E590E3EA 
 152      40C0FC
 153 0157 FEBA2DB3 		.ascii	"\376\272-\263\253=lZ\221\016u\206\254h\240\203\352\377"
 153      AB3D6C5A 
 153      910E7586 
 153      AC68A083 
 153      EAFF
 154 0169 DFF67447 		.ascii	"\337\366tG\242\226\331\332\326R_g677\230mM-\261\340"
 154      A296D9DA 
 154      D6525F67 
 154      36373798 
 154      6D4D2DB1 
 155 017e 0F1F0A87 		.ascii	"\017\037\012\207;\003]\364\011\270@\226L"
 155      3B035DF4 
 155      09B84096 
 155      4C
 156              		.text
 157              		.section	.gnu.lto_.symbol_nodes.31e313ef41d17245,"",%progbits
 158 0000 789C55C8 		.ascii	"x\234U\310A\015\2000\020\005\321\351/E\027\210\342\274"
 158      410D8030 
 158      1005D1E9 
 158      2F451788 
 158      E2BC
 159 0012 2B0111A8 		.ascii	"+\001\021\250\300B\241 \001%\204\206\333\036&\223\274"
 159      C042A120 
 159      01258486 
 159      DB1E2693 
 159      BC
 160 0023 11587AA8 		.ascii	"\021Xz\250\312`m\320\267\373\334\345\220\245(\247LQ"
 160      CA606DD0 
 160      B7FBDCE5 
 160      90A528A7 
 160      4C51
 161 0035 9A2C47B9 		.ascii	"\232,G\271dC\220t\313\312/\340>A\246\260=o\342\003!"
 161      64439074 
ARM GAS  /var/folders/45/ct_yb_0s4l984dg097s5d1mh0000gp/T//ccJfrqhx.s 			page 12


 161      CBCA2FE0 
 161      3E41A6B0 
 161      3D6FE203 
 162 004a F71E4E   		.ascii	"\367\036N"
 163              		.text
 164              		.section	.gnu.lto_.refs.31e313ef41d17245,"",%progbits
 165 0000 789C6363 		.ascii	"x\234cc```\004b\006\000\000D\000\010"
 165      60606004 
 165      62060000 
 165      440008
 166              		.text
 167              		.section	.gnu.lto_.decls.31e313ef41d17245,"",%progbits
 168 0000 789CB557 		.ascii	"x\234\265WkL\024Y\026\256[\267\301\246y9h\214\263\313"
 168      6B4C1459 
 168      16AE5BB7 
 168      C1A67939 
 168      688CB3CB 
 169 0014 24C66820 		.ascii	"$\306h \331\205\026\310\256Nv\263;N\353\272&\343\314"
 169      D98516C8 
 169      AE4E76B3 
 169      3B4EEBBA 
 169      26E3CC
 170 0027 A67592F9 		.ascii	"\246u\222\371\265=,0\332Y\004\226n&\231?;\205\2006\350"
 170      B53D2C30 
 170      DA590496 
 170      6E26993F 
 170      3B858036 
 171 003c 0A28BE18 		.ascii	"\012(\276\030\024\020\005T\006A\344%\"(\210\200\240"
 171      14100554 
 171      0641E425 
 171      22288880 
 171      A0
 172 004d 8888F212 		.ascii	"\210\210\362\022T\024\304\027\240\370\342\265\347\336"
 172      5414C417 
 172      A0F8E2B5 
 172      E7DE
 173 005b 5B451525 		.ascii	"[E\025%8\376\231J\237\256:\367~\367;\347\236s\356\255"
 173      38FE994A 
 173      9FAE3AF7 
 173      7EF73BE7 
 173      9E73EEAD 
 174 006f 5BF61CC7 		.ascii	"[\366\034\307\335\373\210\343Fx\216\313F\0347\011\227"
 174      DDFB88E3 
 174      46788ECB 
 174      461C3709 
 174      97
 175 0080 3DB49D07 		.ascii	"=\264\235\007\001\225\253\344\330E\332jA\032@\256\200"
 175      0195ABE4 
 175      D845DA6A 
 175      411A40AE 
 175      80
 176 0091 34815C07 		.ascii	"4\201\\\007\271\301\275{%\302@\014\367oAZA.\211\355"
 176      B9C1BD7B 
 176      25C2400C 
 176      F76F415A 
 176      412E89ED 
 177 00a5 BCC831D3 		.ascii	"\274\3101\323\230\0030F+\216q\003\231/\332\376\015\264"
ARM GAS  /var/folders/45/ct_yb_0s4l984dg097s5d1mh0000gp/T//ccJfrqhx.s 			page 13


 177      98033046 
 177      2B8E7103 
 177      992FDAFE 
 177      0DB4
 178 00b7 7F0C3200 		.ascii	"\177\0142\000\317\235\034\343\325\200n\017b\207\030"
 178      CF9D1CE3 
 178      D5806E0F 
 178      628718
 179 00c6 27F1C91D 		.ascii	"'\361\311\0351\177\177\207\246\363\036\004]#\362J\\"
 179      317F7F87 
 179      A6F31E04 
 179      5D23F24A 
 179      5C
 180 00d7 9DE2DCA4 		.ascii	"\235\342\334\244\361d>^\252q\344J\377@\237\220\350\023"
 180      F1643E5E 
 180      AA71E44A 
 180      FF409F90 
 180      E813
 181 00e9 2FC6452F 		.ascii	"/\306E/\372\262\\\305\231%\362)\271<~\201\217\304\370"
 181      FAB25CC5 
 181      9925F229 
 181      B93C7E81 
 181      8FC4F8
 182 00fc 5391EF4F 		.ascii	"S\221\357O*\276$\214\272j\217\235\300\3331\362\320!"
 182      2ABE248C 
 182      BA6A8F9D 
 182      C0DB31F2 
 182      D021
 183 010e 92395768 		.ascii	"\2229Wh:\371\270\364\2153k\"\210'/\257%\270b\236>_\332"
 183      3AF9B8F4 
 183      8D336B22 
 183      88272FAF 
 183      25B8629E 
 184 0125 D917E3EC 		.ascii	"\331\027\343\354\235#\260K\373W\016\025\",Q5\307\017"
 184      9D23B04B 
 184      FB570E15 
 184      222C5135 
 184      C70F
 185 0137 1F99833D 		.ascii	"\037\231\203=)\360Zt^\012\241u\323!\015\250C\215\311"
 185      29F05A74 
 185      5E0AA175 
 185      D3210DA8 
 185      438DC9
 186 014a F75C409D 		.ascii	"\367\\@\235\257C\213\2220\337\3356\332\351\202t\236"
 186      AF438B92 
 186      30DFDD36 
 186      DAE98274 
 186      9E
 187 015b 3641D822 		.ascii	"6A\330\"\244E\011\016\177\347P)rG%\310\235Ce\310\223"
 187      A445090E 
 187      7FE75029 
 187      724725C8 
 187      9D4365C8 
 188 0170 982E42DE 		.ascii	"\230.B\336\034:\015\215\005\320\230I\314Uv\277\364H"
 188      1C3A0D8D 
 188      05D09849 
 188      CC5576BF 
ARM GAS  /var/folders/45/ct_yb_0s4l984dg097s5d1mh0000gp/T//ccJfrqhx.s 			page 14


 188      F448
 189 0182 DC26083C 		.ascii	"\334&\010<:\203t\250\030a\212\201\231y\350\230\003\307"
 189      3A8374A8 
 189      18618A81 
 189      9979E898 
 189      03C7
 190 0194 8E241EB6 		.ascii	"\216$\036\266\307\307\021\361\200/\373\351\376E~6\033"
 190      C7C711F1 
 190      802FFBE9 
 190      FE457E36 
 190      1B
 191 01a5 E766B791 		.ascii	"\347f\267\221\273\270&\206\330(\007\033ge\033`\222\031"
 191      BBB82686 
 191      D828071B 
 191      67651B60 
 191      9219
 192 01b7 892FEC18 		.ascii	"\211/\354\030s\305\2514\036|\314\325\242\207\263\032"
 192      73C5A934 
 192      1E7CCCD5 
 192      A287B31A 
 193 01c7 393FAB91 		.ascii	"9?\253\221\253\215\313\216\265\010\302\"T\011F*d#\345"
 193      AB8DCB8E 
 193      B508C222 
 193      5409462A 
 193      6423E5
 194 01da D4086905 		.ascii	"\324\010i\005Cg\316\227W8v\243.\004YDsi\220\021b\377"
 194      4367CE97 
 194      573876A3 
 194      2E045944 
 194      73699011 
 195 01f0 702742F5 		.ascii	"p'B\365I\351B\254\035Zyv\023\241D\221\206\240\251\026"
 195      49E942AC 
 195      1D5A7976 
 195      13A14491 
 195      86A0A916 
 196 0204 5EE4E025 		.ascii	"^\344\340%^\372\023\011\220\222\225\3653s\322\305j\214"
 196      5EFA1309 
 196      909295F5 
 196      3373D2C5 
 196      6A8C
 197 0216 3D28C6B1 		.ascii	"=(\306\261&^6\246\030\362\216\257\334T\367\224S\362"
 197      265E36A6 
 197      18F28EAF 
 197      DC54F794 
 197      53F2
 198 0228 24915853 		.ascii	"$\221XS\003q\231\245\256=\3506\364~\303q\011\332\020"
 198      037199A5 
 198      AE3DE836 
 198      F47EC371 
 198      09DA10
 199 023b 5A5DDB4E 		.ascii	"Z]\333N=\355\266\303\365\254&/N\276\252te\245\306\223"
 199      3DEDB6C3 
 199      F5AC262F 
 199      4EBEAA74 
 199      65A5C693 
 200 024f 2A1C6C38 		.ascii	"*\034l8\350\310Jm.\2509;&\223\354\026\356%aO\210\022"
 200      E8C84A6D 
ARM GAS  /var/folders/45/ct_yb_0s4l984dg097s5d1mh0000gp/T//ccJfrqhx.s 			page 15


 200      2EA8393B 
 200      2693EC16 
 200      EE25614F 
 201 0265 E6F2E8DB 		.ascii	"\346\362\350\333\005\250\006\222q\021\222\301\241Kh"
 201      05A80692 
 201      711192C1 
 201      A14B68
 202 0274 21FC8768 		.ascii	"!\374\207h\230\261\352\252\3701\2748MH\353\201\024\265"
 202      98B1EAAA 
 202      F831BC38 
 202      4D48EB81 
 202      14B5
 203 0286 2FEB3B2D 		.ascii	"/\353;-\010P\012\202\206\300P\265\234\246jR\363\250"
 203      08500A82 
 203      86C050B5 
 203      9CA66A52 
 203      F3A8
 204 0298 0AF52074 		.ascii	"\012\365 t\001u\203k\265h1\014\217\312i\217\263\303"
 204      0175836B 
 204      B568310C 
 204      8FCA698F 
 204      B3C3
 205 02aa CF985779 		.ascii	"\317\230Wy9?wi5<\313&\261\000m\302\366\226]\256\263"
 205      393F7769 
 205      353CCB26 
 205      B1006DC2 
 205      F6965DAE 
 206 02bf FA7299FA 		.ascii	"\372r\231\372R\217Dg\022\316\277(r\006gz\300\231\273"
 206      528F4467 
 206      12CEBF28 
 206      7206677A 
 206      C099BB
 207 02d2 1F270B95 		.ascii	"\037'\013\225[\004R\226\200Bu\262+ujW\032\250+u\243"
 207      5B045296 
 207      804275B2 
 207      2B756A57 
 207      1AA82B75 
 208 02e7 A75CF018 		.ascii	"\247\\\360\030\363$\361ev\235\223H\324\374\333)\"2\247"
 208      F324F165 
 208      769D9348 
 208      D4FCDB29 
 208      2232A7
 209 02fa 4699A851 		.ascii	"F\231\250QMt\205\022\355*x\225j\207m\2302\265\216W\245"
 209      4D748512 
 209      ED2A7895 
 209      6A876D98 
 209      32B58E57 
 210 030f 3B884C17 		.ascii	";\210L\027>\231\346\322U\231\351\252\232\251\2112\345"
 210      3E99E6D2 
 210      5599E9AA 
 210      9AA98932 
 210      E5
 211 0320 BC683AE5 		.ascii	"\274h:\345\214w3\246\261\370\255C\2742\022$Hr(\232\247"
 211      8C7733A6 
 211      B1F8AD43 
 211      BC321224 
 211      4872289A 
ARM GAS  /var/folders/45/ct_yb_0s4l984dg097s5d1mh0000gp/T//ccJfrqhx.s 			page 16


 212 0335 A5E5D69B 		.ascii	"\245\345\326\233\316\355\322\004jR\027\244G\011\331"
 212      CEEDD204 
 212      6A5217A4 
 212      4709D9
 213 0344 02593C80 		.ascii	"\002Y<\200B\327d\273\327\324v\257S\273C;\236\245\271"
 213      42D764BB 
 213      D7D476AF 
 213      53BB433B 
 213      9EA5B9
 214 0357 E243CCEE 		.ascii	"\342C\314\356\344Pn\253\035\241\202Ex\363\311\222\023"
 214      E4506EAB 
 214      1DA18245 
 214      78F3C992 
 214      13
 215 0368 79FD824D 		.ascii	"y\375\202MG\313\000\265\310L-\342\236\206nP\206\324"
 215      47CB00B5 
 215      C84C2DE2 
 215      9E866E50 
 215      86D4
 216 037a B1D1032E 		.ascii	"\261\321\003.NqSK\234\302\245U\316\241V\344D\301p\007"
 216      4E71534B 
 216      9CC2A555 
 216      CEA156E4 
 216      44C17007 
 217 038e 70F19D3D 		.ascii	"p\361\235=\025\016\254\032o\021\213\311e/\352\355\230"
 217      150EAC1A 
 217      6F118BC9 
 217      652FEAED 
 217      98
 218 039f AE25DD4F 		.ascii	"\256%\335OO\024;\263\352\254$\335\327\037\244G;\261"
 218      4F143BB3 
 218      EAAC24DD 
 218      D71FA447 
 218      3BB1
 219 03b1 EE26A257 		.ascii	"\356&\242W\265^\032\324\340\333\314\333\375\315\371"
 219      B55E1AD4 
 219      E0DBCCDB 
 219      FDCDF9
 220 03c0 AB75B0B5 		.ascii	"\253u\260\265D}\320\376\005\003\032\032F\033\355p/\033"
 220      447DD0FE 
 220      05031A1A 
 220      461BED70 
 220      2F1B
 221 03d2 BDFD6261 		.ascii	"\275\375ba\215\270\005\327\022=\351LU\231#\356c\235"
 221      8DB805D7 
 221      123DE94C 
 221      559923EE 
 221      639D
 222 03e4 F7E2EE56 		.ascii	"\367\342\356V\331\343\307L\221\234r\023\235J\355\030"
 222      D9E3C74C 
 222      919C7213 
 222      9D4AED18 
 223 03f4 A9477890 		.ascii	"\251Gx\220u\226\025\237\255\021'\260L\261\274\334\330"
 223      7596159F 
 223      AD1127B0 
 223      4CB1BCDC 
 223      D8
ARM GAS  /var/folders/45/ct_yb_0s4l984dg097s5d1mh0000gp/T//ccJfrqhx.s 			page 17


 224 0405 F22A7A50 		.ascii	"\362*zPW\243c\363\021\020\350\345\315\235\237\341\021"
 224      57A363F3 
 224      1110E8E5 
 224      CD9D9FE1 
 224      11
 225 0416 36F2C270 		.ascii	"6\362\302p^\22687\014jOB\325\244+\231\216 \206\021\332"
 225      5E963837 
 225      0C6A4F42 
 225      D5A42B99 
 225      8E208611 
 226 042b E528F693 		.ascii	"\345(\366\223\255\017\351\335Q\037\233\312HB\336\337"
 226      AD0FE9DD 
 226      511F9BCA 
 226      4842DEDF 
 227 043b DC126881 		.ascii	"\334\022h\201\010\302g\032\272\035\337\007t/E?Dn\322"
 227      08C2671A 
 227      BA1DDF07 
 227      742F453F 
 227      446ED2
 228 044e 18028EBC 		.ascii	"\030\002\216\274s\364\266\213\022\335\371>tn\306\321"
 228      73F4B68B 
 228      12DDF93E 
 228      746EC6D1 
 229 045e 7D3AFC86 		.ascii	"}:\374\2069\371\323\363\256\207b\276<A\315|Y\026\245"
 229      39F9D3F3 
 229      AE8762BE 
 229      3C41CD7C 
 229      5916A5
 230 0471 C5E3AC6F 		.ascii	"\305\343\254o\367\271\203\215sp\244\206*\322+\314\215"
 230      F7B9838D 
 230      7370A486 
 230      2AD22BCC 
 230      8D
 231 0482 BEC2D096 		.ascii	"\276\302\320\226\233\237\343\030\326S\221\270\253\013"
 231      9B9FE318 
 231      D65391B8 
 231      AB0B
 232 0490 E158A63C 		.ascii	"\341X\246<\215\276\337#\306g!\250{.?\362\300;Y\327D"
 232      8DBEDF23 
 232      C66721A8 
 232      7B2E3FF2 
 232      C03B59D7 
 233 04a5 6D95074E 		.ascii	"m\225\007Nb\3175E\331Y\010'3e8\271\346\221\016\037b"
 233      62CF3545 
 233      D9590827 
 233      336538B9 
 233      E6910E1F 
 234 04ba 4A5A734A 		.ascii	"JZsJ\211\026\2473%\363\365\336L'\234\311\224\226\322"
 234      8916A733 
 234      25F3F5DE 
 234      4C279CC9 
 234      9496D2
 235 04cd 1B36477C 		.ascii	"\0336G|\202)\266\374\374\375\216\370$S\266\224\265%"
 235      8229B6FC 
 235      FCFD8EF8 
 235      2453B694 
 235      B525
ARM GAS  /var/folders/45/ct_yb_0s4l984dg097s5d1mh0000gp/T//ccJfrqhx.s 			page 18


 236 04df 8A5B600F 		.ascii	"\212[`\017\321{\217\366\2469\210Y\261\007=\256\271\341"
 236      D17B8FF6 
 236      A6398859 
 236      B1073DAE 
 236      B9E1
 237 04f1 15C2050C 		.ascii	"\025\302\005\014\23488\274\333~\326<LHyXF\323P\\\230"
 237      9C3838BC 
 237      DB7ED63C 
 237      4C487958 
 237      46D3505C 
 238 0506 F14CABCE 		.ascii	"\361L\253\316C\033\240oQ\364$\215\354\204\024\331\352"
 238      431BA06F 
 238      51F4248D 
 238      EC8414D9 
 238      EA
 239 0517 EAF271A4 		.ascii	"\352\362q\244\316\303l\350\005\225\333\322b\034\321"
 239      CEC36CE8 
 239      0595DBD2 
 239      621CD1
 240 0526 1276CD5B 		.ascii	"\022v\315[\"]\236\344\357\260\020\035%T^\212\307\261"
 240      225D9EE4 
 240      EFB0101D 
 240      25545E8A 
 240      C7B1
 241 0538 F9BDD722 		.ascii	"\371\275\327\"\205#\013)\325\023X\2436~\236\274\016"
 241      85230B29 
 241      D51358A3 
 241      367E9EBC 
 241      0E
 242 0549 1E53DE52 		.ascii	"\036S\336R\362\317\261!w\177\204})\032S\370\0135|\230"
 242      F2CFB121 
 242      777F847D 
 242      291A53F8 
 242      0B357C98 
 243 055d C27D64F4 		.ascii	"\302}d\364\005\005\372\265\032}k\032:R\250l\267\341"
 243      0505FAB5 
 243      1A7D6B1A 
 243      3A52A86C 
 243      B7E1
 244 056f 480A1F40 		.ascii	"H\012\037@n\350\201\010\227\312\014\335{\307\227z\005"
 244      6EE88108 
 244      97CA0CDD 
 244      7BC7977A 
 244      05
 245 0580 FBAB99D9 		.ascii	"\373\253\231\331\225\360f\005\374\245\032\336\253v}"
 245      95F06605 
 245      FCA51ADE 
 245      AB767D
 246 058f D8866578 		.ascii	"\330\206ex\267\032~[\301\236(\346C\200W\013\032\003"
 246      B71A7E5B 
 246      C19E28E6 
 246      4380570B 
 246      1A03
 247 05a1 C428ED24 		.ascii	"\304(\355$x\330@\320.\336\023\355\340\227\240X\220("
 247      78D840D0 
 247      2EDE13ED 
 247      E097A058 
ARM GAS  /var/folders/45/ct_yb_0s4l984dg097s5d1mh0000gp/T//ccJfrqhx.s 			page 19


 247      9028
 248 05b3 901890AD 		.ascii	"\220\030\220\255 I [@\342@v\202\374\017d/H$\310\036"
 248      2049205B 
 248      40E24076 
 248      82FC0F64 
 248      2F4824C8 
 249 05c8 90689004 		.ascii	"\220h\220\004\220\355 \333@v\203\304\203$\362K\350\356"
 249      90ED20DB 
 249      407683C4 
 249      8324F24B 
 249      E8EE
 250 05da C9DC7CFB 		.ascii	"\311\334|\373_\331\3137j/\365\352\020\014(B\360|\346"
 250      5FD9CB37 
 250      6A2FF5EA 
 250      100C2842 
 250      F07CE6
 251 05ed EC4D832B 		.ascii	"\354M\203+c\3203s\014\224!S\370\362vF_\024\340\267\012"
 251      63D03373 
 251      0C942153 
 251      F8F27646 
 251      5F14E0B7 
 252 0602 5706D5E0 		.ascii	"W\006\325\340g\357\2702\254\200\017\315\014W\326]\254"
 252      67EFB832 
 252      AC800FCD 
 252      0C57D65D 
 252      AC
 253 0613 C2F10E35 		.ascii	"\302\361\0165\274\375\335\252VN\364\256\032\177g:\036"
 253      BCFDDDAA 
 253      564EF4AE 
 253      1A7F673A 
 253      1E
 254 0624 6AB43E56 		.ascii	"j\264>V\254T\201wC\343\"^Z\210\350\246\354\016;\217"
 254      AC548177 
 254      43E3225E 
 254      5A88E8A6 
 254      EC0E3B8F 
 255 0638 3E9D708B 		.ascii	">\235p\213\204\362 (N|\011\312\031\234\260\341R8\011"
 255      84F22028 
 255      4E7C09CA 
 255      199CB0E1 
 255      523809
 256 064b C5DA53E3 		.ascii	"\305\332S\343]3;\253\230[\273\"\022#3\227\361\264\252"
 256      5D333BAB 
 256      985BBB22 
 256      12233397 
 256      F1B4AA
 257 065e 574EED91 		.ascii	"WN\355\221\032\177\357\235\310)\341Og\336\017(\234|"
 257      1A7FEF9D 
 257      C829E14F 
 257      67DE0F28 
 257      9C7C
 258 0670 DB34B466 		.ascii	"\3334\264f\273\340Gt\333\343\013mm9\256\310s\036\233"
 258      BBE04774 
 258      DBE30B6D 
 258      6D39AEC8 
 258      731E9B
 259 0683 716B2C8E 		.ascii	"qk,\216\"3>\000\243\367\361So~\022\200Y\026\014\332"
ARM GAS  /var/folders/45/ct_yb_0s4l984dg097s5d1mh0000gp/T//ccJfrqhx.s 			page 20


 259      22333E00 
 259      A3F7F153 
 259      6F7E1280 
 259      59160CDA 
 260 0697 0FEBE4D7 		.ascii	"\017\353\344\327^3\344\330_\221^\254Q\2366\016(&\310"
 260      5E33E4D8 
 260      5F915EAC 
 260      519E360E 
 260      2826C8
 261 06aa A1649E9D 		.ascii	"\241d\236\2356\340\016\340\364\202\027\311\316\370\025"
 261      36E00EE0 
 261      F48217C9 
 261      CEF815
 262 06b9 DBD8E3F2 		.ascii	"\333\330\343\362S\372\264p\270\251\354!\207\233?\347"
 262      53FAB470 
 262      B8A9EC21 
 262      879B3FE7 
 263 06c9 DEEA1704 		.ascii	"\336\352\027\004\340\211F\032zD\373I\236&<N?*\245\360"
 263      E089461A 
 263      7A44FB49 
 263      9E263C4E 
 263      3F2AA5F0 
 264 06dd E4A0B337 		.ascii	"\344\240\2637-\263u\016\216\263\243l\031\003\245U\342"
 264      2DB3750E 
 264      8EB3A36C 
 264      1903A555 
 264      E2
 265 06ee 7BDF19D4 		.ascii	"{\337\031\324\316\303IG5\354\225\322O\272\323\033\237"
 265      CEC34947 
 265      35EC95D2 
 265      4FBAD31B 
 265      9F
 266 06ff EFD5E1FD 		.ascii	"\357\325\341\375\014;\332\237\324\206\030\226x\365\340"
 266      0C3BDA9F 
 266      D4861896 
 266      78F5E0
 267 070e 4C52B56E 		.ascii	"LR\265n\3267\314a^|\303\244\363\364\025s\343u\371['"
 267      D637CC61 
 267      5E7CC3A4 
 267      F3F41573 
 267      E375F95B 
 268 0723 9C4E9934 		.ascii	"\234N\23149Q\307\0075\310\323\035\001\034\3512\245\017"
 268      3951C707 
 268      35C8D31D 
 268      011CE932 
 268      A50F
 269 0735 4D0E65F1 		.ascii	"M\016e\361:\224\301c\351\3135Y\000\372\301\037I3<k\351"
 269      3A94C163 
 269      E9CB3559 
 269      00FAC11F 
 269      49333C6B 
 270 074a 9D7E8409 		.ascii	"\235~\204\011\031\002^\310!?\372\002CG OY\324^&\357"
 270      19025EC8 
 270      213FFA02 
 270      4347204F 
 270      59D45E26 
 271 075f 8E8E3283 		.ascii	"\216\2162\203\202\320\364\314N~K!\312\235\012\375\207"
ARM GAS  /var/folders/45/ct_yb_0s4l984dg097s5d1mh0000gp/T//ccJfrqhx.s 			page 21


 271      82D0F4CC 
 271      4E7E4B21 
 271      CA9D0AFD 
 271      87
 272 0770 78E25F36 		.ascii	"x\342_6\357&yI\320\371)\265o\034t\"\267\355\227\270"
 272      EF267949 
 272      D0F929B5 
 272      6F1C7422 
 272      B7ED97B8 
 273 0784 27F7A50C 		.ascii	"'\367\245\014\315Qr\037{\037wo\307@\201\303\322\014"
 273      CD51721F 
 273      7B1F776F 
 273      C74081C3 
 273      D20C
 274 0796 A1A9927C 		.ascii	"\241\251\222|p\2548\220)\330\362`2\307a\321\246A\266"
 274      70AC3890 
 274      29D8F260 
 274      32C761D1 
 274      A641B6
 275 07a9 E02CAF18 		.ascii	"\340,\257\030{\020Z\376\311s\350\004\277\024\206vL\226"
 275      7B105AFE 
 275      C973E804 
 275      BF148676 
 275      4C96
 276 07bb A639E34C 		.ascii	"\2469\343L\026\377\253Y\207\344\304\377\276D\221xrT"
 276      16FFAB59 
 276      87E4C4FF 
 276      BE449178 
 276      7254
 277 07cd CD9113   		.ascii	"\315\221\023"
 278 07d0 9FA34EFC 		.ascii	"\237\243N\374\3174\361\025\017\217$kp\011#\2733R0(\261"
 278      CF34F115 
 278      0F8F246B 
 278      700923BB 
 278      33523028 
 279 07e5 BDFD949D 		.ascii	"\275\375\224\235\362\323\331)?Wf\312U3\235\244L\027"
 279      F2D3D929 
 279      3F5766CA 
 279      55339DA4 
 279      4C17
 280 07f7 1F9ECC71 		.ascii	"\037\236\314q\300u\214\351f[t\251X\026\216\212\243\361"
 280      C0758CE9 
 280      665B74A9 
 280      58168E8A 
 280      A3F1
 281 0809 7CF1683C 		.ascii	"|\361h<>\3304.\236\017\311\367\356h\355\326T4k\325\234"
 281      3ED8342E 
 281      9E0FC9F7 
 281      EE68EDD6 
 281      54346BD5 
 282 081e 96AAA680 		.ascii	"\226\252\246\200\005\372\334\345\3466\027u\022OA\260"
 282      05FADCE5 
 282      E6361775 
 282      124F41B0 
 283 082e F269B00A 		.ascii	"\362i\260\012i\240OK\201n\271\275\303\240\316\312\254"
 283      69A04F4B 
 283      816EB9BD 
ARM GAS  /var/folders/45/ct_yb_0s4l984dg097s5d1mh0000gp/T//ccJfrqhx.s 			page 22


 283      C3A0CECA 
 283      AC
 284 083f E08991F6 		.ascii	"\340\211\221\366\004\307\251\254x\036\024\263R$f\005"
 284      04C7A9AC 
 284      781E14B3 
 284      52246605 
 285 084f 3E671463 		.ascii	">g\024c\363\304\254\024\323\254\024\355\333\363\027"
 285      F3C4AC14 
 285      D3AC14ED 
 285      DBF317
 286 085e 7C93CDFE 		.ascii	"|\223\315\376nl_\207\213\234\225\262a9+\344\313\245"
 286      6E6C5F87 
 286      8B9C95B2 
 286      61392BE4 
 286      CBA5
 287 0870 448E6589 		.ascii	"D\216e\211:\226\2454\226\035\215g\257hp?ck\355\252\315"
 287      3A96A534 
 287      961D8D67 
 287      AF68703F 
 287      636BEDAA 
 288 0885 B6939D4A 		.ascii	"\266\223\235JU9u}\232SgD\247\312\370\245\234\273\267"
 288      5539757D 
 288      9A536744 
 288      A7CAF8A5 
 288      9CBBB7
 289 0898 B79EFD42 		.ascii	"\267\236\375B-\372M\376\301zKx\000\271\233,V\357\000"
 289      2DFA4DFE 
 289      C17A4B78 
 289      00B99B2C 
 289      56EF00
 290 08ab ED9A2FBF 		.ascii	"\355\232/\277^d\360\361\341t&S\2049\304\352\347k\262"
 290      5E64F0F1 
 290      E1742653 
 290      8439C4EA 
 290      E76BB2
 291 08be 7EAFFFDA 		.ascii	"~\257\377\332\022\024n\321\207\230\003B\203\375\003"
 291      12146ED1 
 291      87980342 
 291      83FD03
 292 08cd CD1BC323 		.ascii	"\315\033\303#\254Vx\332h\366\017\0174\207\204\352C\303"
 292      AC5678DA 
 292      68F60F0F 
 292      348784EA 
 292      43C3
 293 08df ACFA8D01 		.ascii	"\254\372\215\001\001^\376\341\233\275BBC\202\274\202"
 293      015EFEE1 
 293      9BBD4242 
 293      4382BC82 
 294 08ef FCFF65F6 		.ascii	"\374\377e\366Z\356\345\273\314g\205\327\177|\275\"\302"
 294      5AEEE5BB 
 294      CC6785D7 
 294      7F7CBD22 
 294      C2
 295 0900 02FDAD41 		.ascii	"\002\375\255A\372i\335zsH@pD`\220~\263\177\300&sH\220"
 295      FA69DD7A 
 295      73484070 
 295      4460907E 
ARM GAS  /var/folders/45/ct_yb_0s4l984dg097s5d1mh0000gp/T//ccJfrqhx.s 			page 23


 295      B37FC026 
 296 0917 DE1418F4 		.ascii	"\336\024\030\364\235\177D\260\325d\375!,\310\342\275"
 296      9D7F44B0 
 296      D564FD21 
 296      2CC8E2BD 
 297 0927 89D34AF6 		.ascii	"\211\323J\366\377\375\253\332\267\374`\321\303\324\201"
 297      FFFDABDA 
 297      B7FC60D1 
 297      C3D481
 298 0936 C80A461D 		.ascii	"\310\012F\035@\265\2327\007\231\254\213\224a\012\267"
 298      40B59A37 
 298      0799AC8B 
 298      94610AB7 
 299 0946 4EE10336 		.ascii	"N\341\0036\221~\200\332[\254kC\314\326O\336\027N\316"
 299      917E80DA 
 299      5BAC6B43 
 299      CCD64FDE 
 299      174ECE
 300 0959 C9625D6F 		.ascii	"\311b]o\365\017\267\256\014\006\353\216D\011\015\243"
 300      F50FB7AE 
 300      0C06EB8E 
 300      44090DA3 
 301 0969 CF3A780E 		.ascii	"\317:x\016\262J\217k\202\246\020\246\340\340@\223\031"
 301      B24A8F6B 
 301      82A610A6 
 301      E0E04093 
 301      19
 302 097a 88FDD4C4 		.ascii	"\210\375\324\304a\241\341V\213~\375\206u~\276\372/\276"
 302      61A1E156 
 302      8B7EFD86 
 302      757EBEFA 
 302      2FBE
 303 098c 58A5DFB0 		.ascii	"X\245\337\260v\335\367>\242)2\012|\2623\030\326\031"
 303      76DDF73E 
 303      A229320A 
 303      7CB23318 
 303      D619
 304 099e FDF8AF8C 		.ascii	"\375\370\257\214\232U\353V\032\361*\203Q\363\371\252"
 304      9A55EB56 
 304      1AF12A83 
 304      51F3F9AA 
 305 09ae 0D466C30 		.ascii	"\015Fl0\030\261\021d\245\321\210\377\261\336\200\015"
 305      18B11164 
 305      A5D188FF 
 305      B1DE800D 
 306 09be 5F6ED018 		.ascii	"_n\320\030\014\253\215\024\357K\377}\360\3525F~=\214"
 306      0CAB8D14 
 306      EF4BFF7D 
 306      F0EA3546 
 306      7E3D8C
 307 09d1 5CBBDAA8 		.ascii	"\\\273\332\250Y\277\016\320\006\243/\210\017 \2771\372"
 307      59BF0ED0 
 307      06A32F88 
 307      0F20BF31 
 307      FA
 308 09e2 7E983716 		.ascii	"~\2307\026\353f\2222\363fp\306qJ1Y\335\304\211YH0L\376"
 308      EB669232 
ARM GAS  /var/folders/45/ct_yb_0s4l984dg097s5d1mh0000gp/T//ccJfrqhx.s 			page 24


 308      F36670C6 
 308      714A3159 
 308      DDC48959 
 309 09fa 64AECE26 		.ascii	"d\256\316&\323w\021!\001&\223\367\212?\370\376Q+i\232"
 309      D3771121 
 309      012693F7 
 309      8A3FF8FE 
 309      512B699A 
 310 0a0e 804DFEE1 		.ascii	"\200M\376\341\037M\301C\303\030z\256\324\0224\303p?"
 310      1F4DC143 
 310      C3187AAE 
 310      D41234C3 
 310      703F
 311 0a20 3FA97BE3 		.ascii	"?\251{\343\214\335\313\377\017\323y\033\377"
 311      8CDDCBFF 
 311      0FD3791B 
 311      FF
 312              		.text
 313              		.section	.gnu.lto_.symtab.31e313ef41d17245,"",%progbits
 314 0000 7374496E 		.ascii	"stInit\000"
 314      697400
 315 0007 00       		.ascii	"\000"
 316 0008 00       		.ascii	"\000"
 317 0009 00       		.ascii	"\000"
 318 000a 00000000 		.ascii	"\000\000\000\000\000\000\000\000"
 318      00000000 
 319 0012 C8000000 		.ascii	"\310\000\000\000"
 320 0016 73745374 		.ascii	"stStartAlarm\000"
 320      61727441 
 320      6C61726D 
 320      00
 321 0023 00       		.ascii	"\000"
 322 0024 00       		.ascii	"\000"
 323 0025 00       		.ascii	"\000"
 324 0026 00000000 		.ascii	"\000\000\000\000\000\000\000\000"
 324      00000000 
 325 002e CC000000 		.ascii	"\314\000\000\000"
 326 0032 73745374 		.ascii	"stStopAlarm\000"
 326      6F70416C 
 326      61726D00 
 327 003e 00       		.ascii	"\000"
 328 003f 00       		.ascii	"\000"
 329 0040 00       		.ascii	"\000"
 330 0041 00000000 		.ascii	"\000\000\000\000\000\000\000\000"
 330      00000000 
 331 0049 CE000000 		.ascii	"\316\000\000\000"
 332 004d 73745365 		.ascii	"stSetAlarm\000"
 332      74416C61 
 332      726D00
 333 0058 00       		.ascii	"\000"
 334 0059 00       		.ascii	"\000"
 335 005a 00       		.ascii	"\000"
 336 005b 00000000 		.ascii	"\000\000\000\000\000\000\000\000"
 336      00000000 
 337 0063 D0000000 		.ascii	"\320\000\000\000"
 338 0067 73744765 		.ascii	"stGetAlarm\000"
 338      74416C61 
ARM GAS  /var/folders/45/ct_yb_0s4l984dg097s5d1mh0000gp/T//ccJfrqhx.s 			page 25


 338      726D00
 339 0072 00       		.ascii	"\000"
 340 0073 00       		.ascii	"\000"
 341 0074 00       		.ascii	"\000"
 342 0075 00000000 		.ascii	"\000\000\000\000\000\000\000\000"
 342      00000000 
 343 007d D3000000 		.ascii	"\323\000\000\000"
 344 0081 73745F6C 		.ascii	"st_lld_init\000"
 344      6C645F69 
 344      6E697400 
 345 008d 00       		.ascii	"\000"
 346 008e 02       		.ascii	"\002"
 347 008f 00       		.ascii	"\000"
 348 0090 00000000 		.ascii	"\000\000\000\000\000\000\000\000"
 348      00000000 
 349 0098 D5000000 		.ascii	"\325\000\000\000"
 350              		.text
 351              		.section	.gnu.lto_.opts,"",%progbits
 352 0000 272D666D 		.ascii	"'-fmath-errno' '-fsigned-zeros' '-ftrapping-math' '"
 352      6174682D 
 352      6572726E 
 352      6F272027 
 352      2D667369 
 353 0033 2D666E6F 		.ascii	"-fno-trapv' '-fno-openmp' '-fno-openacc' '-mcpu=cor"
 353      2D747261 
 353      70762720 
 353      272D666E 
 353      6F2D6F70 
 354 0066 7465782D 		.ascii	"tex-m7' '-mno-thumb-interwork' '-mthumb' '-O2' '-fo"
 354      6D372720 
 354      272D6D6E 
 354      6F2D7468 
 354      756D622D 
 355 0099 6D69742D 		.ascii	"mit-frame-pointer' '-falign-functions=16' '-ffuncti"
 355      6672616D 
 355      652D706F 
 355      696E7465 
 355      72272027 
 356 00cc 6F6E2D73 		.ascii	"on-sections' '-fdata-sections' '-fno-common' '-flto"
 356      65637469 
 356      6F6E7327 
 356      20272D66 
 356      64617461 
 357 00ff 2700     		.ascii	"'\000"
 358              		.text
 359              		.comm	__gnu_lto_v1,1,1
 360              		.comm	__gnu_lto_slim,1,1
 361              		.ident	"GCC: (GNU Tools for Arm Embedded Processors 7-2018-q2-update) 7.3.1 20180622 (release) [AR
ARM GAS  /var/folders/45/ct_yb_0s4l984dg097s5d1mh0000gp/T//ccJfrqhx.s 			page 26


DEFINED SYMBOLS
                            *ABS*:0000000000000000 hal_st.c
                            *COM*:0000000000000001 __gnu_lto_v1
                            *COM*:0000000000000001 __gnu_lto_slim

NO UNDEFINED SYMBOLS
