ARM GAS  /var/folders/45/ct_yb_0s4l984dg097s5d1mh0000gp/T//ccAQhZ6K.s 			page 1


   1              		.cpu cortex-m7
   2              		.eabi_attribute 20, 1
   3              		.eabi_attribute 21, 1
   4              		.eabi_attribute 23, 3
   5              		.eabi_attribute 24, 1
   6              		.eabi_attribute 25, 1
   7              		.eabi_attribute 26, 1
   8              		.eabi_attribute 30, 2
   9              		.eabi_attribute 34, 1
  10              		.eabi_attribute 18, 4
  11              		.file	"hal_pal_lld.c"
  12              		.section	.gnu.lto_.profile.e377c4a2b9969475,"",%progbits
  13 0000 789C6363 		.ascii	"x\234cc```\001bF\006\177_\000\001c\000\250"
  13      60606001 
  13      6246067F 
  13      5F000163 
  13      00A8
  14              		.text
  15              		.section	.gnu.lto_.icf.e377c4a2b9969475,"",%progbits
  16 0000 789C6363 		.ascii	"x\234cc``\340c@\000&\206\323o\226~`e<\367\370\3761."
  16      6060E063 
  16      40002686 
  16      D36F967E 
  16      60653CF7 
  17 0018 06003438 		.ascii	"\006\00048\006\311"
  17      06C9
  18              		.text
  19              		.section	.gnu.lto_.jmpfuncs.e377c4a2b9969475,"",%progbits
  20 0000 789C6363 		.ascii	"x\234cc``\020g@\000& fdfddd\257\237\303\314\000\304"
  20      60601067 
  20      40002620 
  20      66646664 
  20      6464AF9F 
  21 0018 8C40CCC4 		.ascii	"\214@\314\304\000\000!\215\003\213"
  21      0000218D 
  21      038B
  22              		.text
  23              		.section	.gnu.lto_.inline.e377c4a2b9969475,"",%progbits
  24 0000 789C6363 		.ascii	"x\234cc``0c@\000&\006\006f&F\020\305\300\266@\036D1"
  24      60603063 
  24      40002606 
  24      06662646 
  24      10C5C0B6 
  25 0018 30329C63 		.ascii	"02\234c8\310\310\310\310\244\300\010\224\314\273\264"
  25      38C8C8C8 
  25      C8A4C008 
  25      94CCBBB4 
  26 0028 529841E2 		.ascii	"R\230A\342\302b&&\006\261'_\030Y\300\272\000\267I\010"
  26      C2622626 
  26      06B1275F 
  26      1859C0BA 
  26      00B74908 
  27 003c 45       		.ascii	"E"
  28              		.text
  29              		.section	.gnu.lto_.pureconst.e377c4a2b9969475,"",%progbits
  30 0000 789C6363 		.ascii	"x\234cc```\005b&\006\006F)\000\000\256\000)"
  30      60606005 
ARM GAS  /var/folders/45/ct_yb_0s4l984dg097s5d1mh0000gp/T//ccAQhZ6K.s 			page 2


  30      62260606 
  30      46290000 
  30      AE0029
  31              		.text
  32              		.section	.gnu.lto__pal_lld_init.e377c4a2b9969475,"",%progbits
  33 0000 789C6363 		.ascii	"x\234cc``\250\003bs \226\006bFf\006F\246\011\347\030"
  33      6060A803 
  33      62732096 
  33      06624666 
  33      0646A609 
  34 0016 181A3998 		.ascii	"\030\0329\230\030\031A\214\006\016F\206z&\306z\306\036"
  34      1819418C 
  34      060E4686 
  34      7A26C67A 
  34      C61E
  35 0028 E629CC8C 		.ascii	"\346)\314\214\207\332\237\355d\322\\\336\000\004\007"
  35      87DA9FED 
  35      64D25CDE 
  35      000407
  36 0037 A64F626B 		.ascii	"\246Obkkh\225\230\303\314\3000\015\210A\200q3\243&\003"
  36      6B689598 
  36      C3CCC030 
  36      0D884180 
  36      7133A326 
  37 004c 50D9A38D 		.ascii	"P\331\243\215\377\246\362\262\261@\304\031\2670\262"
  37      FFA6F2B2 
  37      B140C419 
  37      B730B2
  38 005b 31300219 		.ascii	"10\002\031\353/\261\036h\370\367\277\275\341\300\225"
  38      EB2FB11E 
  38      68F8F7BF 
  38      BDE1C095 
  39 006b C58C5BDD 		.ascii	"\305\214[\335\230\030\030:\200\362@K\032\0160t23\201"
  39      9818183A 
  39      80F2404B 
  39      1A0E3074 
  39      323381
  40 007e 58CD0718 		.ascii	"X\315\007\030\33616)\200\265\200@\0073#H\030\250\324"
  40      DE313629 
  40      80B58040 
  40      07332348 
  40      18A8D4
  41 0091 544F4F1F 		.ascii	"TOO\037\202\362\213\3653\022s\364\013\362\213J\212\365"
  41      82F28BF5 
  41      331273F4 
  41      0BF28B4A 
  41      8AF5
  42 00a3 83437C8D 		.ascii	"\203C|\215\215\364}|\\\364\335\003<\375\313\214@R\361"
  42      8DF47D7C 
  42      5CF4DD03 
  42      3CFDCB8C 
  42      4052F1
  43 00b6 05409C93 		.ascii	"\005@\234\223\223\242\227\314\000\000\372C;>"
  43      93A297CC 
  43      0000FA43 
  43      3B3E
  44              		.text
ARM GAS  /var/folders/45/ct_yb_0s4l984dg097s5d1mh0000gp/T//ccAQhZ6K.s 			page 3


  45              		.section	.gnu.lto__pal_lld_setgroupmode.e377c4a2b9969475,"",%progbits
  46 0000 789CA557 		.ascii	"x\234\245WkPU\327\025\336\353\354\373\342> Ac\024\211"
  46      6B5055D7 
  46      15DEEBEC 
  46      FBE23E20 
  46      41631489 
  47 0014 A211D1A8 		.ascii	"\242\021\321\250\\$iDM}Mg\222LA\240\355\364g[[\231I"
  47      5C246944 
  47      4D7D4D67 
  47      924C41A0 
  47      EDF4675B 
  48 002b 271028D2 		.ascii	"'\020(\322L;\343\264\027\301\213\230Xm\023uz\305\224"
  48      4C3BE3B4 
  48      17C18B98 
  48      586D1375 
  48      7AC594
  49 003e 048C329D 		.ascii	"\004\2142\235D\235\220 \230\007\202\032\240\202\301"
  49      449D9020 
  49      9807821A 
  49      A082C1
  50 004d 5813F011 		.ascii	"X\023\360\021M\"\026\"\212\004\361\305\243k\255}\016"
  50      4D221622 
  50      8A04F1C5 
  50      A36BAD7D 
  50      0E
  51 005e F721ADC3 		.ascii	"\367!\255\303\300x\226\373\254\363}k\357o\255\265\317"
  51      C07896FB 
  51      ACF37D6B 
  51      EF6FADB5 
  51      CF
  52 006f D9D72284 		.ascii	"\331\327\"\204\330\036)\304z\374\377\003\274 B\200\266"
  52      D81E29C4 
  52      7AFCFF03 
  52      BC204280 
  52      B6
  53 0080 AD45887C 		.ascii	"\255E\210|\233\006R\015\244f\332\024'<v'Y\247I37D\341"
  53      9B06520D 
  53      A466DA14 
  53      273C7627 
  53      59A74933 
  54 0097 5D58C393 		.ascii	"]X\303\223xg\326,\374\314\312\317,`S\024\2531\260\201"
  54      7867D62C 
  54      FCCCCACF 
  54      2C605314 
  54      AB31B081 
  55 00ab 530DC234 		.ascii	"S\015\3024;\003\035\014\264\033n\2071pj\341\347\034"
  55      3B031D0C 
  55      B41B6E87 
  55      31706AE1 
  55      E71C
  56 00bd F8DC5559 		.ascii	"\370\334UY'\020\340R\223\037\261\205\003\320\300c\003"
  56      2710E052 
  56      931FB185 
  56      03D0C063 
  56      03
  57 00ce F1674D9A 		.ascii	"\361gM\232\314\026\253-\314\356p\272\302\001o\205\376"
  57      CC16AB2D 
ARM GAS  /var/folders/45/ct_yb_0s4l984dg097s5d1mh0000gp/T//ccAQhZ6K.s 			page 4


  57      CCEE70BA 
  57      C2016F85 
  57      FE
  58 00df F7AA7C5D 		.ascii	"\367\252|]B]QG\2656w\257\007\377jw\366Z\274\236\215"
  58      425D5147 
  58      B53677AF 
  58      07FF6A77 
  58      F65ABC9E 
  59 00f4 934B10B1 		.ascii	"\223K\020\261CG\301{0\027Q\255\205\007J\344+\262D\002"
  59      4347C17B 
  59      301751AD 
  59      85074AE4 
  59      2BB24402 
  60 0108 98F0F646 		.ascii	"\230\360\366F\263\357\233p\272\325 \006o\353[\206\017"
  60      B3EF9B70 
  60      BAD52006 
  60      6FEB5B86 
  60      0F
  61 0119 D9651208 		.ascii	"\331e\022\010\034\017\036\357\357\260\305\355\361x6"
  61      1C0F1EEF 
  61      EFB0C5ED 
  61      F17836
  62 0128 786A07CA 		.ascii	"xj\007\312\245gV\211\224\360\001H\014\010\357C4TB\264"
  62      A5675689 
  62      94F00148 
  62      0C08EF43 
  62      345442B4 
  63 013c 4097802A 		.ascii	"@\227\200*\210C\370\360\333\007\212m\362\207L\375bo"
  63      8843F8F0 
  63      DB078A6D 
  63      F2874CFD 
  63      626F
  64 014e 91CFAE53 		.ascii	"\221\317\256S\317\354\212\334S\340y\256D\232\340P(\331"
  64      CFEC8ADC 
  64      53E079AE 
  64      449AE050 
  64      28D9
  65 0160 24A09AC9 		.ascii	"$\240\232\311\337\277\267\3475\207\\\305\344\013\327"
  65      DFBFB7E7 
  65      35875CC5 
  65      E40BD7
  66 016f 2A7719E4 		.ascii	"*w\031\344\013\273\242\312\231l\206\232P\262Y\300a\210"
  66      0BBBA2CA 
  66      996C869A 
  66      50B259C0 
  66      6188
  67 0181 23C6ABF9 		.ascii	"#\306\253\371\025\027\245|\226\331\227zz\016\331c\313"
  67      1517A57C 
  67      96D9977A 
  67      7A0ED963 
  67      CB
  68 0192 D4D42593 		.ascii	"\324\324%\223\337,\3604xL%\322\002\037\006\363\351\017"
  68      DF2CF034 
  68      784C25D2 
  68      021F06F3 
  68      E90F
  69 01a4 E115C327 		.ascii	"\341\025\303'\377f\223?f\352_\266\376\2654B\2476E\373"
ARM GAS  /var/folders/45/ct_yb_0s4l984dg097s5d1mh0000gp/T//ccAQhZ6K.s 			page 5


  69      FF66933F 
  69      66EA5FB6 
  69      FEB53442 
  69      A73645FB 
  70 01b8 3CB58531 		.ascii	"<\265\2051D\374xT\342\365\327\2165k2\215\211;\273\367"
  70      44FC7854 
  70      E2F5D78E 
  70      356B328D 
  70      893BBBF7 
  71 01cc DD70E8C4 		.ascii	"\335p\350\304:?\261vTb\307\227\005\177\267\310\2373"
  71      3A3FB176 
  71      5462C797 
  71      057FB7C8 
  71      9F33
  72 01de B1BD61DF 		.ascii	"\261\275a\337\225p\235xw\352\010\261nT\342\266\3016"
  72      95709D78 
  72      77EA08B1 
  72      6E54E2B6 
  72      C136
  73 01f0 8F45FE82 		.ascii	"\217E\376\202\211-_u\224\200N\354\365\023\217\216J\334"
  73      892D5F75 
  73      94804EEC 
  73      F5138F8E 
  73      4ADC
  74 0202 72FDF69B 		.ascii	"r\375\366\233&\231\301\304\212m\233\357\205\351\304"
  74      2699C1C4 
  74      8A6D9BEF 
  74      85E9C4
  75 0211 2E3FF1F8 		.ascii	".?\361\370\250\304\257\017\016mwYL\360)\304\3021\274"
  75      A8C4AF0F 
  75      0E6D7759 
  75      4CF029C4 
  75      C231BC
  76 0224 EAF13A82 		.ascii	"\352\361:\202\327'x}\004\261\252\265\240\001,@E\270"
  76      D727787D 
  76      04B1AAB5 
  76      A0012C40 
  76      45B8
  77 0236 54BA374C 		.ascii	"T\2727L\276\310\263\224|\274\347\264\246\317r\255db"
  77      BEC8B394 
  77      7CBCE7B4 
  77      A6CF72AD 
  77      6462
  78 0248 F948111A 		.ascii	"\371H\021\032G_\340w[_\001\371\022S/\337\273\271\315"
  78      475FE077 
  78      5B5F01F9 
  78      12532FDF 
  78      BBB9CD
  79 025b A85F5F99 		.ascii	"\250__\231\364\224{4\"\376kT\342\366\316\216\203&\371"
  79      F4947B34 
  79      22FE6B54 
  79      E2F6CE8E 
  79      8326F9
  80 026e 3B266E6D 		.ascii	";&nm\360^1\212p\332Ol\036\2258\330y\360\237v\231\307"
  80      F05E318A 
  80      70DA4F6C 
  80      1E9538D8 
ARM GAS  /var/folders/45/ct_yb_0s4l984dg097s5d1mh0000gp/T//ccAQhZ6K.s 			page 6


  80      79F09F76 
  81 0284 C48F9AFA 		.ascii	"\304\217\232\372\212\214\305\036}k\204x\362\377\246"
  81      8A8CC51E 
  81      7D6B8478 
  81      F2FFA6
  82 0293 E4334C41 		.ascii	"\3443LA\013^'\360j\302TP\0260\027\255\230\013!\354\377"
  82      0B5E27F0 
  82      6AC25450 
  82      163017AD 
  82      980B21EC 
  83 02a8 2B63A1B4 		.ascii	"+c\241\264\375\247\314\265\236\241\341\"l\364\251g+"
  83      FDA7CCB5 
  83      9EA1E122 
  83      6CF4A967 
  83      2B
  84 02b9 9B237F02 		.ascii	"\233#\177\002\330\327V\215\214$c\"c&c!c%cCc\013\243"
  84      D8D7568D 
  84      8C246322 
  84      63266321 
  84      63256343 
  85 02d0 919D460E 		.ascii	"\221\235F\0162N\272u\221\011'\023A\346!2\017\223\211"
  85      324EBA75 
  85      91092713 
  85      41E62132 
  85      0F9389
  86 02e3 243381CC 		.ascii	"$3\201\314D2\217\220\231D\346Q2\223\311L!\023Ef*\031"
  86      44328F90 
  86      9944E651 
  86      3293C94C 
  86      21134566 
  87 02f9 DA5ED6C7 		.ascii	"\332^\326\307\310L#3\235L\014\231\031df\222y\234\314"
  87      C84C2333 
  87      9D4C0C99 
  87      19646692 
  87      799CCC
  88 030c 2C32B164 		.ascii	",2\261df\223\211#3\207\314\\2O\220\231Gf>\231\005\274"
  88      66938923 
  88      3387CC5C 
  88      324F9099 
  88      47663E99 
  89 0322 D9E30525 		.ascii	"\331\343\005%\307-(=\011\202\022\264PP\212\022\005%"
  89      C72D283D 
  89      098212B4 
  89      50508A12 
  89      0525
  90 0334 E869A03D 		.ascii	"\350i\240=\275\2101I\214Y\314\230%\214Y*(\221\317\000"
  90      BD883149 
  90      8C59CC98 
  90      258C592A 
  90      2891CF00 
  91 0348 C5592628 		.ascii	"\305Y&(\231\313\005\245s\205\240\204\256\024\224\322"
  91      99CB05A5 
  91      7385A084 
  91      AE1494D2 
  92 0358 5540EFA3 		.ascii	"U@\357\243d\236+\205#\254\346\010\251\034!\215#\247"
  92      649E2B85 
  92      23ACE608 
ARM GAS  /var/folders/45/ct_yb_0s4l984dg097s5d1mh0000gp/T//ccAQhZ6K.s 			page 7


  92      A91C218D 
  92      23A7
  93 036a F35C426C 		.ascii	"\363\\Bl\302\376=\347\360\324\212b\251\341\240\240V"
  93      C2FE3DE7 
  93      F0D48A62 
  93      A9E1A0A0 
  93      56
  94 037b 7441C180 		.ascii	"tA\301\200\367|U\016\225\323'\027\371\344\323\364b\355"
  94      F77C550E 
  94      95D32717 
  94      F9E4D3F4 
  94      62ED
  95 038d 3DB0D749 		.ascii	"=\260\327I\357H+H8\205\275\320\001\033b\270\3551\026"
  95      EF482B48 
  95      3885BDD0 
  95      011B62B8 
  95      ED3116
  96 03a0 A288D5EB 		.ascii	"\242\210\325\353\355\256: \025\015\024\355\330\360\255"
  96      EDAE3A20 
  96      150D14ED 
  96      D8F0AD
  97 03af DA08A2D9 		.ascii	"\332\010\242\331@\203\317\221\306\301\033uP\022\342"
  97      4083CF91 
  97      C6C11B75 
  97      5012E2
  98 03be 105479F4 		.ascii	"\020Ty\364S\257M\305\0068\035\030\373\030\305NR\261"
  98      53AF4DC5 
  98      06381D18 
  98      FB18C54E 
  98      52B1
  99 03d0 07AB2A75 		.ascii	"\007\253*u\232\206\261a~H\254\305\350\017^X=\221\027"
  99      9A86B161 
  99      7E48ACC5 
  99      E80F5E58 
  99      3D9117
 100 03e3 2BF2966A 		.ascii	"+\362\226jcaR-\254\261\274f\300\251\026f\206\177\207"
 100      6361522D 
 100      ACB1BC66 
 100      C0A91666 
 100      867F87
 101 03f6 2E6C09E2 		.ascii	".l\011\342\202\203\035\241`KT\260\335\325\027u\234I"
 101      82831DA1 
 101      604B54B0 
 101      DDD51775 
 101      9C49
 102 0408 05EBDBBC 		.ascii	"\005\353\333\274\361\226T\301\254p&4\330R\304!\350\335"
 102      F19654C1 
 102      AC702634 
 102      D852C421 
 102      E8DD
 103 041a DEBE772D 		.ascii	"\336\276w-Je\004|\021\030\373\023\212\275\224\356K+"
 103      4A65047C 
 103      1118FB13 
 103      8ABD94EE 
 103      4B2B
 104 042c C2D98395 		.ascii	"\302\331\203\225A\306\216\215u'\255\304\300\375\004"
 104      41C68E8D 
ARM GAS  /var/folders/45/ct_yb_0s4l984dg097s5d1mh0000gp/T//ccAQhZ6K.s 			page 8


 104      7527ADC4 
 104      C0FD04
 105 043b 5FF2FE2B 		.ascii	"_\362\376+\306o\015~\012\261J\035\240q\005}2Q\215y\205"
 105      C66F0D7E 
 105      0AB14A1D 
 105      A071057D 
 105      32518D79 
 106 0450 0BD598A5 		.ascii	"\013\325\230\245'\2501\347\320\255\306\\\253x5\306\336"
 106      27A831E7 
 106      D0ADC65C 
 106      AB7835C6 
 106      DE
 107 0461 F0C9056A 		.ascii	"\360\311\005j\251\315\325\353\325Z\315\350\342\022\\"
 107      A9CDD5EB 
 107      D55ACDE8 
 107      E2125C
 108 0470 86C2B3F5 		.ascii	"\206\302\263\365GA\367\342b\366_\255\276\343R\313\027"
 108      4741F7E2 
 108      62F65FAD 
 108      BEE352CB 
 108      17
 109 0481 D0A65E06 		.ascii	"\320\246^\006\375\260\300'\237\321\204O&\273j\336j\205"
 109      FDB0C027 
 109      9FD1844F 
 109      26BB6ADE 
 109      6A85
 110 0493 7E88C756 		.ascii	"~\210\307V\320j\256_\304\362\247\271\356\226\265\241"
 110      D06AAE5F 
 110      C4F2A7B9 
 110      EE96B5A1 
 111 04a3 CB8D15D4 		.ascii	"\313\215\025\324\332\331\225\342\332\\\206\236\004,"
 111      DAD995E2 
 111      DA5C869E 
 111      042C
 112 04b1 8BD695ED 		.ascii	"\213\326\225\355\223\253]5e\235\350X\210\251\325|\275"
 112      93AB5D35 
 112      659DE858 
 112      88A9D57C 
 112      BD
 113 04c2 044975B5 		.ascii	"\004Iu\2653+\221\004k\355\354Kw\371\336>\002\250\335"
 113      332B9104 
 113      6BEDEC4B 
 113      77F9DE3E 
 113      02A8DD
 114 04d5 2436C519 		.ascii	"$6\305\031\015:X]\252\321\253\306'\361_b`\021\254X\204"
 114      0D3A585D 
 114      AAD1ABC6 
 114      27F15F62 
 114      6011AC58 
 115 04ea 7655049F 		.ascii	"vU\004\237\267-L\201\254\210\013\374\362[\301\004g\025"
 115      B72D4C81 
 115      AC880BFC 
 115      F25BC104 
 115      6715
 116 04fc A8C75B6C 		.ascii	"\250\307[lV\240e\\,\253\252\014\275\306>\243|-S\240"
 116      56A0655C 
 116      2CABAA0C 
ARM GAS  /var/folders/45/ct_yb_0s4l984dg097s5d1mh0000gp/T//ccAQhZ6K.s 			page 9


 116      BDC63EA3 
 116      7C2D53A0 
 117 0510 2D87FFA0 		.ascii	"-\207\377\240P6\230\027MY\357\202\015\275E\025R9\227"
 117      50369817 
 117      4D59EF82 
 117      0DBD4515 
 117      523997
 118 0523 A3DFCF6B 		.ascii	"\243\337\317k!\336r\265\202\335\207\017\201\302\204"
 118      21DE72B5 
 118      82DD870F 
 118      81C284
 119 0532 A9858EEC 		.ascii	"\251\205\216\354\011+\356\211s\306\032:\365@v\354l\204"
 119      092BEE89 
 119      73C61A3A 
 119      F54076EC 
 119      6C84
 120 0544 06475F81 		.ascii	"\006G_\201~\177\364\023\024}\205\242\275sx\275\2028"
 120      7E7FF413 
 120      147D85A2 
 120      BD7378BD 
 120      8238
 121 0556 025BCC86 		.ascii	"\002[\314\206-v\036\242IKP\234\225\210\363\307i\242"
 121      2D761EA2 
 121      494B509C 
 121      9588F3C7 
 121      69A2
 122 0568 382B1151 		.ascii	"8+\021QW\323y\266 BA\234\201\215'\371\343\360a]\363"
 122      57D379B6 
 122      2042419C 
 122      818D27F9 
 122      E3F0615D 
 123 057d 714B29BC 		.ascii	"qK)\274\221\217\247*\374R\242\214Up\201:\000\237\235"
 123      918FA72A 
 123      FC52A28C 
 123      5570813A 
 123      009F9D
 124 0590 A9AAA972 		.ascii	"\251\252\251r\271\337\361\024\346\323#;|\005\245\260"
 124      B9DFF114 
 124      E6D3233B 
 124      7C05A5B0 
 125 05a0 9D4F5B70 		.ascii	"\235O[p\021\3344\373\220\367\216^\003\227\236\223\201"
 125      11DC34FB 
 125      90F78E5E 
 125      03979E93 
 125      81
 126 05b1 91AA84E3 		.ascii	"\221\252\204\343|\350'\347mo\243C9#\330O\334\272\323"
 126      7CE827E7 
 126      6D6FA343 
 126      3923D84F 
 126      DCBAD3
 127 05c4 9BDBB834 		.ascii	"\233\333\2704!\213(}I<`\031\227\374\313\370\232:0B\251"
 127      218B287D 
 127      493C6019 
 127      97FCCBF8 
 127      9A3A3042 
 128 05d9 3C67A87C 		.ascii	"<g\250|h\214\262\276\341x@\361\2765d\025\353\353}X/"
 128      688CB2BE 
ARM GAS  /var/folders/45/ct_yb_0s4l984dg097s5d1mh0000gp/T//ccAQhZ6K.s 			page 10


 128      E17840F1 
 128      BE356415 
 128      EBEB7D58 
 129 05ee C680B753 		.ascii	"\306\200\267S\227\025\211\023\240_\311j\323a\023\330"
 129      97158913 
 129      A05FC96A 
 129      D36113D8 
 130 05fe 9F302E59 		.ascii	"\2370.Y\227\375\313\350 Y\023\224\254\363\206\254\211"
 130      97FDCBE8 
 130      20591394 
 130      ACF386AC 
 130      89
 131 060f 63947585 		.ascii	"c\224u\205\343i\024\357?,\213^[\272\210GX\331D%\242"
 131      E36914EF 
 131      3F2C8B5E 
 131      5BBA8847 
 131      58D94425 
 132 0624 5A173189 		.ascii	"Z\0271\211\375\013\307%\242\323?i\027\211\230D/\233"
 132      FD0BC725 
 132      A2D33F69 
 132      17899844 
 132      2F9B
 133 0636 F6FAFEDD 		.ascii	"\366\372\376\335O\2519\026\361\246\020\374\2663\213"
 133      4FA93916 
 133      F1A610FC 
 133      B6338B
 134 0645 7217EE78 		.ascii	"r\027\356x\004\234\254oy#I\001h\02356\355\334\347T\357"
 134      049CAC6F 
 134      79234901 
 134      68133536 
 134      EDDCE754 
 135 065a 462B7C37 		.ascii	"F+|7\202\267\210S\026~C`V\272\312\364\254<:\306\254"
 135      82B78853 
 135      167E4360 
 135      56BACAF4 
 135      AC3C3AC6 
 136 066f 5CE505F2 		.ascii	"\\\345\005\362\271\256\333(\266Q\332\311j\307\004\344"
 136      B9AEDB28 
 136      B651DAC9 
 136      6AC704E4 
 137 067f 690A4E80 		.ascii	"i\012N\200\376\340<E\261\177\231\312S\347\250y\372\323"
 137      FEE03C45 
 137      B17F99CA 
 137      53E7A879 
 137      FAD3
 138 0691 83F274CD 		.ascii	"\203\362t\315\277\214\353\224\247(Vh\015Px\325P8u\214"
 138      BF8CEB94 
 138      A7285668 
 138      0D5078D5 
 138      5038758C 
 139 06a5 0A7B38B4 		.ascii	"\012{8\264\211B\337\010U\030}\237\302\307p\002\364\007"
 139      8942DF08 
 139      55187D9F 
 139      C2C77002 
 139      F407
 140 06b7 2B9CC6FE 		.ascii	"+\234\306\376\361)\354\365/\343{R8\215\025\332T\315"
 140      F129ECF5 
ARM GAS  /var/folders/45/ct_yb_0s4l984dg097s5d1mh0000gp/T//ccAQhZ6K.s 			page 11


 140      2FE37B52 
 140      388D15DA 
 140      54CD
 141 06c9 596177BD 		.ascii	"Yaw\275\256p\372\030\025\366qh3\205\276it\266\2410\206"
 141      AE70FA18 
 141      15F67168 
 141      3385BE69 
 141      74B6A130 
 142 06de 3B7B7AF0 		.ascii	";{z\360\366\234\301\376x\245\347\316\250z^~\220\236"
 142      F69CC1FE 
 142      78A5E7CE 
 142      A87A5E7E 
 142      909E
 143 06f0 7EFFA4B7 		.ascii	"~\377\244\267H\317\014\326\023&\276\235b\350\271k\350"
 143      48CF0CD6 
 143      1326BE9D 
 143      62E8B96B 
 143      E8
 144 0701 9939463D 		.ascii	"\2319F=\267\375\241\357\204\352y\234\365\314\014\326"
 144      B7FDA1EF 
 144      84EA799C 
 144      F5CC0CD6 
 145 0711 338BFDE3 		.ascii	"3\213\375\343\323s\327?\351=\3223Km\304\013\37706b\300"
 145      D373D73F 
 145      E93DD233 
 145      4B6DC40B 
 145      FF303662 
 146 0726 CEB38B5E 		.ascii	"\316\263\213^\247\241r\300\350\313\3301\252\034\360"
 146      A7A172C0 
 146      E8CBD831 
 146      AA1CF0
 147 0735 B7FC6068 		.ascii	"\267\374`h_\316\276\257/\361\374\202\037\260\331\301"
 147      5FCEBEAF 
 147      2FF1FC82 
 147      1FB0D9C1 
 148 0745 7D3987FD 		.ascii	"}9\207\375\343\353\313!\3772\206I\367\034V\350\010P"
 148      E3EBCB21 
 148      FF328649 
 148      F71C56E8 
 148      0850
 149 0757 3864289C 		.ascii	"8d(\234;F\205\036m\244\345\363\265\020\205O\334\247"
 149      3B46851E 
 149      6DA4E5F3 
 149      B510854F 
 149      DCA7
 150 0769 701E4E80 		.ascii	"p\036N\200\376`\205\363\331?>\205\033\374\313(\320P"
 150      FE6085F3 
 150      D93F3E85 
 150      1BFCCB28 
 150      D050
 151 077b E17C56E8 		.ascii	"\341|V\350\324\317\226\352\224\333\372\202:\375%\323"
 151      D4CF96EA 
 151      94DBFA82 
 151      3AFD25D3 
 152 078b 99705EC0 		.ascii	"\231p^\300y\225O\216\311\352\255}f_\202\216\012<7\230"
 152      79954F8E 
 152      C9EAAD7D 
ARM GAS  /var/folders/45/ct_yb_0s4l984dg097s5d1mh0000gp/T//ccAQhZ6K.s 			page 12


 152      665F828E 
 152      0A3C3798 
 153 079f F08C58A8 		.ascii	"\360\214X\250\031\255\341\022\225uz\330\036os\253\376"
 153      19ADE112 
 153      95757AD8 
 153      1E6F73AB 
 153      FE
 154 07b0 C32205BF 		.ascii	"\303\"\005\277\361Aa\371\240\232\242P\347[\363\024j"
 154      F14161F9 
 154      A09AA250 
 154      E75BF314 
 154      6A
 155 07c1 357E32F9 		.ascii	"5~2\371\207C\360\261~\265\202u\267f*"
 155      8743F0B1 
 155      7EB58275 
 155      B7662A
 156 07d0 582A7E94 		.ascii	"X*~\224\202a|\034NU\260\233\351\012\225\206\033\"\030"
 156      82617C1C 
 156      4E55B09B 
 156      E90A9586 
 156      1B2218
 157 07e3 C507E234 		.ascii	"\305\007\3424B\355\360n\371\374W\012\226\256>1\357\027"
 157      42EDF06E 
 157      F9FC570A 
 157      96AE3E31 
 157      EF17
 158 07f5 9D386857 		.ascii	"\2358hW\237\030\200\215Z\000\213\217\335\351\254-\\"
 158      9F18808D 
 158      5A008B8F 
 158      DDE9AC2D 
 158      5C
 159 0806 FD66BA86 		.ascii	"\375f\272\206g\367\375\257[\325/`A\277\252\000\037\340"
 159      67F7FDAF 
 159      5BD52F60 
 159      41BFAA00 
 159      1FE0
 160 0818 37EE07F1 		.ascii	"7\356\007\361\361n\365/{\235\373\2055\231\356\234\354"
 160      F16EF52F 
 160      7B9DFB85 
 160      3599EE9C 
 160      EC
 161 0829 DCBC75EE 		.ascii	"\334\274u\356\237\376,\345\311Dwr\362\217\334\317\246"
 161      9FFE2CE5 
 161      C9447772 
 161      F28FDCCF 
 161      A6
 162 083a 3D9FFA72 		.ascii	"=\237\372r\"=\372e\016^\231\231k\343\177#L\2042e\255"
 162      223DFA65 
 162      0E5E9999 
 162      6BE37F23 
 162      4C843265 
 163 084f 59F7A229 		.ascii	"Y\367\242)+{m\206\374\365o\363Lk2\363r\3159\277\317"
 163      2B7B6D86 
 163      FCF56FF3 
 163      4C6B32F3 
 163      72CD39BF 
 164 0864 599B6BCD 		.ascii	"Y\233k\315^\227\223\221\2616\327\222\235\367\307\234"
ARM GAS  /var/folders/45/ct_yb_0s4l984dg097s5d1mh0000gp/T//ccAQhZ6K.s 			page 13


 164      5E979391 
 164      B136D792 
 164      9DF7C79C 
 165 0874 8C5C3341 		.ascii	"\214\\3Ar\265\254\247\264\254D-k\241\215\200D\375/\335"
 165      72B5ACA7 
 165      B4AC442D 
 165      6BA18D80 
 165      44FD2FDD 
 166 0888 3E12D5   		.ascii	">\022\325"
 167              		.text
 168              		.section	.gnu.lto_.symbol_nodes.e377c4a2b9969475,"",%progbits
 169 0000 789C6363 		.ascii	"x\234cc``P\003b\006\246\323L\365\014\014\023\31610\000"
 169      60605003 
 169      6206A6D3 
 169      4CF50C0C 
 169      13CE3130 
 170 0015 A95D0D8E 		.ascii	"\251]\015\216@\2213L\365\214(\"\014\000\302\345\011"
 170      4091334C 
 170      F58C2822 
 170      0C00C2E5 
 170      09
 171 0026 7B       		.ascii	"{"
 172              		.text
 173              		.section	.gnu.lto_.refs.e377c4a2b9969475,"",%progbits
 174 0000 789C6363 		.ascii	"x\234cc```\004b\006\000\000D\000\010"
 174      60606004 
 174      62060000 
 174      440008
 175              		.text
 176              		.section	.gnu.lto_.decls.e377c4a2b9969475,"",%progbits
 177 0000 789CB556 		.ascii	"x\234\265VkP\023W\024\336\2737\011a\011\342\000v\230"
 177      6B501357 
 177      14DEBB37 
 177      096109E2 
 177      007698
 178 0013 CA0F8761 		.ascii	"\312\017\207a0\177 \202}\370\253\323V\250:\305\302\004"
 178      307F2082 
 178      7DF8ABD3 
 178      56A83AC5 
 178      C204
 179 0025 9D3EFEC4 		.ascii	"\235>\376\304\024R\314\010\011%\2133\376[\022,\212\266"
 179      1452CC08 
 179      09258B33 
 179      FE5B122C 
 179      8AB6
 180 0037 8AC55640 		.ascii	"\212\305V@-\202:\276\2128\305\007\240\022\361\001\202"
 180      2D823ABE 
 180      8A38C507 
 180      A012F101 
 180      82
 181 0048 F8C08A4F 		.ascii	"\370\300\212O\036UAEQ@E\004\013=w\357&\033\036\231q"
 181      1E554145 
 181      51404504 
 181      0B3D77EF 
 181      261B1E99 
 182 005d 9CE99D9C 		.ascii	"\234\351\235\234\354\236s\277{\276s\3179wwU\014\303"
 182      EC9E73BF 
ARM GAS  /var/folders/45/ct_yb_0s4l984dg097s5d1mh0000gp/T//ccAQhZ6K.s 			page 14


 182      7BBE73CF 
 182      39777755 
 182      0CC3
 183 006f 6CF56318 		.ascii	"l\365c\030\007\3130\015p?\006\003\303\365\024\010\271"
 183      07CB300D 
 183      703F0603 
 183      C3F51408 
 183      B9
 184 0080 0E818C80 		.ascii	"\016\201\214\200\2142t\000\214Q \206\341\0203i\370\302"
 184      8C327400 
 184      8C512086 
 184      E1103369 
 184      F8C2
 185 0092 24312F93 		.ascii	"$1/\223t$a'\216\031\200\363\223p\201 \301\023xjAf\203"
 185      74246127 
 185      8E1980F3 
 185      93708120 
 185      C113786A 
 186 00a9 7C07F252 		.ascii	"|\007\362R\212E\005\362\000\244\037\244\007\244\027"
 186      8A4505F2 
 186      00A41FA4 
 186      07A417
 187 00b8 A40FE499 		.ascii	"\244\017\344\231\3043U<\005\030\325l\256;\244\302,\""
 187      C433553C 
 187      0518D56C 
 187      AE3BA4C2 
 187      2C22
 188 00ca F7EDBDED 		.ascii	"\367\355\275\355IQ\007\004:\324V\006\375\205\260\013"
 188      49510704 
 188      3AD45606 
 188      FD85B00B 
 189 00da 7725A762 		.ascii	"w%\247b+^\207Q \207\024\240\3667\027\335\233\006j0\207"
 189      2B5E8751 
 189      208714A0 
 189      F63717DD 
 189      9B066A30 
 190 00ef 6679A881 		.ascii	"fy\250\201T\255\030+\350\364\307\237\212N\333\032\366"
 190      54AD182B 
 190      E8F4C79F 
 190      8A4EDB1A 
 190      F6
 191 0100 EE270B67 		.ascii	"\356'\013gs\210\244.\000L\007\237T\275\366\247&\202"
 191      7388A42E 
 191      004C079F 
 191      54BDF6A7 
 191      2682
 192 0112 68D930B0 		.ascii	"h\3310\260\323\007\307\221{\266\343\346\310\235i\210"
 192      D307C791 
 192      7BB6E3E6 
 192      C89D6988 
 193 0122 D3AE1104 		.ascii	"\323\256\021\004\273P\342\020|\0272\350\010\012E\207"
 193      BB50E210 
 193      7C1732E8 
 193      080A4587 
 194 0132 5128834E 		.ascii	"Q(\203N -YS\211\242\030T\015\306*0\356&\261:\353\213"
 194      202D5953 
 194      89A21854 
ARM GAS  /var/folders/45/ct_yb_0s4l984dg097s5d1mh0000gp/T//ccAQhZ6K.s 			page 15


 194      0DC62A30 
 194      EE26B13A 
 195 0148 3E291C10 		.ascii	">)\034\020\204Y\3508\342P\015\302\"\006\366=\233\243"
 195      8459E838 
 195      E2500DC2 
 195      2206F63D 
 195      9BA3
 196 015a D1EFDD99 		.ascii	"\321\357\335\231_\252\302\365H\344\250)\356:\313z\343"
 196      5FAAC2F5 
 196      48E4A829 
 196      EE3ACB7A 
 196      E3
 197 016b 707AE7A8 		.ascii	"pz\347\250\016;\267Z\020XT\013\034'e\016\240\244$[Z"
 197      0E3BB75A 
 197      1058540B 
 197      1C27650E 
 197      A0A4245B 
 198 0180 0EC571E0 		.ascii	"\016\305q\340\324\361VNa\301\323\234\256N?\232\265\020"
 198      D4F1564E 
 198      61C1D39C 
 198      AE4E3F9A 
 198      B510
 199 0192 50EFDA2B 		.ascii	"P\357\332+\033\374\361qZ\213\237\013\352\352\024\270"
 199      1BFCF171 
 199      5A8B9F0B 
 199      EAEA14B8 
 200 01a2 8E2A6585 		.ascii	"\216*e\205\371\271J\\O\225\275\2336Vp\370<UZ\372.l\363"
 200      F9B94A5C 
 200      4F95BD9B 
 200      365670F8 
 200      3C555AFA 
 201 01b9 A375980E 		.ascii	"\243u\230\016\352\331\261W\316\000\352\221%\021\355"
 201      EAD9B157 
 201      CE00EA91 
 201      2511ED
 202 01c8 BB3EEC8B 		.ascii	"\273>\354\213\233(t\327\360H\037)D\004)\004\366(C\004"
 202      9B2874D7 
 202      F0481F29 
 202      44042904 
 202      F6284304 
 203 01dc 2D436DD3 		.ascii	"-Cm\323\371\335\032|E\004\263\345Eo\336\004\270r\264"
 203      F9DD1A7C 
 203      4504B3E5 
 203      456FDE04 
 203      B872B4
 204 01ef D12128B5 		.ascii	"\321!(\265\014\252\207\310\033\310v.\302v\"\244\355"
 204      0CAA87C8 
 204      1BC8762E 
 204      C27622A4 
 204      ED
 205 0200 3481B1D1 		.ascii	"4\201\261\321\243\016\021\277\347\222\0345C\216.\310"
 205      A30E11BF 
 205      E7921C35 
 205      438E2EC8 
 206 0210 398A9052 		.ascii	"9\212\220Rt2\377v7\207\357P\016\373\345\315\317\275"
 206      7432FF76 
 206      3787EF50 
ARM GAS  /var/folders/45/ct_yb_0s4l984dg097s5d1mh0000gp/T//ccAQhZ6K.s 			page 16


 206      0EFBE5CD 
 206      CFBD
 207 0222 725CF1CE 		.ascii	"r\\\361\316Q\035sF\254\303e\340\270$s4\273\352`\037"
 207      511D7346 
 207      ACC365E0 
 207      B8247334 
 207      BBEA601F 
 208 0236 2A3DAEC6 		.ascii	"*=\256\306]\"\211bp\317\341\326i((<\\\233OVo\004A\254"
 208      5D228962 
 208      70CFE1D6 
 208      6928283C 
 208      5C9B4F56 
 209 024e 5C1A065D 		.ascii	"\\\032\006]EA\304\003j\005\302\277Q8\272\206\302\305"
 209      4541C403 
 209      6A05C2BF 
 209      5138BA86 
 209      C2C5
 210 0260 9E2F2551 		.ascii	"\236/%Q9/\265\315)\036\270/\010y\032\221\256\005\350"
 210      392FB5CD 
 210      291EB82F 
 210      08791A91 
 210      AE05E8
 211 0273 C8027798 		.ascii	"\310\002w\230:\342\":\324\215\357\231Y(8\355X\004\237"
 211      3AE2223A 
 211      D48DEF99 
 211      592838ED 
 211      58049F
 212 0286 9F125C4F 		.ascii	"\237\022\\OX\245\255\264\027sp\320\010\210\221vAO\233"
 212      58A5ADB4 
 212      177370D0 
 212      08889176 
 212      414F9B
 213 0299 A2BEEE71 		.ascii	"\242\276\356q%\207\302\303\203\265\324mkq`\231Ch\230"
 213      2587C2C3 
 213      83B5D46D 
 213      6B716099 
 213      436898
 214 02ac 23F6DE59 		.ascii	"#\366\336Y\360{\023\005\313\3555.\010p;X<-[\214\202"
 214      F07B1305 
 214      CBED352E 
 214      08703B58 
 214      3C2D5B8C 
 215 02c1 B09FF38E 		.ascii	"\260\237\363\216\336D\320\320\253\002Rxf\204\240IFn"
 215      DE44D0D0 
 215      AB025278 
 215      6684A049 
 215      466E
 216 02d3 4146AE43 		.ascii	"AF\256CFnH\031\2411_,\016\311\206\025\0045>h\324\\\275"
 216      466E4819 
 216      A1315F2C 
 216      0EC98615 
 216      04353E68 
 217 02ea A9D23718 		.ascii	"\251\3227\030\234f{w\312\214\363\350\321\300\201\264"
 217      9C667B77 
 217      CA8CF3E8 
 217      D1C081B4 
 218 02fa 81734E5F 		.ascii	"\201sN_;\254\301\333\261\330\221]M\007\355j\\J\225\242"
ARM GAS  /var/folders/45/ct_yb_0s4l984dg097s5d1mh0000gp/T//ccAQhZ6K.s 			page 17


 218      3BACC1DB 
 218      B1D8915D 
 218      4D07ED6A 
 218      5C4A95A2 
 219 030e 9A178D4A 		.ascii	"\232\027\215J\012T\203\272\275\271\274I\211w\323\271"
 219      0A5483BA 
 219      BDB9BC49 
 219      8977D3B9 
 220 031e 9AFDE52D 		.ascii	"\232\375\345-,>@\225\003U}\353\020\256\244J\177\356"
 220      2C3E4095 
 220      03557DEB 
 220      10AEA44A 
 220      7FEE
 221 0330 411ED7D0 		.ascii	"A\036\327\320\373\342\347m\217|\251\007-\250\033.\377"
 221      FBE2E76D 
 221      8F7CA907 
 221      2DA81B2E 
 221      FF
 222 0341 715B4D8F 		.ascii	"q[M\217\216\223\034\226\241\035\3677\261\370\224\210"
 222      8E931C96 
 222      A11DF737 
 222      B1F89488 
 223 0351 D5ACBFEC 		.ascii	"\325\254\277\354\270\244\204\002\300\010\012\327\222"
 223      B8A48402 
 223      C0080AD7 
 223      92
 224 035e 4BA990E3 		.ascii	"K\251\220\343\020\234\335ER!NA!\356Bj\237@\212\307\247"
 224      109CDD45 
 224      52214E41 
 224      21EE426A 
 224      9F408AC7 
 225 0373 F608A295 		.ascii	"\366\010\242\225 \360\272\231E\2023\007\213\350\266"
 225      20F0BA99 
 225      45823307 
 225      8BE8B6
 226 0382 89E83B68 		.ascii	"\211\350;h\"|\370}\031\336>5<ZF\017x\240;'\242;&9\257"
 226      227CF87D 
 226      19DE3E35 
 226      3C5A460F 
 226      78A03B27 
 227 039b 0B95E1A7 		.ascii	"\013\225\341\247'\302\353<\340\362A\201\012v\001\342"
 227      27C2EB3C 
 227      E0F24181 
 227      0A7601E2 
 228 03ab BE38F944 		.ascii	"\2768\371D:(O\241-\236A\021\037\200\364\203\364\200"
 228      3A284FA1 
 228      2D9E4111 
 228      1F80F483 
 228      F480
 229 03bd 3C027908 		.ascii	"<\002y\0102\000\362\030\244\027\244\317}\220\010{\243"
 229      3200F218 
 229      A417A4CF 
 229      7D90087B 
 229      A3
 230 03ce 07FBB189 		.ascii	"\007\373\261\211\354G\345\255IMV\024(6\331\223\361'"
 230      EC47E5AD 
 230      494D5614 
ARM GAS  /var/folders/45/ct_yb_0s4l984dg097s5d1mh0000gp/T//ccAQhZ6K.s 			page 18


 230      2836D993 
 230      F127
 231 03e0 83BA6AF7 		.ascii	"\203\272j\367\254\301\275)k\340\221\245\026\017\342"
 231      ACC1BD29 
 231      6BE091A5 
 231      160FE2
 232 03ef EEA9893D 		.ascii	"\356\251\211=\263\324\343\221\324\177\246N\252\3139"
 232      B3D4E391 
 232      D47FA64E 
 232      AACB39
 233 03fe 9CB1D162 		.ascii	"\234\261\321b\216\302oC{\237\231:\251\"\034\372\313"
 233      8EC26F43 
 233      7B9F993A 
 233      A9221CFA 
 233      CB
 234 040f D93C54A9 		.ascii	"\331<T\251\304\347\304\376bO\036\331u\302\007i\203\244"
 234      C4E7C4FE 
 234      624F1ED9 
 234      75C20769 
 234      83A4
 235 0421 E7C05615 		.ascii	"\347\300V\025y\016\274\204\305\317\345\007\032\331\274"
 235      790EBC84 
 235      C5CFE507 
 235      1AD9BC
 236 0430 976AA017 		.ascii	"\227j\240\027P\204w-\010\304\262\255\274\274\037k\362"
 236      5084772D 
 236      08C4B2AD 
 236      BCBC1F6B 
 236      F2
 237 0441 DC2F4091 		.ascii	"\334/@\221Z>\254\203H#\005\001\330\243k\267<\360\307"
 237      5A3EAC83 
 237      48230501 
 237      D8A36BB7 
 237      3CF0C7
 238 0454 5769DC37 		.ascii	"Wi\3347\036\236\354\365A\032\255\227\245\3505\304\""
 238      1E9EECF5 
 238      411AAD97 
 238      A5E835C4 
 238      22
 239 0465 AFA6BB7B 		.ascii	"\257\246\273{5\022^\323G^\316C0\361J\336\037\340\310"
 239      35125ED3 
 239      475ECE43 
 239      30F14ADE 
 239      1FE0C8
 240 0478 05ACE4E0 		.ascii	"\005\254\344\340\237\031\314\367\307\005\012\221\245"
 240      9F19CCF7 
 240      C7050A91 
 240      A5
 241 0485 FB754EA5 		.ascii	"\373uN\245\237\2677\364\033\257o\350\326c\301v\3225"
 241      9FB737F4 
 241      1BAF6FE8 
 241      D663C176 
 241      D235
 242 0497 2350BB61 		.ascii	"#P\273a\231\247V|1\020+\360\354k\336\373F\201wP\236"
 242      99A7567C 
 242      31102BF0 
 242      EC6BDEFB 
ARM GAS  /var/folders/45/ct_yb_0s4l984dg097s5d1mh0000gp/T//ccAQhZ6K.s 			page 19


 242      46817750 
 243 04ac C1330FCA 		.ascii	"\3013\017\312\324\336x\306\274\362\014\317#\325\032"
 243      D4DE78C6 
 243      BCF20CCF 
 243      23D51A
 244 04bb 05967F27 		.ascii	"\005\226\177'\261\214\212,\325\247N\324\372u\300\221"
 244      B18C8A2C 
 244      D5A74ED4 
 244      FA75C091 
 245 04cb 271F7CD3 		.ascii	"'\037|\323\351\267\036\242\377p%\"\352c\256\201\250"
 245      E9B71EA2 
 245      FF702522 
 245      EA63AE81 
 245      A8
 246 04dc 1DAC2CBD 		.ascii	"\035\254,\275HP\242\270\226 \267\205\225|\260.\277\342"
 246      4850A2B8 
 246      9620B785 
 246      957CB02E 
 246      BFE2
 247 04ee 4F72803C 		.ascii	"Or\200<\275\322yJ\347\032\364{\220\336x\254\243&V&\363"
 247      BDD2794A 
 247      E71AF47B 
 247      90DE78AC 
 247      A3265626 
 248 0503 58322956 		.ascii	"X2)V\306=\355\016J\336$\222\232\254'owU@'<\310\030\364"
 248      C63DED0E 
 248      4ADE2492 
 248      9AAC276F 
 248      77554027 
 249 051b 0DC36C54 		.ascii	"\015\303lT[\304\247\360\276\003\205]\276x\237\202>\253"
 249      5BC4A7F0 
 249      BE03855D 
 249      BE789F82 
 249      3EAB
 250 052d D78F1528 		.ascii	"\327\217\025(C~\023[\334!Lg\321\262\367\334\257K\006"
 250      437E135B 
 250      DC214C67 
 250      D1B2F7DC 
 250      AF4B06
 251 0540 39D810F8 		.ascii	"9\330\020\370\267(\250\273\222=\366F\377\260\022\241"
 251      B728A8BB 
 251      923DF646 
 251      FFB012A1 
 252 0550 A213BE01 		.ascii	"\242\023\276\0016\340\265\247\037\011\002\247  dg\335"
 252      36E0B5A7 
 252      1F0902A7 
 252      20206467 
 252      DD
 253 0561 65805BF8 		.ascii	"e\200[\370\317f;\021\022\330\016\240\316a\303`q\357"
 253      CF663B11 
 253      12D80EA0 
 253      CE61C360 
 253      71EF
 254 0573 2EC7AF01 		.ascii	".\307\257\001\370)e=\332P\273\206S\260\264Z\304?\330"
 254      F829653D 
 254      DA50BB86 
 254      53B0B45A 
ARM GAS  /var/folders/45/ct_yb_0s4l984dg097s5d1mh0000gp/T//ccAQhZ6K.s 			page 20


 254      C43FD8
 255 0586 C60A7F29 		.ascii	"\306\012\177)S\2116\322=?\261\242\361\302\255s\177R"
 255      538936D2 
 255      3D3FB1A2 
 255      F1C2AD73 
 255      7F52
 256 0598 2069DD5C 		.ascii	" i\335\\j\314~8\374X\3455\346\265b\314kX)\350\366W;"
 256      6ACC7E38 
 256      FC58E535 
 256      E6B562CC 
 256      6B5829E8 
 257 05af EFAA20E8 		.ascii	"\357\252 \350\022\010\272\221\274\014\240A\341\323\005"
 257      1208BA91 
 257      BC0CA041 
 257      E1D305
 258 05be 5068B51C 		.ascii	"Ph\265\034\364\352\211A\347\261a\314\007QQ:\372\263"
 258      F4EA8941 
 258      E7B161CC 
 258      0751513A 
 258      FAB3
 259 05d0 DA74CB8D 		.ascii	"\332t\313\215i\272\014k&o\323%-Y<7F\027\037\037\253"
 259      69BA0C6B 
 259      266FD325 
 259      2D593C37 
 259      46171F1F 
 260 05e5 5B90B828 		.ascii	"[\220\270(ae\014\2312d\200\244\245\245D%\253\027|\265"
 260      61650C99 
 260      326480A4 
 260      A5A54425 
 260      AB177CB5 
 261 05f9 74D6FCE8 		.ascii	"t\326\374\350hF\361\331\027\372x\316`\3102[\370\271"
 261      6846F1D9 
 261      17FA78CE 
 261      60C8325B 
 261      F8B9
 262 060b 31067EA5 		.ascii	"1\006~\245n\251\315\224i\323Y\314\311\3264c\212953\213"
 262      6EA9CD94 
 262      69D359CC 
 262      C9D63463 
 262      8A393533 
 263 0620 E7E12ED5 		.ascii	"\347\341.\325l\314L1[\254:k\006\257KMN\2164f\246GZ\254"
 263      6CCC4C31 
 263      5BAC3A6B 
 263      06AF4B4D 
 263      4E8E3466 
 264 0638 1653A4C9 		.ascii	"\026S\244\311\370\2759\362\343\310\2309\321\363\"\177"
 264      F8BD39F2 
 264      E3C89839 
 264      D1F3227F 
 265 0648 8C89CCCA 		.ascii	"\214\211\314\312H1\362&\335\270i\235\331\222\234\226"
 265      4831F226 
 265      DDB8699D 
 265      D9929C96 
 266 0658 9562D2A5 		.ascii	"\225b\322\245\033\223\227\233-&\235!\305\364\2031+\215"
 266      1B93979B 
 266      2D269D21 
 266      C5F48331 
ARM GAS  /var/folders/45/ct_yb_0s4l984dg097s5d1mh0000gp/T//ccAQhZ6K.s 			page 21


 266      2B8D
 267 066a 37F0AB32 		.ascii	"7\360\2532L\266\250\345\214\332\305\277\342\177\345"
 267      4CB6A8E5 
 267      8CDAC5BF 
 267      E27FE5
 268 0679 B7ADB2E9 		.ascii	"\267\255\262\351\0146\036\034\361@\252\214O\230\377"
 268      0C361E1C 
 268      F140AA8C 
 268      4F98FF
 269 0688 A55EF179 		.ascii	"\245^\361y\222^\217\276F\013\225\311i&c\246\224\213"
 269      925E8FBE 
 269      460B95C9 
 269      692663A6 
 269      948B
 270 069a E88F0CBC 		.ascii	"\350\217\014\274\332u\203m&\376m\323l\343\323a\037\251"
 270      DA75836D 
 270      26FE6DD3 
 270      6CE3D361 
 270      1FA9
 271 06ac 19662B30 		.ascii	"\031f+0\340\204X=^\024\253W&.M\214\325\373$$%\306\305"
 271      E084583D 
 271      5E14AB57 
 271      262E4D8C 
 271      D5FB2424 
 272 06c3 C5EA5509 		.ascii	"\305\352U\011K\276M\214\323+\027'\304\306\351I\001\026"
 272      4BBE4D8C 
 272      D32B1727 
 272      C4C6E949 
 272      0116
 273 06d5 6AE45506 		.ascii	"j\344U\006\2363[\211os\212\201\377\360\035j\273\234"
 273      9E335B89 
 273      6F738A81 
 273      FFF01D6A 
 273      BB9C
 274 06e7 D15007E9 		.ascii	"\321P\007\351F\333\012\330\204\331\232nM1\031x\177\027"
 274      46DB0AD8 
 274      84D99A6E 
 274      4D311978 
 274      7F17
 275 06f9 C260B698 		.ascii	"\302`\266\230\337\311s23\303\355\0032\222\232i\315\312"
 275      DFC97332 
 275      33C3ED03 
 275      32929A69 
 275      CDCA
 276 070b 20BEFF03 		.ascii	" \276\377\003\343\322\017E"
 276      E3D20F45 
 277              		.text
 278              		.section	.gnu.lto_.symtab.e377c4a2b9969475,"",%progbits
 279 0000 5F70616C 		.ascii	"_pal_lld_init\000"
 279      5F6C6C64 
 279      5F696E69 
 279      7400
 280 000e 00       		.ascii	"\000"
 281 000f 00       		.ascii	"\000"
 282 0010 00       		.ascii	"\000"
 283 0011 00000000 		.ascii	"\000\000\000\000\000\000\000\000"
 283      00000000 
ARM GAS  /var/folders/45/ct_yb_0s4l984dg097s5d1mh0000gp/T//ccAQhZ6K.s 			page 22


 284 0019 04010000 		.ascii	"\004\001\000\000"
 285 001d 5F70616C 		.ascii	"_pal_lld_setgroupmode\000"
 285      5F6C6C64 
 285      5F736574 
 285      67726F75 
 285      706D6F64 
 286 0033 00       		.ascii	"\000"
 287 0034 00       		.ascii	"\000"
 288 0035 00       		.ascii	"\000"
 289 0036 00000000 		.ascii	"\000\000\000\000\000\000\000\000"
 289      00000000 
 290 003e 0A010000 		.ascii	"\012\001\000\000"
 291              		.text
 292              		.section	.gnu.lto_.opts,"",%progbits
 293 0000 272D666D 		.ascii	"'-fmath-errno' '-fsigned-zeros' '-ftrapping-math' '"
 293      6174682D 
 293      6572726E 
 293      6F272027 
 293      2D667369 
 294 0033 2D666E6F 		.ascii	"-fno-trapv' '-fno-openmp' '-fno-openacc' '-mcpu=cor"
 294      2D747261 
 294      70762720 
 294      272D666E 
 294      6F2D6F70 
 295 0066 7465782D 		.ascii	"tex-m7' '-mno-thumb-interwork' '-mthumb' '-O2' '-fo"
 295      6D372720 
 295      272D6D6E 
 295      6F2D7468 
 295      756D622D 
 296 0099 6D69742D 		.ascii	"mit-frame-pointer' '-falign-functions=16' '-ffuncti"
 296      6672616D 
 296      652D706F 
 296      696E7465 
 296      72272027 
 297 00cc 6F6E2D73 		.ascii	"on-sections' '-fdata-sections' '-fno-common' '-flto"
 297      65637469 
 297      6F6E7327 
 297      20272D66 
 297      64617461 
 298 00ff 2700     		.ascii	"'\000"
 299              		.text
 300              		.comm	__gnu_lto_v1,1,1
 301              		.comm	__gnu_lto_slim,1,1
 302              		.ident	"GCC: (GNU Tools for Arm Embedded Processors 7-2018-q2-update) 7.3.1 20180622 (release) [AR
ARM GAS  /var/folders/45/ct_yb_0s4l984dg097s5d1mh0000gp/T//ccAQhZ6K.s 			page 23


DEFINED SYMBOLS
                            *ABS*:0000000000000000 hal_pal_lld.c
                            *COM*:0000000000000001 __gnu_lto_v1
                            *COM*:0000000000000001 __gnu_lto_slim

NO UNDEFINED SYMBOLS
