ARM GAS  /var/folders/45/ct_yb_0s4l984dg097s5d1mh0000gp/T//cck7Qrd5.s 			page 1


   1              		.cpu cortex-m7
   2              		.eabi_attribute 20, 1
   3              		.eabi_attribute 21, 1
   4              		.eabi_attribute 23, 3
   5              		.eabi_attribute 24, 1
   6              		.eabi_attribute 25, 1
   7              		.eabi_attribute 26, 1
   8              		.eabi_attribute 30, 2
   9              		.eabi_attribute 34, 1
  10              		.eabi_attribute 18, 4
  11              		.file	"hal_st_lld.c"
  12              		.section	.gnu.lto_.profile.b6f15b4d70475719,"",%progbits
  13 0000 789C6363 		.ascii	"x\234cc```\001bF\006[\005\000\001\022\000i"
  13      60606001 
  13      6246065B 
  13      05000112 
  13      0069
  14              		.text
  15              		.section	.gnu.lto_.icf.b6f15b4d70475719,"",%progbits
  16 0000 789C6363 		.ascii	"x\234cc``\340c@\000&\206\335O\247\256`dl\337\261\356"
  16      6060E063 
  16      40002686 
  16      DD4FA7AE 
  16      60646CDF 
  17 0016 020F0300 		.ascii	"\002\017\003\000,\300\005\277"
  17      2CC005BF 
  18              		.text
  19              		.section	.gnu.lto_.jmpfuncs.b6f15b4d70475719,"",%progbits
  20 0000 789C6363 		.ascii	"x\234cc``\360d@\000&0\311\310\300\300\3028\205\231\361"
  20      6060F064 
  20      40002630 
  20      C9C8C0C0 
  20      C2388599 
  21 0015 E9C9C96D 		.ascii	"\351\311\311m<\335\314s\230\031\030e\03073\31200\036"
  21      3CDDCC73 
  21      98191865 
  21      183733CA 
  21      30301E
  22 0028 60619401 		.ascii	"`a\224\001b\240\022\240t\327\257\353}\034\020i\016\306"
  22      62A012A0 
  22      74D7AFEB 
  22      7D1C1069 
  22      0EC6
  23 003a 2D50690E 		.ascii	"-Pi\016\2604\003\000!Q\016\252"
  23      B0340300 
  23      21510EAA 
  24              		.text
  25              		.section	.gnu.lto_.inline.b6f15b4d70475719,"",%progbits
  26 0000 789C6363 		.ascii	"x\234cc``\260b@\000&\006\006\036QF\006&\276+\376\014"
  26      6060B062 
  26      40002606 
  26      061E5146 
  26      0626BE2B 
  27 0016 6C0BE499 		.ascii	"l\013\344\231@b\214\\p\202AB\001(\251\262`&\023\\\226"
  27      40628C5C 
  27      70824142 
  27      0128A9B2 
ARM GAS  /var/folders/45/ct_yb_0s4l984dg097s5d1mh0000gp/T//cck7Qrd5.s 			page 2


  27      6026135C 
  28 002b 9907AC8B 		.ascii	"\231\007\254\213\001\000\246\315\004\350"
  28      0100A6CD 
  28      04E8
  29              		.text
  30              		.section	.gnu.lto_.pureconst.b6f15b4d70475719,"",%progbits
  31 0000 789C6363 		.ascii	"x\234cc```\003b&\206]\214\214R\000\003\261\000\345"
  31      60606003 
  31      6226865D 
  31      8C8C5200 
  31      03B100E5 
  32              		.text
  33              		.section	.gnu.lto_VectorB0.b6f15b4d70475719,"",%progbits
  34 0000 789C8554 		.ascii	"x\234\205T[l\023G\024\275wg\375\210\035B?\013\212\204"
  34      5B6C1347 
  34      14BD7767 
  34      FD881D42 
  34      3F0B8A84 
  35 0014 A3361F20 		.ascii	"\2436\037 \310B\211\250\304\007\022J\177\"a\265\"\374"
  35      C84289A8 
  35      C407124A 
  35      7F2261B5 
  35      22FC
  36 0026 47B098C6 		.ascii	"G\260\230\306\222\215\2217E\360\225\311\003B\000UUU"
  36      928D9137 
  36      45F095C9 
  36      03420055 
  36      5555
  37 0038 4C480D71 		.ascii	"LH\015q\213\372\222\010\264\320\026\034HX\022hx\224"
  37      8BFA9208 
  37      B4D0161C 
  37      48581268 
  37      7894
  38 004a 105C6853 		.ascii	"\020\\hS\362\001\005\221\360\210\020/5T@\322{w\035\223"
  38      F2010591 
  38      F088102F 
  38      355440D2 
  38      7B771D93 
  39 005e AC2B3AB2 		.ascii	"\254+:\262\307;s\356\235{\3569\263v\003\300\034\027"
  39      C73B73EE 
  39      9D7BEE39 
  39      B37603C0 
  39      1C17
  40 0070 808200E5 		.ascii	"\200\202\000\345\364\214.@\345\223~\200z\257\242\210"
  40      F48C2E40 
  40      E5937E80 
  40      7AAFA288 
  41 0080 8162903E 		.ascii	"\201b\220>\325\\\004\262P\240jo\253\210\374 \275\010"
  41      D55C04B2 
  41      50A06A6F 
  41      AB88FC20 
  41      BD08
  42 0092 758A50B1 		.ascii	"u\212P\261\016w\212\317\004\3664\017\247\225\271\337"
  42      0E778ACF 
  42      04F6340F 
  42      A795B9DF 
  43 00a2 481AE6EE 		.ascii	"H\032\346\356\307E\365r\313\233I\001\220\240/\017<\202"
ARM GAS  /var/folders/45/ct_yb_0s4l984dg097s5d1mh0000gp/T//cck7Qrd5.s 			page 3


  43      C745F572 
  43      CB9B4901 
  43      90A02F0F 
  43      3C82
  44 00b4 7381C26E 		.ascii	"s\201\302n\3760\276k\206[\265\367\361Gt\003\025\206"
  44      FE30BE6B 
  44      865BB5F7 
  44      F1477403 
  44      1586
  45 00c6 43199729 		.ascii	"C\031\227)\307'\232\245\371t?\036y\337\207\220\024\250"
  45      C7279AA5 
  45      F9743F1E 
  45      79DF8790 
  45      14A8
  46 00d8 F004B08D 		.ascii	"\360\004\260\215\"\251\2404\241E(\374\324h\302=\354"
  46      22A9A034 
  46      A14528FC 
  46      D468C23D 
  46      EC
  47 00e9 E9BC7BB6 		.ascii	"\351\274{\266\331\317\007\264\011\244s\023[z.yv\210"
  47      D9CF07B4 
  47      09A47313 
  47      5B7A2E79 
  47      7688
  48 00fb A4A04668 		.ascii	"\244\240Fh\331\3371\366\320g/\231\221J[\251\275#\005"
  48      D9DF31F6 
  48      D0672F99 
  48      914A5BA9 
  48      BD2305
  49 010e 29DC574F 		.ascii	")\334WO\313@R\010\374\031\213\361',\006\016o\036\276"
  49      CB405208 
  49      FC198BF1 
  49      272C060E 
  49      6F1EBE
  50 0121 3050A475 		.ascii	"0P\244u\310\246z\306T<\212)\334e1\307c\250Q\271\306"
  50      C8A67AC6 
  50      543C8A29 
  50      DC6531C7 
  50      63A851B9 
  51 0136 175BF778 		.ascii	"\027[\367x\354j\212]\360\314\304\2309\223+ *\230\246"
  51      EC6A8A5D 
  51      F0CCC498 
  51      39932B20 
  51      2A98A6
  52 0149 736E63D3 		.ascii	"snc\323Poy6\206\002\016\215\246\377\231a\007\000vr!"
  52      506F7936 
  52      86020E8D 
  52      A6FF9961 
  52      07007672 
  53 015e 1A2D42C0 		.ascii	"\032-B\300@\261\335\301\323;\347\372\254\016\246\223"
  53      40B1DDC1 
  53      D33BE7FA 
  53      AC0EA693 
  54 016e 4B7DCDDD 		.ascii	"K}\315\335\277\236\337\361W\374N\2406\265}\225\212u"
  54      BF9EDFF1 
  54      57FC4EA0 
  54      36B57D95 
ARM GAS  /var/folders/45/ct_yb_0s4l984dg097s5d1mh0000gp/T//cck7Qrd5.s 			page 4


  54      8A75
  55 0180 51D630C9 		.ascii	"Q\3260\311G\373\227\233\276O\012\336w!k\360\350b\333"
  55      47FB979B 
  55      BE4F0ADE 
  55      77216BF0 
  55      E862DB
  56 0193 AD225EBA 		.ascii	"\255\"^\2721@\313\257\316gN\372\305\022K\261\357\016"
  56      3140CBAF 
  56      CE674EFA 
  56      C5124BB1 
  56      EF0E
  57 01a5 7ED15A58 		.ascii	"~\321ZX\272_\312\006i\216\365\315\3333xG\312O%&\205"
  57      BA5FCA06 
  57      698EF5CD 
  57      DB337847 
  57      CA4F2526 
  58 01ba 074D1464 		.ascii	"\007M\024d\027\236$B\335\331>\360\024\2262\257\273\262"
  58      179E2442 
  58      DDD93EF0 
  58      149632AF 
  58      BBB2
  59 01cc 4BE5F33C 		.ascii	"K\345\363<\030\300\036\302\356c\303\315'\037w^\307\234"
  59      18C01EC2 
  59      EE63C3CD 
  59      271F775E 
  59      C79C
  60 01de D54DF68D 		.ascii	"\325M\366\215H\314tYv'\004\202\003\2338P\276]\007\354"
  60      48CC7459 
  60      76270482 
  60      039B3850 
  60      BE5D07EC 
  61 01f2 65507182 		.ascii	"ePq\202\317\217\315\017\003\236fL8\261'#\313f\001\236"
  61      CF8FCD0F 
  61      039E664C 
  61      38B12723 
  61      CB66019E 
  62 0206 614C7562 		.ascii	"aLub\231\317\005s\004\374\205a\327\324\253\207}\350"
  62      99CF0573 
  62      04FC8561 
  62      D7D4AB87 
  62      7DE8
  63 0218 C6B37CF3 		.ascii	"\306\263|\363h\"\271`\204\331~\331~\370\231\257\344"
  63      6822B960 
  63      84D97ED9 
  63      7EF899AF 
  63      E4
  64 0229 19B6CB56 		.ascii	"\031\266\313V\222\330\313\011\035\267\216K\257\252P"
  64      92D8CB09 
  64      1DB78E4B 
  64      AFAA50
  65 0238 B7E7B0C4 		.ascii	"\267\347\260\304\362\341\341\350\225!\205v\360<\252"
  65      F2E1E1E8 
  65      95218576 
  65      F03CAA
  66 0247 56BF8017 		.ascii	"V\277\200\027,a\277\355\356\275]X\362<\233]\300\261"
  66      2C61BFED 
  66      EEBD5D58 
ARM GAS  /var/folders/45/ct_yb_0s4l984dg097s5d1mh0000gp/T//cck7Qrd5.s 			page 5


  66      F23C9B5D 
  66      C0B1
  67 0259 8F0F1EBE 		.ascii	"\217\017\036\276\352\267\262\177\345l\274\210*\271\322"
  67      EAB7B27F 
  67      E56CBC88 
  67      2AB9D2
  68 0268 10B0B403 		.ascii	"\020\260\264\003\030\305\306\033]\211\277\3279\205j"
  68      18C5C61B 
  68      5D89BFD7 
  68      39856A
  69 0277 CD09E59E 		.ascii	"\315\011\345\236F\272\237\270^b\322<\021\220N\217\016"
  69      46BA9FB8 
  69      5E62D23C 
  69      11904E8F 
  69      0E
  70 0288 79EA5E4A 		.ascii	"y\352^JoR\370\022\244\177?c\003XGw\307?\351\376tO\227"
  70      6F52F812 
  70      A47F3F63 
  70      03584777 
  70      C73FE9FE 
  71 029f FC9FA797 		.ascii	"\374\237\247\227-OsW\311C\332d^\347i[\216\2527\337\323"
  71      2D4F7357 
  71      C943DA64 
  71      5EE7695B 
  71      8EAA37DF 
  72 02b4 C04EF2F4 		.ascii	"\300N\362\3647\006\013\362=};\002x\2051_\236\247}o\315"
  72      37060BF2 
  72      3D7D3B02 
  72      7885315F 
  72      9EA77D6F 
  73 02c9 06BCCA98 		.ascii	"\006\274\312\230\337\211\335\333+\230#\340\357\371\236"
  73      DF89DDDB 
  73      2B9823E0 
  73      EFF99E
  74 02d8 FE41F20C 		.ascii	"\376A\362\014\262\004\203S<\035o\377\253\333?iW\306"
  74      B2048353 
  74      3C1D6FFF 
  74      ABDB3F69 
  74      57C6
  75 02ea B2EB4FCB 		.ascii	"\262\353O\313.\2477\327r\336\360\371\326{\252f\377j"
  75      2EA737D7 
  75      72DEF0F9 
  75      D67BAA66 
  75      FF6A
  76 02fc D8A79641 		.ascii	"\330\247\226A\353\335\317\227\275\220r\207\262\232?"
  76      EBDDCF97 
  76      BD907287 
  76      B29A3F
  77 030b C086D4C8 		.ascii	"\300\206\324\310>\264\002yl\243\233NGP\221\305ee\232"
  77      3EB40279 
  77      6CA39B4E 
  77      475091C5 
  77      65659A
  78 031e FD89195A 		.ascii	"\375\211\031Z\315\352\210\266!\026\2575\264\252U\301"
  78      CDEA88B6 
  78      2116AF35 
  78      B4AA55C1 
ARM GAS  /var/folders/45/ct_yb_0s4l984dg097s5d1mh0000gp/T//cck7Qrd5.s 			page 6


  79 032e C5EF682B 		.ascii	"\305\357h+V\274\247\255\252\014n\\\304H\265Q[\035\211"
  79      56BCA7AD 
  79      AA0C6E5C 
  79      C448B551 
  79      5B1D89
  80 0341 AC2DD3C1 		.ascii	"\254-\323\301\263f\265\021\372 \036^05W\217E\243\261"
  80      B366B511 
  80      FA201E5E 
  80      3035578F 
  80      45A3B1
  81 0354 F5D9F4E5 		.ascii	"\365\331\364\345+\203\025\301M\232^\243\307\342\241"
  81      2B8315C1 
  81      4D9A5EA3 
  81      C7E2A1
  82 0363 EA8DEF46 		.ascii	"\352\215\357F\313j`\351\177D\2076\325r\254V\021\254"
  82      CB6A60E9 
  82      7F448736 
  82      D572AC56 
  82      11AC
  83 0375 AAACD22A 		.ascii	"\252\254\322*(X\253\\\257G>Z\033\322\364\250\0216\252"
  83      2858AB5C 
  83      AF473E5A 
  83      1BD2F4A8 
  83      1136AA
  84 0388 3FD4754A 		.ascii	"?\324uJ\235\343$\0313h\212\327Z\277N\234\266\303\223"
  84      9DE32419 
  84      33688AD7 
  84      5ABF4E9C 
  84      B6C393
  85 039b 67D4189B 		.ascii	"g\324\030\233\015\302\337\010V\255\0140\351\015\361"
  85      0DC2DF08 
  85      56AD0C30 
  85      E90DF1
  86 03aa F0FC40E9 		.ascii	"\360\374@\351BP\342\340\211\206\242\261\370f\370\027"
  86      4250E2E0 
  86      8986A2B1 
  86      F866F817 
  87 03ba 41E2006B 		.ascii	"A\342\000k"
  88              		.text
  89              		.section	.gnu.lto_st_lld_init.b6f15b4d70475719,"",%progbits
  90 0000 789CA595 		.ascii	"x\234\245\225\315O\023A\024\300\347\355l\333\335\005"
  90      CD4F1341 
  90      14C0E7ED 
  90      6CDBDD05 
  91 0010 E1646262 		.ascii	"\341dbb\017^\361\300\006\211\377\201\027\023\270(wb"
  91      0F5EF1C0 
  91      0689FF81 
  91      1713B828 
  91      7762
  92 0022 34D10309 		.ascii	"4\321\003\011F\210G\273|\265|K\242\2401\213\331D\215"
  92      468847BB 
  92      7CB57C4B 
  92      A2A0318B 
  92      D9448D
  93 0035 E140942F 		.ascii	"\341@\224/\261\005t\251 \362! \242|)*QDA\341\200\321"
  93      B10574A9 
  93      20F22120 
ARM GAS  /var/folders/45/ct_yb_0s4l984dg097s5d1mh0000gp/T//cck7Qrd5.s 			page 7


  93      A27C292A 
  93      514441E1 
  94 004b 6804DF9B 		.ascii	"h\004\337\233-m\203\027['\355twf\372\373\275y\273o\327"
  94      2D6D8317 
  94      5B27ED74 
  94      7766FAFB 
  94      BD79BB6F 
  95 0060 CD186B70 		.ascii	"\315\030kp3v\030\177\367\343\0278\003\251a\234\261\022"
  95      3376187F 
  95      F7E31738 
  95      03A9619C 
  95      B112
  96 0072 4502A003 		.ascii	"E\002\240\003C\001\346\223\300\007\265\3742\207p`9("
  96      4301E693 
  96      C007B5FC 
  96      32877060 
  96      3928
  97 0084 65DC36B0 		.ascii	"e\3346\260\331W\346\323\375F\305>\2233\326\204_j\320"
  97      D957E6D3 
  97      FD46C53E 
  97      9333D684 
  97      5F6AD0
  98 0097 01190C97 		.ascii	"\001\031\014\227-\265m5\356q\313\3168t\202\233\001\036"
  98      2DB56D35 
  98      EE71CBCE 
  98      3874829B 
  98      011E
  99 00a9 DC9972D9 		.ascii	"\334\231r\331\306\326v\300\260\007n\300\267c{\201\231"
  99      C6D676C0 
  99      B0076EC0 
  99      B7637B81 
  99      99
 100 00ba 1C24EA38 		.ascii	"\034$\3528u2u\012u*u\032u\214U\"\002\3430lV\305%:*\263"
 100      7532750A 
 100      752A751A 
 100      758C5522 
 100      02E3306C 
 101 00d4 D9670887 		.ascii	"\331g\010\207>\375:M\340k\034\320\327T\021\236\360\324"
 101      3EFD3A4D 
 101      E06B1CD0 
 101      D754119E 
 101      F0D4
 102 00e6 70934B40 		.ascii	"p\223K@\372\362\346\301e\325956*\015\031\207\026z\226"
 102      FAF2E6C1 
 102      65D53935 
 102      362A0D19 
 102      87167A96 
 103 00fa 16DD165C 		.ascii	"\026\335\026\\/\301\310\017\230\234\303=\360B\027x\031"
 103      2FC1C80F 
 103      989CC33D 
 103      F0421778 
 103      19
 104 010b AD5F7D3F 		.ascii	"\255_}?\334\227\246\267\032\345`r\031\272\301\202F\261"
 104      DC97A6B7 
 104      1AE56072 
 104      19BAC182 
 104      46B1
ARM GAS  /var/folders/45/ct_yb_0s4l984dg097s5d1mh0000gp/T//cck7Qrd5.s 			page 8


 105 011d 21B80F3A 		.ascii	"!\270\017:\312\312~\370\301qI\216\256s`\310\257\020"
 105      CACA7EF8 
 105      C171498E 
 105      AE7360C8 
 105      AF10
 106 012f 1FB00511 		.ascii	"\037\260\005\021\202\001MW\2135\211\251B1U\017\350\310"
 106      82014D57 
 106      8B3589A9 
 106      4231550F 
 106      E8C8
 107 0141 175B531D 		.ascii	"\027[S\035\031O\214\325+X\224g\350\333\025\266\214\260"
 107      194F8CD5 
 107      2B589467 
 107      E8DB15B6 
 107      8CB0
 108 0153 FF8AF341 		.ascii	"\377\212\363A\214\375\220\342\224\343\343T\376\231U"
 108      8CFD90E2 
 108      94E3E354 
 108      FE9955
 109 0162 427332D8 		.ascii	"Bs2\3301Z\277\2104\034j\331\362805\376j\272\304\325"
 109      315ABF88 
 109      341C6AD9 
 109      F2383035 
 109      FE6ABAC4 
 110 0177 AC2EEB6F 		.ascii	"\254.\353oW\234S\303n0\322ph\356Ky[JL\347\206G\250\013"
 110      579C53C3 
 110      6E30D270 
 110      68EE4B79 
 110      5B4A4CE7 
 111 018f 4774A1B5 		.ascii	"Gt\241\265\226nw4\364\001!\223H6\270+-\032\352\376N"
 111      966E7734 
 111      F4012193 
 111      4836B82B 
 111      2D1AEAFE 
 112 01a4 4B02ECC7 		.ascii	"K\002\354\3071\366\020\245E#\322\346JUUZ\204\025\335"
 112      31F610A5 
 112      4523D2E6 
 112      4A55555A 
 112      8415DD
 113 01b7 8947EC64 		.ascii	"\211G\354d\274\365\373\206\346\234R\005\321}i5\177T"
 113      BCF5FB86 
 113      E69C5205 
 113      D17D6935 
 113      7F54
 114 01c9 2332EB02 		.ascii	"#2\353\002\336\361\012\014\243\356ID\027X\036\235\214"
 114      DEF10A0C 
 114      A3EE4944 
 114      17581E9D 
 114      8C
 115 01da CFDC8810 		.ascii	"\317\334\210\020\212\242\032\005\035\027\254\327\315"
 115      8AA21A05 
 115      1D17ACD7 
 115      CD
 116 01e7 777022CA 		.ascii	"wp\"\312\260=\302`\314\331\314\346Ju4\204\304\004O\205"
 116      B03DC260 
 116      CCD9CCE6 
 116      4A753484 
ARM GAS  /var/folders/45/ct_yb_0s4l984dg097s5d1mh0000gp/T//cck7Qrd5.s 			page 9


 116      C4044F85 
 117 01fb 4026C1B8 		.ascii	"@&\301\270\020\254\366\336\235uE\004\330\322abGQ\223"
 117      10ACF6DE 
 117      9D754504 
 117      D8D26162 
 117      475193
 118 020e A4625228 		.ascii	"\244bR(\\\244x&\024\321$\311\300`j\007_\233\024^\205"
 118      5CA47826 
 118      14D124C9 
 118      C0606A07 
 118      5F9B145E 
 119 0223 E7028F8F 		.ascii	"\347\002\217\2174\232\264kK[<Ywh\322j\027\227l\032t"
 119      349AB46B 
 119      4B5B3C59 
 119      7768D26A 
 119      17976C1A 
 120 0238 38E81515 		.ascii	"8\350\025\025\367\002\262b\272\272$w\363R\350<\304\233"
 120      F702B262 
 120      BABA2477 
 120      F352E83C 
 120      C49B
 121 024a 41749457 		.ascii	"At\224W\237$oV\360\024\342\315\305\363.&\311\233\027"
 121      9F246F56 
 121      F014E2CD 
 121      C5F32E26 
 121      C99B17
 122 025d 3C95780B 		.ascii	"<\225x\013\"\333]\201\2616\315\3116\300\253\035\374"
 122      22DB5D81 
 122      B136CDC9 
 122      36C0AB1D 
 122      FC
 123 026e D524F1AF 		.ascii	"\325$\361\257\005^#\374\"\206K\2745\250\260\326or\361"
 123      055E23FC 
 123      22864BBC 
 123      35A8B0D6 
 123      6F72F1
 124 0281 D4C77F04 		.ascii	"\324\307\177\004\203k\013\036\337oC1\271\326DE\017o"
 124      836B0B1E 
 124      DF6F4331 
 124      B9D64445 
 124      0F6F
 125 0293 C047131F 		.ascii	"\300G\023\037\206/\371S)\220\024\344\277\005/U\372\317"
 125      862FF953 
 125      299014E4 
 125      BF052F55 
 125      FACF
 126 02a5 997AC519 		.ascii	"\231z\305\031R\340\035xM\236\312\276B\251\265zK\024"
 126      52E01D78 
 126      4D9ECABE 
 126      42A9B57A 
 126      4B14
 127 02b7 A778C554 		.ascii	"\247x\305T\"\003\337\002Xt\331\231\231\272\363),\322"
 127      2203DF02 
 127      5874D999 
 127      99BAF329 
 127      2CD2
 128 02c9 CF9C28D0 		.ascii	"\317\234(\320\317\026\236+.\322\217\347\345f\037\322"
ARM GAS  /var/folders/45/ct_yb_0s4l984dg097s5d1mh0000gp/T//cck7Qrd5.s 			page 10


 128      CF169E2B 
 128      2ED28FE7 
 128      E5661FD2 
 129 02d9 73728EE8 		.ascii	"sr\216\350yGs\317g\321L~Qq~A\301\251\314\223\354\017"
 129      794773CF 
 129      67D14C7E 
 129      51717E41 
 129      C1A9CC93 
 130 02ef 9AA22DFF 		.ascii	"\232\242-\377"
 131              		.text
 132              		.section	.gnu.lto_.symbol_nodes.b6f15b4d70475719,"",%progbits
 133 0000 789C6363 		.ascii	"x\234cc``(\004b\006\246\323L\365\014\014\023\31610\000"
 133      60602804 
 133      6206A6D3 
 133      4CF50C0C 
 133      13CE3130 
 134 0015 A95D0D8E 		.ascii	"\251]\015\216@\2213L\365\214(\"\214g\231\352\231\300"
 134      4091334C 
 134      F58C2822 
 134      8C6799EA 
 134      99C0
 135 0027 220C0C0D 		.ascii	"\"\014\014\015\015\016@\201sL\365\314(\002\347\231\352"
 135      0D0E4081 
 135      734CF5CC 
 135      2802E799 
 135      EA
 136 0038 59900598 		.ascii	"Y\220\005\230\201\260\245\355=+3\003\023CK\373\033y"
 136      81B0A5ED 
 136      3D2B3303 
 136      13434BFB 
 136      1B79
 137 004a 66461686 		.ascii	"fF\026\206']o\344\031\000^X\0349"
 137      275D6FE4 
 137      19005E58 
 137      1C39
 138              		.text
 139              		.section	.gnu.lto_.refs.b6f15b4d70475719,"",%progbits
 140 0000 789C6363 		.ascii	"x\234cc```\004b\006\000\000D\000\010"
 140      60606004 
 140      62060000 
 140      440008
 141              		.text
 142              		.section	.gnu.lto_.decls.b6f15b4d70475719,"",%progbits
 143 0000 789CCD59 		.ascii	"x\234\315Y{LT\311\232\357:\325@\3636`n\314]73\231%W"
 143      7B4C54C9 
 143      9AEF3AD5 
 143      40F33660 
 143      6ECC5D37 
 144 0018 928DB6E0 		.ascii	"\222\215\266\340\334\231\311fs3\332\240\220\225\031"
 144      DC99C966 
 144      7333DAA0 
 144      909519
 145 0027 D3EDDCDC 		.ascii	"\323\355\334\334\334l\322\227\213=#\031\036^hgg\222"
 145      DC6CD297 
 145      8B3D2319 
 145      1E5E6867 
 145      6792
ARM GAS  /var/folders/45/ct_yb_0s4l984dg097s5d1mh0000gp/T//cck7Qrd5.s 			page 11


 146 0039 CDDEC34B 		.ascii	"\315\336\303Ky\370\000\305\027\242\203\012\370B\305"
 146      79F800C5 
 146      17A2830A 
 146      F842C5
 147 0048 71101190 		.ascii	"q\020\021\220\227\362\306\007*\012\202\002\"*\314 6"
 147      97F2C607 
 147      2A0A8202 
 147      222ACC20 
 147      36
 148 0059 8328A0EC 		.ascii	"\203(\240\354WU\247\373T\237nv\357\376q\223=\361\353"
 148      5755A7FB 
 148      549F6E76 
 148      EFFE7193 
 148      3DF1EB
 149 006c AAAFEA57 		.ascii	"\252\257\352W\277\372\252\276\357\324\371\012]U*\325"
 149      BFFAAABE 
 149      EFD4F90A 
 149      5D552AD5 
 150 007c D03FAA54 		.ascii	"\320?\252T\377\356\242R\255E*\325\034<\030\332\352@"
 150      FFEEA252 
 150      AD452AD5 
 150      1C3C18DA 
 150      EA40
 151 008e 405555AB 		.ascii	"@UU\253\330\003\335\252k M - m 7U\216O\026\014\362\202"
 151      D803DDAA 
 151      6B204D20 
 151      2D206D20 
 151      37558E4F 
 152 00a6 F24F204B 		.ascii	"\362O K@\026\202\356\017\322\005u?\242K\234\277\206"
 152      401682EE 
 152      0FD20575 
 152      3FA24B9C 
 152      BF86
 153 00b8 B6F740DE 		.ascii	"\266\367@\336\007\271*\315E~\274\245y>\200z\000\310"
 153      07B92ACD 
 153      457EBCA5 
 153      793E807A 
 153      00C8
 154 00ca 6F400241 		.ascii	"o@\002A\226\201,Gl\336`(?\004\371\010\344\023\304\354"
 154      96812C47 
 154      6CDE6028 
 154      3F04F908 
 154      E413C4EC 
 155 00de 513E3B25 		.ascii	"Q>;%.\253\035\031\240\247Kv\354\2052\027\311\266\015"
 155      2EAB1D19 
 155      A0A74B76 
 155      EC853217 
 155      C9B60D
 156 00f1 41DB3EC4 		.ascii	"A\333>\304\354\272\001\342\011\222\014\372\177\202d"
 156      ECBA01E2 
 156      09920CFA 
 156      7F8264
 157 0100 832C0099 		.ascii	"\203,\000\231\201\266Y\220w s \030\332|@\\A\004i_\234"
 157      81B65990 
 157      77207320 
 157      18DA7C40 
 157      5C410469 
ARM GAS  /var/folders/45/ct_yb_0s4l984dg097s5d1mh0000gp/T//cck7Qrd5.s 			page 12


 158 0116 ED472E46 		.ascii	"\355G.F}\315'O\343,\214\226x \262\273\276\320t\356\247"
 158      7DCD274F 
 158      E32C8C96 
 158      7820B2BB 
 158      BED074EE 
 159 012b 8A37DEAC 		.ascii	"\2127\336\254\211 v\246\336Jw\301\002\255o\177\2765"
 159      892076A6 
 159      DE4A77C1 
 159      02AD6F7F 
 159      BE35
 160 013d 49585622 		.ascii	"IXV\"\262G\023\253Be\010[\251:wZ\012\335\360\357(\360"
 160      B24713AB 
 160      4265085B 
 160      A93A775A 
 160      0ADDF0EF 
 161 0153 566A693E 		.ascii	"Vji>\241\365\363@jP_v\344=\366\001u\241\007z?\027\013"
 161      A1F5F340 
 161      6A505F76 
 161      E43DF601 
 161      75A1077A 
 162 016a 8FBA677A 		.ascii	"\217\272gz}\220G`\272(&\213\005)\242{\230\012U\240\305"
 162      7D904760 
 162      BA28268B 
 162      0529A27B 
 162      980A55A0 
 163 017f E8125AAC 		.ascii	"\350\022Z\254B\225(\220L}\021-S\241\037\241\361\002"
 163      42952890 
 163      4C7D112D 
 163      53A11FA1 
 163      F102
 164 0191 341693E9 		.ascii	"4\026\223\351jo\034\370\335\001\213(\276\217.#\017T"
 164      6A6F1CF8 
 164      DD018B28 
 164      BE8F2E23 
 164      0F54
 165 01a3 8E30C580 		.ascii	"\2160\305\200c\226x0\003N\026\346\034u\305\265\210X"
 165      63967830 
 165      034E16E6 
 165      1C75C5B5 
 165      8858
 166 01b5 20541E7C 		.ascii	" T\036|rM\230o\216+\363\317Q\361Ac\232(\012\250\032"
 166      724D986F 
 166      8E2BF3CF 
 166      51F14163 
 166      9A280AA8 
 167 01ca E6A892E7 		.ascii	"\346\250\222\347\200)I\001\2550\321\345\272\352\032"
 167      80294901 
 167      AD30D1E5 
 167      BAEA1A
 168 01d9 CF47A80F 		.ascii	"\317G\250\017\301\346\242\005t\375\210\305\010<\344"
 168      C1E6A205 
 168      74FD88C5 
 168      083CE4
 169 01e8 87E973D6 		.ascii	"\207\351s\326\007\261vh\025X!A\211b\035\202l-\202\304"
 169      07B17668 
 169      15582141 
 169      89621D82 
ARM GAS  /var/folders/45/ct_yb_0s4l984dg097s5d1mh0000gp/T//cck7Qrd5.s 			page 13


 169      6C2D82C4 
 170 01fc 215879E9 		.ascii	"!Xy\351?\211\000\361\254\254\237Mg}X\244\262\0127\216"
 170      3F8900F1 
 170      ACAC9F4D 
 170      677D58A4 
 170      B20A378E 
 171 0210 3509F264 		.ascii	"5\011\362d\334\020\007[U\266n\233Q\362\"\221\344\356"
 171      DC10075B 
 171      55B66E9B 
 171      51F22291 
 171      E4EE
 172 0222 91CCE20A 		.ascii	"\221\314\342\012\337~\364\020z\377\000\241\250\211\243"
 172      DF7EF410 
 172      7AFF00A1 
 172      A889A3
 173 0231 8EFFF9C5 		.ascii	"\216\377\371\305O\307}p\031\013\227ksS\265\276,\012"
 173      4FC77D70 
 173      190B976B 
 173      7353B5BE 
 173      2C0A
 174 0243 041220E3 		.ascii	"\004\022 \343\355\207<Y\024,\000\265d\333\\\256\313"
 174      ED873C59 
 174      142C00B5 
 174      64DB5CAE 
 174      CB
 175 0254 A2BD64DB 		.ascii	"\242\275d\333\263S\304\005\002\372\323\257P\0038\243"
 175      B353C405 
 175      02FAD3AF 
 175      500338A3 
 176 0264 1E9CA142 		.ascii	"\036\234\241BW\321\"\370\215S\263\311.\346\017w\270"
 176      57D122F8 
 176      8D53B3C9 
 176      2EE60F77 
 176      B8
 177 0275 7F502016 		.ascii	"\177P \026\364\213\265S7\002*\353\267\2107a\334\247"
 177      F48BB553 
 177      37022AEB 
 177      B7883761 
 177      DCA7
 178 0287 1487EA64 		.ascii	"\024\207\352d?\325\221xD\265\250\037\241\032\364\010"
 178      3FD59178 
 178      44B5A81F 
 178      A11AF408 
 179 0297 6CBB863E 		.ascii	"l\273\206> \001\270\355E\201/\2660\263\366\265\211\035"
 179      2001B8ED 
 179      45812FB6 
 179      30B3F6B5 
 179      891D
 180 02a9 BE12D9D8 		.ascii	"\276\022\331\330\025\257<\2616Y$.'T\2152U\243\222\252"
 180      15AF3CB1 
 180      3659242E 
 180      27548D32 
 180      55A392AA 
 181 02bd 89523D1A 		.ascii	"\211R=\032\237h\362\304\357\030UgU\375co\240\352'\241"
 181      9F68F2C4 
 181      EF185567 
 181      55FD636F 
ARM GAS  /var/folders/45/ct_yb_0s4l984dg097s5d1mh0000gp/T//cck7Qrd5.s 			page 14


 181      A0EA27A1 
 182 02d1 3312F8B6 		.ascii	"3\022\370\266\364\231\230\356\301\214j\226\231\232\245"
 182      F49998EE 
 182      C18C6A96 
 182      999AA5
 183 02e0 9704B550 		.ascii	"\227\004\265P\206\214\362\206\355\030\327`\312\320Z"
 183      868CF286 
 183      ED18D760 
 183      CAD05A
 184 02ef 36D18E24 		.ascii	"6\321\216$\206\333\323\377\332\366\243\230\352B\307"
 184      86DBD3FF 
 184      DAF6A398 
 184      EA42C7
 185 02fe B7CAE35B 		.ascii	"\267\312\343[\255\343\333\350\370\203w\006\217\011\330"
 185      ADE3DBE8 
 185      F8837706 
 185      8F09D8
 186 030d C2C6379D 		.ascii	"\302\3067\235(\253Cj\201\305&\331/hk\233:^\243\266\265"
 186      28AB436A 
 186      81C526D9 
 186      2F686B9B 
 186      3A5EA3B6 
 187 0322 7520DAF8 		.ascii	"u \332\370\362\312\303\275\302\274\333}\203n\367u$\355"
 187      F2CAC3BD 
 187      C2BCDB7D 
 187      836EF775 
 187      24ED
 188 0334 77E10FF9 		.ascii	"w\341\017\371\247\275$\253\036\244\343\303\015[j\327"
 188      A7BD24AB 
 188      1EA4E3C3 
 188      0D5B6AD7 
 189 0344 51106A97 		.ascii	"Q\020j\227\315j\267\232u\223\232U>\260\247\306\235y"
 189      CD6AB79A 
 189      75939A55 
 189      3EB0A7C6 
 189      9D79
 190 0356 FB3EE1C8 		.ascii	"\373>\341\310\253\374\245\325\205\351\032\322=v\272"
 190      ABFCA5D5 
 190      85E91AD2 
 190      3D76BA
 191 0365 DC9B79BF 		.ascii	"\334\233y\277\226t\337\036>\222\352\305\272o\022\275"
 191      9674DF1E 
 191      3E92EAC5 
 191      BA6F12BD 
 192 0375 A1AB695C 		.ascii	"\241\253i\\\215\317\251\351\252\366w\236\017\365\200"
 192      8DCFA9E9 
 192      AAF6779E 
 192      0FF580
 193 0384 5737E56F 		.ascii	"W7\345ozua@{\373L\207\013.c\243\263\256\2255J\247O3"
 193      7A756140 
 193      7BFB4C87 
 193      0B2E63A3 
 193      B3AE9535 
 194 039c D1732F37 		.ascii	"\321s/7Tz\342K\254\363q\346`\203+\256f\212\325(?\311"
 194      547AE24B 
 194      ACF371E6 
 194      60832BAE 
ARM GAS  /var/folders/45/ct_yb_0s4l984dg097s5d1mh0000gp/T//cck7Qrd5.s 			page 15


 194      668AD528 
 195 03b2 A8EF1F4C 		.ascii	"\250\357\037L\302f\327\261\316\312\362\252Fi\001\313"
 195      C266D7B1 
 195      CECAF2AA 
 195      466901CB 
 196 03c2 B9F0F563 		.ascii	"\271\360\365c\341{q\270\245\321\203\255GD\240Ww\366"
 196      E17B71B8 
 196      A5D183AD 
 196      4744A057 
 196      77F6
 197 03d4 7E8A1BD9 		.ascii	"~\212\033\331\310zK\351qim\030\324\376\354\2069_\262"
 197      C87A4BE9 
 197      71696D18 
 197      D4FEEC86 
 197      395FB2
 198 03e7 1C912D87 		.ascii	"\034\221-\207\264[\027\244B\203\344hA\332\305h\200-"
 198      B45B17A4 
 198      4283E468 
 198      41DAC568 
 198      802D
 199 03f9 6532BB74 		.ascii	"e2\273t\265_6\365\023D\270\232\372\360\021\240\037R"
 199      B55F36F5 
 199      1344B89A 
 199      FAF011A0 
 199      1F52
 200 040b F463E467 		.ascii	"\364c\344g\035C\300I\003E\017}xt\327\377\204>{\254h"
 200      1D43C049 
 200      03450F7D 
 200      7874D7FF 
 200      843E7BAC 
 201 0420 9F076E65 		.ascii	"\237\007neF\036\234\350{.\371+\020\324\342W\225)\032"
 201      461E9CE8 
 201      7B2EF92B 
 201      10D4E257 
 201      95291A
 202 0433 7C9DF5ED 		.ascii	"|\235\365\355\276r\250\303\015w2\305zz\373\321\323\033"
 202      BE72A8C3 
 202      0D7732C5 
 202      7A7AFBD1 
 202      D31B
 203 0445 25DF5B85 		.ascii	"%\337[\205\273XOM\316\256>\204{\2302\226\372\244_\332"
 203      BB584F4D 
 203      CEAE3E84 
 203      7B983296 
 203      FAA45FDA 
 204 0459 9F45A0EE 		.ascii	"\237E\240\356i\033]\202\037\261\256w\315\015K\360\023"
 204      691B5D82 
 204      1FB1AE77 
 204      CD0D4BF0 
 204      13
 205 046a 566FBC78 		.ascii	"Vo\274x\3428\302\243L\261\3445\216z\340\027L)\350\314"
 205      E238C2A3 
 205      4CB1E435 
 205      8E7AE017 
 205      4C29E8CC 
 206 047e BFA4C116 		.ascii	"\277\244\301\026\246\024\277\336[\354\205\247\230r\247"
 206      A614BFDE 
ARM GAS  /var/folders/45/ct_yb_0s4l984dg097s5d1mh0000gp/T//cck7Qrd5.s 			page 16


 206      5BEC85A7 
 206      9872A7
 207 048d E26EBA27 		.ascii	"\342n\272'\236eJ\372\371\363\373=\261\350B\225\344\312"
 207      9E654AFA 
 207      F9F3FB3D 
 207      B1E84295 
 207      E4CA
 208 049f EE1CE988 		.ascii	"\356\034\351\210\351'\372P\321P\201\273\344\025W\320"
 208      E927FA50 
 208      D15081BB 
 208      E41557D0 
 209 04af 333BDBA7 		.ascii	"3;\333\247\020Ne\340\234q\313n\327y\375\360\332\352"
 209      104E65E0 
 209      9C71CB6E 
 209      D779FDF0 
 209      DAEA
 210 04c1 87E5D40D 		.ascii	"\207\345\324\015\345e\307^h\224~\270\015\350N\212~C"
 210      E565C75E 
 210      68947EB8 
 210      0DE84E8A 
 210      7E43
 211 04d3 77F6B575 		.ascii	"w\366\265ug\257^\255~\213\224~\230\017\375\253\332\255"
 211      67AF5EAD 
 211      7E8B947E 
 211      980FFDAB 
 211      DAAD
 212 04e5 05699E28 		.ascii	"\005i\236(\200=\376\001\326'\220\374\034\025SS\3400"
 212      803DFE01 
 212      D62790FC 
 212      1C155353 
 212      E030
 213 04f7 398933CE 		.ascii	"9\2113\316\017\335J\022\013\027Q\252\247\360\332%\013"
 213      0FDD4A12 
 213      0B1751AA 
 213      A7F0DA25 
 213      0B
 214 0508 FEF27B30 		.ascii	"\376\362{0Ly+\310\257\212\015\031\374+\234d\251\230"
 214      4C792BC8 
 214      AF8A0D19 
 214      FC2B9C64 
 214      A998
 215 051a C2C794F0 		.ascii	"\302\307\224\360\237(<HF\327sh\213\022\335i\207N\022"
 215      9F283C48 
 215      46D77368 
 215      8B12DD69 
 215      874E12
 216 052d 6B7BD271 		.ascii	"k{\322q\022\205\017!?8\020\031\334\032f\360!T\332\322"
 216      12850F21 
 216      3F381019 
 216      DC1A66F0 
 216      2154DAD2 
 217 0541 CAB1BF74 		.ascii	"\312\261\277t\316\316\303;9\370\270\022\376Pi\272%\035"
 217      CECEC33B 
 217      39F8B812 
 217      FE5069BA 
 217      251D
 218 0553 CBF06E25 		.ascii	"\313\360n%\374>\307\236#\371C\204s\015\275\002\304$"
ARM GAS  /var/folders/45/ct_yb_0s4l984dg097s5d1mh0000gp/T//cck7Qrd5.s 			page 17


 218      FC3EC79E 
 218      23F94384 
 218      730DBD02 
 218      C424
 219 0565 ED247838 		.ascii	"\355$x8@\3206!\020m\021\002P\012\310[\024\200\346@D"
 219      40D03621 
 219      106D1102 
 219      500AC85B 
 219      1480E640 
 220 057a A8EF0099 		.ascii	"\250\357\000\231\205z*\224\351 [A\262Af\240m'\224\357"
 220      857A2A94 
 220      E9205B41 
 220      B24166A0 
 220      6D2794EF 
 221 058e A0CC8432 		.ascii	"\240\314\2042\015$\011d;H\006H\226\020@\017Df\346\364"
 221      0D240964 
 221      3B480648 
 221      9610400F 
 221      4466E6F4 
 222 05a2 7FC9564E 		.ascii	"\177\311VN(\255\324*\267`\204\333\202\237\235{\317\016"
 222      28ADD42A 
 222      B76084DB 
 222      829F9D7B 
 222      CF0E
 223 05b4 CEEF418F 		.ascii	"\316\357A\217\363=\340\267\214\263\345\027\247\266p"
 223      F33DE0B7 
 223      8CB3E517 
 223      A7B670
 224 05c3 E069CE94 		.ascii	"\340i\316\224\021%\370\271\203)\026\016>\352\034\316"
 224      1125F8B9 
 224      8329160E 
 224      3EEA1CCE 
 225 05d3 C75D0667 		.ascii	"\307]\006g\370]%\374\216cT\363\013\355U\342\037\330"
 225      F85D25FC 
 225      8E6354F3 
 225      0BED55E2 
 225      1FD8
 226 05e5 E321465B 		.ascii	"\343!F[3\244H\235\206H\235\222\360\326\027\021\335\222"
 226      33A4489D 
 226      86489D92 
 226      F0D61711 
 226      DD92
 227 05f7 CD61F9DE 		.ascii	"\315a\371\336\330;\277$\010\017\202RI\3375\331\203\357"
 227      D83BBF24 
 227      080F8252 
 227      49DF35D9 
 227      83EF
 228 0609 D271C58F 		.ascii	"\322q\305\217\242\230\341J'\277\347\334Xnm=\334N\274"
 228      A298E14A 
 228      27BFE7DC 
 228      586E6D3D 
 228      DC4EBC
 229 061c 701EC676 		.ascii	"p\036\306vQ\317/\355\211\022\337\347\260s<\374\231\363"
 229      51CF2FED 
 229      8912DFE7 
 229      B0733CFC 
 229      99F3
ARM GAS  /var/folders/45/ct_yb_0s4l984dg097s5d1mh0000gp/T//cck7Qrd5.s 			page 18


 230 062e F380C249 		.ascii	"\363\200\302IZ\337\336u\302\007W\321cO(K\357.\361E\201"
 230      5ADFDE75 
 230      C20757D1 
 230      634F284B 
 230      EF2EF145 
 231 0643 FE6CC55D 		.ascii	"\376l\305]\0318\205\254x7\214\316\021l\037s\262\001"
 231      193885AC 
 231      78378CCE 
 231      116C1F73 
 231      B201
 232 0655 F3BC3068 		.ascii	"\363\2740h\027\274'\177\357w\206\244\3255G\312\325^"
 232      17BC277F 
 232      EF7786A4 
 232      D53547CA 
 232      D55E
 233 0667 99B6849D 		.ascii	"\231\266\204\235\232(\237\317\271\202\027\3156\240\004"
 233      9A289FCF 
 233      B98217CD 
 233      36A004
 234 0676 F0DDD7D5 		.ascii	"\360\335\327\325\323^\270\231\256P]\222rj\\\215\002"
 234      D35EB899 
 234      AE505D92 
 234      726A5C8D 
 234      02
 235 0687 17230023 		.ascii	"\027#\000#\217b\353\375D\205\016\010\036h\217\200\255"
 235      8F62EBFD 
 235      44850E08 
 235      1E688F80 
 235      AD
 236 0698 179E3C11 		.ascii	"\027\236<\021\016\377\361\277\222f\250khI/\010\3421"
 236      0EFFF1BF 
 236      9266A86B 
 236      68492F08 
 236      E231
 237 06aa 112F52A1 		.ascii	"\021/R\241\025\364\360G{a\215\244K\205\366\013\213\321"
 237      15F4F047 
 237      7B618DA4 
 237      4B85F60B 
 237      8BD1
 238 06bc 3E6131FB 		.ascii	">a1\373\322\214\315\250\345\023\036Qn9\201\312\023\344"
 238      D28CCDA8 
 238      E5131E51 
 238      6E3981CA 
 238      13E4
 239 06ce 139E28E4 		.ascii	"\023\236(\344[4s\346\262\364\335$\237\242\232\366\324"
 239      5B3473E6 
 239      B2F4DD24 
 239      9FA29AF6 
 239      D4
 240 06df 2ACF79BF 		.ascii	"*\317y\277>\371\202\364\3659\310\246\373%3mJ\312a\334"
 240      3EF982F4 
 240      F539C8A6 
 240      FB25336D 
 240      4ACA61DC 
 241 06f3 403D319C 		.ascii	"@=1\234\277\303\213}\327>\001\365\364`n\033R\032s\030"
 241      BFC38B7D 
 241      D73E01F5 
ARM GAS  /var/folders/45/ct_yb_0s4l984dg097s5d1mh0000gp/T//cck7Qrd5.s 			page 19


 241      F4606E1B 
 241      521A7318 
 242 0707 8C3D2410 		.ascii	"\214=$\020\262\357\2511\224\222*$\263\231\2359\340\303"
 242      B2EFA931 
 242      94922A24 
 242      B3999D39 
 242      E0C3
 243 0719 6F2EC931 		.ascii	"o.\3111\345\351\013\244\315-\240\233\373\364\2708\345"
 243      E5E90BA4 
 243      CD2DA09B 
 243      FBF4B838 
 243      E5
 244 072a 833BD857 		.ascii	"\203;\330W\263\242\364\3048\311qk!]n\252\302\247\317"
 244      B3A2F4C4 
 244      38C9716B 
 244      215D6EAA 
 244      C2A7CF
 245 073d 97C26769 		.ascii	"\227\302gia\252;e8\"G\320\021A\221/\037\025HZ8\376\252"
 245      61AA3B65 
 245      382247D0 
 245      1141912F 
 245      1F15485A 
 246 0754 2D0763D1 		.ascii	"-\007c\321\225]\017\266\015\364zH\\\267\247\003\236"
 246      955D0FB6 
 246      0DF47A48 
 246      5CB7A703 
 246      9E
 247 0765 C3DB05B7 		.ascii	"\303\333\005\267\255z5\345:&s\035Sr\025R\256\206W]g"
 247      AD7A35E5 
 247      3A26731D 
 247      53721552 
 247      AE86575D 
 248 077a DC700EE3 		.ascii	"\334p\016\343\332Y4y\327M\342j\033\011\370\276\201\336"
 248      DA593479 
 248      D74DE26A 
 248      1B09F8BE 
 248      81DE
 249 078c 090AC258 		.ascii	"\011\012\302X\372]$\223\025)\311\212)Y\361\324\353,"
 249      FA5D2493 
 249      1529C98A 
 249      2959F1D4 
 249      EB2C
 250 079e 1F5CC8C8 		.ascii	"\037\\\310\310\236\334\235zn%\353\314\303\354Np\204"
 250      9EDC9D7A 
 250      6E25EBCC 
 250      C3EC4E70 
 250      84
 251 07af DD098ECB 		.ascii	"\335\011\216\313T\307\225T'(\325\275\341\372\015\370"
 251      54C79554 
 251      2728D5BD 
 251      E1FA0DF8 
 252 07bf 2C633A75 		.ascii	",c:u\346p)\274zL\311\252o\310w\205L"
 252      E67029BC 
 252      7A4CC9AA 
 252      6FC87785 
 252      4C
 253 07d0 1C9DA241 		.ascii	"\034\235\242A8O\276\276\357\366\321\313\336\363\246"
ARM GAS  /var/folders/45/ct_yb_0s4l984dg097s5d1mh0000gp/T//cck7Qrd5.s 			page 20


 253      384FBEBE 
 253      EFF6D1CB 
 253      DEF3A6
 254 07df E6670492 		.ascii	"\346g\004\222\232\227\010Rj~\255r\326\266\354{\335\370"
 254      9A970852 
 254      6A7EAD72 
 254      D6B6EC7B 
 254      DDF8
 255 07f1 C18B1DDB 		.ascii	"\301\213\035\333\305\202$\361\323f\201 \321I\253\261"
 255      C58224F1 
 255      D3668120 
 255      D149ABB1 
 256 0801 E8B4A026 		.ascii	"\350\264\240&\232\275\275g\251\275\257'\353\35248\315"
 256      9ABDBD67 
 256      A9BDAF27 
 256      EBEA3438 
 256      CD
 257 0812 8DDAD853 		.ascii	"\215\332\330S\335\333\341&\373\267\342\002\357\337s"
 257      DDDBE126 
 257      FBB7E202 
 257      EFDF73
 258 0821 F2DACF29 		.ascii	"\362\332\317)\271J)\327\321\373\335?\270\342\003\214"
 258      B94A29D7 
 258      D1FBDD3F 
 258      B8E2038C 
 259 0831 EB7C4F51 		.ascii	"\353|OQ\013\222\270,Y\366\333x^\246:\257\244\372\201"
 259      0B92B82C 
 259      59F6DB78 
 259      5EA63AAF 
 259      A4FA81
 260 0844 52E51635 		.ascii	"R\345\0265e\250\361YF\365s\325\314?\330\"\345\303Q\273"
 260      65A8F159 
 260      46F573D5 
 260      CC3FD822 
 260      E5C351BB 
 261 0858 48B92053 		.ascii	"H\271 S]PR\375H\251Z\206\316\324\373\340:F5\364\303"
 261      5D5052FD 
 261      48A95A86 
 261      CED4FBE0 
 261      3A4635F4 
 262 086d D3BD1EB6 		.ascii	"\323\275\036\266HY~\302>R\312d\2622%\331EJ\326\377\375"
 262      48597EC2 
 262      3E52CA64 
 262      B23225D9 
 262      454AD6FF 
 263 0882 D3DDDEB8 		.ascii	"\323\335\336\270KZ\342\213\013O}\254\221r\310~\211\345"
 263      4B5AE28B 
 263      0B4F7DAC 
 263      9172C87E 
 263      89E5
 264 0894 3255B992 		.ascii	"2U\271\222\352\022\245\232\270zbB\312W\263\311\255\241"
 264      EA12A59A 
 264      B87A6242 
 264      CA57B3C9 
 264      ADA1
 265 08a6 A4A3A957 		.ascii	"\244\243\251Wz\315\323\211\336|*\367\256;\036dS\025"
 265      7ACDD389 
ARM GAS  /var/folders/45/ct_yb_0s4l984dg097s5d1mh0000gp/T//cck7Qrd5.s 			page 21


 265      DE7C2AF7 
 265      AE3B1E64 
 265      5315
 266 08b8 EC6F4E16 		.ascii	"\354oN\026\360(S\254\367\015?\351\276Qx\251\177\026"
 266      F02853AC 
 266      F70D3FE9 
 266      BE5178A9 
 266      7F16
 267 08ca E157ACB3 		.ascii	"\341W\254\263\266q\033$\015I\032\226 \017l\275-!_\023"
 267      B6711B24 
 267      0D491A96 
 267      200F6CBD 
 267      2D215F13 
 268 08de 7DAE7EEA 		.ascii	"}\256~\352\2767\336\312:\347\236w\037\223\262\376q\032"
 268      BE37DECA 
 268      3AE79E77 
 268      1F93B2FE 
 268      711A
 269 08f0 7B1583E3 		.ascii	"{\025\203\343>8\207u\3464LNx\342=L\351=\232[\244f\310"
 269      3E388775 
 269      E6344C4E 
 269      78E23D4C 
 269      E93D9A5B 
 270 0907 67443F34 		.ascii	"gD?4;\233\252\306y\254\2633yw\241+.d\312\314\330\361"
 270      3B9BAAC6 
 270      79ACB333 
 270      7977A12B 
 270      2E64CACC 
 271 091d 71577C96 		.ascii	"qW|\226)\015\023\371/\275\360%\246\244\025\336\331\346"
 271      290D13F9 
 271      2FBDF025 
 271      A6A415DE 
 271      D9E6
 272 092f 86EB9932 		.ascii	"\206\353\2312\361`{\243\027ng\312\325\346\307\2675\270"
 272      F1607BA3 
 272      176E67CA 
 272      D5E6C7B7 
 272      35B8
 273 0941 8B2949CF 		.ascii	"\213)I\317J\267b\334\317\224\2277\0332\335\361\010S"
 273      4AB762DC 
 273      CF949737 
 273      1B32DDF1 
 273      0853
 274 0953 3A3276C1 		.ascii	":2v\301\371ma\212\365\020\364c\207\340\334\301\361C"
 274      F96D618A 
 274      F510F463 
 274      87E0DCC1 
 274      F143
 275 0965 5E789AF5 		.ascii	"^x\232\365U\035K;\251\301\020\265DI\275\276\275\327"
 275      551D4B3B 
 275      A9C110B5 
 275      4449BDBE 
 275      BDD7
 276 0977 0B6F63CA 		.ascii	"\013oc\312\331g[k\335p.S\252:\336\224\370\340|IyP\246"
 276      D9675B6B 
 276      DD702E53 
 276      AA3ADE94 
ARM GAS  /var/folders/45/ct_yb_0s4l984dg097s5d1mh0000gp/T//cck7Qrd5.s 			page 22


 276      F8E07C49 
 277 098e C5C5AC7E 		.ascii	"\305\305\254~\344Y\305n_|\216)\003}O3}\360%\246l\251"
 277      E459C56E 
 277      5F7C8E29 
 277      037D4F33 
 277      7DF025A6 
 278 09a4 D953ED8E 		.ascii	"\331S\355\216\353\231r\265\377!\302m\254>\232Y\333-"
 278      EB9972B5 
 278      FF21C26D 
 278      AC3E9A59 
 278      DB2D
 279 09b6 E03B4C39 		.ascii	"\340;L9Y\261}\300\005\3671\345qy\352+5\036`\312\351"
 279      59B17DC0 
 279      05F731E5 
 279      7179EA2B 
 279      351E60CA 
 280 09cb D9C337DD 		.ascii	"\331\3037\335\3610Sn^\356\177\342\203\307\2302R\263"
 280      F130536E 
 280      5EEE7FE2 
 280      83C79832 
 280      52B3
 281 09dd 65480A86 		.ascii	"eH\012\206\\\032\014w\373\373\021;\344\013\334I\177"
 281      5C1A0C77 
 281      FBFB113B 
 281      E40BDC49 
 281      7F
 282 09ee D6E14235 		.ascii	"\326\341B5~I\301\3774\371.;\305\027\005(\036\305\345"
 282      7E49C1FF 
 282      34F92E3B 
 282      C5170528 
 282      1EC5E5
 283 0a01 41BE40DC 		.ascii	"A\276@\334\253q9SQ(_ Z!4'\370\204\341\026\237_\300W"
 283      AB713953 
 283      51285F20 
 283      5A213427 
 283      F884E116 
 284 0a19 A1B6BE45 		.ascii	"\241\266\276E\312/\310\301t_\011w\222\2026s\371\310"
 284      CA2FC8C1 
 284      745F0977 
 284      92823673 
 284      F9C8
 285 0a2b 0325DE21 		.ascii	"\003%\336!k\257o\347\340\225J\370e\301!;\342\351\037"
 285      6BAF6FE7 
 285      E0954AF8 
 285      65C1213B 
 285      E2E91F
 286 0a3e 2AF176F9 		.ascii	"*\361v\3713IkZ\333\244\274\017\256Z\250Q\202\333\362"
 286      33496B5A 
 286      DBA4BC0F 
 286      AE5AA851 
 286      82DBF2
 287 0a51 BE6B82C2 		.ascii	"\276k\202\302\232\316\026\216\275K\311\356\230\344\266"
 287      9ACE168E 
 287      BD4BC9EE 
 287      98E4B6
 288 0a60 B672F8EB 		.ascii	"\266r\370\353J\374\003G<\317\177\3179\177\220l}g+g}"
 288      4AFC0347 
ARM GAS  /var/folders/45/ct_yb_0s4l984dg097s5d1mh0000gp/T//cck7Qrd5.s 			page 23


 288      3CCF7FCF 
 288      397F906C 
 288      7D672B67 
 289 0a75 87D2FAFB 		.ascii	"\207\322\372\373J\370 \277\330:%\274V\271\330V~+\037"
 289      4AF820BF 
 289      D83A25BC 
 289      56B9D856 
 289      7E2B1F
 290 0a88 39DD4A2E 		.ascii	"9\335J.\016\246\3718\270\245D\337\024\224;\337\323\302"
 290      0EA6F938 
 290      B8A544DF 
 290      14943BDF 
 290      D3C2
 291 0a9a 19735769 		.ascii	"\031sWi\314\2602\016\006ycz\225\364\216w\303i\036\337"
 291      CCB0320E 
 291      0679637A 
 291      95F48E77 
 291      C3691EDF 
 292 0aae ED3C2C83 		.ascii	"\355<,\203\034.{\003\220\013\365SS'\244\304\365-$uc"
 292      1C2E7B03 
 292      900BF553 
 292      5327A4C4 
 292      F52D2475 
 293 0ac3 90703E25 		.ascii	"\220p>%I)\310K\220' o@, C \243 \317A\306AD\034\200~"
 293      4929C84B 
 293      9027206F 
 293      402C2043 
 293      20A320CF 
 294 0ade 817212E4 		.ascii	"\201r\022\344\005H2\350#P\376\0042\005\222\012\372c"
 294      054832E8 
 294      2350FE04 
 294      3205920A 
 294      FA63
 295 0af0 28A749E2 		.ascii	"(\247I\342K\022\\\220g \257H\222\013}?\223$\031\312"
 295      4B125C90 
 295      6720AF48 
 295      920B7D3F 
 295      932419CA 
 296 0b04 3992F042 		.ascii	"9\222\360B9\014\345k\273\013\342\010\037#\267\225+s"
 296      390CE56B 
 296      BB0BE208 
 296      1F23B795 
 296      2B73
 297 0b16 BC545B78 		.ascii	"\274T[x|\247s\307\360!\336\306\301\257*\341\365Jx\017"
 297      7CA773C7 
 297      F021DEC6 
 297      C1AF2AE1 
 297      F54A780F 
 298 0b2a 1FE1ED4A 		.ascii	"\037\341\355J\270\303]\247\225\177\235\007\225\360\012"
 298      B8C35DA7 
 298      957F9D07 
 298      95F00A
 299 0b39 25BB85F7 		.ascii	"%\273\205\367b\217\363\303\302\026T\020\204\226V.\010"
 299      628FF3C3 
 299      C2165410 
 299      8496562E 
 299      08
ARM GAS  /var/folders/45/ct_yb_0s4l984dg097s5d1mh0000gp/T//cck7Qrd5.s 			page 24


 300 0b4a 5B9C9F5D 		.ascii	"[\234\237]\374\336\364\360\374}\316\243\212\277\342"
 300      FCDEF4F0 
 300      FC7DCEA3 
 300      8ABFE2
 301 0b59 F28B6D56 		.ascii	"\362\213mV\302'\225\267\304w5\370\200(. (\307[bc\033"
 301      C22795B7 
 301      C47735F8 
 301      80282E20 
 301      28C75B62 
 302 0b6f 3E29DF12 		.ascii	">)\337\022\233\234\223\331\371\221w\314\025%\276\332"
 302      9B9C93D9 
 302      F99177CC 
 302      1525BEDA 
 303 0b7f E1241CE4 		.ascii	"\341$\034\344\375~\307y\234\360k\343\351\253\234\037"
 303      FD7EC779 
 303      9CF06BE3 
 303      E9AB9C1F 
 304 0b8f B4FCB9CC 		.ascii	"\264\374\271\314o\305\015\347'\033\007\037\341\331k"
 304      6FC50DE7 
 304      271B071F 
 304      E1D96B
 305 0b9e 9C1BCFBF 		.ascii	"\234\033\317\277\355<{\233\363\250\262\363#O\337\340"
 305      ED3C7B9B 
 305      F3A8B2F3 
 305      234FDFE0 
 306 0bae 3C68199E 		.ascii	"<h\031\236\374\245\264\244\244\317\023\237\241\377O"
 306      FCA5B4A4 
 306      A4CF139F 
 306      A1FF4F
 307 0bbd 255CC8CC 		.ascii	"%\\\310\314H\363\266\335r\037\266\263[n:\366G[\260-"
 307      48F3B6DD 
 307      721FB6B3 
 307      5B6E3AF6 
 307      475BB02D 
 308 0bd1 2B9B70BC 		.ascii	"+\233p\274\345ZO\012\264\025\007\376\277<,H\202u\357"
 308      E55A4F0A 
 308      B41507FE 
 308      BF3C2C48 
 308      8275EF
 309 0be4 7E27E22F 		.ascii	"~'\342/odY\362\345-\003\263\313\033\224\000~\323\271"
 309      6F6459F2 
 309      E52D03B3 
 309      CB1B9400 
 309      7ED3B9
 310 0bf7 23CD0557 		.ascii	"#\315\005W\260\377\275k\350+-\325\340Z\246\274\035\252"
 310      B0FFBD6B 
 310      E82B2DD5 
 310      E05AA6BC 
 310      1DAA
 311 0c09 E977C74D 		.ascii	"\351w\307MTqM\265\354Jq\243\371D\240\277\364\347\216"
 311      54714DB5 
 311      EC4A71A3 
 311      F944A0BF 
 311      F4E78E
 312 0c1c 11BFA329 		.ascii	"\021\277\243)b\363r\272\367Y\260i\273\360<\237\011z"
 312      62F372BA 
 312      F759B069 
ARM GAS  /var/folders/45/ct_yb_0s4l984dg097s5d1mh0000gp/T//cck7Qrd5.s 			page 25


 312      BBF03C9F 
 312      097A
 313 0c2e BC7C2D3B 		.ascii	"\274|-;j\233\022\354x\214\327\177m\377\011r\344\266"
 313      6A9B12EC 
 313      788CD77F 
 313      6DFF0972 
 313      E4B6
 314 0c40 FB7C72E8 		.ascii	"\373|r\350L\347\344\374\037qF\330\037q\000\305\277\236"
 314      4CE7E4FC 
 314      1F7146D8 
 314      1F7100C5 
 314      BF9E
 315 0c52 766E96FF 		.ascii	"vn\226\377&N\270\210\217s\300\337\333a\257w\202d\203"
 315      264EB888 
 315      8F73C0DF 
 315      DB61AF77 
 315      826483
 316 0c65 ECC0B6FD 		.ascii	"\354\300\266\375\336?\364\266\037\341\353,\260\316\356"
 316      DE3FF4B6 
 316      1FE1EB2C 
 316      B0CEEE
 317 0c74 6F3EE589 		.ascii	"o>\345\211\374\003\235\322\241=\300\362\2771J!9\252"
 317      FC039DD2 
 317      A13DC0F2 
 317      BF314A21 
 317      39AA
 318 0c86 16450DE4 		.ascii	"\026E\015\344y\376h\267\034\221\304f:g\325\241\2714"
 318      79FE68B7 
 318      1C91C466 
 318      3A67D5A1 
 318      B934
 319 0c98 77DEC7B9 		.ascii	"w\336\307\271v>\336+\371x/\365q^r\351\240+\017\276a"
 319      763EDE2B 
 319      F9782FF5 
 319      715E72E9 
 319      A02B0FBE 
 320 0cad 779BDF27 		.ascii	"w\233\337'\201I\031\274l\231\226\375\213O\324n\214\214"
 320      814919BC 
 320      6C9996FD 
 320      8B4FD46E 
 320      8C8C
 321 0cbf D16E8A4F 		.ascii	"\321n\212O0'j\015\353#V\004k\327\256\015\321\256\017"
 321      30276A0D 
 321      EB235604 
 321      6BD7AE0D 
 321      D1AE0F
 322 0cd2 8FF82688 		.ascii	"\217\370&\210\364\030\023\315\306\230\230\015\313\242"
 322      F41813CD 
 322      C698980D 
 322      CBA2
 323 0ce0 346B3EFB 		.ascii	"4k>\373\342}]P\220\312\303h\334\034\035g^\021l4\177"
 323      E27D5D50 
 323      90CAC368 
 323      DC1C1D67 
 323      5E116C34 
 324 0cf5 A3FD22D1 		.ascii	"\243\375\"\321\224\220\250\215\213\216\212\217\211\334"
 324      9490A88D 
ARM GAS  /var/folders/45/ct_yb_0s4l984dg097s5d1mh0000gp/T//cck7Qrd5.s 			page 26


 324      8B8E8A8F 
 324      89DC
 325 0d03 10FD55C2 		.ascii	"\020\375U\302f\263\031j_EG&l\210\216\213\327\306o2k"
 325      66B3196A 
 325      5F454726 
 325      6C888E8B 
 325      D7C66F32 
 326 0d18 BF8A8A5A 		.ascii	"\277\212\212Z\032\231\020\2734.>\316\264\324\024\371"
 326      1A9910BB 
 326      342E3ECE 
 326      B4D414F9 
 327 0d28 E7E8A51F 		.ascii	"\347\350\245\037/\015^\036\364\311\322\277\004/\335"
 327      2F0D5E1E 
 327      F4C9D2BF 
 327      042FDD
 328 0d37 BC6943A4 		.ascii	"\274iC\244\331\244\265\353\326F\307E\305l\336`\322\306"
 328      D9A4B5EB 
 328      D646C745 
 328      C56CDE60 
 328      D2C6
 329 0d49 46466D8C 		.ascii	"FFm\214\2163i\215\033L_Fn\2161\033\315\337m2%.\333\250"
 329      8E33698D 
 329      1B4C5F46 
 329      6E8E311B 
 329      CDDF6D32 
 330 0d61 D258E7FF 		.ascii	"\322X\347\377\372\357:\177\342w\211ZX>\020\231\311\244"
 330      FAEF3A7F 
 330      E277895A 
 330      583E1099 
 330      C9A4
 331 0d73 BF374599 		.ascii	"\2777E\231\343\023V-_\361\177\337;\225'\253\031\243"
 331      E313562D 
 331      5FF17FDF 
 331      3B9527AB 
 331      19A3
 332 0d85 E3A2CD7E 		.ascii	"\343\242\315~F2\300\030\235\360\027\243iStL\374W\233"
 332      4632C018 
 332      9DF017A3 
 332      6953744C 
 332      FC579B
 333 0d98 4D4B79CA 		.ascii	"MKy\312\250\370\330\330\3708\211u\245>B\027\361\255"
 333      A8F8D8D8 
 333      F8388975 
 333      A53E4217 
 333      F1AD
 334 0daa 366A6354 		.ascii	"6jcT|\202\311\370\315\307\261`\211_\324F\303w\211\353"
 334      7C82C9F8 
 334      CDC7B160 
 334      895FD446 
 334      C37789EB 
 335 0dbe A3634D09 		.ascii	"\243cM\011a\221q\033bL\011\341\357\361\004\011f\333"
 335      6191711B 
 335      624C09E1 
 335      EFF10409 
 335      66DB
 336 0dd0 12A236C2 		.ascii	"\022\2426\302\"`\310\202\270o\242\243B\343\"\377\034"
 336      2260C882 
ARM GAS  /var/folders/45/ct_yb_0s4l984dg097s5d1mh0000gp/T//cck7Qrd5.s 			page 27


 336      B86FA2A3 
 336      42E322FF 
 336      1C
 337 0de1 6362CBF8 		.ascii	"cb\313\370g\347\213\220\346\226f%\203`\260\213N\027"
 337      67E78B90 
 337      E6966625 
 337      8360B08B 
 337      4E17
 338 0df3 A15F217C 		.ascii	"\241_!|\256W\207D\254\324\343\020\235^\275*d\275\036"
 338      AE578744 
 338      ACD4E310 
 338      9D5EBD2A 
 338      64BD1E
 339 0e06 EB747AAC 		.ascii	"\353tz\254\007Y\251\327\343u\006\035\326}\266^\255\323"
 339      0759A9D7 
 339      E375061D 
 339      D67DB65E 
 339      ADD3
 340 0e18 85EA293E 		.ascii	"\205\352)>\230\376\006\341\3205z\301\000#\303C\365j"
 340      98FE06E1 
 340      D0357AC1 
 340      0023C343 
 340      F56A
 341 0e2a 4304A075 		.ascii	"C\004\240u\372`\220 @\376A\3777\206a\2429\226x;\232"
 341      FA609020 
 341      40FE41FF 
 341      378661A2 
 341      3996783B 
 342 0e3f 2CDED3A6 		.ascii	",\336\323\246\030\315\352\250\215\221\011~\361\211\221"
 342      18CDEAA8 
 342      8D91097E 
 342      F18991
 343 0e4e 31B01F6B 		.ascii	"1\260\037k\343\243\276^\235\020\037\033n\320\277\247"
 343      E3A3BE5E 
 343      9D101F1B 
 343      6ED0BFA7 
 344 0e5e A42510B2 		.ascii	"\244%\020\262-\244$\273A7\220\033\340G=\022\003\015"
 344      2DA424BB 
 344      4137901B 
 344      E0473D12 
 344      030D
 345 0e70 C62FA1C5 		.ascii	"\306/\241\305\030\235\230\340nk\3626\032\023Mf\343\252"
 345      189D98E0 
 345      6E6BF236 
 345      1A134D66 
 345      E3AA
 346 0e82 9586D075 		.ascii	"\225\206\320u\372p\357\310\230\377\210\374.\021<\031"
 346      FA70EFC8 
 346      98FF88FC 
 346      2E113C19 
 347 0e92 03B1F92F 		.ascii	"\003\261\371/N\034g\372\326L6P\253\2130\204\033\264"
 347      4E1C67FA 
 347      D64C3650 
 347      AB8B3084 
 347      1BB4
 348 0ea4 3AF09B36 		.ascii	":\360\2336\334\352\216\330\304\350D#\004$\030\341O\214"
 348      DCEA8ED8 
ARM GAS  /var/folders/45/ct_yb_0s4l984dg097s5d1mh0000gp/T//cck7Qrd5.s 			page 28


 348      C4E84423 
 348      042418E1 
 348      4F8C
 349 0eb6 F9DCDE8D 		.ascii	"\371\334\336\215\013\245\265|\021\027\303\031G\255\265"
 349      0BA5B57C 
 349      1117C319 
 349      47ADB5
 350 0ec5 6B5A488D 		.ascii	"kZH\215\333\034gg\261'\327\250\011\321\375\233n\365"
 350      DB1C6767 
 350      B127D7A8 
 350      09D1FD9B 
 350      6EF5
 351 0ed7 1A7D90C7 		.ascii	"\032}\220\307\272\265k\015+\303I\235T\303\203\015\244"
 351      BAB56B0D 
 351      2BC3499D 
 351      54C3830D 
 351      A4
 352 0ee8 EA6230E8 		.ascii	"\352b0\350\326\350\335\365\241\206P\375\357CC>\302:"
 352      D6E8DDF5 
 352      A18650FD 
 352      EF43433E 
 352      C23A
 353 0efa 03F1A94E 		.ascii	"\003\361\251Nn\372\255\373\312u\253\202\327\256\013"
 353      6EFAADFB 
 353      CA75AB82 
 353      D7AE0B
 354 0f09 FD4C4F6A 		.ascii	"\375LOjA\254f\355\375\320}e\330\252\025Ro\230\015\027"
 354      41AC66ED 
 354      FDD07D65 
 354      D8AA1552 
 354      6F980D17 
 355 0f1d A6C4AD70 		.ascii	"\246\304\255p#,\320B\312 \276'\330\2150\320\2360\011"
 355      232CD042 
 355      CA20BE27 
 355      D88D30D0 
 355      9E3009
 356 0f30 11668F08 		.ascii	"\021f\217\010\322\220\261z\303z=\251\004\221\212\255"
 356      D290B17A 
 356      C37A3DA9 
 356      04918AAD 
 357 0f40 6FB9868C 		.ascii	"o\271\206\214f}aVP\030\003a]\270^M\026\351\006\353%"
 357      667D6156 
 357      50180361 
 357      5DB85E4D 
 357      16E906EB 
 358 0f55 A5A0D35B 		.ascii	"\245\240\323[\267#8x\036\177\031\326\263\240[\375\361"
 358      B7233878 
 358      1E7F19D6 
 358      B3A05BFD 
 358      F1
 359 0f66 B7DFB270 		.ascii	"\267\337\262p\373\362\343\217\240N\002N\257\323\031"
 359      FBF2E38F 
 359      A04E024E 
 359      AFD319
 360 0f75 D7C3C913 		.ascii	"\327\303\311\023b\372\322\225X\262\372\217\256\341!"
 360      62FAD295 
 360      58B2FA8F 
ARM GAS  /var/folders/45/ct_yb_0s4l984dg097s5d1mh0000gp/T//cck7Qrd5.s 			page 29


 360      AEE121
 361 0f84 BACF4342 		.ascii	"\272\317CB\211\026\274\372\217>!\253\326D\350\276\260"
 361      8916BCFA 
 361      8F3E21AB 
 361      D644E8BE 
 361      B0
 362 0f95 62FE1BF8 		.ascii	"b\376\033\370vE\340"
 362      7645E0
 363              		.text
 364              		.section	.gnu.lto_.symtab.b6f15b4d70475719,"",%progbits
 365 0000 56656374 		.ascii	"VectorB0\000"
 365      6F724230 
 365      00
 366 0009 00       		.ascii	"\000"
 367 000a 00       		.ascii	"\000"
 368 000b 00       		.ascii	"\000"
 369 000c 00000000 		.ascii	"\000\000\000\000\000\000\000\000"
 369      00000000 
 370 0014 C5000000 		.ascii	"\305\000\000\000"
 371 0018 73745F6C 		.ascii	"st_lld_init\000"
 371      6C645F69 
 371      6E697400 
 372 0024 00       		.ascii	"\000"
 373 0025 00       		.ascii	"\000"
 374 0026 00       		.ascii	"\000"
 375 0027 00000000 		.ascii	"\000\000\000\000\000\000\000\000"
 375      00000000 
 376 002f C7000000 		.ascii	"\307\000\000\000"
 377 0033 5F706F72 		.ascii	"_port_irq_epilogue\000"
 377      745F6972 
 377      715F6570 
 377      696C6F67 
 377      756500
 378 0046 00       		.ascii	"\000"
 379 0047 02       		.ascii	"\002"
 380 0048 00       		.ascii	"\000"
 381 0049 00000000 		.ascii	"\000\000\000\000\000\000\000\000"
 381      00000000 
 382 0051 C9000000 		.ascii	"\311\000\000\000"
 383 0055 63685379 		.ascii	"chSysTimerHandlerI\000"
 383      7354696D 
 383      65724861 
 383      6E646C65 
 383      724900
 384 0068 00       		.ascii	"\000"
 385 0069 02       		.ascii	"\002"
 386 006a 00       		.ascii	"\000"
 387 006b 00000000 		.ascii	"\000\000\000\000\000\000\000\000"
 387      00000000 
 388 0073 CB000000 		.ascii	"\313\000\000\000"
 389 0077 6E766963 		.ascii	"nvicEnableVector\000"
 389      456E6162 
 389      6C655665 
 389      63746F72 
 389      00
 390 0088 00       		.ascii	"\000"
 391 0089 02       		.ascii	"\002"
ARM GAS  /var/folders/45/ct_yb_0s4l984dg097s5d1mh0000gp/T//cck7Qrd5.s 			page 30


 392 008a 00       		.ascii	"\000"
 393 008b 00000000 		.ascii	"\000\000\000\000\000\000\000\000"
 393      00000000 
 394 0093 D0000000 		.ascii	"\320\000\000\000"
 395              		.text
 396              		.section	.gnu.lto_.opts,"",%progbits
 397 0000 272D666D 		.ascii	"'-fmath-errno' '-fsigned-zeros' '-ftrapping-math' '"
 397      6174682D 
 397      6572726E 
 397      6F272027 
 397      2D667369 
 398 0033 2D666E6F 		.ascii	"-fno-trapv' '-fno-openmp' '-fno-openacc' '-mcpu=cor"
 398      2D747261 
 398      70762720 
 398      272D666E 
 398      6F2D6F70 
 399 0066 7465782D 		.ascii	"tex-m7' '-mno-thumb-interwork' '-mthumb' '-O2' '-fo"
 399      6D372720 
 399      272D6D6E 
 399      6F2D7468 
 399      756D622D 
 400 0099 6D69742D 		.ascii	"mit-frame-pointer' '-falign-functions=16' '-ffuncti"
 400      6672616D 
 400      652D706F 
 400      696E7465 
 400      72272027 
 401 00cc 6F6E2D73 		.ascii	"on-sections' '-fdata-sections' '-fno-common' '-flto"
 401      65637469 
 401      6F6E7327 
 401      20272D66 
 401      64617461 
 402 00ff 2700     		.ascii	"'\000"
 403              		.text
 404              		.comm	__gnu_lto_v1,1,1
 405              		.comm	__gnu_lto_slim,1,1
 406              		.ident	"GCC: (GNU Tools for Arm Embedded Processors 7-2018-q2-update) 7.3.1 20180622 (release) [AR
ARM GAS  /var/folders/45/ct_yb_0s4l984dg097s5d1mh0000gp/T//cck7Qrd5.s 			page 31


DEFINED SYMBOLS
                            *ABS*:0000000000000000 hal_st_lld.c
                            *COM*:0000000000000001 __gnu_lto_v1
                            *COM*:0000000000000001 __gnu_lto_slim

NO UNDEFINED SYMBOLS
