ARM GAS  /var/folders/45/ct_yb_0s4l984dg097s5d1mh0000gp/T//ccZxQaTQ.s 			page 1


   1              		.cpu cortex-m7
   2              		.eabi_attribute 20, 1
   3              		.eabi_attribute 21, 1
   4              		.eabi_attribute 23, 3
   5              		.eabi_attribute 24, 1
   6              		.eabi_attribute 25, 1
   7              		.eabi_attribute 26, 1
   8              		.eabi_attribute 30, 2
   9              		.eabi_attribute 34, 1
  10              		.eabi_attribute 18, 4
  11              		.file	"hal_lld.c"
  12              		.section	.gnu.lto_.profile.9b709c1f0aa0469e,"",%progbits
  13 0000 789C6363 		.ascii	"x\234cc```\005bF\206F\306d\000\002u\000\362"
  13      60606005 
  13      62468646 
  13      C6640002 
  13      7500F2
  14              		.text
  15              		.section	.gnu.lto_.icf.9b709c1f0aa0469e,"",%progbits
  16 0000 789C6363 		.ascii	"x\234cc``\220b@\000\026\206\177\275\217\02712\256jo"
  16      60609062 
  16      40001686 
  16      7FBD8F17 
  16      3132AE6A 
  17 0015 5ACACE74 		.ascii	"Z\312\316t\270o\372Uf\346-sV\235\342c\000\000\233>\013"
  17      B86FFA55 
  17      66E62D73 
  17      569DE263 
  17      00009B3E 
  18 002a 2D       		.ascii	"-"
  19              		.text
  20              		.section	.gnu.lto_.jmpfuncs.9b709c1f0aa0469e,"",%progbits
  21 0000 789C6363 		.ascii	"x\234cc``\340c@\000f f\004\263\230\200\030\000\002z"
  21      6060E063 
  21      40006620 
  21      6604B398 
  21      80180002 
  22 0015 001B     		.ascii	"\000\033"
  23              		.text
  24              		.section	.gnu.lto_.inline.9b709c1f0aa0469e,"",%progbits
  25 0000 789C6363 		.ascii	"x\234cc``\360c@\000f\006\0061mF\006&\265\015\015\254"
  25      6060F063 
  25      40006606 
  25      06316D46 
  25      0626B50D 
  26 0016 0C6C0BE4 		.ascii	"\014l\013\344\231@\202\214\014r\026@1\203\206\357L\010"
  26      9940828C 
  26      0C721640 
  26      318386EF 
  26      4C08
  27 0028 312E1482 		.ascii	"1.\024\202\211\301t)#PM\312\207\357\302p5\014\000\200"
  27      89C17429 
  27      23504DCA 
  27      87EFC270 
  27      350C0080 
  28 003c 2909AE   		.ascii	")\011\256"
  29              		.text
ARM GAS  /var/folders/45/ct_yb_0s4l984dg097s5d1mh0000gp/T//ccZxQaTQ.s 			page 2


  30              		.section	.gnu.lto_.pureconst.9b709c1f0aa0469e,"",%progbits
  31 0000 789C6363 		.ascii	"x\234cc```\007bf\006)F)&)\000\001\275\000b"
  31      60606007 
  31      62660629 
  31      46292629 
  31      0001BD00 
  32              		.text
  33              		.section	.gnu.lto_hal_lld_backup_domain_init.9b709c1f0aa0469e,"",%progbits
  34 0000 789CA594 		.ascii	"x\234\245\224KL\024A\020\206\253\272{fv\027\221\304"
  34      4B4C1441 
  34      1086ABBA 
  34      7B667617 
  34      91C4
  35 0012 931A0E5E 		.ascii	"\223\032\016^\2710\006|^L\274\350\311\223\336}\036<"
  35      B930067C 
  35      5E4CBCE8 
  35      C993DE7D 
  35      1E3C
  36 0024 9060C403 		.ascii	"\220`\304\0037zey\254\032\365 \254!\253\2561\304G\""
  36      377A6579 
  36      AC1AF520 
  36      AC21ABAE 
  36      31C44722 
  37 0038 C4B83E00 		.ascii	"\304\270>\000\221aW\024\024A\021\016\010!\206 \301G"
  37      91615714 
  37      1441110E 
  37      08218620 
  37      C147
  38 004a 8C899B20 		.ascii	"\214\211\233 \021Y\253\247g\035\302EW;35==\225\372\352"
  38      1159ABA7 
  38      671DC245 
  38      573B3335 
  38      3D3D95FA 
  39 005f AFAE1E13 		.ascii	"\257\256\036\023\000\266\033\000e\364<@7\006\000\331"
  39      00B61B00 
  39      65F43C40 
  39      370600D9 
  40 006f F9218070 		.ascii	"\371!\200p\2001\336_\0162$\372\327\203\\\305Q\350e\201"
  40      8031DE5F 
  40      0E3224FA 
  40      D7835CC5 
  40      51E86581 
  41 0083 869E18CC 		.ascii	"\206\236\030\314J\246\200\034\314\311\002r\260\364\372"
  41      4AA6801C 
  41      CCC90272 
  41      B0F4FA
  42 0092 4E13513D 		.ascii	"N\023Q=e\000\241\206qaX&\3260\"\350q\206_\340\230j\230"
  42      6500A186 
  42      71615826 
  42      D63022E8 
  42      71865FE0 
  43 00a9 ED6025D7 		.ascii	"\355`%\327%\015'6\2719,\353\326\3069@3\327>x\027K\200"
  43      250D2736 
  43      B9392CEB 
  43      D6C63940 
  43      33D73E78 
  44 00c0 DCA6EF2C 		.ascii	"\334\246\357,5\025\232B\257c\022M@\232\264\217\030\216"
ARM GAS  /var/folders/45/ct_yb_0s4l984dg097s5d1mh0000gp/T//ccZxQaTQ.s 			page 3


  44      35159A42 
  44      AF63124D 
  44      409AB48F 
  44      188E
  45 00d2 5CCA3648 		.ascii	"\\\3126H'\323\212\261\335k\020\342\034\2312\\\031\241"
  45      27D38AB1 
  45      DD6B10E2 
  45      1C99325C 
  45      19A1
  46 00e4 8CA18CA9 		.ascii	"\214\241\214\251\214\245L@\231\2402!e\000\032)\342d"
  46      8CA54C40 
  46      99A03221 
  46      65001A29 
  46      E264
  47 00f6 817420CA 		.ascii	"\201t \312\031Mj\035\370\210\251\316\017\013\333\024"
  47      194D6A1D 
  47      F888A9CE 
  47      0F0BDB14 
  48 0106 A58523C1 		.ascii	"\245\205#\301\233\353R\303\326i\036\347\014U.W\177F"
  48      9BEB52C3 
  48      D6691EE7 
  48      0C552E57 
  48      7F46
  49 0118 DA82FA55 		.ascii	"\332\202\372U\276\013KAK7z;e0\201\227\303$cC\234s\274"
  49      BE0B4B41 
  49      4B377A3B 
  49      65308197 
  49      C3246343 
  50 012f 8FC5780F 		.ascii	"\217\305x\017\213A\371w\307\222\015h\337\226\021\214"
  50      8B41F977 
  50      C7920D68 
  50      DF96118C 
  51 013f 73810F30 		.ascii	"s\201\0170\201M\256:|\2106\301j\277\327\243f1\215k\233"
  51      814DAE3A 
  51      7C8836C1 
  51      6ABFD7A3 
  51      66318D6B 
  52 0154 EB898754 		.ascii	"\353\211\207T|D\311\260\203\242PF\243\247\\\247\374"
  52      7C44C9B0 
  52      83A25046 
  52      A3A75CA7 
  52      FC
  53 0165 589D3EAB 		.ascii	"X\235>\253\013m\002hm\213[4\217/\327f\270\332\"\227"
  53      0B6D0268 
  53      6D8B5B34 
  53      8F2FD766 
  53      B8DA2297 
  54 0179 FA6683FA 		.ascii	"\372f\203\372U~mt\265MtMO\231>\317\304n\342=\362x\237"
  54      557E6D74 
  54      B54D744D 
  54      4F993ECF 
  54      C46EE23D 
  55 0190 6606BA57 		.ascii	"f\006\272W+^X}\023\370\330%\252\275\301\036\255n\261"
  55      2B5E587D 
  55      13F8D825 
  55      AABDC11E 
  55      AD6EB1
ARM GAS  /var/folders/45/ct_yb_0s4l984dg097s5d1mh0000gp/T//ccZxQaTQ.s 			page 4


  56 01a3 FEA6A171 		.ascii	"\376\246\241qB\023gZg\022AO\236\211\016\005z\217\221"
  56      4213675A 
  56      6712414F 
  56      9E890E05 
  56      7A8F91
  57 01b6 89F426CF 		.ascii	"\211\364&\317\311\025\254F\224s\230\262\364~d\346\226"
  57      C915AC46 
  57      947398B2 
  57      F47E64E6 
  57      96
  58 01c7 7678F297 		.ascii	"vx\362\227\247\2238\004\177J\250\327O(\20569\334\232"
  58      A7933804 
  58      7F4AA8D7 
  58      4F288536 
  58      39DC9A
  59 01da BFF24D28 		.ascii	"\277\362M(\274@)\005\246uy3s\331\177\004<\361\001}."
  59      BC402905 
  59      A6757933 
  59      73D97F04 
  59      3CF1017D 
  60 01ef E0774505 		.ascii	"\340wE\005\002>u\305D\271X\326Z\027\257YZ\253\361\327"
  60      023E75C5 
  60      44B958D6 
  60      5A17AF59 
  60      5AABF1D7 
  61 0203 D57577F3 		.ascii	"\325uw\363\231O\352_\3219^\260Llp\274H\227v\035\016"
  61      994FEA5F 
  61      D1395EB0 
  61      4C6C70BC 
  61      4897761D 
  62 0218 AC6C9C3C 		.ascii	"\254l\234<P\317}\324\013\3258\246+\302\000:\3159\025"
  62      50CF7DD4 
  62      0BD538A6 
  62      2BC2003A 
  62      CD3915
  63 022b 2D694F85 		.ascii	"-iO\205\225o\217\014\372\301_\346zd\334\353\221\200"
  63      956F8F0C 
  63      FAC15FE6 
  63      7A64DCEB 
  63      9180
  64 023d 8ED7979D 		.ascii	"\216\327\227\235w<!\014\207t\213\274M\017zj\003\344"
  64      773C210C 
  64      87748BBC 
  64      4D0F7A6A 
  64      03E4
  65 024f D1FEB963 		.ascii	"\321\376\271c\241P{\000\016{-\323\310-\240\377\020F"
  65      A1507B00 
  65      0E7B2DD3 
  65      C82DA0FF 
  65      1046
  66 0261 2961BFDE 		.ascii	")a\277\336\003\271z\007\363;=\257\334<\231\312\363u"
  66      03B97A07 
  66      F33B3DAF 
  66      DC3C99CA 
  66      F375
  67 0273 2E4F2F83 		.ascii	".O/\203\220\016\226<\3275\346%\221\375\221\315\026\341"
  67      900E963C 
ARM GAS  /var/folders/45/ct_yb_0s4l984dg097s5d1mh0000gp/T//ccZxQaTQ.s 			page 5


  67      D735E625 
  67      91FD91CD 
  67      16E1
  68 0285 C87F1CD6 		.ascii	"\310\177\034\3267>nT\325<\004_\360d\242\375\254\033"
  68      373E6E54 
  68      D53C045F 
  68      F064A2FD 
  68      AC1B
  69 0297 CA938724 		.ascii	"\312\223\207$\213<6\226\226\332\372\252\254\262\217"
  69      8B3C3696 
  69      96DAFAAA 
  69      ACB28F
  70 02a6 1EACB08F 		.ascii	"\036\254\260\217U\036?Qe\357\335\267\247\274L\333]["
  70      551E3F51 
  70      65EFDDB7 
  70      A7BC4CDB 
  70      5D5B
  71 02b8 ABABD597 		.ascii	"\253\253\325\227\375\025\025GJ\017\303/\332$\300\252"
  71      FD151547 
  71      4A0FC32F 
  71      DA24C0AA 
  72              		.text
  73              		.section	.gnu.lto_hal_lld_init.9b709c1f0aa0469e,"",%progbits
  74 0000 789CA595 		.ascii	"x\234\245\225\317O\023A\024\307\347\355l\267\213iiH"
  74      CF4F1341 
  74      14C7E7ED 
  74      6CB78B69 
  74      6948
  75 0012 4A908889 		.ascii	"J\220\210\211W.\254\301\203\377\201\007\023Oz7\006\017"
  75      572EACC1 
  75      83FF8107 
  75      134F7A37 
  75      060F
  76 0024 1E9A60C4 		.ascii	"\036\232`\304\003\267.\362\253\376J8HML5M\2101\304\030"
  76      03B72EF2 
  76      ABFE4A38 
  76      484D4C35 
  76      4D8831C4 
  77 0039 42FCD922 		.ascii	"B\374\331\"Z\252\374R\004E\374\211\200b\255A\2111A\015"
  77      5AAAFC52 
  77      0445FC89 
  77      8062AD41 
  77      8931410D 
  78 004d 45A1BE37 		.ascii	"E\241\2767\323fj\243\211\013\233\356w\247;/\237\367"
  78      D3666AA3 
  78      890B9BEE 
  78      77A73B2F 
  78      9FF7
  79 005f 9D79333B 		.ascii	"\235y3;\006c\354\207\233\261Z|n\301\0338\003\255c\234"
  79      0663EC87 
  79      9BB15A7C 
  79      6EC11B38 
  79      03AD639C 
  80 0073 B1265303 		.ascii	"\261&S\003\240\206m\002\013j\020\204S\374\014\207d{"
  80      A0866D02 
  80      0B6A1084 
  80      53FC0C87 
ARM GAS  /var/folders/45/ct_yb_0s4l984dg097s5d1mh0000gp/T//ccZxQaTQ.s 			page 6


  80      647B
  81 0085 3AA6555F 		.ascii	":\246U_\262\361J\234\235r\267\331\255\233#\234\2610"
  81      B2F14A9C 
  81      9D72B7D9 
  81      AD9B239C 
  81      B130
  82 0097 DE74C155 		.ascii	"\336t\301U\250f\0306\337\273\326\3515t\371\036\256\201"
  82      A8661836 
  82      DFBBD6E9 
  82      3574F91E 
  82      AE81
  83 00a9 C1001B3D 		.ascii	"\301\000\033=\223\256\204\275\226m\267\023c]\220\331"
  83      93AE84BD 
  83      966DB713 
  83      635D90D9 
  84 00b9 BD155884 		.ascii	"\275\025X\204\203F\302It\022\027\211A\342&1I<$^\022"
  84      8346C249 
  84      74121789 
  84      41E22631 
  84      493C245E 
  85 00ce 1F491989 		.ascii	"\037I\031\211\237\244\234\244\202\244\222\204\261\020"
  85      9FA49CA4 
  85      82A49284 
  85      B110
  86 00dc E643D376 		.ascii	"\346C\323v\202\035\347\032\265\232\023\354\023$\343"
  86      821DE71A 
  86      B59A13EC 
  86      1324E3
  87 00eb 0BCB75E4 		.ascii	"\013\313u\344\342\034\0074\027nMN\270O\362\010\327\200"
  87      E21C0734 
  87      176E4D4E 
  87      B84FF208 
  87      D780
  88 00fd BCB69C1F 		.ascii	"\274\266\234\037L\227\310\277\366\327\220\255\343\253"
  88      4C97C8BF 
  88      F6D790AD 
  88      E3AB
  89 010b E9BEF959 		.ascii	"\351\276\371Y#\012\027\232p\230\333\"\234\303\015\250"
  89      230A179A 
  89      7098DB22 
  89      9CC30DA8 
  90 011b 82EB50C5 		.ascii	"\202\353P\305(\376sj\264\277\324\272b\267@\204\353p"
  90      28FE736A 
  90      B4BFD4BA 
  90      62B74084 
  90      EB70
  91 012d 13A2D029 		.ascii	"\023\242\320)F\017\267\300\302d\315\313m si2]oGjx\023"
  91      460FB7C0 
  91      C264CDCB 
  91      6D207369 
  91      325D6F47 
  92 0144 F101F9D9 		.ascii	"\361\001\371\331\254\017b\010BSS'D\234\263tq\225\256"
  92      AC0F6208 
  92      42535327 
  92      449CB374 
  92      7195AE
  93 0157 0F2CCC21 		.ascii	"\017,\314!\206W\"\023rg\254\333\212\325/\255\377\312"
ARM GAS  /var/folders/45/ct_yb_0s4l984dg097s5d1mh0000gp/T//ccZxQaTQ.s 			page 7


  93      86572213 
  93      7267ACDB 
  93      8AD52FAD 
  93      FFCA
  94 0169 5BD725EC 		.ascii	"[\327%\354\342B\327\367Ri\035}\337\331\200\357\273*"
  94      E242D7F7 
  94      52691D7D 
  94      DFD980EF 
  94      BB2A
  95 017b 57827CEB 		.ascii	"W\202|\353\205\276=\377\315j\242>\035\006\024-)\234"
  95      85BE3DFF 
  95      CD6AA23E 
  95      1D06142D 
  95      299C
  96 018d 27E3DD19 		.ascii	"'\343\335\031.a^g\306\356\011\024\255N\270/Q\337L\347"
  96      2E615E67 
  96      C6EE0914 
  96      AD4EB82F 
  96      51DF4CE7 
  97 01a1 C31B5494 		.ascii	"\303\033T\224!\260\260{f\244\3732\317\315\\\226\212"
  97      21B0B07B 
  97      66A4FB32 
  97      CFCD5C96 
  97      8A
  98 01b2 3E2C272F 		.ascii	">,'/?d\2373\376\210\342\217\256\337\345\003Ey(\\\366"
  98      3F649F33 
  98      FE88E28F 
  98      AEDFE503 
  98      4579285C 
  99 01c7 2CC6325E 		.ascii	",\3062^\351\222\301\330\237\016\313\234\026\345\221"
  99      E992C1D8 
  99      9F0ECB9C 
  99      16E591
 100 01d6 A28FE78B 		.ascii	"\242\217\347\213\262\222+\212\313\231\321\011\201\322"
 100      B2922B8A 
 100      CB99D109 
 100      81D2
 101 01e4 08F5B868 		.ascii	"\010\365\270hS\345`\247W\347\006\012\346\267\024\236"
 101      53E560A7 
 101      57E7060A 
 101      E6B7149E 
 102 01f4 6C60714E 		.ascii	"l`qN\252tOiq\032\205\363\340v\306\232R\254gE\233\312"
 102      AA744F69 
 102      711A85F3 
 102      E076C69A 
 102      52AC6745 
 103 020a 94B0A1F8 		.ascii	"\224\260\241\370\312\222'\367=\300\013\340\371\006\254"
 103      CA9227F7 
 103      3DC00BE0 
 103      F906AC
 104 0219 BF50E95E 		.ascii	"\277P\351^\222u\263\320\272\337i\011_)\332\353|\011"
 104      9275B3D0 
 104      BADF6909 
 104      5F29DAEB 
 104      7C09
 105 022b 7FE64A58 		.ascii	"\177\346JX\356\314\330\264@\211\317\377\233\365\257"
 105      EECCD8B4 
ARM GAS  /var/folders/45/ct_yb_0s4l984dg097s5d1mh0000gp/T//ccZxQaTQ.s 			page 8


 105      4089CFFF 
 105      9BF5AF
 106 023a D8194599 		.ascii	"\330\031E\231\005\253x\023U8\203\315)\330\333\365[z"
 106      05AB7813 
 106      553883CD 
 106      29D8DBF5 
 106      5B7A
 107 024c A728F368 		.ascii	"\247(\363h\251h\327T:\235\362\367\012\227BS\213\320"
 107      A968D754 
 107      3A9DF2F7 
 107      0A974253 
 107      8BD0
 108 025e 1CCDF8C4 		.ascii	"\034\315\370\304\211\211\301\261\330\342\264;\270j\233"
 108      8989C1B1 
 108      D8E2B43B 
 108      B86A9B
 109 026d 11EE0AD3 		.ascii	"\021\356\012\323\326\202\017\020\304\223\316\020q\335"
 109      D6820F10 
 109      C493CE10 
 109      71DD
 110 027b FEBFC761 		.ascii	"\376\277\307a\375 ]\020\027\373G\034&\205\217\271\270"
 110      FD205D10 
 110      17FB471C 
 110      26858FB9 
 110      B8
 111 028c 2F702CBA 		.ascii	"/p,\272\324)\026\2408\310C\230\015\217ODm\257\251\261"
 111      D42916A0 
 111      38C84398 
 111      0D8F4F44 
 111      6DAFA9B1 
 112 02a0 E4AFBEC1 		.ascii	"\344\257\276\301:t `\035\256?r\264\301\332\273o\317"
 112      3A742060 
 112      1DAE3F72 
 112      B4C1DABB 
 112      6FCF
 113 02b2 8E5AA9BB 		.ascii	"\216Z\251\273v66R\317\376@\340`M\035\373\015\236 \230"
 113      76363652 
 113      CFFE40E0 
 113      604D1DFB 
 113      0D9E2098 
 114 02c6 A8       		.ascii	"\250"
 115              		.text
 116              		.section	.gnu.lto_stm32_clock_init.9b709c1f0aa0469e,"",%progbits
 117 0000 789CA557 		.ascii	"x\234\245W[lTU\024=\373\236\231\373\232w)\320\030b\372"
 117      5B6C5455 
 117      143DFB9E 
 117      99FB9A77 
 117      29D01862 
 118 0015 C3478D61 		.ascii	"\303G\215aT>L\364\253?\376\371\245\377F!>B\023\014\030"
 118      543E4CF4 
 118      AB3FFEF9 
 118      A5FF4621 
 118      3E42130C 
 119 002a C21FA774 		.ascii	"\302\037\247t\246\235\002\037\306\360\320f\320\022\225"
 119      A69D021F 
 119      C6F0D066 
 119      D01295
ARM GAS  /var/folders/45/ct_yb_0s4l984dg097s5d1mh0000gp/T//ccZxQaTQ.s 			page 9


 120 0039 C78714D3 		.ascii	"\307\207\024\323\"tj\353\264P\333)\217\012V\224\266"
 120      22746AEB 
 120      B450DB29 
 120      8F0A5694 
 120      B6
 121 004a 3C6C6999 		.ascii	"<li\231\362FG\036\245t<\373\234{{\257\027\015N;i\367"
 121      F246471E 
 121      A5743CFB 
 121      9C7B7BAF 
 121      170D4E3B 
 122 0060 9C7BCEBD 		.ascii	"\234{\316\275k\257\275\316\336\373\236Q\011!kB\204\274"
 122      6BAFBDCE 
 122      DEFB9E51 
 122      09216B42 
 122      84BC
 123 0072 CABFEFF1 		.ascii	"\312\277\357\361\177(#\240||\232\220Z]\001*\007T\211"
 123      7F2823A0 
 123      7C7C9A90 
 123      5A5D012A 
 123      075489
 124 0085 B5F510C2 		.ascii	"\265\365\020\302L\337h\200\260`L\316W\373\300/\327\375"
 124      4CDF6880 
 124      B0604CCE 
 124      57FBC02F 
 124      D7FD
 125 0097 4A54AEAB 		.ascii	"JT\256\253b=*\347\253U\320\344\272\246D\344zP\254G\344"
 125      623D2AE7 
 125      AB55D0E4 
 125      BAA644E4 
 125      7A50AC47 
 126 00ac 7C751074 		.ascii	"|u\020t\374\006]\011\313eC,\207\345t\265\001\246|\334"
 126      FC065D09 
 126      CB65432C 
 126      87E574B5 
 126      01A67CDC 
 127 00c0 5442723D 		.ascii	"TBr= \326Cr\276:\000\200\337L\007\262I\2411\237?\252"
 127      20D64372 
 127      BE3A0080 
 127      DF4C07B2 
 127      49A1319F 
 128 00d6 6A91A01E 		.ascii	"j\221\240\0366\314P\0006\251\224X\037\277=\320\354\201"
 128      36CC5000 
 128      36A99458 
 128      1FBF3DD0 
 128      EC81
 129 00e8 6E0F4C7B 		.ascii	"n\017L{\260\215n\247\320\3230\331\256T\355c\374\223"
 129      B08D6EA7 
 129      D0D330D9 
 129      AE54ED63 
 129      FC93
 130 00fa DDD514A8 		.ascii	"\335\325\024\250g\311\2124G\331i!A+T\021~\333\330\267"
 130      67C98A34 
 130      47D96921 
 130      412B5411 
 130      7EDBD8B7 
 131 010e B33B42AA 		.ascii	"\263;B\252O\316C\033\250\300'\317$\016\245\351V\232"
 131      4FCE431B 
ARM GAS  /var/folders/45/ct_yb_0s4l984dg097s5d1mh0000gp/T//ccZxQaTQ.s 			page 10


 131      A8C027CF 
 131      240EA5E9 
 131      569A
 132 0120 A6003E7E 		.ascii	"\246\000>~y\367T\323x\030/\025\250\344\227-c[{M\272"
 132      79F754D3 
 132      78182F15 
 132      A8E4972D 
 132      635B7B4D 
 133 0135 12F0F1D6 		.ascii	"\022\360\361\326O\016o\241\313\277dl3\313\316\346\226"
 133      4F0E6FA1 
 133      CBBF646C 
 133      33CBCEE6 
 133      96
 134 0146 EDA963FD 		.ascii	"\355\251c\375\314\227\246\024\216\000\345\220\360\035"
 134      CC97A614 
 134      8E00E590 
 134      F01D
 135 0154 2C83C3B0 		.ascii	",\203\303\260L\270t\274\301QX.\234q\227\355\334%_l9"
 135      4CB874BC 
 135      C151582E 
 135      9C7197ED 
 135      DC255F6C 
 136 0169 EBCFB2D9 		.ascii	"\353\317\262\331b\003\313\336z\276\263p\273\3749 i\352"
 136      6203CBDE 
 136      7ABEB370 
 136      BBFC3920 
 136      69EA
 137 017b 53D05034 		.ascii	"S\320P4>4~4*\032\015\215\216\306@c\242\011\240\011\242"
 137      3E347E34 
 137      2A1A0D8D 
 137      8EC64063 
 137      A209A009 
 138 0190 09A109A3 		.ascii	"\011\241\011\243\211\240\211\242\211\241)C\263\010M"
 138      89A089A2 
 138      89A12943 
 138      B3084D
 139 019f 399AC568 		.ascii	"9\232\305h\226\240Y\212\246\002M\025\032BR\\\217\321"
 139      96A0598A 
 139      A6024D15 
 139      1A42525C 
 139      8FD1
 140 01b1 00CB9246 		.ascii	"\000\313\222F\252\360A]\226\\\203\236B~8i\"o\036\312"
 140      AAF0415D 
 140      965C839E 
 140      427E3869 
 140      226F1ECA 
 141 01c5 CE64CFA0 		.ascii	"\316d\317\240\206\242\370\205\020\211\335\275\223\206"
 141      86A2F885 
 141      1089DDBD 
 141      9386
 142 01d3 BC647752 		.ascii	"\274dwR\014e\033\351\030\273\2506\303\347\265|\013\232"
 142      0C651BE9 
 142      18BBA836 
 142      C3E7B57C 
 142      0B9A
 143 01e5 9F495315 		.ascii	"\237IS\025:\270\032\031T\203\257^\277\222\353\014\307"
 143      3AB81A19 
ARM GAS  /var/folders/45/ct_yb_0s4l984dg097s5d1mh0000gp/T//ccZxQaTQ.s 			page 11


 143      5483AF5E 
 143      BF92EB0C 
 143      C7
 144 01f6 BF61895A 		.ascii	"\277a\211ZV\231\246\032|\017\315\260Cl\016tB\234\337"
 144      5699A61A 
 144      7C0FCDB0 
 144      436C0E74 
 144      429CDF
 145 0209 30DCFAC5 		.ascii	"0\334\372\305R\004\324\200\245\030\003\350\342\017\012"
 145      5204D480 
 145      A51803E8 
 145      E20F0A
 146 0218 0EF9A4E6 		.ascii	"\016\371\244\346\345\240\013\016{\036'\016\032\362\222"
 146      E5A00B0E 
 146      7B1E270E 
 146      1AF292
 147 0227 5DAE151C 		.ascii	"]\256\025\034\366wg\230\341\342`@\226s\370\301\342\320"
 147      F6776798 
 147      E1E26040 
 147      9673F8C1 
 147      E2D0
 148 0239 B9ABAD01 		.ascii	"\271\253\255\001\\\034\272\005\007\334\016\350\021\034"
 148      5C1CBA05 
 148      07DC0EE8 
 148      111C
 149 0247 92D33B2E 		.ascii	"\222\323;.E,\022\234\3021I!3ucBE\012M\024<qV\376g\230"
 149      452C129C 
 149      C2314921 
 149      33756342 
 149      450A4D14 
 150 0261 8020C785 		.ascii	"\200 \307\205\003\005\035\364B\234c\325=\250\007\211"
 150      03051DF4 
 150      429C63D5 
 150      3DA80789 
 151 0271 A448B0B6 		.ascii	"\244H\260\266\343}\365:z\364\001\300\217\322\337\320"
 151      E37DF53A 
 151      7AF401C0 
 151      8FD2DFD0 
 152 0281 16B0022E 		.ascii	"\026\260\002.\301U\237\343\252\037\342Mb\324H)\341U"
 152      C1559FE3 
 152      AA1FE24D 
 152      62D44829 
 152      E155
 153 0293 26373333 		.ascii	"&733usB\223\276\351\377\206\266\204\3129\340\0032\216"
 153      75734293 
 153      BEE9FF86 
 153      B684CA39 
 153      E003328E 
 154 02a7 99FA9C5F 		.ascii	"\231\372\234_\202\371$^o\361~6\"\003Q\340\004\307\231"
 154      82F9245E 
 154      6FF17E36 
 154      220351E0 
 154      04C799
 155 02ba 80C4F0B1 		.ascii	"\200\304\360\261\223V\264\2707-7\332\037\206\344\035"
 155      9356B4B8 
 155      372D37DA 
 155      1F86E41D 
ARM GAS  /var/folders/45/ct_yb_0s4l984dg097s5d1mh0000gp/T//ccZxQaTQ.s 			page 12


 156 02ca 044E5A45 		.ascii	"\004NZE\222\2421\302\373\0034\362$\264\323.3\365\350"
 156      92A231C2 
 156      FB0334F2 
 156      24B4D32E 
 156      33F5E8
 157 02dd 6B8BA9BF 		.ascii	"k\213\251\2774\021N\011\236\242\264O\333<-\006\026X"
 157      34114E09 
 157      9EA2B44F 
 157      DB3C2D06 
 157      1658
 158 02ef D7BDE406 		.ascii	"\327\275\344\006\311a\246X,F`p\001\222\377\344x;\203"
 158      C961A658 
 158      2C466070 
 158      0192FFE4 
 158      783B83
 159 0302 92AB4272 		.ascii	"\222\253Br\277[\362\231^+\020\255T\311\317:\340?\333"
 159      BF5BF299 
 159      5E2B10AD 
 159      54C9CF3A 
 159      E03FDB
 160 0315 A19CB724 		.ascii	"\241\234\267$\327%\336\243\374\366\363 \203\011\302"
 160      D725DEA3 
 160      FCF6F320 
 160      8309C2
 161 0324 90947C64 		.ascii	"\220\224|dNr\335\245q\324\322Xui\234\272j\345\264QZ"
 161      4E72DDA5 
 161      71D4D258 
 161      75699CBA 
 161      6AE5B451 
 162 0339 D4BF38B9 		.ascii	"\324\2778\271p\316\243\261)\301Zr\311>\213\327C\200"
 162      70CEA3B1 
 162      29C15A72 
 162      C93E8BD7 
 162      4380
 163 034b 5F17A0F0 		.ascii	"_\027\240\360o\216\257\363\250\260);B\343>\355_\260"
 163      6F8EAFF3 
 163      A8B0293B 
 163      42E33EED 
 163      5FB0
 164 035d 9EDE7386 		.ascii	"\236\336s\206\035MGD\275\3175\024\215\247\344\250\335"
 164      1D4D4744 
 164      BDCF3514 
 164      8DA7E4A8 
 164      DD
 165 036e 70DA1BCC 		.ascii	"p\332\033\314y\301_\020\360>\204\277(\340w\037)\344"
 165      79C15F10 
 165      F03E84BF 
 165      28E0771F 
 165      29E4
 166 0380 FD123E75 		.ascii	"\375\022>u\210\365\023\270d7\224\016[\374@i\202\\v\004"
 166      88F513B8 
 166      6437940E 
 166      5BFC4069 
 166      825C7604 
 167 0394 F9DDD350 		.ascii	"\371\335\323P\202\022\354\314\304\364\240!\305\347p"
 167      8212ECCC 
 167      C4F4A021 
ARM GAS  /var/folders/45/ct_yb_0s4l984dg097s5d1mh0000gp/T//ccZxQaTQ.s 			page 13


 167      C5E770
 168 03a3 3A8C2D40 		.ascii	":\214-@\376q\307\333\025\224?(\022\\s'xW\237\225\340"
 168      FE71C7DB 
 168      15943F28 
 168      125C7327 
 168      78579F95 
 169 03b8 214FF7AD 		.ascii	"!O\367\255|Z\363\235\020\340\370~\207Io\202\207%\336"
 169      7C5AF39D 
 169      10E0F87E 
 169      87496F82 
 169      8725DE
 170 03cb C8C0D121 		.ascii	"\310\300\321!\315\216\005\340\252\267\253\204])\036"
 170      CD8E05E0 
 170      AAB7AB84 
 170      5D291E
 171 03da 11299EE2 		.ascii	"\021)\236\342\034G\003<\323u7\311\013W-\222\221R\253"
 171      1C47033C 
 171      D37537C9 
 171      0B572D92 
 171      9152AB
 172 03ed 30EF2830 		.ascii	"0\357(0\345m|Q\211w\242\270\355\266\177N\360(\\\363"
 172      E56D7C51 
 172      8977A2B8 
 172      EDB67F4E 
 172      F0285CF3 
 173 0401 B28CBA58 		.ascii	"\262\214\272X\206\255B4\\\357\330O\017\314/\233\257"
 173      86AD4234 
 173      5CEFD84F 
 173      0FCC2F9B 
 173      AF
 174 0412 3BD97C43 		.ascii	";\331|C\244[w~H\326\035\177{5O&(\334\344ON\302\346\346"
 174      A45B777E 
 174      48D61D7F 
 174      7B354F26 
 174      28DCE44F 
 175 042a E257CF8A 		.ascii	"\342W\317\212s\007?\206\360\333f\317]\377L\234v(\324"
 175      73073F86 
 175      F0DB66CF 
 175      5DFF4C9C 
 175      7628D4
 176 043d 2A704BE6 		.ascii	"*pK\346\307\316\251\203S&\336\344\245\361\016y\032\217"
 176      C7CEA983 
 176      5326DEE4 
 176      A5F10E79 
 176      1A8F
 177 044f DB820736 		.ascii	"\333\202\0076?\270\003q\033\260\220\317\034\230_\031"
 177      3FB80371 
 177      1BB090CF 
 177      1C985F19 
 178 045f DD157878 		.ascii	"\335\025xx\336\203?8\336\\Y\016\344\2368\007\230\342"
 178      DE833F38 
 178      DE5C590E 
 178      E49E3807 
 178      98E2
 179 0471 1C903FD4 		.ascii	"\034\220?\3247\035\222\227\354\201<\213\234\335\273"
 179      371D9297 
 179      EC813C8B 
ARM GAS  /var/folders/45/ct_yb_0s4l984dg097s5d1mh0000gp/T//ccZxQaTQ.s 			page 14


 179      9CDDBB
 180 0480 BF5B7787 		.ascii	"\277[w\207\020\200\002w\371\247\345\2628>\335\352\316"
 180      10800277 
 180      F9A7E5B2 
 180      383EDDEA 
 180      CE
 181 0491 C5BF844B 		.ascii	"\305\277\204K<Y\302=!\345xc\361\025\251d\235\012\367"
 181      3C59C23D 
 181      21E57863 
 181      F115A964 
 181      9D0AF7
 182 04a4 EDAA3D7D 		.ascii	"\355\252=}\300\312\243Xiu\364\300\331\251\207\236\252"
 182      C0CAA358 
 182      6975F4C0 
 182      D9A9879E 
 182      AA
 183 04b5 2DE360E2 		.ascii	"-\343`\342u9\337\032\235v\260\037a\215\226\211\0325"
 183      7539DF1A 
 183      9D76B01F 
 183      618D9689 
 183      1A35
 184 04c7 DDE93F98 		.ascii	"\335\351?\230\263h/*5\375g\034\360\307\336\032-\347"
 184      B3682F2A 
 184      35FD671C 
 184      F0C7DE1A 
 184      2DE7
 185 04d9 784FBE75 		.ascii	"xO\276u\3129JSGa\300\252\010\035f\347r?d\345~\300\365"
 185      CA394A53 
 185      4761C0AA 
 185      081D66E7 
 185      723F64E5 
 186 04f0 12BAF881 		.ascii	"\022\272\370\201|lqiA\027\005/\003y1\345\237\202.\341"
 186      7C6C7169 
 186      4117052F 
 186      037931E5 
 186      9F822EE1 
 187 0504 60A253CC 		.ascii	"`\242S\314W\320Ze\016{\263\302\005]\"\230\032\022}i"
 187      57D05A65 
 187      0E7BB3C2 
 187      055D2298 
 187      1A127D69 
 188 0518 69587502 		.ascii	"iXu\002\013\177\250@\302\303\263\202\203-\210g\322\301"
 188      0B7FA840 
 188      C2C3B382 
 188      832D8867 
 188      D2C1
 189 052a AE479E15 		.ascii	"\256G\236\025n\236U\245\356t\203\203\226\342Loa\327"
 189      6E9E55A5 
 189      EE748383 
 189      96E24C6F 
 189      61D7
 190 053c D80BF237 		.ascii	"\330\013\3627\213\330=\340\273\306\373\340\013+V\304"
 190      8BD83DE0 
 190      BBC6FBE0 
 190      0B2B56C4 
 191 054c E5DFDAF5 		.ascii	"\345\337\332\365\361\367\337\256\211\177\270v\335G\353"
 191      F1F7DFAE 
ARM GAS  /var/folders/45/ct_yb_0s4l984dg097s5d1mh0000gp/T//ccZxQaTQ.s 			page 15


 191      897FB876 
 191      DD47EB
 192 055b E36FBCF9 		.ascii	"\343o\274\371\372\312\227\244}\355\345\215\033q\345"
 192      FACA97A4 
 192      7DEDE58D 
 192      1B71E5
 193 056a AD9A9AD5 		.ascii	"\255\232\232\325+V\021}\365\2525\253\336}o\335\213\177"
 193      2B56117D 
 193      F5AA35AB 
 193      DE7D6FDD 
 193      8B7F
 194 057c 0321AE87 		.ascii	"\003!\256\207\021"
 194      11
 195              		.text
 196              		.section	.gnu.lto_.symbol_nodes.9b709c1f0aa0469e,"",%progbits
 197 0000 789C6363 		.ascii	"x\234cc``\250\005b\006\2463L\365\014\014\023\31610\000"
 197      6060A805 
 197      6206A633 
 197      4CF50C0C 
 197      13CE3130 
 198 0015 A99D0D07 		.ascii	"\251\235\015\007\033\330\200bg\231\352\031ab\273\032"
 198      1BD88062 
 198      6799EA19 
 198      6162BB1A 
 199 0025 1C8122E7 		.ascii	"\034\201\"\347\230\352\231PDXO314*\001\015`\274\300"
 199      98EA9950 
 199      44584F33 
 199      31342A01 
 199      0D60BCC0 
 200 0039 54CF0C96 		.ascii	"T\317\014\226b`hhp\000\012\234g\252gA\026`fd`X\324\367"
 200      62606868 
 200      70000A9C 
 200      67AA6741 
 200      16606664 
 201 0051 469E9991 		.ascii	"F\236\231\221\225\341\010\230fax\002\244\031\000\005"
 201      95E10898 
 201      66617802 
 201      A4190005 
 202 0061 A52009   		.ascii	"\245 \011"
 203              		.text
 204              		.section	.gnu.lto_.refs.9b709c1f0aa0469e,"",%progbits
 205 0000 789C6363 		.ascii	"x\234cc```\004b\006\000\000D\000\010"
 205      60606004 
 205      62060000 
 205      440008
 206              		.text
 207              		.section	.gnu.lto_.decls.9b709c1f0aa0469e,"",%progbits
 208 0000 789CCD58 		.ascii	"x\234\315X[PTG\032>}z`\030\256\026f\267\254]S\353\032"
 208      5B505447 
 208      1A3E7D7A 
 208      6018AE16 
 208      66B7AC5D 
 209 0017 52F21018 		.ascii	"R\362\020\030g\314F\037\266\262\352x\301\012I\334A\367"
 209      67CC461F 
 209      B6B2EA78 
 209      C10A49DC 
 209      41F7
ARM GAS  /var/folders/45/ct_yb_0s4l984dg097s5d1mh0000gp/T//ccZxQaTQ.s 			page 16


 210 0029 F24408A0 		.ascii	"\362D\010\240N\311\305\300\230\325\332\207=\002\202"
 210      4EC9C5C0 
 210      98D5DA87 
 210      3D0282
 211 0038 8217548C 		.ascii	"\202\027T\214\\D\021\361\012*D\021\221\333\310M@P\004"
 211      5C4411F1 
 211      0A2A4411 
 211      91DBC84D 
 211      405004
 212 004b 4551D001 		.ascii	"EQ\320\001/ \012A\210!*+\373\367\35133=\207\261\326"
 212      2F200A41 
 212      88212A2B 
 212      FBF7E933 
 212      333D87B1 
 213 0060 3C6CD59E 		.ascii	"<l\325\236\342\233\323\177\367\327_\377\335\375\367"
 213      E29BD37F 
 213      F7D75FFF 
 213      DDFDF7
 214 006f 3FCD3873 		.ascii	"?\3158s\034\247\374\025\307\325a\216\013C\0347\001\217"
 214      1CA7FC15 
 214      C7D5618E 
 214      0B431C37 
 214      018F
 215 0081 02EA2E71 		.ascii	"\002\352.q\266\307\011P\006\250\000TIm5\000\240s\255"
 215      B6C70950 
 215      06A80054 
 215      496D3500 
 215      A073AD
 216 0094 9CFDF30F 		.ascii	"\234\375\363\017\250T\302\373+\300,@/\240\007\320\016"
 216      A854C2FB 
 216      2BC02C40 
 216      2FA007D0 
 216      0E
 217 00a5 F813B47D 		.ascii	"\370\023\264}\012\200\241\270;\200\217\240\334)\351"
 217      0A80A1B8 
 217      3B808FA0 
 217      DC29E9
 218 00b4 9471939F 		.ascii	"\224q\223\237\177\312\264,\375\211\326|x_\2047\361\365"
 218      7FCAB42C 
 218      FD89D67C 
 218      785F8437 
 218      F1F5
 219 00c6 B7505603 		.ascii	"\267PV\003~\017\370\035\242u\025\222f\215l.\226\347"
 219      7E0FF81D 
 219      A2751592 
 219      668D6C2E 
 219      96E7
 220 00d8 5FC07397 		.ascii	"_\300s\227\264\275\001\357\001\232\035\214c\361\177"
 220      B4BD01EF 
 220      019A1D8C 
 220      63F17F
 221 00e7 25D84100 		.ascii	"%\330A\0007(\317C\324\177\037xk\000\357K\363\230\016"
 221      3728CF43 
 221      D47F1F78 
 221      6B00EF4B 
 221      F3980E
 222 00fa 6F7FC09F 		.ascii	"o\177\300\237\0013\000\037#:\267*\007\343\247at\361"
ARM GAS  /var/folders/45/ct_yb_0s4l984dg097s5d1mh0000gp/T//ccZxQaTQ.s 			page 17


 222      0133001F 
 222      233AB72A 
 222      07E3A761 
 222      74F1
 223 010c 524595DB 		.ascii	"RE\225\333}\324\215x\240M\021k\021\242\237\360&\020"
 223      7DD48D78 
 223      A04D116B 
 223      11A29FF0 
 223      2610
 224 011e ED09CB83 		.ascii	"\355\011\313\203h=\324\362\364%Q\211a\351\202\2545\274"
 224      683DD4F2 
 224      F4255189 
 224      61E982AC 
 224      35BC
 225 0130 A4C15B74 		.ascii	"\244\301[t\305?I\000\261\252\264\235\016gy\350\256\320"
 225      C53F4900 
 225      B1AAB49D 
 225      0E6779E8 
 225      AED0
 226 0142 02D38F56 		.ascii	"\002\323\217V\361\266\301\230.\223|\345\254\315V\247"
 226      F1B6C198 
 226      2E937CE5 
 226      ACCD56A7 
 227 0152 6C9344D2 		.ascii	"l\223D\322\"\014$\037-\3652\243{\320\3727\216Ku\211"
 227      220C241F 
 227      2DF532A3 
 227      7BD0FA37 
 227      8E4B7589 
 228 0166 42A436FB 		.ascii	"B\2446\373vn%\217y\261\2745qw\222+~_,\217$\217\325("
 228      766E258F 
 228      79B1BC35 
 228      7177922B 
 228      7E5F2C8F 
 229 017e FD0B04FA 		.ascii	"\375\013\004\372\270dc\016\235G\330\262\240u\023c&\257"
 229      B864630E 
 229      9D47D8B2 
 229      A0751363 
 229      26AF
 230 0190 148CBC5D 		.ascii	"\024\214\274]\021\017f\333ps\266\033\230\357\271\242"
 230      110F66DB 
 230      7073B61B 
 230      98EFB9A2 
 231 01a0 2960166C 		.ascii	")`\026l\233Hs\232\366\035\351\230\032/L\341\321W\277"
 231      9B48739A 
 231      F61DE998 
 231      1A2F4CE1 
 231      D157BF
 232 01b3 46A5683A 		.ascii	"F\245h:\272\200\246\203;\027\3214\370\214RP\245\314"
 232      BA80A683 
 232      3B17D134 
 232      F88C5250 
 232      A5CC
 233 01c5 D369FBF0 		.ascii	"\323i\373\360\314\034\301d\026Lc\231\363:j\022\205V"
 233      CC1CC164 
 233      164C6399 
 233      F33A6A12 
 233      8556
ARM GAS  /var/folders/45/ct_yb_0s4l984dg097s5d1mh0000gp/T//ccZxQaTQ.s 			page 18


 234 01d7 E8375FE4 		.ascii	"\3507_\344\241b\204Q\011\362'\263(&\243\243s\310\214"
 234      A1628451 
 234      09F227B3 
 234      2826A3A3 
 234      73C88C
 235 01ea D059741F 		.ascii	"\320Yt\037&Q\206fB\377\214\003;\0131NB\242\323uE\347"
 235      26518666 
 235      42FF8C03 
 235      3B0B314E 
 235      42A2D375 
 236 0200 76798058 		.ascii	"vy\200X\016\210u\034p\317\024Lq\240\305\213R\3456\251"
 236      0E88751C 
 236      70CF144C 
 236      71A0C58B 
 236      52E536A9 
 237 0214 72B95485 		.ascii	"r\271T\205(%\364\227uy\3414*\325\227^\324\355.I\015"
 237      2825F497 
 237      7579E134 
 237      2AD5975E 
 237      D4ED2E49 
 238 0229 7C64A754 		.ascii	"|d\247TiS\252\224+U\211J)O_\355D\370\010U\332T^V\353"
 238      6953AA94 
 238      2B55894A 
 238      294F5FED 
 238      44F80855 
 239 0242 0C4A6641 		.ascii	"\014JfA0\015\236\232q(>\307W\2241\331dL\322\312\242"
 239      300D9E9A 
 239      71283EC7 
 239      579431D9 
 239      644CD2CA 
 240 0257 4B62F7C6 		.ascii	"Kb\367\306\276\352{\030\233i\367\374\270m\017=\244\356"
 240      BEEA7B18 
 240      9B69F7FC 
 240      B86D0F3D 
 240      A4EE
 241 0269 3515BEFB 		.ascii	"5\025\276\373k\022M\313\351\342T\333\004\252-\0025\242"
 241      6B124DCB 
 241      E9E254DB 
 241      04AA2D02 
 241      35A2
 242 027b 4077C389 		.ascii	"@w\303\211|\014\3731\313\025\221\020\361\202\2523\317"
 242      7C0CFB31 
 242      CB159110 
 242      F182AA33 
 242      CF
 243 028c 4A5F7AD0 		.ascii	"J_z\320*\242\332\266s$O\211\263\350\276_O(\334\217\351"
 243      2AA2DAB6 
 243      73244F89 
 243      B3E8BE5F 
 243      4F28DC8F 
 244 02a1 6E2AC07C 		.ascii	"n*\300|\336\222\371\300\223\356\346\2144\314\337\357"
 244      DE92F9C0 
 244      93EEE68C 
 244      34CCDFEF 
 245 02b1 7CDDE589 		.ascii	"|\335\345\211\\}\267\010B\234\220\023/\250\0028\324"
 245      5C7DB708 
 245      429C9013 
ARM GAS  /var/folders/45/ct_yb_0s4l984dg097s5d1mh0000gp/T//ccZxQaTQ.s 			page 19


 245      2FA80238 
 245      D4
 246 02c2 00BB7919 		.ascii	"\000\273y\031v\0235!_\"I\334@uPY\013\225G\311\306\233"
 246      76133521 
 246      5F2249DC 
 246      40755059 
 246      0B9547C9 
 247 02d8 C69A3FCD 		.ascii	"\306\232?\315\030\021\204\031\250\021\271\242z\233\253"
 247      18118419 
 247      A811B9A2 
 247      7A9BAB
 248 02e7 B35CE9C6 		.ascii	"\263\\\351\306\237\310\333\225\353\214\2631\361\200"
 248      9FC8DB95 
 248      EB8CB331 
 248      F180
 249 02f5 2FCB7A54 		.ascii	"/\313zT\307\277m\214\226\267\217\361lf\375f\262-\315"
 249      C7BF6D8C 
 249      96B78FF1 
 249      6C66FD66 
 249      B22DCD
 250 0308 30C615DB 		.ascii	"0\306\025\333\0300$\035$\365@\307\270\002\246B\332\205"
 250      1830241D 
 250      24F540C7 
 250      B802A642 
 250      DA85
 251 031a C2077E50 		.ascii	"\302\007~PU\230\367\350\003\274[!N|\307\361k]\316\037"
 251      5598F7E8 
 251      03BC5B21 
 251      4E7CC7F1 
 251      6B5DCE1F 
 252 032e 1E1672AA 		.ascii	"\036\026r\252I\360\3751\017\202/\025\211\344kT\314\352"
 252      49F0FD31 
 252      0F822F15 
 252      89E46B54 
 252      CCEA
 253 0340 0427D65C 		.ascii	"\004'\326\\%\356\264\242\017I\334\226\375\330\344D\327"
 253      25EEB4A2 
 253      0F49DC96 
 253      FDD8E444 
 253      D7
 254 0351 CC05CC1B 		.ascii	"\314\005\314\033\2457\267\270\341\\*\233\336V\264\330"
 254      A537B7B8 
 254      E15C2A9B 
 254      DE56B4D8 
 255 0361 15A612FF 		.ascii	"\025\246\022\377NS\201\016\203\017\206\263\274\360Q"
 255      4E53810E 
 255      830F86B3 
 255      BCF051
 256 0370 DA7B4B51 		.ascii	"\332{KQQ\272\033\316\247\206\345dy\323\223u\376qc\275"
 256      51BA1BCE 
 256      A786E564 
 256      79D39375 
 256      FE7163BD 
 257 0384 2BDD1A01 		.ascii	"+\335\032\001\221\235k\311IQ\3403\"\3279?\375\226\016"
 257      919D6BC9 
 257      4951E033 
 257      22D7393F 
ARM GAS  /var/folders/45/ct_yb_0s4l984dg097s5d1mh0000gp/T//ccZxQaTQ.s 			page 20


 257      FD960E
 258 0397 F9F8F8F8 		.ascii	"\371\370\370\370\372L\315\025\022\342\005S\337\016<"
 258      FA4CCD15 
 258      12E20553 
 258      DF0E3C
 259 03a6 5892777D 		.ascii	"X\222w}\223\2207\015\265\303\244n\300\024\356\241\251"
 259      9390370D 
 259      B5C3A46E 
 259      C014EEA1 
 259      A9
 260 03b7 3677D464 		.ascii	"6w\324db\015dz\034\355\321[\211!\324\023\260H\277\351"
 260      620D647A 
 260      1CEDD15B 
 260      8921D413 
 260      B048BFE9 
 261 03cb 90AEB1B1 		.ascii	"\220\256\261\261GXv\233\234}\035Y\351t\267:*q\206 L"
 261      4758769B 
 261      9C7D1D59 
 261      E974B73A 
 261      2A718620 
 262 03e0 212C4EDA 		.ascii	"!,N\332)\316\252\365\246\022\2378'\010[\235E\261\333"
 262      29CEAAF5 
 262      A6129F38 
 262      27085B9D 
 262      45B1DB
 263 03f3 8EC5A8AB 		.ascii	"\216\305\250\253\273\304\304\002@\012\016\335\002F\207"
 263      BBC4C402 
 263      400A0EDD 
 263      024687
 264 0402 D848F864 		.ascii	"\330H\370d\313\272`\215\357 \037\324\011\270\013\350"
 264      CBBA608D 
 264      EF201FD4 
 264      09B80BE8 
 265 0412 463E96B4 		.ascii	"F>\226\264\225\371}m\225\022\367\211\313\305\237\216"
 265      95F97D6D 
 265      9512F789 
 265      CBC59F8E 
 266 0422 1B285222 		.ascii	"\033(R\"\337\251\324\271\372*\034\017\212\250\007T\356"
 266      DFA9D4B9 
 266      FA2A1C0F 
 266      8AA80754 
 266      EE
 267 0433 DB2289F8 		.ascii	"\333\"\211\370\372\226\021\341\320\373\276\313\240\303"
 267      FA9611E1 
 267      D0FBBECB 
 267      A0C3
 268 0441 63479EA9 		.ascii	"cG\236\251\334\223\255\221-\016a\213\253^\344.\236\\"
 268      DC93AD91 
 268      2D0E618B 
 268      AB5EE42E 
 268      9E5C
 269 0453 780379B4 		.ascii	"x\003y\264\366\370\250\224XS\311\006\027\264\\\356\222"
 269      F6F8A894 
 269      5853C906 
 269      17B45CEE 
 269      92
 270 0464 8EE61662 		.ascii	"\216\346\026b7\234L\273\251\302\24348r\322\033\342x"
ARM GAS  /var/folders/45/ct_yb_0s4l984dg097s5d1mh0000gp/T//ccZxQaTQ.s 			page 21


 270      379C4CBB 
 270      A9C2A334 
 270      3872D21B 
 270      E278
 271 0476 3C4E0D4B 		.ascii	"<N\015KhxK\241\221w\301<\216p\222\223\330h\252\3376"
 271      68784BA1 
 271      9177C13C 
 271      8E709293 
 271      D868AADF 
 272 048b 88F06E6A 		.ascii	"\210\360njl\351Ij\227\230?\023\273d(\277\304\203\006"
 272      6CE9496A 
 272      97983F13 
 272      BB6428BF 
 272      C48306
 273 049e 9589D813 		.ascii	"\225\211\330\023\325c\267=p:%\357\032\036\331\343L\202"
 273      D563B73D 
 273      703A25EF 
 273      1A1ED9E3 
 273      4C82
 274 04b0 5990BC87 		.ascii	"Y\220\274\207^6\347\007\311A\203\270@\263\3058.)>\374"
 274      5E36E707 
 274      C94183B8 
 274      40B3C538 
 274      2E293EFC 
 275 04c4 838B77AA 		.ascii	"\203\213w\252\264Z\363\025\342Qz\012l\272}C\310\333"
 275      B45AF315 
 275      E2517A0A 
 275      6CBA7D43 
 275      C8DB
 276 04d6 D2471CE7 		.ascii	"\322G\034\347I\347a\025\365c\230\330\373J{\207=q\256"
 276      49E76115 
 276      F56398D8 
 276      FB4A7B87 
 276      3D71AE
 277 04e9 346ECD8B 		.ascii	"4n\315\213Q7|\224\032]\271iG\024\224\331/~i\215\217"
 277      51377C94 
 277      1A5DB969 
 277      471494D9 
 277      2F7E698D 
 278 04fe 2728703E 		.ascii	"'(p>m\214+\353\334%-\231Y<2q{\362\234q1m|=tl\330\031"
 278      6D8C2BEB 
 278      DC252D99 
 278      593C3271 
 278      7BF29C71 
 279 051a 5751A3A4 		.ascii	"WQ\243\244go\2254\340mb\327\214\356\177\356\216\033"
 279      676F9534 
 279      E06D62D7 
 279      8CEE7FEE 
 279      8E1B
 280 052c 69E3E6BC 		.ascii	"i\343\346\274\033\333\224\270\235\032\355\217\017%\270"
 280      1BDB94B8 
 280      9D1AED8F 
 280      0F25B8
 281 053b 53662BB1 		.ascii	"Sf+\261G\357n\257w\307\335\264\261\266\341A\273\013"
 281      47EF6EAF 
 281      77C7DDB4 
 281      B1B6E141 
ARM GAS  /var/folders/45/ct_yb_0s4l984dg097s5d1mh0000gp/T//ccZxQaTQ.s 			page 22


 281      BB0B
 282 054d EEA3464A 		.ascii	"\356\243FJ]q\275\264A\015b\266\357/L\302\370\2714\240"
 282      5D71BDB4 
 282      410D62B6 
 282      EF2F4CC2 
 282      F8B934A0 
 283 0561 B4B2DED2 		.ascii	"\264\262\336\322\312>o\255IV\341\327\264\261e\353\356"
 283      CA3E6FAD 
 283      4956E1D7 
 283      B4B165EB 
 283      EE
 284 0572 BD3C8E77 		.ascii	"\275<\216w\026\215\343\217\367\357\220\006\234G\226"
 284      168DE38F 
 284      F7EF9006 
 284      9C4796
 285 0581 266B38DB 		.ascii	"&k8\333\035\247\320\266\362\303\233O\270\340\275\324"
 285      1DA7D0B6 
 285      F2C39B4F 
 285      B8E0BDD4 
 286 0591 282B29AF 		.ascii	"(+)\257\227\362\316l0\023\256n\357r\307\331\264\355"
 286      97F2CE6C 
 286      3013AE6E 
 286      EF72C7D9 
 286      B4ED
 287 05a3 747F9249 		.ascii	"t\177\222I\211\217P#k\264\373\2114Y_\"\322\362\262\300"
 287      898F5023 
 287      6BB4FB89 
 287      34595F22 
 287      D2F2B2C0 
 288 05b7 139FA26D 		.ascii	"\023\237\242m\226\014\357-fxT~\267X\215Kh\323\241\376"
 288      960CEF2D 
 288      6678547E 
 288      B7588D4B 
 288      68D3A1FE 
 289 05cb D23D5ED8 		.ascii	"\322=^\330D\215\241\204Gf)\373L\003\263\247\273/\331"
 289      448DA184 
 289      476629FB 
 289      4C03B3A7 
 289      BB2FD9
 290 05de 1337D2B6 		.ascii	"\0237\322\266\304\252\275\025*\334N\215Z\363=\204\273"
 290      C4AABD15 
 290      2ADC4E8D 
 290      5AF33D84 
 290      BB
 291 05ef 68F969B2 		.ascii	"h\371i\262\251\223\307\217\250q\242t{\217\023\036\242"
 291      A993C78F 
 291      A871A274 
 291      7B8F131E 
 291      A2
 292 0600 C6839284 		.ascii	"\306\203\222\204\237\024x\204\032\371\343\007ZUx\214"
 292      9F147884 
 292      1AF9E307 
 292      5A55788C 
 293 0610 1AAD17CD 		.ascii	"\032\255\027\315\217<\361\0045\006\252\022\037J\033"
 293      8F3CF104 
 293      3506AA12 
 293      1F4A1B
ARM GAS  /var/folders/45/ct_yb_0s4l984dg097s5d1mh0000gp/T//ccZxQaTQ.s 			page 23


 294 061f 9A269E81 		.ascii	"\232&\236\201\233f3\242\361\231\243\"\355)\007\362\024"
 294      9B6633A2 
 294      F199A322 
 294      ED2907F2 
 294      14
 295 0630 384E49C8 		.ascii	"8NI\310\037\274x\223\032\357E\262\236\3353\325Z\362"
 295      1FBC7893 
 295      1AEF45B2 
 295      9EDD33D5 
 295      5AF2
 296 0642 B514689A 		.ascii	"\265\024h\232\031jb\323\314K8\350'x&\315\214!&\305\301"
 296      196A62D3 
 296      CC4B38E8 
 296      277826CD 
 296      8C2126C5 
 297 0657 81355537 		.ascii	"\2015U7J)\216D\362\016^F\337\316\313\023\350@\003\223"
 297      4A298E44 
 297      F20E5E46 
 297      DFCECB13 
 297      E8400393 
 298 066b 1277C9F9 		.ascii	"\022w\311\371\035H\226A\253\233\031\372#\2717\017\221"
 298      1D489641 
 298      AB9B19FA 
 298      23B9370F 
 298      91
 299 067c 5CBE8D95 		.ascii	"\\\276\215\225O\223\313\333\245s\222\324\232\256\340"
 299      4F93CBDB 
 299      A57392D4 
 299      9AAEE0
 300 068b 4D221D4E 		.ascii	"M\"\035N\036\032\225\344-\347\021\215\310\275ikd\324"
 300      1E1A95E4 
 300      2DE7118D 
 300      C8BD696B 
 300      64D4
 301 069d 53E4EAC9 		.ascii	"S\344\352\311\223&\333\324\304\360\0059\177b\222\367"
 301      9326DBD4 
 301      C4F00539 
 301      7F6292F7 
 302 06ad 4DACFE36 		.ascii	"M\254\3766\307\372\032\233\367mM\214\367o\344\336\377"
 302      C7FA1A9B 
 302      F76D4D8C 
 302      F76FE4DE 
 302      FF
 303 06be 1BC9E8BD 		.ascii	"\033\311\350\275\354d\237\311\351\003\362\3116\261K"
 303      EC649FC9 
 303      E903F2C9 
 303      36B14B
 304 06cd B9D7E152 		.ascii	"\271\327\341R2q\360\212\215\203x9;\216\227\257\374\235"
 304      3271F08A 
 304      8D837839 
 304      3B8E97AF 
 304      FC9D
 305 06df 46C699AD 		.ascii	"F\306\231\255\274\314\231-\274\314\231^\326\231\335"
 305      BCCC992D 
 305      BCCC995E 
 305      D699DD
 306 06ee 72F9EB93 		.ascii	"r\371\353\223V\362\025\313\337\3518,5\223\276+\367\361"
ARM GAS  /var/folders/45/ct_yb_0s4l984dg097s5d1mh0000gp/T//ccZxQaTQ.s 			page 24


 306      56F215CB 
 306      DFE9382C 
 306      3593BE2B 
 306      F7F1
 307 0700 D3D17762 		.ascii	"\323\321wb\033\241\223\257\255\263\274/\312\343}P6\240"
 307      1BA193AF 
 307      ADB3BC2F 
 307      CAE37D50 
 307      36A0
 308 0712 08700C90 		.ascii	"\010p\014\220\0058\0038\016\310\004\034\002\034\004"
 308      05380338 
 308      0EC8041C 
 308      021C04
 309 0721 1C059C07 		.ascii	"\034\005\234\007\234\004\344\003\216\000.\000r\000\271"
 309      9C04E403 
 309      8E002E00 
 309      7200B9
 310 0730 8053808B 		.ascii	"\200S\200\213\200\014@!\340{\3009\300\001@\001\240\014"
 310      800C4021 
 310      E07BC039 
 310      C0014001 
 310      A00C
 311 0742 7018500A 		.ascii	"p\030P\012(\006\224\000\366\003N\363>\314=`\200\215"
 311      28069400 
 311      F6034EF3 
 311      3ECC3D60 
 311      808D
 312 0754 9144F9CC 		.ascii	"\221D\371\3146O\212\301\021\226\237\340xc\330\020\277"
 312      364F8AC1 
 312      11969FE0 
 312      7863D810 
 312      BF
 313 0765 C2D09FCB 		.ascii	"\302\320\237\313\017\334\017\362 \271\303F\370\270\234"
 313      0FDC0FF2 
 313      20B9C346 
 313      F8B89C
 314 0774 FE6A524C 		.ascii	"\376jRL\261\3079]\356\314\0039}\204\335\305T\307\311"
 314      B1C7395D 
 314      EECC0339 
 314      7D84DDC5 
 314      54C7C9
 315 0787 C21A5410 		.ascii	"\302\032T\020\204#ML\020\376\3548w\261ks\207\325\337"
 315      84234D4C 
 315      10FEEC38 
 315      77B16B73 
 315      87D5DF
 316 079a E338AA18 		.ascii	"\3438\252\030w^\261\223\375I.\377\243\374:\367\246\212"
 316      775EB193 
 316      FD492EFF 
 316      A3FC3AF7 
 316      A68A
 317 07ac 5EE78035 		.ascii	"^\347\2005\371:W\177\205\315\263/\034\213\331\355#\273"
 317      F93A577F 
 317      85CDB32F 
 317      1C8BD9ED 
 317      23BB
 318 07be 31FD727E 		.ascii	"1\375r~\337$~/\273\357I\216\343\204\235\033+\377"
ARM GAS  /var/folders/45/ct_yb_0s4l984dg097s5d1mh0000gp/T//ccZxQaTQ.s 			page 25


 318      DF247E2F 
 318      BBEF498E 
 318      E3849D1B 
 318      2BFF
 319 07d0 D871A265 		.ascii	"\330q\242e\3632\273\024\233\034g6\206>\300\252?q\354"
 319      F332BB14 
 319      9B1C6736 
 319      863EC0AA 
 319      3F71EC
 320 07e3 3C7BDA59 		.ascii	"<{\332Y\365\327\216\243\312n\037Y\371a\307AK\371\360"
 320      F5D78EA3 
 320      CA6E1F59 
 320      F961C741 
 320      4BF9F0
 321 07f6 EDF8A2A0 		.ascii	"\355\370\242\240\240\333\015\247\210\337\216\374\331"
 321      A0DB0DA7 
 321      88DF8EFC 
 321      D9
 322 0803 E4AD9B3D 		.ascii	"\344\255\233=\254w\334{\315\364\216[\011\335\313y\353"
 322      AC77DC7B 
 322      CDF48E5B 
 322      09DDCB79 
 322      EB
 323 0814 1D976CE0 		.ascii	"\035\227l\340[2\005\252\200\004\361\377\230,\310\325"
 323      5B3205AA 
 323      8004F1FF 
 323      982CC8D5 
 324 0824 EED6ED36 		.ascii	"\356\326\3556\304\336\253+y\366^]\305\323{5\274\201"
 324      C4DEAB2B 
 324      79F65E5D 
 324      C5D37B35 
 324      BC81
 325 0836 7C70FC75 		.ascii	"|p\374u\206'K&\377@\333\310&\211l\022\311\035\203\331"
 325      86274B26 
 325      FF40DBC8 
 325      26896C12 
 325      C91D83D9 
 326 084a BB9DF03E 		.ascii	"\273\235\360>%\375!$\263\376\251+\316\246F\326\351\223"
 326      25FD2124 
 326      B3FEA92B 
 326      CEA646D6 
 326      E993
 327 085c 0918E750 		.ascii	"\011\030\347P\243\253|S\255'>N\215\236\203q\017\235"
 327      A3AB7C53 
 327      AD273E4E 
 327      8D9E8371 
 327      0F9D
 328 086e F0296A5C 		.ascii	"\360)j\\\250\030\324\322\013\314t\362\353S\367s\223"
 328      A818D4D2 
 328      0BCC74F2 
 328      EB53F773 
 328      93
 329 087f F4EB8899 		.ascii	"\364\353\210\231\334g\016>\3557\273\341\"\221\252\252"
 329      DC670E3E 
 329      ED37BBE1 
 329      2291AAAA 
 330 088f E9BE518C 		.ascii	"\351\276Q\214\220te\361\225n)\035\031\354\351\271\004"
ARM GAS  /var/folders/45/ct_yb_0s4l984dg097s5d1mh0000gp/T//ccZxQaTQ.s 			page 26


 330      907465F1 
 330      956E291D 
 330      19ECE9B9 
 330      04
 331 08a0 5BD5FCF6 		.ascii	"[\325\374\366\314 &\236\014\331\227\231\003>{\032\322"
 331      CC20269E 
 331      0CD99799 
 331      033E7B1A 
 331      D2
 332 08b1 197A8D9C 		.ascii	"\031z\215\234\316$\006\273\240\270\014AQ/\036\254f)"
 332      CE2406BB 
 332      A0B80C41 
 332      512F1EAC 
 332      6629
 333 08c3 225A2122 		.ascii	"\"Z!\"\256\303\256\\\003\\\001\264\000\232\000\215\200"
 333      AEC3AE5C 
 333      035C01B4 
 333      009A008D 
 333      80
 334 08d4 AB7669BD 		.ascii	"\253vi\275\232u\260\332\361\210v!\317\362\033\344\374"
 334      9A75B0DA 
 334      F1887621 
 334      CFF21BE4 
 334      FC
 335 08e5 EDF2E33D 		.ascii	"\355\362\343=\302N\250VNg\356E\322AH\247\251\253\331"
 335      C24EA856 
 335      4E67EE45 
 335      D24148A7 
 335      A9ABD9
 336 08f8 51EA1A4A 		.ascii	"Q\352\032Jg\027\277\316\241\230F:l\211\235\302m7|\201"
 336      6717BFCE 
 336      A198463A 
 336      6C899DC2 
 336      6D377C81 
 337 090c 1EB686C2 		.ascii	"\036\266\206\302\244r\025\232\352\353p\321\320\015X"
 337      A472159A 
 337      EAEB70D1 
 337      D00D58
 338 091b AB5FB26E 		.ascii	"\253_\262n\324\323\307\031\364\310\266C\3176\333\221"
 338      D4D3C719 
 338      F4C8B643 
 338      CF36DB91 
 339 092b 6D168F2C 		.ascii	"m\026\217,8\260\367X^\247\033\033\327\355v\207\340\246"
 339      38B0F758 
 339      5EA71B1B 
 339      D7ED7687 
 339      E0A6
 340 093d 14D7E4FD 		.ascii	"\024\327\344\375\2335!\021\301\021\021a\301_\207\204"
 340      9B352111 
 340      C1111161 
 340      C15F8784 
 341 094d AE5DBF2E 		.ascii	"\256]\277.8,:2\304\020\025l\2102\030\325\376\376\322"
 341      382C3A32 
 341      C410156C 
 341      883218D5 
 341      FEFED2
 342 0960 5F74AC1A 		.ascii	"_t\254\032h\352u\3211\306Xu\320\212\317\347h\351\347"
ARM GAS  /var/folders/45/ct_yb_0s4l984dg097s5d1mh0000gp/T//ccZxQaTQ.s 			page 27


 342      68EA75D1 
 342      31C65875 
 342      D08ACFE7 
 342      68E9E7
 343 0973 92B91B36 		.ascii	"\222\271\0336\250%\001\377P\227\245_\254\234\241\323"
 343      A82501FF 
 343      5097A55F 
 343      AC9CA1D3 
 344 0983 68B8D9BF 		.ascii	"h\270\331\277\260#\347nq\202\014;%\326\0309G\033\034"
 344      B023E76E 
 344      71820C3B 
 344      25D61839 
 344      471B1C
 345 0996 1A111DBA 		.ascii	"\032\021\035\272V\254P\032b\276Y\006o\355\273\311\322"
 345      56AC501A 
 345      62BE5906 
 345      6FEDBBC9 
 345      D2
 346 09a7 EE86D818 		.ascii	"\356\206\330\030\3775\2342,2\344\277v\015\014\\\244"
 346      FF359C32 
 346      2C32E4BF 
 346      760D0C5C 
 346      A4
 347 09b8 5EF4F982 		.ascii	"^\364\371\202o\265RW\350\003]]\203\203\327\033\242\214"
 347      6FB55257 
 347      E8035D5D 
 347      8383D71B 
 347      A28C
 348 09ca 601BBF55 		.ascii	"`\033\277U\257\214\015\217\211UG\031B\243#B\302\014"
 348      AF8C0D8F 
 348      89554719 
 348      42A32342 
 348      C20C
 349 09dc AB63D61B 		.ascii	"\253c\326\033\215PZm\010\211\0113DE\253\243\327\031"
 349      8D505A6D 
 349      08890933 
 349      4445ABA3 
 349      D719
 350 09ee D5AB4343 		.ascii	"\325\253CC\375Bb\"\375\242\242\243\302\375\302C\276"
 350      FD426222 
 350      FDA2A2A3 
 350      C2FDC243 
 350      BE
 351 09ff 36F8CDF5 		.ascii	"6\370\315\365\323\316\326\314\363\373F\353\267~]X\210"
 351      D3CED6CC 
 351      F3FB46EB 
 351      B77E5D58 
 351      88
 352 0a10 315C6DD7 		.ascii	"1\\m\327\2546D\205F\254\017\013WG\206\204\2561D\205"
 352      AC364485 
 352      46AC0F0B 
 352      57478684 
 352      AE314485 
 353 0a24 AB83C3C2 		.ascii	"\253\203\303\302W\205\254\2170\006\0337\256\013\217"
 353      5785AC8F 
 353      30061B37 
 353      AE0B8F
ARM GAS  /var/folders/45/ct_yb_0s4l984dg097s5d1mh0000gp/T//ccZxQaTQ.s 			page 28


 354 0a33 050F5C2C 		.ascii	"\005\017\\,\343\257\375\237\216\037\2731V\035\034k\004"
 354      E3AFFD9F 
 354      8E1FBB31 
 354      561D1C6B 
 354      04
 355 0a44 21230CEA 		.ascii	"!#\014\352\025\2641\326\030\036\251\213\216\011\327"
 355      15B431D6 
 355      181EA98B 
 355      8E09D7
 356 0a53 911DC03A 		.ascii	"\221\035\300:\275V\241\013\322k\240\240!\005\255\335"
 356      BD56A10B 
 356      D26BA0A0 
 356      2105ADDD 
 357 0a63 5A864647 		.ascii	"Z\206FGFFG\251\3037\030a1\345\233\260j\356'P\006Q\267"
 357      464647A9 
 357      C3371861 
 357      31E59BB0 
 357      6AEE2750 
 358 0a7a E57FD507 		.ascii	"\345\177\325\007\257\200i-\012_\345\262H\367\231n\311"
 358      AF80692D 
 358      0A5FE5B2 
 358      48F7996E 
 358      C9
 359 0a8b 52BDC675 		.ascii	"R\275\306uy``\320\202e\244L\212\313\264A\244\350\024"
 359      796060D0 
 359      8265A44C 
 359      8ACBB441 
 359      A4E814
 360 0a9e 14A45BAA 		.ascii	"\024\244[\252W\351\027\007-\326\377e\361\242O0\014\251"
 360      57E91707 
 360      2DD6FF65 
 360      F1A24F30 
 360      0CA9
 361 0ab0 58B84867 		.ascii	"X\270Hg\253\372\203j\301\362\205\332\300\345\213\277"
 361      ABFA836A 
 361      C1F285DA 
 361      C0E58BBF 
 362 0ac0 D0939286 		.ascii	"\320\223\222\206\226,\255\037\253\026\004,\234#\265"
 362      962CAD1F 
 362      AB16042C 
 362      9C23B5
 363 0acf 06587901 		.ascii	"\006Xy\001r\336\034%Q\201\032\362\326\260-Z%Q\020[\002"
 363      72DE1C25 
 363      51811AF2 
 363      D6B02D5A 
 363      2551105B 
 364 0ae4 2446803D 		.ascii	"$F\200=C\343B\372\352\203V\350IAC\012\326\266\331.\244"
 364      43E342FA 
 364      EA8356E8 
 364      4941430A 
 364      D6B6D92E 
 365 0af9 376D0BB0 		.ascii	"7m\013\260\220\002(\011\353\226\351\025d\222J\230/y"
 365      90022809 
 365      EB96E915 
 365      64924A98 
 365      2F79
 366 0b0b F33ABD65 		.ascii	"\363:\275e9\264nz\235\316\262FN_._\241\323\363Az%\024"
ARM GAS  /var/folders/45/ct_yb_0s4l984dg097s5d1mh0000gp/T//ccZxQaTQ.s 			page 29


 366      39B46E7A 
 366      9DCEB246 
 366      4E5F2E5F 
 366      A1D3F341 
 367 0b22 3E5BFC77 		.ascii	">[\374w\275\202|\340\005:\275\263\330\242\361X\022\270"
 367      BD827CE0 
 367      053ABDB3 
 367      D8A2F158 
 367      12B8
 368 0b34 2028C042 		.ascii	" (\300B\377\017\304\015\037\221"
 368      FF0FC40D 
 368      1F91
 369              		.text
 370              		.section	.gnu.lto_.symtab.9b709c1f0aa0469e,"",%progbits
 371 0000 68616C5F 		.ascii	"hal_lld_init\000"
 371      6C6C645F 
 371      696E6974 
 371      00
 372 000d 00       		.ascii	"\000"
 373 000e 00       		.ascii	"\000"
 374 000f 00       		.ascii	"\000"
 375 0010 00000000 		.ascii	"\000\000\000\000\000\000\000\000"
 375      00000000 
 376 0018 BD000000 		.ascii	"\275\000\000\000"
 377 001c 73746D33 		.ascii	"stm32_clock_init\000"
 377      325F636C 
 377      6F636B5F 
 377      696E6974 
 377      00
 378 002d 00       		.ascii	"\000"
 379 002e 00       		.ascii	"\000"
 380 002f 00       		.ascii	"\000"
 381 0030 00000000 		.ascii	"\000\000\000\000\000\000\000\000"
 381      00000000 
 382 0038 BF000000 		.ascii	"\277\000\000\000"
 383 003c 53797374 		.ascii	"SystemCoreClock\000"
 383      656D436F 
 383      7265436C 
 383      6F636B00 
 384 004c 00       		.ascii	"\000"
 385 004d 00       		.ascii	"\000"
 386 004e 00       		.ascii	"\000"
 387 004f 00000000 		.ascii	"\000\000\000\000\000\000\000\000"
 387      00000000 
 388 0057 D0000000 		.ascii	"\320\000\000\000"
 389 005b 69727149 		.ascii	"irqInit\000"
 389      6E697400 
 390 0063 00       		.ascii	"\000"
 391 0064 02       		.ascii	"\002"
 392 0065 00       		.ascii	"\000"
 393 0066 00000000 		.ascii	"\000\000\000\000\000\000\000\000"
 393      00000000 
 394 006e C1000000 		.ascii	"\301\000\000\000"
 395 0072 646D6149 		.ascii	"dmaInit\000"
 395      6E697400 
 396 007a 00       		.ascii	"\000"
 397 007b 02       		.ascii	"\002"
ARM GAS  /var/folders/45/ct_yb_0s4l984dg097s5d1mh0000gp/T//ccZxQaTQ.s 			page 30


 398 007c 00       		.ascii	"\000"
 399 007d 00000000 		.ascii	"\000\000\000\000\000\000\000\000"
 399      00000000 
 400 0085 C3000000 		.ascii	"\303\000\000\000"
 401              		.text
 402              		.section	.gnu.lto_.opts,"",%progbits
 403 0000 272D666D 		.ascii	"'-fmath-errno' '-fsigned-zeros' '-ftrapping-math' '"
 403      6174682D 
 403      6572726E 
 403      6F272027 
 403      2D667369 
 404 0033 2D666E6F 		.ascii	"-fno-trapv' '-fno-openmp' '-fno-openacc' '-mcpu=cor"
 404      2D747261 
 404      70762720 
 404      272D666E 
 404      6F2D6F70 
 405 0066 7465782D 		.ascii	"tex-m7' '-mno-thumb-interwork' '-mthumb' '-O2' '-fo"
 405      6D372720 
 405      272D6D6E 
 405      6F2D7468 
 405      756D622D 
 406 0099 6D69742D 		.ascii	"mit-frame-pointer' '-falign-functions=16' '-ffuncti"
 406      6672616D 
 406      652D706F 
 406      696E7465 
 406      72272027 
 407 00cc 6F6E2D73 		.ascii	"on-sections' '-fdata-sections' '-fno-common' '-flto"
 407      65637469 
 407      6F6E7327 
 407      20272D66 
 407      64617461 
 408 00ff 2700     		.ascii	"'\000"
 409              		.text
 410              		.comm	__gnu_lto_v1,1,1
 411              		.comm	__gnu_lto_slim,1,1
 412              		.ident	"GCC: (GNU Tools for Arm Embedded Processors 7-2018-q2-update) 7.3.1 20180622 (release) [AR
ARM GAS  /var/folders/45/ct_yb_0s4l984dg097s5d1mh0000gp/T//ccZxQaTQ.s 			page 31


DEFINED SYMBOLS
                            *ABS*:0000000000000000 hal_lld.c
                            *COM*:0000000000000001 __gnu_lto_v1
                            *COM*:0000000000000001 __gnu_lto_slim

NO UNDEFINED SYMBOLS
