ARM GAS  /var/folders/45/ct_yb_0s4l984dg097s5d1mh0000gp/T//ccWStokG.s 			page 1


   1              		.cpu cortex-m7
   2              		.eabi_attribute 20, 1
   3              		.eabi_attribute 21, 1
   4              		.eabi_attribute 23, 3
   5              		.eabi_attribute 24, 1
   6              		.eabi_attribute 25, 1
   7              		.eabi_attribute 26, 1
   8              		.eabi_attribute 30, 2
   9              		.eabi_attribute 34, 1
  10              		.eabi_attribute 18, 4
  11              		.file	"Kalman.c"
  12              		.section	.gnu.lto_.profile.d0ebf63287239578,"",%progbits
  13 0000 789C6363 		.ascii	"x\234cc```\003bF\206C\314\207\030\001\005:\001\226"
  13      60606003 
  13      62468643 
  13      CC871801 
  13      053A0196 
  14              		.text
  15              		.section	.gnu.lto_.icf.d0ebf63287239578,"",%progbits
  16 0000 789C6363 		.ascii	"x\234cc``\220d@\000\026\206\203'\216m\345a\\~\260\377"
  16      60609064 
  16      40001686 
  16      83278E6D 
  16      E5615C7E 
  17 0016 0C3B53C7 		.ascii	"\014;S\307\321%O9\230w.\177\233\303\000\000\226\272"
  17      D1254F39 
  17      98772E7F 
  17      9BC30000 
  17      96BA
  18 0028 0B9B     		.ascii	"\013\233"
  19              		.text
  20              		.section	.gnu.lto_.jmpfuncs.d0ebf63287239578,"",%progbits
  21 0000 789CAD54 		.ascii	"x\234\255T;n\3030\014\345#\325\270\233/\320\241\327"
  21      3B6EC330 
  21      0CE523D5 
  21      B89B2FD0 
  21      A1D7
  22 0012 F4542F99 		.ascii	"\364T/\231\262\006\231<\370\016\315\001\204\002\235"
  22      B206993C 
  22      F80ECD01 
  22      84029D
  23 0021 7B05DFA2 		.ascii	"{\005\337\242K\001\207r\342\264\020i\"C\005hy\374<\352"
  23      4B018772 
  23      E2B41069 
  23      22430568 
  23      79FC3CEA 
  24 0035 91D48E88 		.ascii	"\221\324\216\210N\211\356'\021\003\3626\010a\020$\031"
  24      4E89EE27 
  24      1103F236 
  24      08611024 
  24      19
  25 0046 4541E404 		.ascii	"EA\344\004\322;\353i\301G\301i\377\361\325\034d\020"
  25      D23BEB69 
  25      C147C169 
  25      FFF1D51C 
  25      6410
  26 0058 06E11D2F 		.ascii	"\006\341\035/\345J\337X\337\325\350gZ\255\225\201X&"
ARM GAS  /var/folders/45/ct_yb_0s4l984dg097s5d1mh0000gp/T//ccWStokG.s 			page 2


  26      E54ADF58 
  26      DFD5E867 
  26      5AAD9581 
  26      5826
  27 006a 938B9207 		.ascii	"\223\213\222\007J\346\210\264\307\266U\372\024\206\006"
  27      4AE688B4 
  27      C7B655FA 
  27      148606
  28 0079 56EEB088 		.ascii	"V\356\260\210U*B]\321\253\201\260j\312*\230\006\005"
  28      552A425D 
  28      D1AB81B0 
  28      6ACA2A98 
  28      0605
  29 008b 99AD12F9 		.ascii	"\231\255\022\371\371\377T\315O\216\252\021\201\214\273"
  29      F9FF54CD 
  29      4F8EAA11 
  29      818CBB
  30 009a 883D0A7D 		.ascii	"\210=\012}\224\335\202\341\243x\321\276\312\342`2\005"
  30      94DD82E1 
  30      A378D1BE 
  30      CAE26032 
  30      05
  31 00ab AD5F684D 		.ascii	"\255_hM\343tXjL\033\207\322\270\364\233\352\247V((v"
  31      E374586A 
  31      4C1B87D2 
  31      B8F49BEA 
  31      A7562828 
  32 00c0 3BCC196E 		.ascii	";\314\031n3\025\344\210\363G\010g\270\311\233xo\221"
  32      3315E488 
  32      F3470867 
  32      B8C99B78 
  32      6F91
  33 00d2 1C2EAB97 		.ascii	"\034.\253\227\276^W\375s\376\316mYuQ\356\263V^|\270"
  33      BE5E57FD 
  33      73FECE6D 
  33      597551EE 
  33      B3565E7C 
  34 00e7 F8914240 		.ascii	"\370\221B@#\267\317B/kw,\235\203q\307\236\233\221\377"
  34      23B7CF42 
  34      2F6B772C 
  34      9D8371C7 
  34      9E9B91FF 
  35 00fb BA677401 		.ascii	"\272gt\001\247\267H`"
  35      A7B74860 
  36              		.text
  37              		.section	.gnu.lto_.inline.d0ebf63287239578,"",%progbits
  38 0000 789C6363 		.ascii	"x\234cc``\360ad\200\003\026\006\006\343\217\014\254"
  38      6060F061 
  38      64800316 
  38      0606E38F 
  38      0CAC
  39 0012 8C0C0A40 		.ascii	"\214\014\012@A&\203\206\357L\014l\013\344\231@R\314"
  39      41268386 
  39      EF4C0C6C 
  39      0BE49940 
  39      52CC
  40 0024 3C409109 		.ascii	"<@\221\011~\023\374Xx\241\014\220\010#\032\037\225\001"
ARM GAS  /var/folders/45/ct_yb_0s4l984dg097s5d1mh0000gp/T//ccWStokG.s 			page 3


  40      7E13FC58 
  40      78A10C90 
  40      08231A1F 
  40      9501
  41 0036 976264B8 		.ascii	"\227bd\270\311\260\233\221\021jnB\303;V\270\271x\215"
  41      C9B09B91 
  41      116A6E42 
  41      C33B56B8 
  41      B9788D
  42 0049 63C46618 		.ascii	"c\304f\030\321\012\231x\200\236a\304\346\031\260\022"
  42      D10A9978 
  42      809E61C4 
  42      E619B012 
  43 0059 06A81E06 		.ascii	"\006\250\036\006\242-e`f\340Vee\000\031\0013\211\211"
  43      A22D6560 
  43      66E05665 
  43      65001901 
  43      338989
  44 006c 1B55039C 		.ascii	"\033U\003\234\301\000\000\266p6 "
  44      C10000B6 
  44      703620
  45              		.text
  46              		.section	.gnu.lto_.pureconst.d0ebf63287239578,"",%progbits
  47 0000 789C6363 		.ascii	"x\234cc``\340\004b\026\006)F)&)f\011\000\002\302\000"
  47      6060E004 
  47      62160629 
  47      46292629 
  47      66090002 
  48 0016 80       		.ascii	"\200"
  49              		.text
  50              		.section	.gnu.lto_predict.d0ebf63287239578,"",%progbits
  51 0000 789CA594 		.ascii	"x\234\245\224\313O\023Q\024\306\3577w\036\245\005D\023"
  51      CB4F1351 
  51      14C6EF37 
  51      771EA505 
  51      4413
  52 0012 1595050B 		.ascii	"\025\225\005\013\023\302\206\376!\376\025\350\312\210"
  52      13C286FE 
  52      21FE15E8 
  52      CA88
  53 0020 2C30B8ED 		.ascii	",0\270\355\200\220\342c\341\002JBFl\214\006\210\022"
  53      8090E263 
  53      E1024A42 
  53      466C8C06 
  53      8812
  54 0032 7C6BE5E1 		.ascii	"|k\345\341X\024\025)\010\242\242\274\024\023\027\025"
  54      58141529 
  54      08A2A2BC 
  54      14131715 
  55 0042 3526B831 		.ascii	"5&\2701\210\236s\247T(m\032\303$sz\247\367\2349\337"
  55      889E73A7 
  55      54286D1A 
  55      C324737A 
  55      A7F79C39 
  56 0057 F9CD3763 		.ascii	"\371\3157c\012!&L!J\351\367\000\235\220\002\332\371"
  56      0A21264C 
  56      214AE9F7 
ARM GAS  /var/folders/45/ct_yb_0s4l984dg097s5d1mh0000gp/T//ccWStokG.s 			page 4


  56      009D9002 
  56      DAF9
  57 0069 71211A7C 		.ascii	"q!\032|\032\300\013\333\007\021\322\020\3029\331*\021"
  57      1AC00BDB 
  57      0711D210 
  57      C239D92A 
  57      11
  58 007a 0F7F8E69 		.ascii	"\017\177\216i\225]6\035n\373J\251\335\355\302\221BD"
  58      955D361D 
  58      6EFB4AA9 
  58      DDEDC291 
  58      4244
  59 008c E8E403B7 		.ascii	"\350\344\003\267PIY\223M\327\035yV:\022\320\351\362"
  59      50495993 
  59      4DD71D79 
  59      563A12D0 
  59      E9F2
  60 009e 47A2E353 		.ascii	"G\242\343S1_j(\247\313\357s\321\235r7\004-\373Z/^\263"
  60      315F6A28 
  60      A7CBEF73 
  60      D19D7237 
  60      042DFB5A 
  61 00b5 2AAED876 		.ascii	"*\256\330v\243\355\256\\\222\366AGJ\334\205\244\373"
  61      A3EDAE5C 
  61      92F64147 
  61      4ADC85A4 
  61      FB
  62 00c6 E10ECA70 		.ascii	"\341\016\312p\033e\202\376\022\270\207\012J\357N.\256"
  62      1B6582FE 
  62      12B8870A 
  62      4AEF4E2E 
  62      AE
  63 00d7 4AB95795 		.ascii	"J\271W\225\266\217~\351\324\271\224\224\254\016\233"
  63      B68F7EE9 
  63      D4B99494 
  63      AC0E9B
  64 00e6 5CAAE37E 		.ascii	"\\\252\343~f\251.\020C\005\347/\335Xk+2uO*\036\300\024"
  64      66A92E10 
  64      4305E72F 
  64      DD586B2B 
  64      32754F2A 
  65 00fd A045DF94 		.ascii	"\240E\337\224\341\332k\177\302\266;v\031\027\214}\240"
  65      E1DA6B7F 
  65      C2B63B76 
  65      19178C7D 
  65      A0
  66 010e 1A43E320 		.ascii	"\032C\343 9\350\034\014\016&\007\213\203\217C\001\007"
  66      39E81C0C 
  66      0E26078B 
  66      838F4301 
  66      07
  67 011f 3F870087 		.ascii	"?\207\000\207B\260\302\022\250f\242\205Z\020:\333\025"
  67      42B0C212 
  67      A866A285 
  67      5A103ADB 
  67      15
  68 0130 A7A5C6AB 		.ascii	"\247\245\306\253S\256H\242\361Wx\276\313\342\316\035"
ARM GAS  /var/folders/45/ct_yb_0s4l984dg097s5d1mh0000gp/T//ccWStokG.s 			page 5


  68      53AE48A2 
  68      F15778BE 
  68      CBE2CE1D 
  69 0140 122428D2 		.ascii	"\022$(\322\034\237\260\230\212T\363\014\304\023#f\024"
  69      1C9FB098 
  69      8A54F30C 
  69      C4132366 
  69      14
  70 0151 9D0D3450 		.ascii	"\235\0154Pt\211uP^!\372i\014\336\236\016\317,\004\202"
  70      74897550 
  70      5E21FA69 
  70      0CDE9E0E 
  70      CF2C0482 
  71 0165 BD3C6EB9 		.ascii	"\275<n\271#-\014 \2126E\2356\257&\222\013f\3507oFO\222"
  71      232D0C20 
  71      8A36459D 
  71      36AF2692 
  71      0B66E837 
  72 017d 1C0C2248 		.ascii	"\034\014\"HC\016!\344\365\205\327U\313l\263\226\267"
  72      430E21E4 
  72      F585D755 
  72      CB6CB396 
  72      B7
  73 018e CD43D506 		.ascii	"\315C\325\0069\332\270\252\315#j\263\214\346r\257\011"
  73      39DAB8AA 
  73      CD236AB3 
  73      8CE672AF 
  73      09
  74 019f BB24165B 		.ascii	"\273$\026[\236\265(\321\347H_\204\253\021\247\034\032"
  74      9EB528D1 
  74      E7485F84 
  74      AB11A71C 
  74      1A
  75 01b0 9B3438B2 		.ascii	"\23348\262\200E\255\236\211I.\310\224\264?\217\240a"
  75      8045AD9E 
  75      89492EC8 
  75      94B43F8F 
  75      A061
  76 01c2 2548E367 		.ascii	"%H\343g\370\030\301\215\030\215\255\030\353h<\213$\341"
  76      F818C18D 
  76      188DAD18 
  76      EB683C8B 
  76      24E1
  77 01d4 09DF0D23 		.ascii	"\011\337\015#T\353\001\371\332\225B\242g\226\014\345"
  77      54EB01F9 
  77      DA9542A2 
  77      67960CE5 
  78 01e4 45F25429 		.ascii	"E\362T)\220[\221\354a\015\317\024\222\347\033\220\210"
  78      905B91EC 
  78      610DCF14 
  78      92E71B90 
  78      88
  79 01f5 CD40FC11 		.ascii	"\315@\374\021V\217Q\005D\357\220%\216\014x\242~\246"
  79      568F5105 
  79      44EF9025 
  79      8E0C78A2 
  79      7EA6
ARM GAS  /var/folders/45/ct_yb_0s4l984dg097s5d1mh0000gp/T//ccWStokG.s 			page 6


  80 0207 CC61646A 		.ascii	"\314adj\252\315'\351E\032J6IcJR\"\267\244\302\010\217"
  80      AACD27E9 
  80      451A4A36 
  80      49634A52 
  80      22B7A4C2 
  81 021d 837125C9 		.ascii	"\203q%\311 U\216,\362$\365\366\2444myN\371\2553\241"
  81      20558E2C 
  81      F224F5F6 
  81      A4346D79 
  81      4EF9AD33 
  82 0232 44E939AC 		.ascii	"D\3519\254\363R\211\232\334d\035+\253u\246\326\255c"
  82      F352899A 
  82      DC641D2B 
  82      AB75A6D6 
  82      AD63
  83 0244 6ED33AAF 		.ascii	"n\323:\257\224 \203\2553\255\254\223\315+V\312+\257"
  83      942083AD 
  83      33ADAC93 
  83      CD2B56CA 
  83      2BAF
  84 0256 D35E195C 		.ascii	"\323^\031\\g\340\373\377\267\364M\272e6\006o\025\203"
  84      67E0FBFF 
  84      B7F44DBA 
  84      6536066F 
  84      1583
  85 0268 19C5A029 		.ascii	"\031\305\240)\305\240`3\203\342\010\023\304;\217\201"
  85      C5A06033 
  85      83E20813 
  85      C43B8F81 
  86 0278 23776CC0 		.ascii	"#wl\300\345\317\212\353\275J\365\321\235\266\211k\366"
  86      E5CF8AEB 
  86      BD4AF5D1 
  86      9DB6896B 
  86      F6
  87 0289 1FAEB99C 		.ascii	"\037\256\271\234\270\374)\\\363i\\\211\236\324\253\025"
  87      B8FC295C 
  87      F3695C89 
  87      9ED4AB15 
  88 0299 C82CB999 		.ascii	"\310,\271\231\027\327\202ji\346\360\361\242\302\365"
  88      17D7826A 
  88      69E6F0F1 
  88      A2C2F5
  89 02a8 21AF8F3F 		.ascii	"!\257\217?\256\023\010\260\217\277\2411\332\357W\331"
  89      AE1308B0 
  89      8FBFA131 
  89      DAEF57D9 
  90 02b8 7CB41024 		.ascii	"|\264\020$\372\"\323\273\262\253*X\177\242\256\346\350"
  90      FA22D3BB 
  90      B2AB2A58 
  90      7FA2AEE6 
  90      E8
  91 02c9 E1E0A1EA 		.ascii	"\341\340\241\352\232\343\325\265UG\004\216\241\376/"
  91      9AE3D5B5 
  91      5547048E 
  91      A1FE2F
  92 02d8 BD4F3BFD 		.ascii	"\275O;\375"
  93              		.text
ARM GAS  /var/folders/45/ct_yb_0s4l984dg097s5d1mh0000gp/T//ccWStokG.s 			page 7


  94              		.section	.gnu.lto_innovation.d0ebf63287239578,"",%progbits
  95 0000 789CA595 		.ascii	"x\234\245\225[O\023A\024\307\347\354\354nK/\\L\360\312"
  95      5B4F1341 
  95      14C7E7EC 
  95      EC6E4B2F 
  95      5C4CF0CA 
  96 0014 030F1AC2 		.ascii	"\003\017\032\302\013\375 ~\012\364IE\0364\276\370\322"
  96      0BFD207E 
  96      0AF44945 
  96      1E34BEF8 
  96      D2
  97 0025 0521052F 		.ascii	"\005!\005/\011\017P#Y\265\211\030\214\210\250\250X\004"
  97      090F5023 
  97      59B58918 
  97      8C88A8A8 
  97      5804
  98 0037 AD55F102 		.ascii	"\255U\361\002\005AT\004D\004D\344fH\214&F\321sf\267"
  98      05415404 
  98      440444E4 
  98      66488C26 
  98      46D17366 
  99 004c 2D6DB736 		.ascii	"-m\2676\244\233\354\351l\367\374\347\374\3477gZ\225"
  99      A49BECE9 
  99      6CF7FCE7 
  99      FCE73767 
  99      5A95
 100 005e 31B66067 		.ascii	"1\266`gl;~\356\302\0338\003\251a\220\261*\273\004@\003"
 100      6C3B7EEE 
 100      C21B3803 
 100      A96190B1 
 100      2ABB0440 
 101 0073 CD0ECC2B 		.ascii	"\315\016\314+\201\027N\363F\016a\337|P*m\325\360\012"
 101      81174EF3 
 101      460E61DF 
 101      7C502A6D 
 101      D5F00A
 102 0086 9DBDB543 		.ascii	"\235\275\265C\273\022\002\2353\346\307\233.\350\204"
 102      BB12029D 
 102      33E6C79B 
 102      2EE884
 103 0095 52CC1AAE 		.ascii	"R\314\032\256\271\241\363S\\\347\0002>\256E\232gs\351"
 103      B9A1F353 
 103      5CE70032 
 103      3EAE459A 
 103      6773E9
 104 00a8 5182627C 		.ascii	"Q\202b|\3746\031(\340\205\300p\330\321x\361\232\255"
 104      FC361928 
 104      E085C070 
 104      D8D178F1 
 104      9AAD
 105 00ba E4B2A655 		.ascii	"\344\262\246Uk\241\201K\\\333\255s\016w\201\343|p\007"
 105      6BA1814B 
 105      5CDBAD73 
 105      0E7781E3 
 105      7C7007
 106 00cd 8AE03614 		.ascii	"\212\3406\0241\374\212A\027\224`zk\377\264\246\360m"
 106      31FC8A41 
ARM GAS  /var/folders/45/ct_yb_0s4l984dg097s5d1mh0000gp/T//ccWStokG.s 			page 8


 106      1794607A 
 106      6BFFB4A6 
 106      F06D
 107 00df 42DAD0D9 		.ascii	"B\332\320\331X\3572\245s-B*\303\275d\251\314 \010%\224"
 107      58EF32A5 
 107      732D422A 
 107      C3BD64A9 
 107      CC200825 
 108 00f4 3F7373BD 		.ascii	"?ss\275\311\255\312\206U\350\006\225\001\016:F\224\220"
 108      C9ADCA86 
 108      55E80695 
 108      010E3A46 
 108      9490
 109 0106 B6FED7A7 		.ascii	"\266\376\327\247\205\276\267\300\232\262\007H#Q\340"
 109      85BEB7C0 
 109      9AB20748 
 109      2351E0
 110 0115 14640A0A 		.ascii	"\024d\012\012\005\225\202\215\202\235B\016\005\007\005"
 110      0595828D 
 110      829D420E 
 110      050705
 111 0124 27051705 		.ascii	"'\005\027\0057\205\\\012y\024\362)\024\000Y/\004\341"
 111      37855C0A 
 111      7914F229 
 111      1400592F 
 111      04E1
 112 0136 82D5616D 		.ascii	"\202\325amd\252\205X=\227ht\"\304\026\241\372\227\257"
 112      64AA8558 
 112      3D976874 
 112      22C416A1 
 112      FA97AF
 113 0149 7749254B 		.ascii	"wI%K\315\034\320\251\2776<d#\\\\,\264'\034\351S\003"
 113      CD1CD0A9 
 113      BF363C64 
 113      235C5C2C 
 113      B4271CE9 
 114 015f 70A10A99 		.ascii	"p\241\012\231\007\272\311\240\322\314\013\340>\256\217"
 114      07BAC9A0 
 114      D2CC0BE0 
 114      3EAE8F
 115 016e 5E8FFAC6 		.ascii	"^\217\372\306\246\234\236v\332\221b\235\253\320\003"
 115      A69C9E76 
 115      DA91629D 
 115      ABD003
 116 017d 016812DB 		.ascii	"\001h\022\333\201/\333\"\213S\252\367\017\275\014T\022"
 116      812FDB22 
 116      8B53AAF7 
 116      0FBD0C54 
 116      12
 117 018e A05EF0E0 		.ascii	"\240^\360\340\352\037\200\327\250\013FU)\271\314\217"
 117      EA1F80D7 
 117      A80B4655 
 117      29B9CC8F 
 118 019e 8C651E8A 		.ascii	"\214e\036\2122\220\246LH\224y\204e\226\241\266\330("
 118      3290A64C 
 118      48947984 
 118      6596A1B6 
ARM GAS  /var/folders/45/ct_yb_0s4l984dg097s5d1mh0000gp/T//ccWStokG.s 			page 9


 118      D828
 119 01b0 42ED130C 		.ascii	"B\355\023\014.O\3300\321\256s\233\237\324\020\306\034"
 119      2E4FD830 
 119      D1AE739B 
 119      9FD410C6 
 119      1C
 120 01c1 5C367AD0 		.ascii	"\\6z\320\271\235L\375>y\216\223 \331\322\316\014\206"
 120      B99D4CFD 
 120      3E798E93 
 120      20D9D2CE 
 120      0C86
 121 01d3 1E0B4312 		.ascii	"\036\013C\022m\356\023\360l\304(\247b<\210\313#K\360"
 121      6DEE13F0 
 121      6CC428A7 
 121      623C88CB 
 121      234BF0
 122 01e6 9466833E 		.ascii	"\224f\203>\324\032@\"m&\0229Yr=#\222g1\007IH\266\222"
 122      D41A4022 
 122      6D261239 
 122      59723D23 
 122      92673107 
 123 01fe 87E702C9 		.ascii	"\207\347\002\311\213\015HX\"\220\034?i\341\245\000R"
 123      8B0D4858 
 123      22901C3F 
 123      69E1A500 
 123      52
 124 020f 880E74EE 		.ascii	"\210\016t\356\300\334\232\300\317q\323\223\222(p\372"
 124      C0DC9AC0 
 124      CF71D393 
 124      922870FA 
 125 021f F16430E8 		.ascii	"\361d0\3507\004:we\203o \216/\"\360Y\361RL^\2031^gV"
 125      37043A77 
 125      65836F20 
 125      8E2F22F0 
 125      59F1524C 
 126 0239 CCC64D29 		.ascii	"\314\306M)\230\271\205\206DI\236\246\205^\011^\303\011"
 126      98B98586 
 126      44499EA6 
 126      855E095E 
 126      C309
 127 024b 2D64B36C 		.ascii	"-d\263l\241\221h\013\251Y\266\320kaH&\006\243i\031\330"
 127      A191680B 
 127      A959B6D0 
 127      6B614826 
 127      06A36919 
 128 0260 4C066F62 		.ascii	"L\006ob\014\316G\031\3307\177Z\337\306JZ1x'\030\214"
 128      0CCE4719 
 128      D8377F5A 
 128      DFC64A5A 
 128      31782718 
 129 0275 09063526 		.ascii	"\011\0065&\203\234\224&@5\2747\030P\023\304q9,q\215"
 129      839C9426 
 129      4035BC37 
 129      185013C4 
 129      71392C71 
 130 028a 8B543BCE 		.ascii	"\213T;\316\224%\256\2118\256\311\264\270\034&\256\017"
 130      9425AE89 
ARM GAS  /var/folders/45/ct_yb_0s4l984dg097s5d1mh0000gp/T//ccWStokG.s 			page 10


 130      38AEC9B4 
 130      B81C26AE 
 130      0F
 131 029b 315CEDED 		.ascii	"1\\\355\355f;;\223%W3\342\232\022%\2254G\354\243\300"
 131      663B3B93 
 131      255733E2 
 131      9A122595 
 131      3447ECA3 
 132 02b0 35FDDF23 		.ascii	"5\375\337#\206Z\370\024%\340\214\036\261\256\011\323"
 132      865AF814 
 132      25E08C1E 
 132      B1AE09D3 
 133 02c0 93CB92EE 		.ascii	"\223\313\222\356\214\025]\267%\335Y\221J3eIwN,U%\272"
 133      8C155DB7 
 133      25DD5991 
 133      4A336549 
 133      774E2C55 
 134 02d6 9FD3D275 		.ascii	"\237\323\322u\233t\347ctW\242\315\230\273\371f\374\022"
 134      9B74E763 
 134      7457A2CD 
 134      98BBF966 
 134      FC12
 135 02e8 2B69D58C 		.ascii	"+i\325\214\013\202\356\327\204f\314K\301\205jX4\370"
 135      0B82EED7 
 135      8466CC4B 
 135      C1856A58 
 135      34F8
 136 02fa 26E2CAB7 		.ascii	"&\342\312\267\304\265$Rsq\246,q-\307q\255\244\305\225"
 136      C4B52452 
 136      7371A62C 
 136      712DC771 
 136      ADA4C595 
 137 030e 6FE25A25 		.ascii	"o\342Z%\\\253P\035\230u\212.\241\253\016\375\340?2\376"
 137      5CAB501D 
 137      98758A2E 
 137      A1AB0EFD 
 137      E03F32FE 
 138 0322 026E29F3 		.ascii	"\002n)\363\034;z\244\342\300>\317\336\362\212\303\345"
 138      1C3B7AA4 
 138      E2C03ECF 
 138      DEF28AC3 
 138      E5
 139 0333 9565FB19 		.ascii	"\225e\373\031\034\202\343\377\000\032\232\345\246"
 139      1C82E3FF 
 139      001A9AE5 
 139      A6
 140              		.text
 141              		.section	.gnu.lto_update.d0ebf63287239578,"",%progbits
 142 0000 789CA555 		.ascii	"x\234\245UKO\023Q\024\276g\316\314\364\001\224h|\240"
 142      4B4F1351 
 142      14BE67CE 
 142      CCF40194 
 142      687CA0
 143 0013 B2E84242 		.ascii	"\262\350BB\330\320-\177\301\270\361/\240+\025Yh\334"
 143      D8D02D7F 
 143      C1B8F12F 
 143      A02B1559 
ARM GAS  /var/folders/45/ct_yb_0s4l984dg097s5d1mh0000gp/T//ccWStokG.s 			page 11


 143      68DC
 144 0025 B8E950A9 		.ascii	"\270\351P\251Ee\001\006j \023m0F\023%\210\017\260\002"
 144      45650106 
 144      6A20136D 
 144      30461325 
 144      880FB002 
 145 0039 3A540141 		.ascii	":T\001A\013\362PA\260\022M\210\301\2521&\220\200\202"
 145      0BF25041 
 145      B0124D88 
 145      C1AA3126 
 145      908082
 146 004c E7DCA984 		.ascii	"\347\334\251\204\026\2611\336d\316\314\355\234\373="
 146      16B131DE 
 146      64CECCED 
 146      9CFB3D
 147 005b CE3D77AA 		.ascii	"\316=w\252\013!\016\350B\024\320}\017]\200\002\224\272"
 147      0B210EE8 
 147      4214D07D 
 147      0F5D8002 
 147      94BA
 148 006d 6121AA9C 		.ascii	"a!\252\234\012\000?\030N\020~\005\374P\213\015\010\261"
 148      0A003F18 
 148      4E107E05 
 148      FC508B0D 
 148      08B1
 149 007f D05C5429 		.ascii	"\320\\T)\271f\320\260..\3542\256[`\242\020a\272x\300"
 149      B966D0B0 
 149      2E2EEC32 
 149      AE5B60A2 
 149      1061BA78 
 150 0094 1D28A1AC 		.ascii	"\035(\241\254\321\352[&\236G\023\001T\232~\2137\177"
 150      D1EA5B26 
 150      9E471301 
 150      549A7E8B 
 150      377F
 151 00a6 F0F05401 		.ascii	"\360\360T\001/M\277\316D\266\340v\020\364\330\326p\371"
 151      2F4DBFCE 
 151      44B6E076 
 151      10F4D8D6 
 151      70F9
 152 00b8 A6A3F8AA 		.ascii	"\246\243\370\252a\004\014+\331\202\306^\023\021:\000"
 152      61040C2B 
 152      D982C65E 
 152      13113A00 
 153 00c8 090FEE41 		.ascii	"\011\017\356A!\334\205BA?\011\350\204b\316_\376\330"
 153      21DC8542 
 153      413F09E8 
 153      8462CE5F 
 153      FED8
 154 00da 30053670 		.ascii	"0\0056p.M\003]S\365\3716\360,\277\016\006\315\245\\"
 154      2E4D035D 
 154      53F5F936 
 154      F02CBF0E 
 154      06CDA55C 
 155 00ee DC29A1EB 		.ascii	"\334)\241\353\317\014\365\352EW\014\213\224\316\015"
 155      CF0CF5EA 
 155      45570C8B 
ARM GAS  /var/folders/45/ct_yb_0s4l984dg097s5d1mh0000gp/T//ccWStokG.s 			page 12


 155      94CE0D
 156 00fd 60956155 		.ascii	"`\225aU{MT\341\201\215\036%\364\373\204\316\203\262"
 156      7B4D54E1 
 156      818D1E25 
 156      F4FB84CE 
 156      83B2
 157 010f DFB7AF34 		.ascii	"\337\267\2574\346\351*tA\221m\006\272A\027@w\376\251"
 157      E6E92A74 
 157      41916D06 
 157      BA411740 
 157      77FEA9
 158 0122 6D4CB38C 		.ascii	"mL\263\214\225\325\220a%\026\241\245\263\026\012\200"
 158      95D59061 
 158      2516A1A5 
 158      B3160A80 
 159 0132 64690A07 		.ascii	"di\012\007\344\240r\3208\350\034\034\034\234\034\\\034"
 159      E4A072D0 
 159      38E81C1C 
 159      1C9C1C5C 
 159      1C
 160 0143 DC1C3C20 		.ascii	"\334\034< M\210\032B\247\272\032\2268\213\012?\235\266"
 160      4D881A42 
 160      A7BA1A96 
 160      388B0A3F 
 160      9DB6
 161 0155 4412AA23 		.ascii	"D\022\252#\337\227\2019\233\021HN4\232\234v\370\177"
 161      DF978139 
 161      9B11484E 
 161      349A9C76 
 161      F87F
 162 0167 1A4E13F5 		.ascii	"\032N\023\3650\262\214\036\360\263\316\276\325EK:v\200"
 162      30B28C1E 
 162      F0B3CEBE 
 162      D5454B3A 
 162      7680
 163 0179 020FA1D0 		.ascii	"\002\017\241\320D\247\230\207\300\217s\203\310\253Y"
 163      44A79887 
 163      C08F7383 
 163      C8AB59
 164 0188 2C658583 		.ascii	",e\205\203\261\021\007gi\262\024\335\261x\277\036\201"
 164      B1110767 
 164      69B214DD 
 164      B178BF1E 
 164      81
 165 0199 4B55B46B 		.ascii	"KU\264k\221S$F%\026x\304\356\301\202\0100\302R\350s"
 165      91532446 
 165      251678C4 
 165      EEC18208 
 165      30C252E8 
 166 01ae 5B4A80B2 		.ascii	"[J\200\262\036\0017\"T\022\202\253\031=\320\313\010"
 166      1E013722 
 166      541282AB 
 166      193DD0CB 
 166      08
 167 01bf F4762234 		.ascii	"\364v\"4\231\310\361\265rS\310\022\307\010\263\021S"
 167      99C8F1B5 
 167      7253C812 
ARM GAS  /var/folders/45/ct_yb_0s4l984dg097s5d1mh0000gp/T//ccWStokG.s 			page 13


 167      C708B311 
 167      53
 168 01d0 95BD119F 		.ascii	"\225\275\021\237O\350d\205W\356`E\217\301G\274O\310"
 168      4FE86485 
 168      57EE6045 
 168      8FC147BC 
 168      4FC8
 169 01e2 8FA44D91 		.ascii	"\217\244M\221b&\313\002d\243\351\2234\260\011M\277\244"
 169      6226CB02 
 169      64A3E993 
 169      34B0094D 
 169      BFA4
 170 01f4 19C8A051 		.ascii	"\031\310\240Q3in+\331h\236J\032e\023\232AI3D4I\010z"
 170      33696E2B 
 170      D9689E4A 
 170      1A65139A 
 170      41493344 
 171 020c 6D122D7D 		.ascii	"m\022-}\007\335a^\015\317(\207|\222\006\023s\326\262"
 171      07DD615E 
 171      0DCF2887 
 171      7C920613 
 171      73D6B2
 172 021f 457A6E6E 		.ascii	"Eznn\230\272]\300s\231\253\020\224\211y\262=V\247S\016"
 172      98BA5DC0 
 172      7399AB10 
 172      948979B2 
 172      3D56A753 
 173 0234 F4F4059E 		.ascii	"\364\364\005\2360\252\264 n/01\337n\207&\331\016\231"
 173      30AAB420 
 173      6E2F3031 
 173      DF6E8726 
 173      D90E99
 174 0247 667767B1 		.ascii	"fwg\261:,\255\312\366\037\001_\346\352#v\347\350\251"
 174      3A2CADCA 
 174      F61F015F 
 174      E6EA2376 
 174      E7E8A9
 175 025a CE79B1D6 		.ascii	"\316y\261\3269\255\355\333lm\216\177\257\356\250\244"
 175      39ADEDDB 
 175      6C6D8E7F 
 175      AFEEA8A4 
 176 026a 5437A9EE 		.ascii	"T7\251\356\230\254\356xZu\235\177\254\356\304\357\352"
 176      98ACEE78 
 176      5A759D7F 
 176      ACEEC4EF 
 176      EA
 177 027b 3AFE5E5D 		.ascii	":\376^]\215r_\332g\251\251n\374S\216\315\346e2:;\366"
 177      8D725FDA 
 177      67A9A96E 
 177      FC538ECD 
 177      E665323A 
 178 0291 A97F057E 		.ascii	"\251\177\005~\242\341\312K{=\355\0256\263+\323\336|"
 178      A2E1CA4B 
 178      7B3DED15 
 178      36B32BD3 
 178      DE7C
 179 02a3 D61E7D2D 		.ascii	"\326\036}-\355i\033\355U2\343\244\2647\225f\317\375"
ARM GAS  /var/folders/45/ct_yb_0s4l984dg097s5d1mh0000gp/T//ccWStokG.s 			page 14


 179      ED691BED 
 179      5532E3A4 
 179      B4379566 
 179      CFFD
 180 02b5 477B6FB2 		.ascii	"G{o\262H\236f\311.\266\376\037\333?#\305\352\274\375"
 180      489E66C9 
 180      2EB6FE1F 
 180      DB3F23C5 
 180      EABCFD
 181 02c8 6F37DD7E 		.ascii	"o7\335~wj\373\023\366\366\307f`\335\207\247i\326\272"
 181      776AFB13 
 181      F6F6C766 
 181      60DD87A7 
 181      69D6BA
 182 02db A0957518 		.ascii	"\240\225u\0305\364\257\240\012x\007e\342\013\004\"\364"
 182      35F4AFA0 
 182      0A780765 
 182      E20B0422 
 182      F4
 183 02ec C5943279 		.ascii	"\305\2242y\324\320\211\245\257\036\231\332Z\352;y\342"
 183      D4D089A5 
 183      AF1E99DA 
 183      5AEA3B79 
 183      E2
 184 02fd 78C5E183 		.ascii	"x\305\341\203\276\375\345\025\307\312+K\017\0118\012"
 184      BEFDE515 
 184      C7CA2B4B 
 184      0F09380A 
 185 030d FB7E01D8 		.ascii	"\373~\001\330\023\022\247"
 185      1312A7
 186              		.text
 187              		.section	.gnu.lto_Kalman_Filter.d0ebf63287239578,"",%progbits
 188 0000 789C6D90 		.ascii	"x\234m\220\313/CQ\020\306\347\273\323{[\217JH\004\321"
 188      CB2F4351 
 188      10C6E7BB 
 188      D37B5B8F 
 188      4A4804D1 
 189 0014 8585A4B1 		.ascii	"\205\205\244\261\341\277`a#\361\027\224\225(\013b\335"
 189      E1BF6061 
 189      23F11794 
 189      95280B62 
 189      DD
 190 0025 E3FDEAC2 		.ascii	"\343\375\352\302\242*in\242I\203\015QQ\217\353y\211"
 190      A22A696E 
 190      A249830D 
 190      51518FEB 
 190      7989
 191 0037 D891B065 		.ascii	"\330\221\260e!\010\221\024\021[\2579\027\0331\311\311"
 191      21089114 
 191      115BAF39 
 191      171B31C9 
 191      C9
 192 0048 9939F97D 		.ascii	"\2319\371}\337\314\031\213\210\036@\024\222\273Z\016"
 192      DFCC198B 
 192      881E4014 
 192      92BB5A0E 
 193 0058 98604C9D 		.ascii	"\230`L\235\022\365\007\014@'*\000\212\031\210!\316\011"
ARM GAS  /var/folders/45/ct_yb_0s4l984dg097s5d1mh0000gp/T//ccWStokG.s 			page 15


 193      12F5070C 
 193      40272A00 
 193      8A198821 
 193      CE09
 194 006a C6E1E89D 		.ascii	"\306\341\350\235c\324-(\011w&k\215\250\341J\233\211"
 194      63D42D28 
 194      0977266B 
 194      8DA8E14A 
 194      9B89
 195 007c 92727460 		.ascii	"\222rt`\025uB\235\015em\236d\233\001\237\224/'\251\233"
 195      1575429D 
 195      0D656D9E 
 195      649B019F 
 195      942F27A9 
 196 0091 125D1AA8 		.ascii	"\022]\032\250\221\362\3712]\312\345 I\227\023\263\213"
 196      91F2F932 
 196      5DCAE520 
 196      499713B3 
 196      8B
 197 00a2 FEF09C52 		.ascii	"\376\360\234R\003\312\275\315\260\252\265\231\261\016"
 197      03CABDCD 
 197      B0AAB599 
 197      B10E
 198 00b0 163FAC21 		.ascii	"\026?\254!\204\034B$O\204\015\204\005\277\212\257/\005"
 198      841C4224 
 198      4F840D84 
 198      05BF8AAF 
 198      2F05
 199 00c2 B9C293EE 		.ascii	"\271\302\223\356m\037\034\027k\251L\222?\262\264\324"
 199      6D1F1C17 
 199      6BA94C92 
 199      3FB2B4D4 
 200 00d2 87CDBF52 		.ascii	"\207\315\277R\037\301\361\244\327o\207\231 Wy\322\211"
 200      1FC1F1A4 
 200      D76F8799 
 200      205779D2 
 200      89
 201 00e3 5C226BFD 		.ascii	"\\\"k\375t=\232\367\272\232\330\372+5\011\333\010k\376"
 201      743D9AF7 
 201      BA9AD8FA 
 201      2B3509DB 
 201      086BFE
 202 00f6 7AE5633A 		.ascii	"z\345c:h\371\276\177\211\035X$\033\243\345s\323U\037"
 202      68F9BE7F 
 202      891D5824 
 202      1BA3E573 
 202      D3551F
 203 0109 9FA332F9 		.ascii	"\237\2432\371<\234F\275/\231R\276,\015MxZ\032\023\205"
 203      3C9C46BD 
 203      2F9952BE 
 203      2C0D4D78 
 203      5A1A1385 
 204 011d 2C51B934 		.ascii	",Q\2714\316\206\316\006]\312c8}\0377=\0371w\234\374"
 204      CE86CE06 
 204      5DCA6338 
 204      7D1F373D 
 204      1F31779C 
ARM GAS  /var/folders/45/ct_yb_0s4l984dg097s5d1mh0000gp/T//ccWStokG.s 			page 16


 205 0132 853FF6AE 		.ascii	"\205?\366\256\0026[I\026c\354\"F)6R,\033\363{\370C\361"
 205      02365B49 
 205      1663EC22 
 205      46293652 
 205      2C1BF37B 
 206 0149 3F742029 		.ascii	"?t )\226\204\275_\332\264\271@\350\241\364\343\177t"
 206      9684BD5F 
 206      DAB4B940 
 206      E8A1F4E3 
 206      7F74
 207 015b 6152D648 		.ascii	"aR\326H\330\377\246m.\242'\014\244_\343\360X\035c\322"
 207      D8FFA66D 
 207      2EA2270C 
 207      A45FE3F0 
 207      581D63D2 
 208 016f 5C2614CF 		.ascii	"\\&\024\317\262\372\206\276\336\236hG[Cs$\332\025\351"
 208      B2FA86BE 
 208      DE9E6847 
 208      5B437324 
 208      DA15E9
 209 0182 AE6F2774 		.ascii	"\256o't\"\302M-\255_\342@\241%"
 209      22C24D2D 
 209      AD5FE240 
 209      A125
 210              		.text
 211              		.section	.gnu.lto_.symbol_nodes.d0ebf63287239578,"",%progbits
 212 0000 789C558E 		.ascii	"x\234U\216K\012\302@\020\005_\317/\311D\275\202W\321"
 212      4B0AC240 
 212      10055FCF 
 212      2FC944BD 
 212      8257D1
 213 0013 937516C1 		.ascii	"\223u\026\301\200n<\203\004\017\341R\262\366\014*Yz"
 213      806E3C83 
 213      040FE152 
 213      B2F60C2A 
 213      597A
 214 0025 06717E01 		.ascii	"\006q~\001{3E=\250f\034\200+\205Gi\006\316\017 \340"
 214      7B33453D 
 214      A8661C80 
 214      2B854769 
 214      06CE0F20 
 215 003a D6EDC360 		.ascii	"\326\355\303`\230\344`Y\311\301\261\026\0035l\322\000"
 215      98E46059 
 215      C9C1B116 
 215      03356CD2 
 215      00
 216 004b 74DD2E78 		.ascii	"t\335.x\305V\270g'\274\346J\370\232k\341+n\204\267\354"
 216      C556B867 
 216      27BCE64A 
 216      F89A6BE1 
 216      2B6E84B7 
 217 0060 856FB8FD 		.ascii	"\205o\270\375w\015\213\371\371%\215\012\323+\322\240"
 217      770D8BF9 
 217      F9258D0A 
 217      D32BD2A0 
 218 0070 3F7CB671 		.ascii	"?|\266q\237\022\035\306\241x\242\301x\014\244\322\221"
 218      9F121DC6 
ARM GAS  /var/folders/45/ct_yb_0s4l984dg097s5d1mh0000gp/T//ccWStokG.s 			page 17


 218      A178A2C1 
 218      780CA4D2 
 218      91
 219 0081 CF1D3598 		.ascii	"\317\0355\230\023KG\245\243\322\321\3229LK\237Xc:\025"
 219      134B47A5 
 219      A3D2D1D2 
 219      394C4B9F 
 219      58633A15 
 220 0095 8F542DC6 		.ascii	"\217T-\306xW\331|W\231|W5\371_a\237\023=\372!{\272\257"
 220      7857D97C 
 220      57997C57 
 220      35F95F61 
 220      9F133DFA 
 221 00ad 814BEC34 		.ascii	"\201K\3544\341\236\250\360\016\304\017\230\270o\001"
 221      E19EA8F0 
 221      0EC40F98 
 221      B86F01
 222              		.text
 223              		.section	.gnu.lto_.refs.d0ebf63287239578,"",%progbits
 224 0000 789C6363 		.ascii	"x\234cc```\004b\006\000\000D\000\010"
 224      60606004 
 224      62060000 
 224      440008
 225              		.text
 226              		.section	.gnu.lto_.decls.d0ebf63287239578,"",%progbits
 227 0000 789CAD97 		.ascii	"x\234\255\227\373S\024\331\025\307\373\364\235\201\231"
 227      FB5314D9 
 227      15C7FBF4 
 227      9D8199
 228 000f 6178F888 		.ascii	"ax\370\210\245\233\255d\037l\025\033\015\256\225\177"
 228      A59BAD64 
 228      1F6C151B 
 228      0DAE957F 
 229 001f 208FAA64 		.ascii	" \217\252d\253,\267\\\363\250-\177\210\216@\312\251"
 229      AB2CB75C 
 229      F3A82D7F 
 229      888E40CA 
 229      A9
 230 0030 85C1C0B0 		.ascii	"\205\301\300\260\321\337\006\004Q\300\225A\304\005Q"
 230      D1DF0604 
 230      51C09541 
 230      C40551
 231 003f 594410E5 		.ascii	"YD\020\345\025\026q\025\211 \002\212\212\212\212+\272"
 231      15167115 
 231      8920028A 
 231      8A8A8A2B 
 231      BA
 232 0050 32BC44F0 		.ascii	"2\274D\360\001\370\000W\024r\356\243\273g\032\260\362"
 232      01F80057 
 232      1472EEA3 
 232      BB671AB0 
 232      F2
 233 0061 43BA38D3 		.ascii	"C\2728\323}\357\375\236s?}\356\351\333\215\237$I\017"
 233      7DEFFD9E 
 233      733F7DEE 
 233      E9DB8D9F 
 233      24490F
ARM GAS  /var/folders/45/ct_yb_0s4l984dg097s5d1mh0000gp/T//ccWStokG.s 			page 18


 234 0074 8225691E 		.ascii	"\202%i\036H\222S\226\244i<\214\330\327\210f@{\206\266"
 234      48925396 
 234      A4693C8C 
 234      D8D78866 
 234      407B86B6 
 235 0088 0AED39DA 		.ascii	"\012\3559\332Z\211\037V\2647h2\372\370\241Y\201\373"
 235      5A891F56 
 235      B4376832 
 235      FAF8A159 
 235      81FB
 236 009a 2F427B07 		.ascii	"/B{\007\355\227h\357\243}\210\366\021\332\307 \3158"
 236      ED9768EF 
 236      A37D88F6 
 236      11DAC720 
 236      CD38
 237 00ac 26B12F04 		.ascii	"&\261/\004\317\353\321\346\243-\324\3155\206\326\212"
 237      CFEBD1E6 
 237      A32DD4CD 
 237      3586D68A 
 238 00bc F62BD4FD 		.ascii	"\366+\324\375\014m)\332/\320\226Q?\264_\243-A\363G\315"
 238      0C6D29DA 
 238      2FD09651 
 238      3FB45FA3 
 238      2D41F347 
 239 00d1 30DA23B4 		.ascii	"0\332#\264^\264\021\264>\264Az_hF\301\272Hp\315\023"
 239      5EB411B4 
 239      3EB4417A 
 239      5F6846C1 
 239      BA4870CD 
 240 00e6 8CFAC388 		.ascii	"\214\372\303\210\367\0368\013\317l,\2631\014\210\371"
 240      F71E380B 
 240      CF6C2CB3 
 240      310C88F9 
 241 00f6 FBC5DC8F 		.ascii	"\373\305\334\217\321z\320\356K|\\\026\371\371H\344\345"
 241      D17AD0EE 
 241      4B7C5C16 
 241      F9F948E4 
 241      E5
 242 0107 1DC1F2FE 		.ascii	"\035\301\362\376,,\201\362\354\271i\025<\341\300\327"
 242      2C2C81F2 
 242      ECB96915 
 242      3CE1C0D7 
 243 0117 220C38DB 		.ascii	"\"\0148\333\333\270z\005C\277\310\321\200\340\2439\362"
 243      DBB87A05 
 243      43BFC8D1 
 243      80E0A339 
 243      F2
 244 0128 93F8FA7D 		.ascii	"\223\370\372},\330\346y\255\231\376X\"\363u\237k\275"
 244      2CD8E679 
 244      AD99FE58 
 244      22F3759F 
 244      6BBD
 245 013a 96A3CF6B 		.ascii	"\226\243\317k<\177\202g@[\201f\024qh\035\321\032\361"
 245      3C7F8267 
 245      405B8166 
 245      1471681D 
 245      D11AF1
ARM GAS  /var/folders/45/ct_yb_0s4l984dg097s5d1mh0000gp/T//ccWStokG.s 			page 19


 246 014d AE19FD91 		.ascii	"\256\031\375\221M\340ZrU>I'0\337\002\006l\216]\316\353"
 246      4DE05A72 
 246      553E4927 
 246      30DF0206 
 246      6C8E5DCE 
 247 0162 0BC2E642 		.ascii	"\013\302\346B\013\274\207\315\262\313\255w\305\350v"
 247      0BBC87CD 
 247      B2CBAD77 
 247      C5E876
 248 0171 C0F6E483 		.ascii	"\300\366\344\203\354\333\300\333Vl&\325\335v\007s\265"
 248      ECDBC0DB 
 248      566C26D5 
 248      DD760773 
 248      B5
 249 0182 8706DBDE 		.ascii	"\207\006\333\336\223z\335\302\207_\322v\342\370]w0\301"
 249      937ADDC2 
 249      875FD276 
 249      E2F85D77 
 249      30C1
 250 0194 D9F13AAF 		.ascii	"\331\361:\257\356y\233\221\217\231\260yq8\371\202\211"
 250      EE799B91 
 250      8F99B079 
 250      7138F982 
 250      89
 251 01a5 18D8D09D 		.ascii	"\030\330\320\235\234\334R\023\261\262\353\327\003\365"
 251      9CDC5213 
 251      B1B2EBD7 
 251      03F5
 252 01b3 4941641E 		.ascii	"IAd\036\273.|\364\270\336\034^\346\342\207i\245\004"
 252      BB2E7CF4 
 252      B8DE1C5E 
 252      E6E28769 
 252      A504
 253 01c5 F54014F0 		.ascii	"\365@\024\360\374\253\275\225~d\031\023\226>\315\253"
 253      FCABBD95 
 253      7E641913 
 253      963ECDAB 
 254 01d5 3491DFB0 		.ascii	"4\221\337\260\353\342\303\017G\003\255i.W\222\253`\253"
 254      EBE2C30F 
 254      4703AD69 
 254      2E5792AB 
 254      60AB
 255 01e7 CBFC297C 		.ascii	"\313\374)|f\205\032x\027\276\203w1I\215`\345\376\306"
 255      66851A78 
 255      17BE8377 
 255      31498D60 
 255      E5FEC6
 256 01fa E7E3D5FD 		.ascii	"\347\343\325\375f\010\015\015[\020ZH\3037t\017.\316"
 256      66080D0D 
 256      5B105A48 
 256      C337740F 
 256      2ECE
 257 020c 73352413 		.ascii	"s5$\023Xk\201\323@\240\031\026\250\216\260\234:\257"
 257      586B81D3 
 257      40A01916 
 257      A88EB09C 
 257      3AAF
ARM GAS  /var/folders/45/ct_yb_0s4l984dg097s5d1mh0000gp/T//ccWStokG.s 			page 20


 258 021e C01FA990 		.ascii	"\300\037\251\220Fn\250\3709\327b<h\320\213O\201\252"
 258      466EA8F8 
 258      39D7623C 
 258      68D08B4F 
 258      81AA
 259 0230 2E66A173 		.ascii	".f\241s\302\020\237j$\370\017\204\213\344\273\351P&"
 259      C2109F6A 
 259      24F80F84 
 259      8BE4BBE9 
 259      5026
 260 0242 1A182438 		.ascii	"\032\030$8\201\276\265\324\367\214\010\206:8\007ap\026"
 260      81BEB5D4 
 260      F78C0886 
 260      3A380761 
 260      7016
 261 0254 42A105AD 		.ascii	"B\241\005\255\011B\231\027g-.&\256\242\305\224\264n"
 261      09429917 
 261      672D2E26 
 261      AEA2C594 
 261      B46E
 262 0266 56D21A4A 		.ascii	"V\322\032J\200w)'\215^\251\226aA\330\354\223\235\307"
 262      80772927 
 262      8D5EA996 
 262      6141D8EC 
 262      939DC7
 263 0279 09DE3619 		.ascii	"\011\3366\031\247\257%\277\205VTQ4\216\317n\205\255"
 263      A7AF25BF 
 263      85565451 
 263      348ECF6E 
 263      85AD
 264 028b C2F4D0ED 		.ascii	"\302\364\320\355Cf\276\252\243\254}\341V\235\225\254"
 264      4366BEAA 
 264      A3AC7DE1 
 264      569D95AC 
 265 029b 662BA154 		.ascii	"f+\241T\307|Q\035\215\356\311\024B\326\260\261\023="
 265      C77C511D 
 265      8DEEC914 
 265      42D6B0B1 
 265      133D
 266 02ad 7BCE08BF 		.ascii	"{\316\010\277\037\330\012feVY\310_\330Xz\363\361\026"
 266      1FD80A66 
 266      655659C8 
 266      5FD8587A 
 266      F3F116
 267 02c0 5174E769 		.ascii	"Qt\347i\373b\343d\262?\371\033\367{r\354D \037k\240"
 267      FB62E364 
 267      B23FF91B 
 267      F77B72EC 
 267      44201F6B 
 268 02d5 EDE6B4F2 		.ascii	"\355\346\264\362\221\000\362\005\033\253;q\272ET\330"
 268      9100F205 
 268      1BAB3B71 
 268      BA4554D8 
 269 02e5 27D8DCD7 		.ascii	"'\330\334\327\373\364\206L\326\262\241}\317~\034\022"
 269      FBF4864C 
 269      D6B2A17D 
 269      CF7E1C12 
ARM GAS  /var/folders/45/ct_yb_0s4l984dg097s5d1mh0000gp/T//ccWStokG.s 			page 21


 270 02f5 D38561F3 		.ascii	"\323\205a\363z\311X\036\220\277\263\241'\311\003\236"
 270      7AC9581E 
 270      90BFB3A1 
 270      27C9039E 
 271 0305 003EB418 		.ascii	"\000>\264\030\233\247\323.\2766\221\365l\250c\364\322"
 271      9BA7D32E 
 271      BE3691F5 
 271      6CA863F4 
 271      D2
 272 0316 7E311482 		.ascii	"~1\024\202\315\316\236b\023\331\300\213\371Tj\222\205"
 272      CDCE9E62 
 272      13D9C08B 
 272      F9546A92 
 272      85
 273 0327 FC835D27 		.ascii	"\374\203]'n\233J\005\262\221]\037\270\333\233c%_\262"
 273      6E9B4A05 
 273      B2915D1F 
 273      B8DB9B63 
 273      255FB2
 274 033a EBE133DB 		.ascii	"\353\3413\333\372\305\355g\323g\247\354\246\307\003"
 274      FAC5ED67 
 274      D367A7EC 
 274      A6C703
 275 0349 FC612930 		.ascii	"\374a)0\323\002.o*\360'qT\033\334\321U\371\304\204\305"
 275      D3022E6F 
 275      2AF02771 
 275      541BDCD1 
 275      55F9C484 
 276 035e C88F05F4 		.ascii	"\310\217\005\364'L\224\345\340\201eM\207p\355ll\015"
 276      274C94E5 
 276      E081654D 
 276      8770ED6C 
 276      6C0D
 277 0370 2EE11A0C 		.ascii	".\341\032\014\341Y]\302\213\240\2557w\350\235OK\203"
 277      E1595DC2 
 277      8BA0AD37 
 277      77E89D4F 
 277      4B83
 278 0382 8ABBF4E2 		.ascii	"\212\273\364\342\333\340]\306\250}\252j;\365\332\233"
 278      DBE05DC6 
 278      A87DAA6A 
 278      3BF5DA9B 
 279 0392 7AEDB0AA 		.ascii	"z\355\260\252\375A\257\2755\003\242c\201\"n\327\213"
 279      FD41AFBD 
 279      3503A263 
 279      81226ED7 
 279      8B
 280 03a3 2FEB03B7 		.ascii	"/\353\003\267\251\332\253z\355\225\031\201_\251\024"
 280      A9DAAB7A 
 280      ED951981 
 280      5FA914
 281 03b2 37F4E2EB 		.ascii	"7\364\342\3533S\241Fn\323\213/h\024>\317F7\012\356Q"
 281      3353A146 
 281      6ED38B2F 
 281      68143ECF 
 281      46370AEE 
 282 03c7 C18FC283 		.ascii	"\301\217\302\203>\033O\360\331x\210\317\305#\264^\264"
ARM GAS  /var/folders/45/ct_yb_0s4l984dg097s5d1mh0000gp/T//ccWStokG.s 			page 22


 282      3E1B4FF0 
 282      D97888CF 
 282      C523B45E 
 282      B4
 283 03d8 7EB43EB4 		.ascii	"~\264>\264A\264\021\264\373h\003h=h\017\320\206\321"
 283      41B411B4 
 283      FB680368 
 283      3D680FD0 
 283      86D1
 284 03ea 1EFB3CB0 		.ascii	"\036\373<\260\303*\311I=\311\3673\260;\253I\015\333"
 284      C32AC949 
 284      3DC9F733 
 284      B03BAB49 
 284      0DDB
 285 03fc 5D5605C0 		.ascii	"]V\005\300]!\237}'B\361\275\263$\221\211i\360;\372\340"
 285      5D219F7D 
 285      2742F1BD 
 285      B3249189 
 285      69F03BFA 
 286 0411 CBF5B19F 		.ascii	"\313\365\261\237\252 \036\275\366\270~\333jO2\322}k"
 286      AA201EBD 
 286      F6B87EDB 
 286      6A4F32D2 
 286      7D6B
 287 0423 C877DFE2 		.ascii	"\310w\337\342qZ\232\274\246\355\320\207\272\246\205"
 287      715A9ABC 
 287      A6EDD087 
 287      BAA685
 288 0432 C24ADF3A 		.ascii	"\302J\337:\231\276\313LR\201\226\272\234\373\260\375"
 288      99BECB4C 
 288      528196BA 
 288      9CFBB0FD 
 289 0442 9FFA0D49 		.ascii	"\237\372\015IM\372SL\364\377#\351\234\177\352C\212?"
 289      4DFA534C 
 289      F4FF23E9 
 289      9C7FEA43 
 289      8A3F
 290 0454 86F146B5 		.ascii	"\206\361F\265\255kH\331\272j{\007[-\336/\2121\2574K"
 290      AD6B48D9 
 290      BA6A7B07 
 290      5B2DDE2F 
 290      8A31AF34 
 291 0469 F08CBF29 		.ascii	"\360\214\277)\350\031\305\025\236\242\356 oq\253\217"
 291      E819C515 
 291      9EA2EE20 
 291      6F71AB8F 
 292 0479 F8B9103F 		.ascii	"\370\271\020?g\342S\215\365g\002\272\261\202\360\365"
 292      67E2538D 
 292      F56702BA 
 292      B182F0F5 
 293 0489 0D210C08 		.ascii	"\015!\014\010\200\377\342\231\032kO+\007\360~\354\225"
 293      80FFE299 
 293      1A6B4F2B 
 293      07F07EEC 
 293      95
 294 049a F9494869 		.ascii	"\371IHiCq\001\265G\0261d%.\373\023\001\300;*\037\347"
 294      437101B5 
ARM GAS  /var/folders/45/ct_yb_0s4l984dg097s5d1mh0000gp/T//ccWStokG.s 			page 23


 294      47163164 
 294      252EFB13 
 294      01C03B2A 
 295 04b0 D32987C4 		.ascii	"\323)\207\304\365\234G\363\343]\2626\231\227\313\014"
 295      F59C47F3 
 295      E35DB236 
 295      9997CB0C 
 296 04c0 56491D56 		.ascii	"VI\035V\241\264\233\004\361~\036N+>\031\354\301e\225"
 296      A1B49B04 
 296      F17E1E4E 
 296      2B3E19EC 
 296      C16595
 297 04d3 E00B49CA 		.ascii	"\340\013I\31249\330\246X\366m\352\235`\3625+\005\250"
 297      3439D8A6 
 297      58F66DEA 
 297      9D60F235 
 297      2B05A8
 298 04e6 289BACB2 		.ascii	"(\233\254\262\030h\222\260\320\035\006\332u\252y\250"
 298      186892B0 
 298      D01D06DA 
 298      75AA79A8 
 299 04f6 D0C4BA30 		.ascii	"\320\304\2720\357\360\022Xg\363\364D\203\330Ie\257m"
 299      EFF01258 
 299      67F3F444 
 299      83D84965 
 299      AF6D
 300 0508 7921DF96 		.ascii	"y!\337\226\353w\276<\037\2648\207\325\323VW\210\014"
 300      EB77BE3C 
 300      1FB43887 
 300      D5D35657 
 300      880C
 301 051a EB17C124 		.ascii	"\353\027\301$\256\314+\2662\257a1\376\376\004\006N\325"
 301      AECC2BB6 
 301      32AF6131 
 301      FEFE0406 
 301      4ED5
 302 052c BEBBBCD4 		.ascii	"\276\273\274\324\374A\201\313\343q5L\034\015\353\253"
 302      FC4181CB 
 302      E371354C 
 302      1C0DEBAB 
 303 053c 71B952D0 		.ascii	"q\271R\320\321@u0\241U\311\004\375\320\200q|H\340\005"
 303      D1407530 
 303      A155C904 
 303      FDD08071 
 303      7C48E005 
 304 0550 96A7046F 		.ascii	"\226\247\004o\340\003t\037\3311\370\306JJ9~\337\263"
 304      E003741F 
 304      D931F8C6 
 304      4A4A397E 
 304      DFB3
 305 0562 EA640363 		.ascii	"\352d\003c\305e\027\374G:\006O\202\312?\315\371\357"
 305      C56517FC 
 305      473A064F 
 305      82CA3FCD 
 305      F9EF
 306 0574 1D2A4C09 		.ascii	"\035*L\011\236\2230Q\246\204.Y\020\346d\016\036\261"
 306      9E933051 
ARM GAS  /var/folders/45/ct_yb_0s4l984dg097s5d1mh0000gp/T//ccWStokG.s 			page 24


 306      A6842E59 
 306      10E6640E 
 306      1EB1
 307 0586 0AC2B6C3 		.ascii	"\012\302\266\303\304\225\215^!T\004S\032\336\224\036"
 307      C4958D5E 
 307      21540453 
 307      1ADE941E 
 308 0596 2F49A678 		.ascii	"/I\246x\303\355-\343A\244\206\343e|SP\036\250\242p\274"
 308      C3ED2DE3 
 308      41A486E3 
 308      657C5350 
 308      1EA8A270 
 309 05ab E1736997 		.ascii	"\341si\227\346&Ia$\311\012I}e\376R\001\322U\242\200"
 309      E6264961 
 309      24C90A49 
 309      7D65FE52 
 309      01D255A2 
 310 05c0 A006B6CA 		.ascii	"\240\006\266\312*\010^\372\202lc \017*\277\273e&us\347"
 310      2A085EFA 
 310      826C6320 
 310      0F2ABFBB 
 310      65267573 
 311 05d5 A961DCDD 		.ascii	"\251a\334\335aT\226~\273\314\372\246G{\353\255*\360"
 311      6154967E 
 311      BBCCFAA6 
 311      477BEBAD 
 311      2AF0
 312 05e7 0EDE99B2 		.ascii	"\016\336\231\262\273\350\246\337\234\304\351\2148M!"
 312      BBE8A6DF 
 312      9CC4E98C 
 312      384D21
 313 05f6 EE73D765 		.ascii	"\356s\327e\005\"r\001\"\237]\202_hI\350&S\025\244j\314"
 313      05227201 
 313      229F5D82 
 313      5F6849E8 
 313      265315A4 
 314 060c A97AE60C 		.ascii	"\251z\346\014\306|=\273\340\240\205\\\230\233\371\301"
 314      C67C3DBB 
 314      E0A0855C 
 314      989BF9C1 
 315 061c A5DD3D81 		.ascii	"\245\335=\201j\337\327\234/\377Jy\215\311\233\017\277"
 315      6ADFD79C 
 315      2FFF4A79 
 315      8DC99B0F 
 315      BF
 316 062d C934BE4C 		.ascii	"\3114\276L\306\267K\341\3333\264\255\313HSJ?7K\002\016"
 316      C6B74BE1 
 316      DB33B4AD 
 316      CB48534A 
 316      3F374B02 
 317 0642 6F2D08A3 		.ascii	"o-\010\243\022\330\251\301\355\224\371\027.\270\031"
 317      12D8A9C1 
 317      ED94F917 
 317      2EB819
 318 0651 D4E9FEA6 		.ascii	"\324\351\376\246'\006r\371\177\205\332\315\241\232\246"
 318      270672F9 
 318      7F85DACD 
ARM GAS  /var/folders/45/ct_yb_0s4l984dg097s5d1mh0000gp/T//ccWStokG.s 			page 25


 318      A19AA6
 319 0660 528EFA40 		.ascii	"R\216\372@\3211\215j\017\243\312V\250\322[r\362\203"
 319      D1318D6A 
 319      0FA3CA56 
 319      A8D25B72 
 319      F283
 320 0672 04D5FD2C 		.ascii	"\004\325\375,\222\347:+S\011diTY\012U\016\243\252\315"
 320      92E73A2B 
 320      53096469 
 320      54590A55 
 320      0EA3AACD 
 321 0686 BF5EEE4F 		.ascii	"\277^\356O:\347\246::\3622\323:7@.\003\370F\001H\274"
 321      3AE7A63A 
 321      3AF232D3 
 321      3A37402E 
 321      03F84601 
 322 069c D2E50E14 		.ascii	"\322\345\016\024\000\035\205$s!\025\300^m\372\275\312"
 322      001D8524 
 322      732115C0 
 322      5E6DFABD 
 322      CA
 323 06ad F4796CFA 		.ascii	"\364yl\372\254\326\332\014\023\361\314\271\211\274\250"
 323      ACD6DA0C 
 323      13F1CCB9 
 323      89BCA8
 324 06bc EDCA0595 		.ascii	"\355\312\005\225(\237\347\304\275\277p\351\234\353t"
 324      289FE7C4 
 324      BDBF70E9 
 324      9CEB74
 325 06cb 8001ED57 		.ascii	"\200\001\355W\200<\373\367\336\364\027@\343\237\263"
 325      803CFBF7 
 325      DEF41740 
 325      E39FB3
 326 06da 84A002F6 		.ascii	"\204\240\002\366iD\373\024\242\203\214h\242l\347UBF"
 326      6944FB14 
 326      A2838C68 
 326      A26CE755 
 326      4246
 327 06ec 3951C954 		.ascii	"9Q\311T\347\270\342\335\356\346\371\2447T\240\271\027"
 327      E7B8E2DD 
 327      EEE6F9A4 
 327      3754A0B9 
 327      17
 328 06fd 28EEDF32 		.ascii	"(\356\3372\367\314\237\016w\233\311+\356\236u.=;@\270"
 328      F7CC9F0E 
 328      779BC92B 
 328      EE9E752E 
 328      3D3B40B8 
 329 0711 B7A9D928 		.ascii	"\267\251\331(\324\234\013\025\347C\314\271\265\273\276"
 329      D49C0B15 
 329      E743CCB9 
 329      B5BBBE
 330 0720 3B98B8F8 		.ascii	";\230\270\370\177Yem\307+\210B\276\206MM\013\254H\363"
 330      7F59656D 
 330      C72B8842 
 330      BE864D4D 
 330      0BAC48F3 
ARM GAS  /var/folders/45/ct_yb_0s4l984dg097s5d1mh0000gp/T//ccWStokG.s 			page 26


 331 0734 2E52BC0F 		.ascii	".R\274\0173\357\316\357_<\003\262C\326\345\022\263\303"
 331      33EFCEEF 
 331      5F3C03B2 
 331      43D6E512 
 331      B3C3
 332 0746 739951D3 		.ascii	"s\231Q\323\225\361\226R:\302\022W\242$\316\355\332U"
 332      95F19652 
 332      3AC21257 
 332      A224CEED 
 332      DA55
 333 0758 6715D3B7 		.ascii	"g\025\323\267\210[G\011\024k\363\027+\363\227\262\371"
 333      885B4709 
 333      146BF317 
 333      2BF397B2 
 333      F9
 334 0769 9BDAF7DE 		.ascii	"\233\332\367\336\013\360~\261\322\312\323^\254Ge\376"
 334      0BF07EB1 
 334      D2CAD35E 
 334      AC4765FE 
 335 0779 62C5338A 		.ascii	"b\3053\212\253\267\037\2547z\213\017\370\210\217\011"
 335      ABB71FAC 
 335      377A8B0F 
 335      F8888F09 
 336 0789 F131264E 		.ascii	"\3611&Nn\275?\001\336\342L\037q\231\020\2271\361@\315"
 336      6EBD3F01 
 336      DEE24C1F 
 336      71991097 
 336      31F140CD 
 337 079d AE2293B7 		.ascii	"\256\"\223\2678\327G\\.\304\345L\354\3118^\350#>\342"
 337      38D7475C 
 337      2EC4E54C 
 337      ECC9385E 
 337      E8233EE2 
 338 07b1 23AE10E2 		.ascii	"#\256\020\342\012&\256J\236h\364a\246o\032M\\)\304\225"
 338      0A26AE4A 
 338      9E68F461 
 338      A66F1A4D 
 338      5C29C495 
 339 07c5 4C9C3972 		.ascii	"L\2349rm\334\352-N\364\211"
 339      6DDCEA2D 
 339      4EF489
 340 07d0 5C25C455 		.ascii	"\\%\304UL\334q\250\372\206\317\015\246\370\210\377-"
 340      4CDC71A8 
 340      FA86CF0D 
 340      A6F888FF 
 340      2D
 341 07e1 C4F40CBF 		.ascii	"\304\364\014\277\363\217\210\215N\210q\304\033\342b"
 341      F38F888D 
 341      4E8871C4 
 341      1BE262
 342 07f0 FF153F2F 		.ascii	"\377\025?/|yB|\\\264}\303\362\225\266\350\030\233#<"
 342      7C79427C 
 342      5CB47DC3 
 342      F295B6E8 
 342      189B233C 
 343 0804 C2F4A7CF 		.ascii	"\302\364\247\317\376\372\336\037V\254\220\374V\331\234"
 343      FEFADE1F 
ARM GAS  /var/folders/45/ct_yb_0s4l984dg097s5d1mh0000gp/T//ccWStokG.s 			page 27


 343      56AC90FC 
 343      56D99C
 344 0813 71F6CDFE 		.ascii	"q\366\315\376\216\204\230\015Qq\361\013Ue\014\355\217"
 344      8E84980D 
 344      5171F10B 
 344      55650CED 
 344      8F
 345 0824 888A0FDF 		.ascii	"\210\212\017\337(\301\347\260\006>\205\225\360{\262"
 345      28C1E7B0 
 345      063E8595 
 345      F07BB2
 346 0833 7ADD2658 		.ascii	"z\335&X\015[\310f<o\226#\235~< \374y\276~\212\215\222"
 346      0D5BC866 
 346      3C6F9623 
 346      9D7E3C20 
 346      FC79BE7E 
 347 084a DF97ECCA 		.ascii	"\337\227\354\312\177S\\T\244=\3029C\021!Y\354\016G\354"
 347      7F535C54 
 347      A43DC239 
 347      43112159 
 347      EC0E47EC 
 348 085e 5736A73D 		.ascii	"W6\247=\326\341\227\260)\322\346\214\012\344c\353\376"
 348      D6E197B0 
 348      29D2E68C 
 348      0AE463EB 
 348      FE
 349 086f 688F7646 		.ascii	"h\217vF\305\021[d\244)&!\332i\337\024\275\305\354\214"
 349      C5115B64 
 349      A4292621 
 349      DA69DF14 
 349      BDC5EC8C 
 350 0883 B339E237 		.ascii	"\2639\3427\305\306G\005\307G\330\242mq\353\324\021\273"
 350      C5C64705 
 350      C747D8A2 
 350      6D71EBD4 
 350      11BB
 351 0895 E32B64C7 		.ascii	"\343+d\307(\306\210\350XG\224)>a\003\212#\234&{d\224"
 351      28C688E8 
 351      58479429 
 351      3E61038A 
 351      239C267B 
 352 08ab C369776E 		.ascii	"\303iwn\371/\240P\336H"
 352      F92FA050 
 352      DE48
 353              		.text
 354              		.section	.gnu.lto_.symtab.d0ebf63287239578,"",%progbits
 355 0000 70726564 		.ascii	"predict\000"
 355      69637400 
 356 0008 00       		.ascii	"\000"
 357 0009 00       		.ascii	"\000"
 358 000a 00       		.ascii	"\000"
 359 000b 00000000 		.ascii	"\000\000\000\000\000\000\000\000"
 359      00000000 
 360 0013 FD000000 		.ascii	"\375\000\000\000"
 361 0017 696E6E6F 		.ascii	"innovation\000"
 361      76617469 
 361      6F6E00
ARM GAS  /var/folders/45/ct_yb_0s4l984dg097s5d1mh0000gp/T//ccWStokG.s 			page 28


 362 0022 00       		.ascii	"\000"
 363 0023 00       		.ascii	"\000"
 364 0024 00       		.ascii	"\000"
 365 0025 00000000 		.ascii	"\000\000\000\000\000\000\000\000"
 365      00000000 
 366 002d 02010000 		.ascii	"\002\001\000\000"
 367 0031 75706461 		.ascii	"update\000"
 367      746500
 368 0038 00       		.ascii	"\000"
 369 0039 00       		.ascii	"\000"
 370 003a 00       		.ascii	"\000"
 371 003b 00000000 		.ascii	"\000\000\000\000\000\000\000\000"
 371      00000000 
 372 0043 06010000 		.ascii	"\006\001\000\000"
 373 0047 4B616C6D 		.ascii	"Kalman_Filter\000"
 373      616E5F46 
 373      696C7465 
 373      7200
 374 0055 00       		.ascii	"\000"
 375 0056 00       		.ascii	"\000"
 376 0057 00       		.ascii	"\000"
 377 0058 00000000 		.ascii	"\000\000\000\000\000\000\000\000"
 377      00000000 
 378 0060 0C010000 		.ascii	"\014\001\000\000"
 379 0064 61646400 		.ascii	"add\000"
 380 0068 00       		.ascii	"\000"
 381 0069 02       		.ascii	"\002"
 382 006a 00       		.ascii	"\000"
 383 006b 00000000 		.ascii	"\000\000\000\000\000\000\000\000"
 383      00000000 
 384 0073 11010000 		.ascii	"\021\001\000\000"
 385 0077 6D756C74 		.ascii	"multiply\000"
 385      69706C79 
 385      00
 386 0080 00       		.ascii	"\000"
 387 0081 02       		.ascii	"\002"
 388 0082 00       		.ascii	"\000"
 389 0083 00000000 		.ascii	"\000\000\000\000\000\000\000\000"
 389      00000000 
 390 008b 16010000 		.ascii	"\026\001\000\000"
 391 008f 7472616E 		.ascii	"transpose\000"
 391      73706F73 
 391      6500
 392 0099 00       		.ascii	"\000"
 393 009a 02       		.ascii	"\002"
 394 009b 00       		.ascii	"\000"
 395 009c 00000000 		.ascii	"\000\000\000\000\000\000\000\000"
 395      00000000 
 396 00a4 1A010000 		.ascii	"\032\001\000\000"
 397 00a8 7363616C 		.ascii	"scalar_multiply\000"
 397      61725F6D 
 397      756C7469 
 397      706C7900 
 398 00b8 00       		.ascii	"\000"
 399 00b9 02       		.ascii	"\002"
 400 00ba 00       		.ascii	"\000"
 401 00bb 00000000 		.ascii	"\000\000\000\000\000\000\000\000"
ARM GAS  /var/folders/45/ct_yb_0s4l984dg097s5d1mh0000gp/T//ccWStokG.s 			page 29


 401      00000000 
 402 00c3 1F010000 		.ascii	"\037\001\000\000"
 403 00c7 696E7665 		.ascii	"inversion\000"
 403      7273696F 
 403      6E00
 404 00d1 00       		.ascii	"\000"
 405 00d2 02       		.ascii	"\002"
 406 00d3 00       		.ascii	"\000"
 407 00d4 00000000 		.ascii	"\000\000\000\000\000\000\000\000"
 407      00000000 
 408 00dc 21010000 		.ascii	"!\001\000\000"
 409 00e0 636C6F6E 		.ascii	"clone\000"
 409      6500
 410 00e6 00       		.ascii	"\000"
 411 00e7 02       		.ascii	"\002"
 412 00e8 00       		.ascii	"\000"
 413 00e9 00000000 		.ascii	"\000\000\000\000\000\000\000\000"
 413      00000000 
 414 00f1 23010000 		.ascii	"#\001\000\000"
 415 00f5 73756274 		.ascii	"subtract\000"
 415      72616374 
 415      00
 416 00fe 00       		.ascii	"\000"
 417 00ff 02       		.ascii	"\002"
 418 0100 00       		.ascii	"\000"
 419 0101 00000000 		.ascii	"\000\000\000\000\000\000\000\000"
 419      00000000 
 420 0109 25010000 		.ascii	"%\001\000\000"
 421 010d 6964656E 		.ascii	"identity\000"
 421      74697479 
 421      00
 422 0116 00       		.ascii	"\000"
 423 0117 02       		.ascii	"\002"
 424 0118 00       		.ascii	"\000"
 425 0119 00000000 		.ascii	"\000\000\000\000\000\000\000\000"
 425      00000000 
 426 0121 29010000 		.ascii	")\001\000\000"
 427              		.text
 428              		.section	.gnu.lto_.opts,"",%progbits
 429 0000 272D666D 		.ascii	"'-fmath-errno' '-fsigned-zeros' '-ftrapping-math' '"
 429      6174682D 
 429      6572726E 
 429      6F272027 
 429      2D667369 
 430 0033 2D666E6F 		.ascii	"-fno-trapv' '-fno-openmp' '-fno-openacc' '-mcpu=cor"
 430      2D747261 
 430      70762720 
 430      272D666E 
 430      6F2D6F70 
 431 0066 7465782D 		.ascii	"tex-m7' '-mno-thumb-interwork' '-mthumb' '-O2' '-fo"
 431      6D372720 
 431      272D6D6E 
 431      6F2D7468 
 431      756D622D 
 432 0099 6D69742D 		.ascii	"mit-frame-pointer' '-falign-functions=16' '-ffuncti"
 432      6672616D 
 432      652D706F 
ARM GAS  /var/folders/45/ct_yb_0s4l984dg097s5d1mh0000gp/T//ccWStokG.s 			page 30


 432      696E7465 
 432      72272027 
 433 00cc 6F6E2D73 		.ascii	"on-sections' '-fdata-sections' '-fno-common' '-flto"
 433      65637469 
 433      6F6E7327 
 433      20272D66 
 433      64617461 
 434 00ff 2700     		.ascii	"'\000"
 435              		.text
 436              		.comm	__gnu_lto_v1,1,1
 437              		.comm	__gnu_lto_slim,1,1
 438              		.ident	"GCC: (GNU Tools for Arm Embedded Processors 7-2018-q2-update) 7.3.1 20180622 (release) [AR
ARM GAS  /var/folders/45/ct_yb_0s4l984dg097s5d1mh0000gp/T//ccWStokG.s 			page 31


DEFINED SYMBOLS
                            *ABS*:0000000000000000 Kalman.c
                            *COM*:0000000000000001 __gnu_lto_v1
                            *COM*:0000000000000001 __gnu_lto_slim

NO UNDEFINED SYMBOLS
