ARM GAS  /var/folders/45/ct_yb_0s4l984dg097s5d1mh0000gp/T//ccs5AtJz.s 			page 1


   1              		.cpu cortex-m7
   2              		.eabi_attribute 20, 1
   3              		.eabi_attribute 21, 1
   4              		.eabi_attribute 23, 3
   5              		.eabi_attribute 24, 1
   6              		.eabi_attribute 25, 1
   7              		.eabi_attribute 26, 1
   8              		.eabi_attribute 30, 2
   9              		.eabi_attribute 34, 1
  10              		.eabi_attribute 18, 4
  11              		.file	"memstreams.c"
  12              		.section	.gnu.lto_.profile.2fc7cad0e7fdc21,"",%progbits
  13 0000 789C6363 		.ascii	"x\234cc```\001bF\206\000K\000\001Q\000\225"
  13      60606001 
  13      62468600 
  13      4B000151 
  13      0095
  14              		.text
  15              		.section	.gnu.lto_.icf.2fc7cad0e7fdc21,"",%progbits
  16 0000 789C6363 		.ascii	"x\234cc``Pe@\0006\2063\253~U1^\335t\3464/\323\305\317"
  16      60605065 
  16      40003686 
  16      33AB7E55 
  16      315EDD74 
  17 001a 33767232 		.ascii	"3vr2\203I\226\3165\023\337\260\263\256\375\375\363\013"
  17      834996CE 
  17      3513DFB0 
  17      B3AEFDFD 
  17      F30B
  18 002c 1703006C 		.ascii	"\027\003\000lB\022\352"
  18      4212EA
  19              		.text
  20              		.section	.gnu.lto_.jmpfuncs.2fc7cad0e7fdc21,"",%progbits
  21 0000 789C8D4E 		.ascii	"x\234\215NA\012\2000\014K\332n\036\367^O\373\310^\342"
  21      410A8030 
  21      0C4BDA6E 
  21      1EF75E4F 
  21      FBC85EE2 
  22 0014 C99FB946 		.ascii	"\311\237\271F\004\305\203\030\010M\240\011\251\0006"
  22      04C58318 
  22      084DA009 
  22      A90036
  23 0023 DC2830D2 		.ascii	"\334(0\322\373p$)H\233\344\"\305\341\226\327\253\255"
  23      FB702429 
  23      489BE422 
  23      C5E196D7 
  23      ABAD
  24 0035 24B80791 		.ascii	"$\270\007\221<\022-\323\337\336\237-q\266\274_~\264"
  24      3C122DD3 
  24      DFDE9F2D 
  24      71B6BC5F 
  24      7EB4
  25 0047 466855CB 		.ascii	"FhU\313x\351\327\030\021\023\360\01519"
  25      78E9D718 
  25      1113F00D 
  25      3139
  26              		.text
ARM GAS  /var/folders/45/ct_yb_0s4l984dg097s5d1mh0000gp/T//ccs5AtJz.s 			page 2


  27              		.section	.gnu.lto_.inline.2fc7cad0e7fdc21,"",%progbits
  28 0000 789C6363 		.ascii	"x\234cc``hdd\200\003V\006\006^\036Ff\006\005F\006f\007"
  28      60606864 
  28      64800356 
  28      06065E1E 
  28      46660605 
  29 0018 30990026 		.ascii	"0\231\000&\025\270\330\326\3511p\334\322cb`|\301\316"
  29      15B8D8D6 
  29      E93170DC 
  29      D2636260 
  29      7CC1CE
  30 002b 02214104 		.ascii	"\002!A\004\007\230\311\301\300\262@\236\207\201\361"
  30      0798C9C1 
  30      C0B2409E 
  30      8781F1
  31 003a 2EBB0013 		.ascii	".\273\000\023\230d`\332\305/\0012\220\221\201\207\033"
  31      986460DA 
  31      C52F0132 
  31      90918187 
  31      1B
  32 004b 6A1EC4A4 		.ascii	"j\036\304\244\006F\250\201\314\323\305\031\330\377\252"
  32      0646A881 
  32      CCD3C519 
  32      D8FFAA
  33 005a 61319079 		.ascii	"a1\220y\2218n\003\231\030\004%\031YP\014dR\000\371\000"
  33      91386E03 
  33      99180425 
  33      1959500C 
  33      645200F9 
  34 006f 6C2A3750 		.ascii	"l*7P\033\003\307\007\234\316d\272\300\317\0032Z\006"
  34      1B03C707 
  34      9CCE64BA 
  34      C0CF0332 
  34      5A06
  35 0081 C455000B 		.ascii	"\304U\000\013*\200\0045@F\263\360200O\360\003Af\204"
  35      2A800435 
  35      4046B3F0 
  35      3230304F 
  35      F0034166 
  36 0096 2DD060A0 		.ascii	"-\320`\240\201%,\014\034\354\214\014L\254\035\352\014"
  36      81252C0C 
  36      1CEC8C0C 
  36      4CAC1DEA 
  36      0C
  37 00a7 DC2BDC98 		.ascii	"\334+\334\230\300\021\000\000I\0135\372"
  37      C0110000 
  37      490B35FA 
  38              		.text
  39              		.section	.gnu.lto_.pureconst.2fc7cad0e7fdc21,"",%progbits
  40 0000 789C6363 		.ascii	"x\234cc``\340\006bV\006)F)&)f)\026)\000\004\023\000"
  40      6060E006 
  40      62560629 
  40      46292629 
  40      66291629 
  41 0018 A3       		.ascii	"\243"
  42              		.text
  43              		.section	.gnu.lto__put.2fc7cad0e7fdc21,"",%progbits
ARM GAS  /var/folders/45/ct_yb_0s4l984dg097s5d1mh0000gp/T//ccs5AtJz.s 			page 3


  44 0000 789C9552 		.ascii	"x\234\225R\317KTQ\024\276\337;\357\207\243f\324\252"
  44      CF4B5451 
  44      14BEDF3B 
  44      EF87A366 
  44      D4AA
  45 0012 C52C5C24 		.ascii	"\305,\\$2P\363\212l\331\037\243\"$8$M\353\274:\246Y"
  45      3250F38A 
  45      6CD91FA3 
  45      22243824 
  45      4DEBBC3A 
  46 0028 4A426A36 		.ascii	"JBj6<dH\244(\302\244\321\312\264^j\346\257)+\015i\341"
  46      3C6448A4 
  46      28C2A4D1 
  46      CAB45E6A 
  46      E6AF292B 
  47 003f A250FA1D 		.ascii	"\242P\372\035\021\271\264\316yoB\243\215>f\316\273\367"
  47      11B9B4CE 
  47      796F42A3 
  47      8D3E66CE 
  47      BBF7
  48 0051 BC73BEEF 		.ascii	"\274s\276\357;\337\275\266R\352+)U\301\357\343\374\207"
  48      3BDFBDB6 
  48      52EA2B29 
  48      55C1EFE3 
  48      FC87
  49 0063 A560743E 		.ascii	"\245`t>W\252\261\3000\314\017J\351B\272\221\343W1\301"
  49      57AAB1C0 
  49      30CC0F4A 
  49      E942BA91 
  49      E35731C1 
  50 0077 0CF32620 		.ascii	"\014\363& \013]\000\325`\220\211\006\264S\027\341e\363"
  50      0B5D00D5 
  50      60908906 
  50      B45317E1 
  50      65F3
  51 0089 1D8F2E92 		.ascii	"\035\217.\222G\012&o\177\344\322\357Kd\013\224\362v"
  51      470A266F 
  51      7FE4D2EF 
  51      4B640B94 
  51      F276
  52 009b 603C3586 		.ascii	"`<5\206\330u\315\217\177\245\313\356\313.\352\210G\206"
  52      D875CD8F 
  52      7FA5CBEE 
  52      CB2EEA88 
  52      4786
  53 00ad EAE1F22C 		.ascii	"\352\341\362,\242\270\213\250\260\017#\306\305\257s"
  53      A2B88BA8 
  53      B00F23C6 
  53      C5AF73
  54 00bc CB9D0E1D 		.ascii	"\313\235\016\035\202\342\365\345_\237}\243|@\353&\355"
  54      82E2F5E5 
  54      5F9F7DA3 
  54      7C40EB26 
  54      ED
  55 00cd 2FF4933E 		.ascii	"/\364\223>\350\021a\004\264\275\221S\012\367P\316\345"
  55      E8116104 
  55      B4BD9153 
ARM GAS  /var/folders/45/ct_yb_0s4l984dg097s5d1mh0000gp/T//ccs5AtJz.s 			page 4


  55      0AF750CE 
  55      E5
  56 00de 5ECBCD35 		.ascii	"^\313\3155\"7h\235\337\230\231\372\333\372\245\231t"
  56      2237689D 
  56      DF9899FA 
  56      DBFAA599 
  56      74
  57 00ef B1C76AEF 		.ascii	"\261\307j\357\207\255\307\2428\"\215\246\302\003\224"
  57      87ADC7A2 
  57      38228DA6 
  57      C20394
  58 00fe 4BF5CFEF 		.ascii	"K\365\317\357\313\363\021:\032t\336\032\311\316\025"
  58      CBF3113A 
  58      1A74DE1A 
  58      C9CE15
  59 010d 97F5079D 		.ascii	"\227\365\007\235\253\275\373\257\245\364\2146=\2620"
  59      ABBDFBAF 
  59      A5F48C36 
  59      3DB230
  60 011c FA2FB13C 		.ascii	"\372/\261<\\\376nh\263{\217m\342!\312d \236c\014\266"
  60      5CFE6E68 
  60      B37B8F6D 
  60      E221CA64 
  60      209E630C 
  61 0131 022F065F 		.ascii	"\002/\006_Y\276\336\374\335\252\3757\007V\262\271}%"
  61      59BEDEFC 
  61      DDAAFD37 
  61      0756B2B9 
  61      7D25
  62 0143 604EDB90 		.ascii	"`N\333\220@\034\034S\202%[[\202\303\301\210@f)B L\235"
  62      401C1C53 
  62      82255B5B 
  62      82C3C188 
  62      40662942 
  63 015a 673CB65B 		.ascii	"g<\266[\373\252\215\355\342U\312W\353h\312\014\266\307"
  63      FBAA8DED 
  63      E255CA57 
  63      EB68CA0C 
  63      B6C7
  64 016c 844538D3 		.ascii	"\204E8\323\024Q\237\3204\372\261c\322\226\\\232\300"
  64      14519FD0 
  64      34FAB163 
  64      D2965C9A 
  64      C0
  65 017d A27ACE4D 		.ascii	"\242z\316M\274p\344\000\254`\244\261\211\334\264\235"
  65      BC70E400 
  65      AC60A4B1 
  65      89DCB49D 
  66 018d 415F239F 		.ascii	"A_#\237@\251G\005\334\204q\031\201\277-\265\256\254"
  66      40A94705 
  66      DC847119 
  66      81BF2DB5 
  66      AEAC
  67 019f 16B9B775 		.ascii	"\026\271\267u\370)\202G\310\240[\346Px\0147\300\236"
  67      F8298247 
  67      C8A05BE6 
  67      50780C37 
ARM GAS  /var/folders/45/ct_yb_0s4l984dg097s5d1mh0000gp/T//ccs5AtJz.s 			page 5


  67      C09E
  68 01b1 8D87C8C6 		.ascii	"\215\207\310\306.\241\374\000J\254\300\023\206ZC\363"
  68      2EA1FC00 
  68      4AACC013 
  68      865A43F3 
  69 01c1 DBC98ABC 		.ascii	"\333\311\212\274HF\013\034l\343\343\343;\306\203\005"
  69      48460B1C 
  69      6CE3E3E3 
  69      3BC68305 
  70 01d1 535C4AE5 		.ascii	"S\\J\345\247\240]q9\230\010\270\004\023\223\201\354"
  70      A7A05D71 
  70      399808B8 
  70      04139381 
  70      EC
  71 01e2 94D772D5 		.ascii	"\224\327r\325\012\261L\206\023>fH\317\236\220\334v\213"
  71      0AB14C86 
  71      133E6648 
  71      CF9E90DC 
  71      768B
  72 01f4 9CFF2CCA 		.ascii	"\234\377,\312\224x\322cbJ\310\360\224\241\323T\024\012"
  72      9478D263 
  72      624AC8F0 
  72      94A1D354 
  72      140A
  73 0206 EC4D3921 		.ascii	"\354M9!\250\265#\201\207\305\207\351-\037\236\205\332"
  73      A8B52381 
  73      87C587E9 
  73      2D1F9E85 
  73      DA
  74 0217 7A5A10A2 		.ascii	"zZ\020\242\344\201\206[\027\206\012E\014\237?f\030\201"
  74      E481865B 
  74      17860A45 
  74      0C9F3F66 
  74      1881
  75 0229 B9962E20 		.ascii	"\271\226. /u\2074\263[4sp\031;\260\327\314\337\233o"
  75      2F758734 
  75      B35B3473 
  75      70193BB0 
  75      D7CCDF9B 
  76 023e 30549A1C 		.ascii	"0T\232\034\316m\300\341\306u/;\275W(\015\234\305<\242"
  76      CE6DC0E1 
  76      C6752F3B 
  76      BD57280D 
  76      9CC53CA2 
  77 0252 C65CF576 		.ascii	"\306\\\365vW\014(, J\243\353\213\340{\010Aawc\361\270"
  77      570C282C 
  77      204AA3EB 
  77      8BE07B08 
  77      41617763 
  78 0268 1BFE4E25 		.ascii	"\033\376N%\335\223\225un]m\225\233<s\272\2462\221t\023"
  78      DD939575 
  78      6E5D6D95 
  78      9B3C73BA 
  78      A6329174 
  79 027d 3589FC32 		.ascii	"5\211\3742^\255\214\332zTQ\"Y\377\007u{K\336"
  79      5EAD8CDA 
  79      7A545122 
ARM GAS  /var/folders/45/ct_yb_0s4l984dg097s5d1mh0000gp/T//ccs5AtJz.s 			page 6


  79      59FF0775 
  79      7B4BDE
  80              		.text
  81              		.section	.gnu.lto__get.2fc7cad0e7fdc21,"",%progbits
  82 0000 789C9552 		.ascii	"x\234\225R]KTQ\024=\353\236;w>\032\213z\020\202!|Hd"
  82      5D4B5451 
  82      143DEB9E 
  82      3B773E1A 
  82      8B7A1082 
  83 0018 20BD81F6 		.ascii	" \275\201\366cz\324\020\024\034\222\246\307\310\243"
  83      637AD410 
  83      141C92A6 
  83      C7C8A3
  84 0027 634E9A0F 		.ascii	"cN\232\017\2029\345p\221!\221\304\210\222f\314FGo\232"
  84      8239E570 
  84      912191C4 
  84      889266CC 
  84      46476F9A 
  85 003b A6E59495 		.ascii	"\246\345\224\225F\365\020Q8\224\202\321\227/\205\265"
  85      46F51051 
  85      389482D1 
  85      972F85B5 
  86 004b F7BD4319 		.ascii	"\367\275C\031\275\344a\346|\354\273\327Z{\257s\014!"
  86      BDE461E6 
  86      7CECBBD7 
  86      5A7BAF73 
  86      0C21
  87 005d C49C14A2 		.ascii	"\304\234\024\242\206\326c\364\207G@\353y$D\253O\323"
  87      86D663F4 
  87      874740EB 
  87      792444AB 
  87      4FD3
  88 006f F4F742A8 		.ascii	"\364\367B\250\200\034\316\323\022\224\320\335\270\016"
  88      801CCED3 
  88      1294D0DD 
  88      B80E
  89 007d F046F920 		.ascii	"\360F\371 Z4\251\243\005\335\362\242\304\223\366\233"
  89      5A34A9A3 
  89      05DDF2A2 
  89      C493F69B 
  90 008d 96BC202D 		.ascii	"\226\274 -)\240\323\361S>\371n/\037\2012:\016\345b\223"
  90      29A0D3F1 
  90      533EF96E 
  90      2F1F8132 
  90      3A0EE562 
  91 00a2 085F5534 		.ascii	"\010_U4\354K\343\306@zY\371-\251\211\004\245\247\021"
  91      EC4BE3C6 
  91      407A59F9 
  91      2DA98904 
  91      A5A711
  92 00b5 C22D8458 		.ascii	"\302-\204X=\2030%?\313\257\366x\345\021\010\332\367"
  92      3D833025 
  92      3FCBAFF6 
  92      78E51108 
  92      DAF7
  93 00c7 7EDBB0B5 		.ascii	"~\333\260\265\212!\245\332\224\2754(\325aKJ\214A\356"
  93      8A21A5DA 
ARM GAS  /var/folders/45/ct_yb_0s4l984dg097s5d1mh0000gp/T//ccs5AtJz.s 			page 7


  93      94BD3428 
  93      D5614B4A 
  93      8C41EE
  94 00da 045248E0 		.ascii	"\004RH\3406*8\377\313\307\325\207~i:\330kc\351\007\301"
  94      362A38FF 
  94      CBC7D587 
  94      7E693AD8 
  94      6B63E907 
  95 00ef F24107BB 		.ascii	"\362A\007\273\325\177\340JL-(\335\242\222\307\377\306"
  95      D57FE04A 
  95      4C2D28DD 
  95      A292C7FF 
  95      C6
  96 0100 F3A074AB 		.ascii	"\363\240t\253cdM\312j\007:\325\233\232\326\213\320\315"
  96      63644DCA 
  96      6A073AD5 
  96      9B9AD68B 
  96      D0CD
  97 0112 FED2D698 		.ascii	"\376\322\326\230\272\314P\017\262.\264:\204\243\277"
  97      BACC500F 
  97      B22EB43A 
  97      84A3BF
  98 0121 816F47B7 		.ascii	"\201oG\267\373J\014\035\023(\307\035\224sS\324\313$"
  98      FB4A0C1D 
  98      1328C71D 
  98      947353D4 
  98      CB24
  99 0133 0C015A39 		.ascii	"\014\001Z9|\343\251\307V\333?\343\312.\034\314}}\276"
  99      7CE3A9C7 
  99      56DB3FE3 
  99      CA2E1CCC 
  99      7D7DBE
 100 0146 BF0454B4 		.ascii	"\277\004T\264\241\361$i\362\352<y\370h\320\244\371\300"
 100      A1F12469 
 100      F2EA3C79 
 100      F868D0A4 
 100      F9C0
 101 0158 ED040443 		.ascii	"\355\004\004C\203\034\020\342<q\222\355\312\026\235"
 101      831C10E2 
 101      3C7192ED 
 101      CA169D
 102 0167 74A45DCC 		.ascii	"t\244]\314\026\005\264\245\276w\207Y\211u\223\322'\326"
 102      1605B4A5 
 102      BE778759 
 102      897593D2 
 102      27D6
 103 0179 D196FD30 		.ascii	"\321\226\3750<kp,)A\305%\316\315<\366\362E\350Nc\223"
 103      3C6B702C 
 103      2941C525 
 103      CECD3CF6 
 103      F245E84E 
 104 018f 33F97923 		.ascii	"3\371y#\205\201V\272\2112K\372\010\204\034{@\337V\342"
 104      858156BA 
 104      89324BFA 
 104      08841C7B 
 104      40DF56E2 
 105 01a3 2F5EEF31 		.ascii	"/^\3571\257+\367\223\037SH\241\217{\021\230\206\351"
ARM GAS  /var/folders/45/ct_yb_0s4l984dg097s5d1mh0000gp/T//ccs5AtJz.s 			page 8


 105      AF2BF793 
 105      1F5348A1 
 105      8F7B1198 
 105      86E9
 106 01b5 702F56BA 		.ascii	"p/V\272\314\332.\251l\207\012Lu\227\250\326\320\376"
 106      CCDA2EA9 
 106      6C870A4C 
 106      7597A8D6 
 106      D0FE
 107 01c7 6AB6A658 		.ascii	"j\266\246Xd\222\373\243\321I\327Ho\215\032s\272\030"
 107      6492FBA3 
 107      D149D748 
 107      6F8D1A73 
 107      BA18
 108 01d9 8979DD04 		.ascii	"\211y\335\004\271+-/f\034-\346\304\254Sv\314\352x\351"
 108      B92B2D2F 
 108      661C2DE6 
 108      C4AC5376 
 108      CCEA78E9 
 109 01ed 71B974A2 		.ascii	"q\271t\242c=R\370\321u\334\215\005v\272\344\375\307"
 109      633D52F8 
 109      D175DC8D 
 109      0576BAE4 
 109      FDC7
 110 01ff A5D421BA 		.ascii	"\245\324!\272wB\342\036\353a\216\330\035\347K\035\337"
 110      7742E21E 
 110      EB618ED8 
 110      1DE74B1D 
 110      DF
 111 0210 27D8F700 		.ascii	"'\330\367\000\213$:r\2313.\243\3075(\023_\032\0150\251"
 111      8B243A72 
 111      99332EA3 
 111      C7352813 
 111      5F1A0D30 
 112 0225 1FC03CA1 		.ascii	"\037\300<\241Iu\245\013\234\363_-U2\362\376\037\347"
 112      4975A50B 
 112      9CF35F2D 
 112      5532F2FE 
 112      1FE7
 113 0237 16601237 		.ascii	"\026`\0227\263|\216\3473\015\256V\220\345\331<\275\370"
 113      B37C8EE7 
 113      330DAE56 
 113      90E5D93C 
 113      BDF8
 114 0249 2A36A189 		.ascii	"*6\241\211\2444(\266\345\350\024\254\364\374>\256B\303"
 114      A43428B6 
 114      E5E814AC 
 114      F4FC3EAE 
 114      42C3
 115 025b 592C22A4 		.ascii	"Y,\"\244e\327\337\220\347A\231\334X\006\275+0\216\334"
 115      65D7DF90 
 115      E74199DC 
 115      5806BD2B 
 115      308EDC
 116 026e 0A575599 		.ascii	"\012WU\231\356\357d\324l\250m2\233\032\353\314\350\351"
 116      EEEF64D4 
 116      6CA86D32 
ARM GAS  /var/folders/45/ct_yb_0s4l984dg097s5d1mh0000gp/T//ccs5AtJz.s 			page 9


 116      9B1AEBCC 
 116      E8E9
 117 0280 53F5B591 		.ascii	"S\365\265\221\250\031\251\217\024\267U'\204\326\330"
 117      A819A98F 
 117      14B75527 
 117      84D6D8
 118 028f 2C23D166 		.ascii	",#\321f\324\375\002\3476BE"
 118      D4FD02E7 
 118      364245
 119              		.text
 120              		.section	.gnu.lto__reads.2fc7cad0e7fdc21,"",%progbits
 121 0000 789C9552 		.ascii	"x\234\225R]KTQ\024=\353\234\37359\331\037\360A(\021"
 121      5D4B5451 
 121      143DEB9C 
 121      FB3539D9 
 121      1FF04128 
 122 0015 25BD1003 		.ascii	"%\275\020\003=D=\367\334?\320\020\022\234\222\246\367"
 122      3D443DF7 
 122      DC3FD010 
 122      129C92A6 
 122      F7
 123 0026 397E8D99 		.ascii	"9~\215\231>\030\351(\303%&\006\225\210\250\310,\315"
 123      3E18E928 
 123      C3252606 
 123      9588A8C8 
 123      2CCD
 124 0038 EAA635A5 		.ascii	"\352\2465\245\246Q*\004AAYR\211\025\322\007\210c\373"
 124      A6512A04 
 124      41415952 
 124      8915D207 
 124      8863FB
 125 004b 9C3B69F9 		.ascii	"\234;i\371\244\227\271g\366\331g\257u\326^\373Z\214"
 125      A497B967 
 125      F6D967AF 
 125      75D65EFB 
 125      5A8C
 126 005d B17283B1 		.ascii	"\261r\203\261\203\364\037\241\027&\003\357\234a\254"
 126      83F41FA1 
 126      172603EF 
 126      9C61AC
 127 006c C1E15CF4 		.ascii	"\301\341\\\364\2263\271\313\370\275\227\311\260\200"
 127      9633B9CB 
 127      F8BD97C9 
 127      B080
 128 007a 11A40D40 		.ascii	"\021\244\015@\005\322\001\213sa \216\016\321%\360\242"
 128      05D2018B 
 128      7361208E 
 128      0ED125F0 
 128      A2
 129 008b F9BA27DA 		.ascii	"\371\272'\332\205'\030\014\332~\237N\275/T[\240\230"
 129      8527180C 
 129      DA7E9F4E 
 129      BD2F545B 
 129      A098
 130 009d B64BCBD9 		.ascii	"\266K\313\331\301p\331\200\224\215\322\357\371v\370"
 130      C170D980 
 130      948DD2EF 
ARM GAS  /var/folders/45/ct_yb_0s4l984dg097s5d1mh0000gp/T//ccs5AtJz.s 			page 10


 130      F976F8
 131 00ac 5253CB51 		.ascii	"RS\313QOp\226\244\352A\024\341&\212\324\335\267PF\265"
 131      4F7096A4 
 131      EA4114E1 
 131      268AD4DD 
 131      B75046B5 
 132 00c0 B3D3F39D 		.ascii	"\263\323\363\235\266\330\017F\361\205\037_|^\332\247"
 132      B6D80F46 
 132      F1851F5F 
 132      7C5EDAA7 
 133 00d0 710B1921 		.ascii	"q\013\031!\367yB`\010\342_ \245\030n\243\224\312W\333"
 133      F7794260 
 133      08E25F20 
 133      A5186EA3 
 133      94CA57DB 
 134 00e4 E79321E1 		.ascii	"\347\223!\341j\350\371\305\201\034\362\320g}\032j\340"
 134      6AE8F9C5 
 134      811CF2D0 
 134      677D1A6A 
 134      E0
 135 00f5 CE56A8C1 		.ascii	"\316V\250\3010\254\241k\262+Y(\016h\350\302T\246\323"
 135      30ACA16B 
 135      B22B5928 
 135      0E68E8C2 
 135      54A6D3
 136 0108 FE7B6BBF 		.ascii	"\376{k\277\206r\214l\205r\206\273(U\365+_\347\247B\""
 136      86728C6C 
 136      857286BB 
 136      2855F52B 
 136      5FE7A742 
 137 011d A2B15786 		.ascii	"\242\261W\206\006'\303%\031\215\235\3511S\322o.\366"
 137      0627C325 
 137      198D9DE9 
 137      3153D26F 
 137      2EF6
 138 012f 8489D1FF 		.ascii	"\204\211\321\377\341\352\241\352w7r\335\273-\003\367"
 138      E1EAA1EA 
 138      773772DD 
 138      BB2D03F7 
 139 013f 50A2CC20 		.ascii	"P\242\314 \017\356\303b\240\340\332K\323\227\271\365"
 139      0FEEC362 
 139      A0E0DA4B 
 139      D397B9F5 
 140 014f 56E9677F 		.ascii	"V\351g\177\241?\323\201=\240;-\256\026\241\026C\251"
 140      A13FD381 
 140      3DA03B2D 
 140      AE16A116 
 140      43A9
 141 0161 37D562A9 		.ascii	"7\325b\251\255\255\026GK\012A\331Q\000\025\207\241\372"
 141      ADAD1647 
 141      4B0A41D9 
 141      51001587 
 141      A1FA
 142 0173 63EC2C91 		.ascii	"c\354,\221\323\330\244\317\332H8EM>\373\210\306\364"
 142      D3D8A4CF 
 142      DA483845 
 142      4D3EFB88 
ARM GAS  /var/folders/45/ct_yb_0s4l984dg097s5d1mh0000gp/T//ccs5AtJz.s 			page 11


 142      C6F4
 143 0185 E2145757 		.ascii	"\342\024WW*\001)\021b\237\3218\362i5\242R)\001\022\230"
 143      2A012911 
 143      629FD138 
 143      F26935A2 
 143      52290112 
 144 019a 6C197B6E 		.ascii	"l\031{n\2539\232\272\273\321\261\351\254\225\306\305"
 144      AB399ABA 
 144      BBD1B1E9 
 144      AC95C6C5 
 145 01aa 062925B5 		.ascii	"\006)%\265e\023\006\017T;t6\327\372\352M\201{U\006G"
 145      6513060F 
 145      543B7436 
 145      D7FAEA4D 
 145      817B5506 
 146 01bf 1C3ED2E8 		.ascii	"\034>\322\350V=1<\204\253\251'*\002f\276C\2521M\245"
 146      563D313C 
 146      84ABA927 
 146      2A0266BE 
 146      43AA314D 
 147 01d4 6CC1B8A6 		.ascii	"l\301\270\246j\352M\264\231\001\227 \241\304\310>\240"
 147      6AEA4DB4 
 147      99019720 
 147      A1C4C83E 
 147      A0
 148 01e5 79663CB2 		.ascii	"yf<\262\221+\320\026\267\321\267\321[\236\357u\345\220"
 148      912BD016 
 148      B7D1B7D1 
 148      5B9EEF75 
 148      E590
 149 01f7 6E955CA1 		.ascii	"n\225\\\241\012}hl8\021\0143%\234\300\202\265c\001\221"
 149      0A7D686C 
 149      38110C33 
 149      259CC082 
 149      B5630191 
 150 020b B123A106 		.ascii	"\261#\241\006\036i\241\\\011}\034\010\365\022\227\355"
 150      1E69A15C 
 150      097D1C08 
 150      F51297ED 
 151 021b 80CB243A 		.ascii	"\200\313$:%t\011\211t\241\2363\021\014\017/\275\266"
 151      25740989 
 151      74A19E33 
 151      110C0F2F 
 151      BDB6
 152 022d E36BD2F1 		.ascii	"\343k\322\361\204\223T\035\"\2138K\211\260\256\247l"
 152      8493541D 
 152      228B384B 
 152      89B0AEA7 
 152      6C
 153 023e 7E26B923 		.ascii	"~&\271#\001\211\265-A\025\312\264'\233\246=\015\264"
 153      0189B52D 
 153      4115CAB4 
 153      279BA63D 
 153      0DB4
 154 0250 24130858 		.ascii	"$\023\010X\010b\345{\235;\247s\333\247\235\330\244\235"
 154      0862E57B 
 154      9D3BA773 
ARM GAS  /var/folders/45/ct_yb_0s4l984dg097s5d1mh0000gp/T//ccs5AtJz.s 			page 12


 154      DBA79DD8 
 154      A49D
 155 0262 844B5C6C 		.ascii	"\204K\\l\231\274]\237\315S;t\360\023\016\015\200S\033"
 155      99BC5D9F 
 155      CD533B74 
 155      F0130E0D 
 155      80531B
 156 0275 3489B782 		.ascii	"4\211\267\202>>(\243\311\226\262\312J7\370\235\212\271"
 156      3E3E28A3 
 156      C996B2CA 
 156      4A37F89D 
 156      8AB9
 157 0287 27AAEADC 		.ascii	"'\252\352\334\272\332j7v\346tMU4\346Fk\242\371\260\362"
 157      BADA6A37 
 157      76E6744D 
 157      5534E646 
 157      6BA2F9B0 
 158 029c 38E3B5F5 		.ascii	"8\343\265\365\274\272\036'E4V\377\007`\341Z\232"
 158      BCBA1E27 
 158      453456FF 
 158      0760E15A 
 158      9A
 159              		.text
 160              		.section	.gnu.lto__writes.2fc7cad0e7fdc21,"",%progbits
 161 0000 789C9552 		.ascii	"x\234\225R]KTQ\024=\353\234\3731\343L\366\007|\020J"
 161      5D4B5451 
 161      143DEB9C 
 161      FB31E34C 
 161      F6077C10 
 162 0015 64A4E642 		.ascii	"d\244\346B\014\024E\357\375\015\015!\301)iz\237\343"
 162      0C1445EF 
 162      FD0D0D21 
 162      C129697A 
 162      9FE3
 163 0027 D798D983 		.ascii	"\327\230\331\203\221N6\\bBj\036$*2\315\217\352\246f"
 163      914E365C 
 163      62426A1E 
 163      242A32CD 
 163      8FEAA666 
 164 003b A968940A 		.ascii	"\251h\224\012a\321Cea\016FD\022\204c\373\234;h\371\244"
 164      61D14365 
 164      610E4644 
 164      128463FB 
 164      9C3B68F9 
 165 0050 97B97BF6 		.ascii	"\227\271{\366\331g\257u\326^\347Z\214\261\210\301\330"
 165      D967AF75 
 165      D65EE75A 
 165      8CB188C1 
 165      D8
 166 0061 51FA8FD1 		.ascii	"Q\372\217\321\013\223\201w\3161\326\030\340\\\364T1"
 166      0B938177 
 166      CE31D618 
 166      E05CF454 
 166      31
 167 0072 5962FC3E 		.ascii	"Yb\374>\300dX\300\360\313\006\240\022\031\000Kra \211"
 167      C06458C0 
 167      F0CB06A0 
ARM GAS  /var/folders/45/ct_yb_0s4l984dg097s5d1mh0000gp/T//ccs5AtJz.s 			page 13


 167      1219004B 
 167      72612089 
 168 0086 CBA24BE0 		.ascii	"\313\242K\340u\313=Wt\010W0\030\264\3741\233\371T\252"
 168      75CB3D57 
 168      74085730 
 168      18B4FC31 
 168      9BF954AA 
 169 009a 9640392D 		.ascii	"\226@9-\363k\223\375\341HN\312&\351]\033=y\263\271\365"
 169      F36B93FD 
 169      E1484ECA 
 169      26E95D1B 
 169      3D79B3B9 
 170 00af 942B384B 		.ascii	"\224+8KSw?\312\360\000e\352\354\207\210P\357\374\354"
 170      53773FCA 
 170      F00065EA 
 170      EC878850 
 170      EFFCEC
 171 00c2 62A72D0E 		.ascii	"b\247-\016\201Q~\365\327\252\307+oi\\\276W\310\203\256"
 171      81517EF5 
 171      D7AAC72B 
 171      6F695CBE 
 171      57C883AE 
 172 00d6 101880F8 		.ascii	"\020\030\200\370\027H%\206ATR\373\237\216\305tP8\032"
 172      17482586 
 172      415452FB 
 172      9F8EC574 
 172      50381A
 173 00e9 7AE56BAE 		.ascii	"z\345k\256\200\"t\342\266\206\032x\264\023j0\014i\350"
 173      802274E2 
 173      B6861A78 
 173      B4136A30 
 173      0C69E8
 174 00fc 86EC4A97 		.ascii	"\206\354J\227\212#\032\372y\246\267\323.B\337\3474\224"
 174      8A231AFA 
 174      79A6B7D3 
 174      2E42DFE7 
 174      3494
 175 010e 63782794 		.ascii	"cx'\2243\214\240R\365\377\374\2768\023\0241\215\355"
 175      338CA052 
 175      F5FFFCBE 
 175      38131431 
 175      8DED
 176 0120 1BE89F0E 		.ascii	"\033\350\237\016W\364jl\241\333\314H\257\245\334\025"
 176      57F46A6C 
 176      A1DBCC48 
 176      AFA5DC15 
 177 0130 2646FF87 		.ascii	"&F\377\207\253\207\272?\336/t\357\263\014<F\2052\203"
 177      AB87BA3F 
 177      DE2F74EF 
 177      B30C3C46 
 177      853283
 178 0143 3C78028B 		.ascii	"<x\002\213\201\222\273oLO\0266\333\244\267\276\214\334"
 178      8192BB6F 
 178      4C4F1636 
 178      DBA4B7BE 
 178      8CDC
 179 0155 48683FE8 		.ascii	"Hh?\350H\213\253 T0(\330\246\012\226Z\332*\004\264\242"
ARM GAS  /var/folders/45/ct_yb_0s4l984dg097s5d1mh0000gp/T//ccs5AtJz.s 			page 14


 179      488BAB20 
 179      543028D8 
 179      A60A965A 
 179      DA2A04B4 
 180 016a 20941B21 		.ascii	" \224\033!\250<\0145\036c\027\211\233nMz\254\235tS\326"
 180      A83C0C35 
 180      1E631789 
 180      9B6E4D7A 
 180      AC9D7453 
 181 017f ECB12F68 		.ascii	"\354\261/h\312nNsu\242:?#\202\354\033\232\206WVb\252"
 181      CA6E4E73 
 181      75A23A3F 
 181      2382EC1B 
 181      9A865756 
 182 0195 9411207D 		.ascii	"\224\021 }\351\326\261W\266\272FS\0177:6;ieq\243QJI"
 182      E9D6B157 
 182      B6BA4653 
 182      0F373A36 
 182      3B696571 
 183 01ad 53050883 		.ascii	"S\005\010\203\247j\032\332[h{\373!\344\334\221\376\026"
 183      A76A1ADA 
 183      5B687BFB 
 183      21E4DC91 
 183      FE16
 184 01bf 87872CBA 		.ascii	"\207\207,\272\325H\014\317\340h\352\251\250\317\314"
 184      D5480CCF 
 184      E068EAA9 
 184      A8CFCC
 185 01ce F74835A6 		.ascii	"\367H5\246\251\224+\030\327T\315=\251\353\246\317%H"
 185      A9942B18 
 185      D754CD3D 
 185      A9EBA6CF 
 185      2548
 186 01e0 2831B265 		.ascii	"(1\262e\264\314\215\307\266j!\355p;}\032=U\305Y\373"
 186      B4CC8DC7 
 186      B66A21ED 
 186      703B7D1A 
 186      3D55C559 
 187 01f5 4EE851C9 		.ascii	"N\350Q\311\025\352\320\233\306\226\023\376]fD\300\267"
 187      15EAD09B 
 187      C69613FE 
 187      5D6644C0 
 187      B7
 188 0206 60F5B84F 		.ascii	"`\365\270Od\354I\250\215\011-\224+\241\317}\241nj\245"
 188      64EC49A8 
 188      8D092D94 
 188      2BA1CF7D 
 188      A16E6AA5 
 189 021a 28D4243A 		.ascii	"(\324$:%4\217T\266T_3\021\014\015\345\337\331\311\015"
 189      25348F54 
 189      B6545F33 
 189      110C0DE5 
 189      DFD9C90D 
 190 022e 19704530 		.ascii	"\031pE0\255&\304$\222L7\207I\215+J|A\371c>\211\265+"
 190      AD26C424 
 190      924C3787 
 190      498D2B4A 
ARM GAS  /var/folders/45/ct_yb_0s4l984dg097s5d1mh0000gp/T//ccs5AtJz.s 			page 15


 190      7C41F963 
 191 0246 41879569 		.ascii	"A\207\225i/\266M{\351kI\247\340\263\330DT\234u\341\222"
 191      2FB64D7B 
 191      E96B49A7 
 191      E0B3D844 
 191      549C75E1 
 192 025b AEED9E76 		.ascii	"\256\355\236vj\233v\032\016q\2615\362vp\276H\035\240"
 192      6A9B761A 
 192      0E71B135 
 192      F27670BE 
 192      481DA0
 193 026e 8D751038 		.ascii	"\215u\0208\304i\014!\226\226\004}|PF\223-\221h\324\361"
 193      C4690C21 
 193      9696047D 
 193      7C504693 
 193      2D9168D4 
 194 0283 7FE712CE 		.ascii	"\177\347\022\316\231\352z\247\276\256\306I\\8_[\035"
 194      99EA7AA7 
 194      BEAEC649 
 194      5C385F5B 
 194      1D
 195 0294 4F38F1DA 		.ascii	"O8\361\332x1\215\236f\274\256\201\3274\340\254\210'"
 195      78318D9E 
 195      66BCAE81 
 195      D734E0AC 
 195      8827
 196 02a6 1AFE0266 		.ascii	"\032\376\002f\243Z\017"
 196      A35A0F
 197              		.text
 198              		.section	.gnu.lto_msObjectInit.2fc7cad0e7fdc21,"",%progbits
 199 0000 789C9D92 		.ascii	"x\234\235\222\337KSa\030\307\337\357y\317/\031J\027"
 199      DF4B5361 
 199      18C7DFEF 
 199      79CF2F19 
 199      4A17
 200 0012 5D4479E1 		.ascii	"]Dy\341E\260\006\261\323]7A\227\365ohL\022\034\206\253"
 200      45B006B1 
 200      D35D3741 
 200      97F56F68 
 200      4C121C86 
 201 0027 9B0876B6 		.ascii	"\233\010v\266\2716)\243\213\\1N2\314\265\253\221aY:"
 201      B93629A3 
 201      8B5C314E 
 201      32CCB5AB 
 201      9161593A 
 202 003b 6BA795AB 		.ascii	"k\247\225\253\2343\214\204\244\262\310\210\022*B!\223"
 202      9C338C84 
 202      A4B2C888 
 202      122A4221 
 202      93
 203 004c D29EF7DD 		.ascii	"\322\236\367\335\202\222n\362\345\034\316\363\236\363"
 203      82926EF2 
 203      E51CCEF3 
 203      9EF3
 204 005a 7C3FCFF7 		.ascii	"|?\317\367<\317\2533\306\0069c\007\351\271\213np\006"
 204      3CCFAB33 
 204      C6063963 
ARM GAS  /var/folders/45/ct_yb_0s4l984dg097s5d1mh0000gp/T//ccs5AtJz.s 			page 16


 204      07E9B98B 
 204      6E7006
 205 006d E5FC0C63 		.ascii	"\345\374\014c\021S\001D`\233`a\005a\234\345\0278J\211"
 205      11530144 
 205      609B6061 
 205      05619CE5 
 205      17384A89 
 206 0081 F7638A2F 		.ascii	"\367c\212/g\323r/\016\030\247\355\370\016\207\344)\272"
 206      67D3722F 
 206      0E18A7ED 
 206      F80E87E4 
 206      29BA
 207 0093 C5C2087C 		.ascii	"\305\302\010|\2245\3333\354\3603\334\341\200J\333\257"
 207      9435DB33 
 207      ECF033DC 
 207      E1804ADB 
 207      AF
 208 00a4 D5F46293 		.ascii	"\325\364b\223\330*h\241\355\362\227\271J\003\337\013"
 208      D82A68A1 
 208      EDF297B9 
 208      4A03DF0B 
 209 00b4 46F1EAFC 		.ascii	"F\361\352\374\350\036o\326\266\243\266;=\304\355\335"
 209      E81E6FD6 
 209      B6A3B63B 
 209      3DC4EDDD 
 210 00c4 0EE71805 		.ascii	"\016\347\030\005'\036n\242\0317\320\314\350\025\303"
 210      271E6EA2 
 210      1937D0CC 
 210      E815C3
 211 00d3 2D78293B 		.ascii	"-x);\327S\230o\340\373\244r\370\365\312\252Y\227\376"
 211      D753986F 
 211      E0FBA472 
 211      F8F5CAAA 
 211      5997FE
 212 00e6 C84AA98A 		.ascii	"\310J\251\212\333\233\245*\303\230\224\016F\346*\215"
 212      DB9BA52A 
 212      C398940E 
 212      46E62A8D 
 213 00f6 7CBF94BE 		.ascii	"|\277\224\276\351\315\367\251ui\371\362\366+1\373\260"
 213      E9CDF7A9 
 213      7569F9F2 
 213      F62B31FB 
 213      B0
 214 0107 C3358C6F 		.ascii	"\3035\214o\026k\014\005)\376\226+M\252\374\200\024/"
 214      166B0C05 
 214      29FE962B 
 214      4DAAFC80 
 214      142F
 215 0119 A5A6C6B5 		.ascii	"\245\246\306\265\337uk\2265L\374Cz\007^\221\377\366"
 215      DF756B96 
 215      354CFC43 
 215      7A075E91 
 215      FFF6
 216 012b FA7A7FA3 		.ascii	"\372z\177\243\256\326Z\204\273\320\031(\270\366Ts\355"
 216      AED65A84 
 216      BBD01928 
 216      B8F65473 
ARM GAS  /var/folders/45/ct_yb_0s4l984dg097s5d1mh0000gp/T//ccs5AtJz.s 			page 17


 216      ED
 217 013c F58D84ED 		.ascii	"\365\215\204\355\276\313\242x\310C\315\246_T!\334\352"
 217      BECBA278 
 217      C843CDA6 
 217      5F5421DC 
 217      EA
 218 014d 10654D48 		.ascii	"\020eMH\002K\222\216\346`\273\254\227+\"\212\271l\011"
 218      024B928E 
 218      E660BBAC 
 218      972B228A 
 218      B96C09
 219 0160 D1B544BE 		.ascii	"\321\265D\276pJ\340\250D*^zb\210\376r\351p\242T-\353"
 219      704AE0A8 
 219      442A5E7A 
 219      6288FE72 
 219      E970A254 
 220 0176 190C4468 		.ascii	"\031\014DhH\231\235\016\327\323\324\370\"\331\022\037"
 220      48999D0E 
 220      D7D3D4F8 
 220      22D9121F 
 221 0186 9F259E2F 		.ascii	"\237%\236/x\254\274\030`\213\303\015\270\310\240_N\017"
 221      78ACBC18 
 221      608BC30D 
 221      B8C8A05F 
 221      4E0F
 222 0198 F760FD09 		.ascii	"\367`\375\0113$,\266V\\n\012\377\264i\314FF\344\321"
 222      33242CB6 
 222      565C6E0A 
 222      FFB469CC 
 222      4646E4D1 
 223 01ac BBEFB39F 		.ascii	"\273\357\263\237\222\036Q`\233\303M\334\247\263Q\252"
 223      921E5160 
 223      9BC34DDC 
 223      A7B351AA 
 224 01bc D3634323 		.ascii	"\323cC#qP\366%\252|\025\202\361\200\370\304\236DX\270"
 224      7150F625 
 224      AA7C1582 
 224      F180F8C4 
 224      9E4458B8 
 225 01d0 4E7F7CB1 		.ascii	"N\177|\261h\324]\377\207M\025eiSt\016\017a\245i\256"
 225      68D45DFF 
 225      874D1565 
 225      6953740E 
 225      0F61A569 
 226 01e5 92F6722B 		.ascii	"\222\366r+4\015\217$M\021\264\307\202\246\327h\257\266"
 226      340D8F24 
 226      4D11B4C7 
 226      82A6D768 
 226      AFB6
 227 01f7 469B9234 		.ascii	"F\233\22249\336\212\240\231\202\266\362aak\264iIS\005"
 227      39DE8AA0 
 227      9982B6F2 
 227      61616BB4 
 227      69495305 
 228 020b ADFAF740 		.ascii	"\255\372\367@40\314\220\3523\242\231\215s\220gI\254"
 228      3430CC90 
 228      EA33A299 
ARM GAS  /var/folders/45/ct_yb_0s4l984dg097s5d1mh0000gp/T//ccs5AtJz.s 			page 18


 228      8D739067 
 228      49AC
 229 021d 24F585CE 		.ascii	"$\365\205\316\005\375\216\317\357\267jWW\310:\332\332"
 229      05FD8ECF 
 229      EFB76A57 
 229      57C83ADA 
 229      DA
 230 022e 697576B4 		.ascii	"iuv\264Y\241\343\335\201\326`\310\012\006\202\365\320"
 230      59A1E3DD 
 230      81D660C8 
 230      0A0682F5 
 230      D0
 231 023f 7F84F160 		.ascii	"\177\204\361`\350\230\336v\242\275=\320\255\206:N\006"
 231      E898DE76 
 231      A2BD3DD0 
 231      AD863A4E 
 231      06
 232 0250 78A02BF4 		.ascii	"x\240+\364\013\234\322E\202"
 232      0B9CD245 
 232      82
 233              		.text
 234              		.section	.gnu.lto_vmt.2fc7cad0e7fdc21,"",%progbits
 235 0000 789C6363 		.ascii	"x\234cc``\330\000\304\332\014\0200\205\231q\347\316"
 235      6060D800 
 235      C4DA0C10 
 235      30859971 
 235      E7CE
 236 0012 37B7D9EB 		.ascii	"7\267\331\353\3776t44<\350^\317<\233y\0163\3034f\014"
 236      FF367434 
 236      343CE85E 
 236      CF3C9B79 
 236      0E33C334 
 237 0028 B905DB78 		.ascii	"\271\005\333x\34603Ncf\304\220\370\006\324\3014\215"
 237      E630334E 
 237      6366C490 
 237      F806D4C1 
 237      348D
 238 003a 99094362 		.ascii	"\231\011Cb\023P\202y\03233Xb\375\233\235?y\273\201\""
 238      13508279 
 238      1A333358 
 238      62FD9B9D 
 238      3F79BB81 
 239 004f 2C8C20EE 		.ascii	",\214 \356\331\373s\2370Ylk\350X\320\0200\207\231u*"
 239      D9FB739F 
 239      30596C6B 
 239      E858D010 
 239      30879975 
 240 0064 3303E376 		.ascii	"3\003\343vF\231\251\314\214\214\333\030\353\247231n"
 240      4699A9CC 
 240      8C8CDB18 
 240      EBA73233 
 240      316E
 241 0076 0551CC8C 		.ascii	"\005Q\314\214[@\024\013\343f\306z\006\306\035\214\026"
 241      5B40140B 
 241      E366C67A 
 241      06C61D8C 
 241      16
ARM GAS  /var/folders/45/ct_yb_0s4l984dg097s5d1mh0000gp/T//ccs5AtJz.s 			page 19


 242 0087 0C9A7A7A 		.ascii	"\014\232zz\372\020\224_\254\237\221\230\243\237\223"
 242      FA10945F 
 242      AC9F9198 
 242      A39F93
 243 0096 99A45F5C 		.ascii	"\231\244_\\R\224\232\230[\254\237\233\232\013e\352%"
 243      52949A98 
 243      5BAC9F9B 
 243      9A0B65EA 
 243      25
 244 00a7 330000E6 		.ascii	"3\000\000\346\217N\177"
 244      8F4E7F
 245              		.text
 246              		.section	.gnu.lto_.symbol_nodes.2fc7cad0e7fdc21,"",%progbits
 247 0000 789C5DC9 		.ascii	"x\234]\311\261\015\302@\020D\321\177s\276k\003\311\225"
 247      B10DC240 
 247      1044D17F 
 247      73BE6B03 
 247      C995
 248 0012 4065BB11 		.ascii	"@e\273\021!r\011.\0039#\006\316\320\003\241\213`\205"
 248      2172092E 
 248      03392306 
 248      CED003A1 
 248      8B6085
 249 0025 4572C1E8 		.ascii	"Er\301\350Ko*p\211\241\247\014\246\006\221\353|\363"
 249      4B6F2A70 
 249      89A1A70C 
 249      A60691EB 
 249      7CF3
 250 0037 1AD664A9 		.ascii	"\032\326d\251\267\207L\275\335e\271\267\227l\370\333"
 250      B7874CBD 
 250      DD65B9B7 
 250      976CF8DB 
 251 0047 E22728AB 		.ascii	"\342'(\253\360\021rz\313\312\357\002\367c\210*\237\363"
 251      F011727A 
 251      CBCAEF02 
 251      F763882A 
 251      9FF3
 252 0059 76C8792F 		.ascii	"v\310y/_U\020&\352"
 252      5F551026 
 252      EA
 253              		.text
 254              		.section	.gnu.lto_.refs.2fc7cad0e7fdc21,"",%progbits
 255 0000 789C6363 		.ascii	"x\234cc``\020\000bF\026&VF\026V&f&&&\006&F\006\000\003"
 255      60601000 
 255      62461626 
 255      56461656 
 255      26662626 
 256 001b 51003B   		.ascii	"Q\000;"
 257              		.text
 258              		.section	.gnu.lto_.decls.2fc7cad0e7fdc21,"",%progbits
 259 0000 789CB556 		.ascii	"x\234\265VkP\023Y\026\356\3337$!\341\341\250\3458\265"
 259      6B501359 
 259      16EEDB37 
 259      2421E1E1 
 259      A8E538B5 
 260 0014 54ADE330 		.ascii	"T\255\3430\265\314VAD\267J\177\356\226?f\367\207\273"
 260      B5CC5641 
ARM GAS  /var/folders/45/ct_yb_0s4l984dg097s5d1mh0000gp/T//ccs5AtJz.s 			page 20


 260      44B74A7F 
 260      EE963F66 
 260      F787BB
 261 0027 55EBCCD6 		.ascii	"U\353\314\326ZS\2651\206\000\231%\011\23343\343\376"
 261      5A53B531 
 261      86009925 
 261      099B3433 
 261      E3FE
 262 0039 6A1014A3 		.ascii	"j\020\024\243(\017_((\253(\206\207\342\002*\3620\212"
 262      280F5F28 
 262      28AB2886 
 262      87E2022A 
 262      F2308A
 263 004c A2E30319 		.ascii	"\242\343\003\031|\217\010.\342sfDDa\000\205=\367\336"
 263      7C8F082E 
 263      E2736644 
 263      44610085 
 263      3DF7DE
 264 005f EEA409C9 		.ascii	"\356\244\011\311\254?v\2728t\356\351s\277\357\234\357"
 264      AC3F76BA 
 264      3874EEE9 
 264      73BFEF9C 
 264      EF
 265 0070 9EBEB7D5 		.ascii	"\236\276\267\325\034\307\235\216\346\270O0\307\211<"
 265      1CC79D8E 
 265      E6B84F30 
 265      C7893C
 266 007f C74DC2A5 		.ascii	"\307M\302\245\001\337)05\230\021\254\031\354$X\033X"
 266      01DF2930 
 266      359811AC 
 266      19EC2458 
 266      1B58
 267 0091 3B980671 		.ascii	";\230\006q\364\"\317\365\360;\022,\032\354\035\260\271"
 267      F422CFF5 
 267      F03B122C 
 267      1AEC1DB0 
 267      B9
 268 00a2 60716024 		.ascii	"`q`$\344#)N\276\336\005|\035\334g\202\315\006\353V\340"
 268      E423294E 
 268      BEDE057C 
 268      1DDC6782 
 268      CD06EB56 
 269 00b7 13CC1512 		.ascii	"\023\314\025\022\217\0321.H\211\233\000C0\306\022\246"
 269      8F1A312E 
 269      48899B00 
 269      4330C612 
 269      A6
 270 00c8 3E00935C 		.ascii	">\000\223\\\277\010\201K0\011v0\\\2029\311\371q#\203"
 270      BF08814B 
 270      30097630 
 270      5C8239C9 
 270      F9712383 
 271 00dc E0FE3200 		.ascii	"\340\3762\000\267M\302=\251\310\227`\376\032l\001\232"
 271      B74DC23D 
 271      A9C89760 
 271      FE1A6C01 
 271      9A
ARM GAS  /var/folders/45/ct_yb_0s4l984dg097s5d1mh0000gp/T//ccs5AtJz.s 			page 21


 272 00ed 8E0BD3A9 		.ascii	"\216\013\323\251.qA\260?\200\207\372 \330\355\334t-"
 272      2E7141B0 
 272      3F8087FA 
 272      20D8EDDC 
 272      742D
 273 00ff 94F84A3D 		.ascii	"\224\370J=\010\376;!\360\023\341a8\334W*8\010\256\274"
 273      08FE3B21 
 273      F013E161 
 273      38DC572A 
 273      3808AEBC 
 274 0113 8E04771C 		.ascii	"\216\004w\034\356c`a`o\244\234e|R\003\201\235\033b-"
 274      EE636061 
 274      606FA49C 
 274      657C5203 
 274      819D1B62 
 275 0128 97F36CFD 		.ascii	"\227\363l\375_\200\365\200\365\203=\225\264\2261\207"
 275      5F80F580 
 275      F5833D95 
 275      B4963187 
 276 0138 C15E818D 		.ascii	"\301^\201\215\202\015\201\215\200\251$\255\365\212\236"
 276      820D818D 
 276      80A924AD 
 276      F58A9E
 277 0147 09BCB660 		.ascii	"\011\274\266`t8\247\337\243\335\200Q\214\016M\"2\376"
 277      7438A7DF 
 277      A3DD8051 
 277      8C0E4D22 
 277      32FE
 278 0159 BE713492 		.ascii	"\276q4\222\215\311\343\363\015\335\223z\314\323\337"
 278      8DC9E3F3 
 278      0DDD937A 
 278      CCD3DF
 279 0168 97F7DD39 		.ascii	"\227\367\3359\241N\250\026\331\245\375\214C\015\010"
 279      A14EA816 
 279      D9A5FD8C 
 279      430D08
 280 0177 CB38F5DE 		.ascii	"\3138\365\336\241\032\025\376\015\011\344\217\324\364"
 280      A11A15FE 
 280      0D09E48F 
 280      D4F4
 281 0185 7F8EE274 		.ascii	"\177\216\342t\007H\230wdd\316qQ\234\201\032\221\016"
 281      07489877 
 281      6464CE71 
 281      519C811A 
 281      910E
 282 0197 1D43181D 		.ascii	"\035C\030\035E\011\244\342\030\262\336\271\242\230%"
 282      4509A4E2 
 282      18B2DEB9 
 282      A29825
 283 01a6 8AFB443C 		.ascii	"\212\373D<\227C\213b\320\202\030\016\035Gq\204\233D"
 283      97438B62 
 283      D082180E 
 283      1D477184 
 283      9B44
 284 01b8 A17A1483 		.ascii	"\241z\024\203\352P\014\201\367\3549x&\0227 \212\337"
 284      EA500C81 
 284      F7EC3978 
ARM GAS  /var/folders/45/ct_yb_0s4l984dg097s5d1mh0000gp/T//ccs5AtJz.s 			page 22


 284      26123720 
 284      8ADF
 285 01ca 5333D081 		.ascii	"S3\320\201}\004\003\207\347\327\345\210\"\217\232\201"
 285      7D040387 
 285      E7D7E588 
 285      228F9A81 
 286 01da E1849F01 		.ascii	"\341\204\237\001\010\203S4\005\241 \223\201\346\233"
 286      08835334 
 286      05A12093 
 286      81E69B
 287 01e9 ECDA120C 		.ascii	"\354\332\022\014\325\317\324!\025\014\007/\357\274\037"
 287      D5CFD421 
 287      150C072F 
 287      EFBC1F
 288 01f8 05C3D93A 		.ascii	"\005\303\331:4\017\206\225\365\325\007\242#\334\004"
 288      340F8695 
 288      F5D507A2 
 288      23DC04
 289 0207 B16C8D18 		.ascii	"\261l\215\030\376{\312\330\012\010-\200\300\241\223"
 289      FE7BCAD8 
 289      0A082D80 
 289      C0A193
 290 0216 28828841 		.ascii	"(\202\210A\356\020|\367\274\247\212@\255\000a\341\212"
 290      EE107CF7 
 290      BCA78A40 
 290      AD0061E1 
 290      8A
 291 0227 5668BB82 		.ascii	"Vh\273\202i[>:p,\002{\250\270\374\345\316\221\023Z\244"
 291      695B3E3A 
 291      702C027B 
 291      A8B8FCE5 
 291      CE91135A 
 292 023c 8BCBF5A1 		.ascii	"\213\313\365\241s>ht\0062^!e|\012\234^p\262\342\317"
 292      733E6874 
 292      06325E21 
 292      657C0A9C 
 292      5E70B2E2 
 293 0251 75CC6FEA 		.ascii	"u\314o\352\021\305y\250\015R9\355/~\005\251\2358\201"
 293      11C579A8 
 293      0D5239ED 
 293      2F7E05A9 
 293      9D3881
 294 0264 67F4D169 		.ascii	"g\364\321iQ\245\223\204\310\375\037B@|\347\225\232\001"
 294      51A59384 
 294      C8FD1F42 
 294      407CE795 
 294      9A01
 295 0276 5E59E6D9 		.ascii	"^Y\346\331)e\266Ke\266\3232\273\236_*\3253\305f\300"
 295      2965B64B 
 295      65B6D332 
 295      BB9E5F2A 
 295      D533C566 
 296 028b 7067D3CB 		.ascii	"pg\323\313\013al\250\205\341H\305\351\263*\274\037\323"
 296      0B616CA8 
 296      85E148C5 
 296      E9B32ABC 
 296      1FD3
ARM GAS  /var/folders/45/ct_yb_0s4l984dg097s5d1mh0000gp/T//ccs5AtJz.s 			page 23


 297 029d 7AF7665E 		.ascii	"z\367f^\277\030\211=lP\221\335t;\034\037b\203\202\311"
 297      BF18893D 
 297      6C5091DD 
 297      743B1C1F 
 297      628382C9 
 298 02b1 F26BE1B8 		.ascii	"\362k\341\270\201\015&\007\206z\"p#\033\324\367vU\350"
 298      810D2607 
 298      867A2270 
 298      231BD4F7 
 298      7655E8
 299 02c4 55F00A50 		.ascii	"U\360\012P\255\355*\342;\343\336\260\234\272\214\021"
 299      ADED2AE2 
 299      3BE3DEB0 
 299      9CBA8C11 
 300 02d4 A80351D7 		.ascii	"\250\003Q\327\331\311\021o4\243\345\025I\315fI\345\344"
 300      D9C9116F 
 300      34A3E515 
 300      49CD6649 
 300      E5E4
 301 02e6 D56CD7C1 		.ascii	"\325l\327\301P\315\226B\003\256\376\347cGU\314Et\374"
 301      50CD9642 
 301      03AEFEE7 
 301      634755CC 
 301      4574FC
 302 02f9 0A5CA5C5 		.ascii	"\012\\\245\305\335G\242p\013\345\345[\257\036\317\216"
 302      DD47A270 
 302      0BE5E55B 
 302      AF1ECF8E 
 303 0309 F4F7F0B1 		.ascii	"\364\367\360\261_e\256#-v\003\222\270\346WY-u\2308m"
 303      5F65AE23 
 303      2D760392 
 303      B8E65759 
 303      2D759838 
 304 031e C5AE83B4 		.ascii	"\305\256\203\264jI\332\253\340\354b\322\276\030}^\257"
 304      6A49DAAB 
 304      E0EC62D2 
 304      BE187D5E 
 304      AF
 305 032f C2E71847 		.ascii	"\302\347\030G]\321\353\035Q\2126^\330@\333\3706p\334"
 305      5DD1EB1D 
 305      518A365E 
 305      D840DBF8 
 305      3670DC
 306 0342 F473DC40 		.ascii	"\364s\334@!In\005'\271\271\361\352\0355\276\302H\216"
 306      21496E05 
 306      27B9B9F1 
 306      EA1D35BE 
 306      C2488E
 307 0355 5DEC1E57 		.ascii	"]\354\036W\274+c\261;\306H\273t\003\311\267~\222\333"
 307      BC2B63B1 
 307      3BC648BB 
 307      7403C9B7 
 307      7E92DB
 308 0368 A149EE04 		.ascii	"\241I\356\004'\031\273\361$K;w\033\231\221\277F\234"
 308      2719BBF1 
 308      244B3B77 
 308      1B9991BF 
ARM GAS  /var/folders/45/ct_yb_0s4l984dg097s5d1mh0000gp/T//ccs5AtJz.s 			page 24


 308      469C
 309 037a C153C46F 		.ascii	"\301S\304o\340y'm\222\273h.\374\277\202Tlw\030\271\325"
 309      E079276D 
 309      92BB682E 
 309      FCBF8254 
 309      6C7718B9 
 310 038f D239A5A5 		.ascii	"\3229\245\245\340\271\242\245zXKA\340\263\265'\356F"
 310      E0B9A2A5 
 310      7A584B41 
 310      E0B3B527 
 310      EE46
 311 03a1 E14D2ABA 		.ascii	"\341M*\272\370%\375y\233\302\350J\267\371\026\277\271"
 311      F825FD79 
 311      9BC2E84A 
 311      B7F916BF 
 311      B9
 312 03b2 EBC803E6 		.ascii	"\353\310\003\346\203\327\014\335c\313\377\246\365T5"
 312      83D70CDD 
 312      63CBFFA6 
 312      F55435
 313 03c1 965BE23F 		.ascii	"\226[\342?\314\367\254>k=\257L\260mJ\202\367i\202}r"
 313      CCF7AC3E 
 313      6B3DAF4C 
 313      B06D4A82 
 313      F769827D 
 314 03d6 82AD0D9E 		.ascii	"\202\255\015\236^\244L\360\376\224\004\373}\011^\177"
 314      5EA44CF0 
 314      FE9404FB 
 314      7D095E7F 
 315 03e6 D438ACC7 		.ascii	"\3248\254\307E\241\023\354.\352kb\035\013/\010z\310"
 315      45A113EC 
 315      2EEA6B62 
 315      1D0B2F08 
 315      7AC8
 316 03f8 92C97B29 		.ascii	"\222\311{)^\211\226\023|\304|\236\273\2337E\207N\360"
 316      5E899613 
 316      7CC47C9E 
 316      BB9B3745 
 316      874EF0
 317 040b 094DF0B1 		.ascii	"\011M\360\261\234\340\301\375oj\302\225\011>\231\222"
 317      9CE0C1FD 
 317      6F6AC295 
 317      093E9992 
 318 041b E0535F82 		.ascii	"\340S_\202\207\272\036\277\342q1K\260\253\271\252#\012"
 318      87BA1EBF 
 318      E271314B 
 318      B0ABB9AA 
 318      230A
 319 042d 7BD860F0 		.ascii	"{\330`\360u\351\261p\366\222\314&\242\365\346\347k\330"
 319      75E9B170 
 319      F692CC26 
 319      A2F5E6E7 
 319      6BD8
 320 043f 4B524677 		.ascii	"KRFw\376\273{s#\361Q\026{\250z\274V''\314\012{ \366"
 320      FEBB7B73 
 320      23F15116 
 320      7BA87ABC 
ARM GAS  /var/folders/45/ct_yb_0s4l984dg097s5d1mh0000gp/T//ccs5AtJz.s 			page 25


 320      562727CC 
 321 0457 D544855E 		.ascii	"\325D\205^\361A\232\357s9\337\252\315U\357*\323\035"
 321      F1419AEF 
 321      7339DFAA 
 321      CD55EF2A 
 321      D31D
 322 0469 9C92EE0B 		.ascii	"\234\222\356\0139]M\355\325\274\0065\212\235\025\033"
 322      395D4DED 
 322      D5BC0635 
 322      8A9D151B 
 323 0479 1B1B17BB 		.ascii	"\033\033\027\273\227\304{on\306\023\355k\305|\023\351"
 323      97C47B6F 
 323      6EC613ED 
 323      6BC57C13 
 323      E9
 324 048a 0B7419BA 		.ascii	"\013t\031\272\364%\232\345o\310\363\024\241\225\374"
 324      F4259AE5 
 324      6FC8F314 
 324      A195FC
 325 0499 E70A6836 		.ascii	"\347\012h6`@\213\236A\304\017$\342{i\012\364,\372\021"
 325      60408B9E 
 325      41C40F24 
 325      E27B690A 
 325      F42CFA11 
 326 04ad DA7718C5 		.ascii	"\332w\030\305\242W`\243`C`#(\226\036[\214\256\023\235"
 326      A25760A3 
 326      60436023 
 326      28961E5B 
 326      8CAE139D 
 327 04c1 5F40F443 		.ascii	"_@\364C\017\002\231\014~\"E(Y\246\357\202\206&\006D"
 327      0F02990C 
 327      7E224528 
 327      59A6EF82 
 327      86260644 
 328 04d5 42956820 		.ascii	"B\225h 0\362\034\362\205\262w\362\331:\014\247)\011"
 328      30F21CF2 
 328      85B277F2 
 328      D93A0CA7 
 328      2909
 329 04e7 E2A4D7D1 		.ascii	"\342\244\327\321\237\333\360\342\235\2427\033\223\376"
 329      9FDBF0E2 
 329      9DA2371B 
 329      93FE
 330 04f5 43BDC185 		.ascii	"C\275\301\205\240H \270\273\260\240D?K\022$7\244 \\"
 330      A04820B8 
 330      BBB0A044 
 330      3F4B1224 
 330      37A4205C 
 331 0509 483500A3 		.ascii	"H5\000\243p\260ks\244r\325\306\024|\034\032\3675\331"
 331      70B06B73 
 331      A472D5C6 
 331      147C1C1A 
 331      F735D9
 332 051c CBA26F7B 		.ascii	"\313\242o{\243p?\355\025Mg\337\272\325\010\326o\226"
 332      A3703FED 
 332      154D67DF 
 332      BAD508D6 
ARM GAS  /var/folders/45/ct_yb_0s4l984dg097s5d1mh0000gp/T//ccs5AtJz.s 			page 26


 332      6F96
 333 052e 6F05DB8B 		.ascii	"o\005\333\213c\366\255\021A\001\230\201.\001\271\310"
 333      63F6AD11 
 333      41019881 
 333      2E01B9C8 
 334 053e FF84561D 		.ascii	"\377\204V\035\305jV%Q\366B`\264\242\312\200Ex\035\030"
 334      C56A5625 
 334      51F64260 
 334      B4A2CA80 
 334      45781D18 
 335 0552 AA903668 		.ascii	"\252\2206hcp4\234tE\026\037\207\336@\355k\370X4\001"
 335      6370349C 
 335      7445161F 
 335      87DE40ED 
 335      6BF85834 
 336 0567 F74CB84F 		.ascii	"\367L\270ON\357\012\302\362u\360\204X[\260\025\034\336"
 336      4EEF0AC2 
 336      F275F084 
 336      585BB015 
 336      1CDE
 337 0579 31331398 		.ascii	"13\023\230H\330\364%\364UG\366\253\213A\265`X \353\326"
 337      48D8F425 
 337      F45547F6 
 337      AB8B41B5 
 337      605820EB 
 338 058e CA1B37B5 		.ascii	"\312\0337\265\370;*+\177(\313\2755\002\305\315b\034"
 338      F83B2A2B 
 338      7F28CBBD 
 338      3502C5CD 
 338      621C
 339 05a0 5DEF9126 		.ascii	"]\357\221&Y\013s\263y\337\266M\010C\275\0049P\342\333"
 339      590B73B3 
 339      79DFB64D 
 339      0843BD04 
 339      3950E2DB 
 340 05b4 940BB4C3 		.ascii	"\224\013\264\303O\217\336\321(\227}-\257\\\366u<;\360"
 340      4F8FDED1 
 340      28977D2D 
 340      AF5CF675 
 340      3C3BF0
 341 05c7 E10EC127 		.ascii	"\341\016\301'N\265\234\324\367\302\006N6\207\031\024"
 341      4EB59CD4 
 341      F7C2064E 
 341      36871914 
 342 05d7 0221F61F 		.ascii	"\002!\366\037\356\304\330g\255|!\346\007/\317nR(\031"
 342      EEC4D867 
 342      AD7C21E6 
 342      072FCF6E 
 342      522819
 343 05ea C85390CF 		.ascii	"\310S\220\317\303K\030\274\214K\377$\000\244De\317\031"
 343      C34B18BC 
 343      8C4BFF24 
 343      00A44465 
 343      CF19
 344 05fc 9D7CB14F 		.ascii	"\235|\261Oi\366C1\217\271x?\231b\312\264\\9\337c_R\376"
 344      69F64331 
 344      8FB9783F 
ARM GAS  /var/folders/45/ct_yb_0s4l984dg097s5d1mh0000gp/T//ccs5AtJz.s 			page 27


 344      9962CAB4 
 344      5C39DF63 
 345 0613 2291A4D8 		.ascii	"\"\221\244\330S\367\201\306\350{\260?q\350\257\034\227"
 345      53F781C6 
 345      E87BB03F 
 345      71E8AF1C 
 345      97
 346 0624 AFB5D34D 		.ascii	"\257\265\323M\363\\K\311\231h\374#\333A\013\327\337"
 346      F35C4BC9 
 346      9968FC23 
 346      DB410BD7 
 346      DF
 347 0635 FF6C7E99 		.ascii	"\377l~\231\350\275\007\247\356\036\354n[\227'\226\241"
 347      E8BD07A7 
 347      EE1EEC6E 
 347      5B972796 
 347      A1
 348 0646 DFD283CF 		.ascii	"\337\322\203\317\355_A\370\011\377\327\363\367\020\312"
 348      ED5F41F8 
 348      09FFD7F3 
 348      F710CA
 349 0655 E57B016E 		.ascii	"\345{\001n\003?\037&g\367U\345hqE\030E\312\372a(K%A"
 349      033F1F26 
 349      67F755E5 
 349      68714518 
 349      45CAFA61 
 350 066d F5BD07CD 		.ascii	"\365\275\007\315\004\337q\360\235@v\324\215~\244\215"
 350      04DF71F0 
 350      9D4076D4 
 350      8D7EA48D 
 351 067d 81487914 		.ascii	"\201Hy\024\251\375\316\243Q5\256fH\345\007O\225\352"
 351      A9FDCEA3 
 351      5135AE66 
 351      48E5074F 
 351      95EA
 352 068f 25A4F611 		.ascii	"%\244\366\021\354\203\"\207\335&?\324\246@\250\315\024"
 352      EC832287 
 352      DD263FD4 
 352      A640A8CD 
 352      14
 353 06a0 EA6A6573 		.ascii	"\352jes*\256cH\356\203\203urN/\366cq\213H\276\361\311"
 353      2AAE6348 
 353      EE838375 
 353      724E2FF6 
 353      63718B48 
 354 06b7 9994EFC7 		.ascii	"\231\224\357\307\311\017\304)\2408\273\267\025N\350"
 354      C90FC429 
 354      A038BBB7 
 354      154EE8
 355 06c6 715358C8 		.ascii	"qSX\310#\264\266\366\353*\344\363\025\361\324\271q\207"
 355      23B4B6F6 
 355      EB2AE4F3 
 355      15F1D4B9 
 355      7187
 356 06d8 A743EB3B 		.ascii	"\247C\353;\370\2670g\246{[\001;\370\2419\321V\346t\227"
 356      F8B73067 
 356      A67B5B01 
ARM GAS  /var/folders/45/ct_yb_0s4l984dg097s5d1mh0000gp/T//ccs5AtJz.s 			page 28


 356      3BF8A139 
 356      D156E674 
 357 06ed DDEC9CF2 		.ascii	"\335\354\234\362i\262r\216\342\234\332\316\223sj\033"
 357      69B2728E 
 357      E29CDACE 
 357      93736A1B 
 358 06fd 2F9D5345 		.ascii	"/\235SE\267\274\023\221PH\031\0242Q\022\341\223\004"
 358      B7BC1391 
 358      50481914 
 358      325112E1 
 358      9304
 359 070f C250A1BF 		.ascii	"\302P\241\277\224\302\300Rv\320RvU6\325\251\361yV\312"
 359      94C2C052 
 359      76D05276 
 359      5536D5A9 
 359      F17956CA 
 360 0723 E5C34F36 		.ascii	"\345\303O6\300w\027\033\324\356zxA\003\231\241\235d"
 360      C077171B 
 360      D4EE7A78 
 360      410399A1 
 360      9D64
 361 0735 26F5647A 		.ascii	"&\365dz+\"\3615\366x\357\376\335]\341\344q\011<F\273"
 361      2B22F135 
 361      F678EFFE 
 361      DD5DE1E4 
 361      71093C46 
 362 074a 58E2C1B4 		.ascii	"X\342\301\264h\253\031\367\262\012M\021h7\213+m\354"
 362      68AB19F7 
 362      B20A4D11 
 362      68378B2B 
 362      6DEC
 363 075c 2F0D970F 		.ascii	"/\015\227\017\347=\314wc\315\306\341\250\367\273\303"
 363      E73DCC77 
 363      63CDC6E1 
 363      A8F7BBC3 
 364 076c F6885ACA 		.ascii	"\366\210Z\312\326R\374\244NEc\376\305\277\317\336\362"
 364      D652FCA4 
 364      4E4563FE 
 364      C5BFCFDE 
 364      F2
 365 077d BEBC220D 		.ascii	"\276\274\"\015\356a\374\203{\206\016\250\011\377>\250"
 365      EE61FC83 
 365      7B860EA8 
 365      09FF3EA8 
 366 078d 712F1183 		.ascii	"q/\021\203\354\352\335\305\315a\370!\213\250\332^\336"
 366      ECEADDC5 
 366      CD61F821 
 366      8BA8DA5E 
 366      DE
 367 079e 490BD84F 		.ascii	"I\013\330O2,g,k'\266\325a\245\264\220\200$-:\000!\250"
 367      322C672C 
 367      6B27B6D5 
 367      61A5B490 
 367      80242D3A 
 368 07b5 82AA5B26 		.ascii	"\202\252[&\253\333Q\331pV\003\352\336\203N\031i\371"
 368      ABDB51D9 
 368      705603EA 
ARM GAS  /var/folders/45/ct_yb_0s4l984dg097s5d1mh0000gp/T//ccs5AtJz.s 			page 29


 368      DE834E19 
 368      69F9
 369 07c7 E0E4BF1F 		.ascii	"\340\344\277\037\213\271nq\201"
 369      8BB96E71 
 369      81
 370 07d0 98834924 		.ascii	"\230\203I$*\226\005F\245\274\212\214\330\233v\220j["
 370      2A960546 
 370      A5BC8A8C 
 370      D89B7690 
 370      6A5B
 371 07e2 70BAFC1C 		.ascii	"p\272\374\034\376p\237\330\351\245o\320\341\266.\370"
 371      FE709FD8 
 371      E9A56FD0 
 371      E1B62EF8 
 372 07f2 38E5E991 		.ascii	"8\345\351\221t\211}\271*6v\342\371\033$\353\341?\204"
 372      74897DB9 
 372      2A3676E2 
 372      F91B24EB 
 372      E13F84
 373 0805 A9EB0706 		.ascii	"\251\353\007\006\332t\312\015\215\220\3717\264JiC\253"
 373      DA74CA0D 
 373      8D90F937 
 373      B44A6943 
 373      AB
 374 0816 A41B5A30 		.ascii	"\244\033Z0\325\207\257<\233)\317\317\202\371\253\346"
 374      D587AF3C 
 374      9B29CFCF 
 374      82F9ABE6 
 375 0826 28A69BE4 		.ascii	"(\246\233\344S\320\323\332R\311\276\352\252\241\373"
 375      53D0D3DA 
 375      52C9BEEA 
 375      AAA1FB
 376 0835 AAF8A053 		.ascii	"\252\370\240SW*\247\202\\\254\241 \360\326\370\361W"
 376      572AA782 
 376      5CACA120 
 376      F0D6F8F1 
 376      57
 377 0846 6CF62198 		.ascii	"l\366!\230]\303f\357*(\212\371)}k\251\276\207\251\276"
 377      5DC366EF 
 377      2A288AF9 
 377      297D6BA9 
 377      BE87A9BE 
 378 085a 74109790 		.ascii	"t\020\227\220``\177\016\227!\325\224fH\263\2562\270"
 378      60607F0E 
 378      9721D594 
 378      6648B3AE 
 378      32B8
 379 086c 04A7C564 		.ascii	"\004\247\305ds\031l\026\233\3643\301\254\375\370\217"
 379      73196C16 
 379      9BF433C1 
 379      ACFDF88F 
 380 087c 9FCE5B9A 		.ascii	"\237\316[\232\230\310\205\033\215\031V\273\260\304("
 380      98C8851B 
 380      8D1956BB 
 380      B0C428
 381 088b 7C61F8D4 		.ascii	"|a\370\324eq\272\014v\253\331\221fJ\262\24683\004\001"
 381      6571BA0C 
ARM GAS  /var/folders/45/ct_yb_0s4l984dg097s5d1mh0000gp/T//ccs5AtJz.s 			page 30


 381      76ABD991 
 381      664AB2A6 
 381      38330401 
 382 089f 7EA5584D 		.ascii	"~\245XM\316$\253\335ap\244\013\206\024\2639\336\344"
 382      CE24ABDD 
 382      6170A40B 
 382      8614B339 
 382      DEE4
 383 08b1 B4C5DB1D 		.ascii	"\264\305\333\035vK\274\305\264\312\032\2778~\341\202"
 383      764BBCC5 
 383      B4CA1ABF 
 383      387EE182 
 384 08c1 C425F1FF 		.ascii	"\304%\361\377X\030\237\221\236d\022,\206)\217\015V\273"
 384      58189F91 
 384      9E64122C 
 384      86298F0D 
 384      56BB
 385 08d3 392D23C9 		.ascii	"9-#\311b\260\231\314\251V\273\305`L\262$\2332\322\004"
 385      62B099CC 
 385      A956BBC5 
 385      604CB224 
 385      9B32D204 
 386 08e7 A3B03ADD 		.ascii	"\243\260:\335\342JH\3454\022\375\337\177Vz\327j\227"
 386      E24A48E5 
 386      3412FDDF 
 386      7F567AD7 
 386      6A97
 387 08f9 C1E81200 		.ascii	"\301\350\022\000H\000N\265\313\372O\213Q\020\376O\224"
 387      48004EB5 
 387      CBFA4F8B 
 387      5110FE4F 
 387      94
 388 090a 4464080B 		.ascii	"Dd\010\013\240^\234\260(!\321\237\200\220\004\225\003"
 388      A05E9CB0 
 388      2821D19F 
 388      80900495 
 388      03
 389 091b 37B6385C 		.ascii	"7\2668\\*\302\257^\225\221\234lq\342/l\002N\317\020"
 389      2AC2AF5E 
 389      95919C6C 
 389      71E22F6C 
 389      024ECF10 
 390 092f 602120B9 		.ascii	"`! \271E\013\215\202F\272\207\331\\)Fa\211rI\315\016"
 390      450B8D82 
 390      46BA87D9 
 390      5C294661 
 390      897249CD 
 391 0944 9BCD6137 		.ascii	"\233\315a7\244;\234\202\313\360\273?/[\272\354+\342"
 391      A43B9C82 
 391      CBF0BB3F 
 391      2F5BBAEC 
 391      2BE2
 392 0956 4BB7A691 		.ascii	"K\267\246\221:>^\272\324`N\225\205U\301R'\205}\351\264"
 392      3A3E5EBA 
 392      D4604E95 
 392      8555C152 
 392      27857DE9 
ARM GAS  /var/folders/45/ct_yb_0s4l984dg097s5d1mh0000gp/T//ccs5AtJz.s 			page 31


 393 096b 0A9668AB 		.ascii	"\012\226h\253\335%\230\354f\213\321\221\234\354\262"
 393      DD2598EC 
 393      668BD191 
 393      9CECB2
 394 097a 0811CB2C 		.ascii	"\010\021\313,\266\345\264\025\376\262\354\023\234b\021"
 394      B6E5B415 
 394      FEB2EC13 
 394      9C6211
 395 0989 3E7ACBBE 		.ascii	">z\313\276\001\351\374\010\016\347j\006\2422B\376o\013"
 395      01E9FC08 
 395      0EE76A06 
 395      A23242FE 
 395      6F0B
 396 099b 61E65446 		.ascii	"a\346TF`T\033Iz.\215\221&\350\212\260\271\376\264\352"
 396      60541B49 
 396      7A2E8D91 
 396      26E88AB0 
 396      B9FEB4EA 
 397 09af 738B59F8 		.ascii	"s\213Y\370\203\335*\250!\334\234\276Z\225f1%k\354\016"
 397      83DD2AA8 
 397      21DC9CBE 
 397      5A956631 
 397      256BEC0E 
 398 09c3 21D5E9F8 		.ascii	"!\325\351\370\022%j\222\355\363\\\351\0263x\354\366"
 398      12256A92 
 398      EDF35CE9 
 398      163378EC 
 398      F6
 399 09d4 8CB4B4E4 		.ascii	"\214\264\264\344\237\267a\004\247\325\236\002\005\377"
 399      9FB76104 
 399      A7D59E02 
 399      05FF
 400 09e2 172D559E 		.ascii	"\027-U\236\206"
 400      86
 401              		.text
 402              		.section	.gnu.lto_.symtab.2fc7cad0e7fdc21,"",%progbits
 403 0000 6D734F62 		.ascii	"msObjectInit\000"
 403      6A656374 
 403      496E6974 
 403      00
 404 000d 00       		.ascii	"\000"
 405 000e 00       		.ascii	"\000"
 406 000f 00       		.ascii	"\000"
 407 0010 00000000 		.ascii	"\000\000\000\000\000\000\000\000"
 407      00000000 
 408 0018 18010000 		.ascii	"\030\001\000\000"
 409              		.text
 410              		.section	.gnu.lto_.opts,"",%progbits
 411 0000 272D666D 		.ascii	"'-fmath-errno' '-fsigned-zeros' '-ftrapping-math' '"
 411      6174682D 
 411      6572726E 
 411      6F272027 
 411      2D667369 
 412 0033 2D666E6F 		.ascii	"-fno-trapv' '-fno-openmp' '-fno-openacc' '-mcpu=cor"
 412      2D747261 
 412      70762720 
 412      272D666E 
ARM GAS  /var/folders/45/ct_yb_0s4l984dg097s5d1mh0000gp/T//ccs5AtJz.s 			page 32


 412      6F2D6F70 
 413 0066 7465782D 		.ascii	"tex-m7' '-mno-thumb-interwork' '-mthumb' '-O2' '-fo"
 413      6D372720 
 413      272D6D6E 
 413      6F2D7468 
 413      756D622D 
 414 0099 6D69742D 		.ascii	"mit-frame-pointer' '-falign-functions=16' '-ffuncti"
 414      6672616D 
 414      652D706F 
 414      696E7465 
 414      72272027 
 415 00cc 6F6E2D73 		.ascii	"on-sections' '-fdata-sections' '-fno-common' '-flto"
 415      65637469 
 415      6F6E7327 
 415      20272D66 
 415      64617461 
 416 00ff 2700     		.ascii	"'\000"
 417              		.text
 418              		.comm	__gnu_lto_v1,1,1
 419              		.comm	__gnu_lto_slim,1,1
 420              		.ident	"GCC: (GNU Tools for Arm Embedded Processors 7-2018-q2-update) 7.3.1 20180622 (release) [AR
ARM GAS  /var/folders/45/ct_yb_0s4l984dg097s5d1mh0000gp/T//ccs5AtJz.s 			page 33


DEFINED SYMBOLS
                            *ABS*:0000000000000000 memstreams.c
                            *COM*:0000000000000001 __gnu_lto_v1
                            *COM*:0000000000000001 __gnu_lto_slim

NO UNDEFINED SYMBOLS
