ARM GAS  /var/folders/45/ct_yb_0s4l984dg097s5d1mh0000gp/T//ccGFD9Ed.s 			page 1


   1              		.cpu cortex-m7
   2              		.eabi_attribute 20, 1
   3              		.eabi_attribute 21, 1
   4              		.eabi_attribute 23, 3
   5              		.eabi_attribute 24, 1
   6              		.eabi_attribute 25, 1
   7              		.eabi_attribute 26, 1
   8              		.eabi_attribute 30, 2
   9              		.eabi_attribute 34, 1
  10              		.eabi_attribute 18, 4
  11              		.file	"nullstreams.c"
  12              		.section	.gnu.lto_.profile.9b279f4f92f15cd7,"",%progbits
  13 0000 789C6363 		.ascii	"x\234cc```\001bF\006n6\000\000\224\000\035"
  13      60606001 
  13      6246066E 
  13      36000094 
  13      001D
  14              		.text
  15              		.section	.gnu.lto_.icf.9b279f4f92f15cd7,"",%progbits
  16 0000 789C6363 		.ascii	"x\234cc``Pc@\0006\206mW\357,\343`\274\320\271\347\030"
  16      60605063 
  16      40003686 
  16      6D57EF2C 
  16      E360BCD0 
  17 0017 3FD3E283 		.ascii	"?\323\342\203\377W\3613\337\377\265w\016'\313\305\023"
  17      FF57F133 
  17      DFFFB577 
  17      0E27CBC5 
  17      13
  18 0028 2B3F72B3 		.ascii	"+?r\263\256\375\375\363\013\027\003\000t\345\023u"
  18      AEFDFDF3 
  18      0B170300 
  18      74E51375 
  19              		.text
  20              		.section	.gnu.lto_.jmpfuncs.9b279f4f92f15cd7,"",%progbits
  21 0000 789C458A 		.ascii	"x\234E\212\201\011\000 \014\303\322u\372\230\207\371"
  21      81090020 
  21      0CC3D275 
  21      FA9887F9 
  22 0010 C88E7582 		.ascii	"\310\216u\202`!PB&\260\370\033XRR\246\321.\207\256\341"
  22      60215042 
  22      26B0F81B 
  22      585252A6 
  22      D12E87AE 
  23 0025 193711F1 		.ascii	"\0317\021\361E\372\375\354\252\363\301\001\013\251\007"
  23      45FAFDEC 
  23      AAF3C101 
  23      0BA907
  24 0034 B7       		.ascii	"\267"
  25              		.text
  26              		.section	.gnu.lto_.inline.9b279f4f92f15cd7,"",%progbits
  27 0000 789C6363 		.ascii	"x\234cc``\210e@\000V\006\006f&F\006& \223m\201<\210"
  27      60608865 
  27      40005606 
  27      06662646 
  27      06262093 
  28 0018 6260C410 		.ascii	"b`\304\020a\302\020a\306\020aa`a\006\2120\276`g`\357"
ARM GAS  /var/folders/45/ct_yb_0s4l984dg097s5d1mh0000gp/T//ccGFD9Ed.s 			page 2


  28      61C21061 
  28      C6106161 
  28      6061068A 
  28      30BE6067 
  29 002e 50070B31 		.ascii	"P\007\0131\000\000\355\016\005a"
  29      0000ED0E 
  29      0561
  30              		.text
  31              		.section	.gnu.lto_.pureconst.9b279f4f92f15cd7,"",%progbits
  32 0000 789C6363 		.ascii	"x\234cc``\340\006bV\006\006F\006&\006f\006\026)\000"
  32      6060E006 
  32      62560606 
  32      46062606 
  32      66061629 
  33 0015 01A3003B 		.ascii	"\001\243\000;"
  34              		.text
  35              		.section	.gnu.lto_writes.9b279f4f92f15cd7,"",%progbits
  36 0000 789C5D90 		.ascii	"x\234]\220MKBA\024\206\317;s\375\010\312?P\213\026\201"
  36      4D4B4241 
  36      1486CF3B 
  36      73FD08CA 
  36      3F508B16 
  37 0015 18E40D6A 		.ascii	"\030\344\015j\333\276_\021h\004\0117\223\254\265\223"
  37      DBBE5F11 
  37      68040937 
  37      93ACB593 
  38 0025 1615B630 		.ascii	"\026\025\26602\003\271\213B\344.+\262\262\217\305]\265"
  38      3203B98B 
  38      42E42E2B 
  38      B2B28FC5 
  38      5DB5
  39 0037 098332FF 		.ascii	"\011\2032\377@\011-\022\241E\253\312:\367\346\"\204"
  39      40092D12 
  39      A145ABCA 
  39      3AF7E622 
  39      84
  40 0048 19E63D33 		.ascii	"\031\346=3\3173\303\034/\021\315\200h\222\327A\236\220"
  40      CF33C31C 
  40      2F11CD80 
  40      6892D741 
  40      9E90
  41 005a 0491BB27 		.ascii	"\004\221\273'Z\365\013\300\011\312\017J\011\244\260"
  41      5AF50BC0 
  41      09CA0F4A 
  41      09A4B0
  42 0069 2DF3120F 		.ascii	"-\363\022\017k\307\246\314J\2231\215\313\367Z\361%\340"
  42      6BC7A6CC 
  42      4A93318D 
  42      CBF75AF1 
  42      25E0
  43 007b 94C03097 		.ascii	"\224\3000\227\255\366m\245?d)\225V\366~u\3520\263>m"
  43      ADF66DA5 
  43      3F642995 
  43      56F67E75 
  43      EA30B33E 
  44 0090 4A4105A6 		.ascii	"JA\005\246+\030\302)\206\234'\316\020b\266^k\344|r\014"
  44      2B18C229 
ARM GAS  /var/folders/45/ct_yb_0s4l984dg097s5d1mh0000gp/T//ccGFD9Ed.s 			page 3


  44      869C27CE 
  44      1062B65E 
  44      6BE47C72 
  45 00a5 C479F7E3 		.ascii	"\304y\367\343\315\026\301\262\3535KR\215\230R\342\034"
  45      CD16C1B2 
  45      EB354B52 
  45      8D9852E2 
  45      1C
  46 00b6 F2BFC85B 		.ascii	"\362\277\310[\204\013\004\031\377\3146\012}r\334Uw^"
  46      840B0419 
  46      FFCC360A 
  46      7D72DC55 
  46      775E
  47 00c8 AD0EBAEA 		.ascii	"\255\016\272\352W\331U5T{U\215p\351\252\337*_\010\310"
  47      57D95535 
  47      547B558D 
  47      70E9AADF 
  47      2A5F08C8 
  48 00dc 09576DDE 		.ascii	"\011Wm\336\225r\276\256\372d\271\252\300U\257*\010\327"
  48      9572BEAE 
  48      FA64B9AA 
  48      C055AF2A 
  48      08D7
  49 00ee 083AFCF3 		.ascii	"\010:\374\363Igo\300\2539\337\341_\334\300K\3348:z\364"
  49      49676FC0 
  49      AB39DFE1 
  49      5FDCC04B 
  49      DC383A7A 
  50 0103 D8AAF3B3 		.ascii	"\330\252\363\263\241\354\226\205\206\207;\341\362\264"
  50      A1EC9685 
  50      86873BE1 
  50      F2B4
  51 0111 C914F74F 		.ascii	"\311\024\367O\331\264\305wp\312\330\324F\372\300\252"
  51      D9B4C577 
  51      70CAD8D4 
  51      46FAC0AA 
  52 0121 C3718BD2 		.ascii	"\303q\213\322\221\231\202s&\210F\303a\375o,&\365\371"
  52      91998273 
  52      268846C3 
  52      61FD6F2C 
  52      26F5F9
  53 0134 88A11BB1 		.ascii	"\210\241\033\261\250\236\\^\232\213,$\365\370\212at"
  53      A89E5C5E 
  53      9A8B2C24 
  53      F5F88A61 
  53      74
  54 0145 73789644 		.ascii	"sx\226D,!\242\011\304\177\001\366`\201\306"
  54      2C21A209 
  54      C47F01F6 
  54      6081C6
  55              		.text
  56              		.section	.gnu.lto_reads.9b279f4f92f15cd7,"",%progbits
  57 0000 789C5D90 		.ascii	"x\234]\220\315KBA\024\305\357\231\361+(\377\201\\\264"
  57      CD4B4241 
  57      14C5EF99 
  57      F12B28FF 
  57      815CB4
ARM GAS  /var/folders/45/ct_yb_0s4l984dg097s5d1mh0000gp/T//ccGFD9Ed.s 			page 4


  58 0013 08C4205F 		.ascii	"\010\304 _P\333\366\375\033\032\201\202\231d\255\235"
  58      50DBF6FD 
  58      1B1A8182 
  58      9964AD9D 
  59 0023 34A9B085 		.ascii	"4\251\260\205\221\031\204\213B\324eE\366]\360\210h\023"
  59      9119848B 
  59      42D46545 
  59      F65DF088 
  59      6813
  60 0035 1625428B 		.ascii	"\026%B\213V\025\2640\204\240h\021Y\367\275\014B\230"
  60      5615B430 
  60      84A06811 
  60      59F7BD0C 
  60      4298
  61 0047 61CE9D39 		.ascii	"a\316\2359\277\271\334c#\242\000\210\206\370\354\346"
  61      BFB9DC63 
  61      23A20088 
  61      86F8ECE6 
  62 0057 0D4910E9 		.ascii	"\015I\020\351+\242\031\207\000\014\241\034\240\230@"
  62      2BA21987 
  62      000CA11C 
  62      A09840
  63 0066 0C8B3223 		.ascii	"\014\2132#q3\273\225\223)\231c\233\205\313\327\312\332"
  63      7133BB95 
  63      93299963 
  63      9B85CBD7 
  63      CADA
  64 0078 A3D32881 		.ascii	"\243\323(\201\036._\032\027\345NOI\251\270\322W\357"
  64      1E2E5F1A 
  64      17E54E4F 
  64      49A9B8D2 
  64      57EF
  65 008a 863712C9 		.ascii	"\2067\022\311\221\234\024\224ew\031.\354\300e\264\330"
  65      919C1494 
  65      6577192E 
  65      ECC065B4 
  65      D8
  66 009b 8587BDD5 		.ascii	"\205\207\275\325J-m\227\375 \326\313\357u]\270\013&"
  66      4A2D6D97 
  66      FD20D6CB 
  66      EF755DB8 
  66      0B26
  67 00ad 779F97AA 		.ascii	"w\237\227\2527'%\366 \377\203|E\330\207\233\355\237"
  67      372725F6 
  67      20FF837C 
  67      45D8879B 
  67      ED9F
  68 00bf A95AB643 		.ascii	"\251Z\266C\016\230\350\322s\251\211\026z^0Q\013\016"
  68      0E98E8D2 
  68      73A98916 
  68      7A5E3051 
  68      0B0E
  69 00d1 DA510BE1 		.ascii	"\332Q\013\341\320D\277T&\353\224\203&\372t\231O\333"
  69      D044BF54 
  69      26EB9483 
  69      26FA7499 
  69      4FDB
ARM GAS  /var/folders/45/ct_yb_0s4l984dg097s5d1mh0000gp/T//ccGFD9Ed.s 			page 5


  70 00e3 FFBA164D 		.ascii	"\377\272\026MT\340\250\035\025\204c\270\015\377\303"
  70      54E0A81D 
  70      158463B8 
  70      0DFFC3
  71 00f2 7673A5CB 		.ascii	"vs\245\313f1\306\341)N`#\016\2166o\255\272j~\317)\375"
  71      6631C6E1 
  71      294E6023 
  71      0E8E366F 
  71      ADBA6A7E 
  72 0109 AD880FAB 		.ascii	"\255\210\017\253 \232\347wNN\351\264\3004\253\204N\015"
  72      209AE777 
  72      4E4EE9B4 
  72      C034AB84 
  72      4E0D
  73 011b C4D7EB55 		.ascii	"\304\327\353U\030\024\377\224M\236]\333\215\330\004"
  73      1814FF94 
  73      4D9E5DDB 
  73      8DD804
  74 012a 08A7662A 		.ascii	"\010\247f*L\301\3602\337\347\365j\277k\"\252\005|!-"
  74      4CC1F032 
  74      DFE7F56A 
  74      BF6B22AA 
  74      057C212D 
  75 013e 14F46BD1 		.ascii	"\024\364k\321\251\3111\337xT\013O\207B-\355\035%\021"
  75      A9C931DF 
  75      78540B4F 
  75      87422DED 
  75      1D2511
  76 0151 8C087F04 		.ascii	"\214\010\177\004\341\037\306]\205\365"
  76      E11FC65D 
  76      85F5
  77              		.text
  78              		.section	.gnu.lto_put.9b279f4f92f15cd7,"",%progbits
  79 0000 789C4D8F 		.ascii	"x\234M\217\311JC1\024\206\317\237\\\333.\324\007\320"
  79      C94A4331 
  79      1486CF9F 
  79      5CDB2ED4 
  79      07D0
  80 0012 2E5C08A5 		.ascii	".\\\010\245\212\275\025W\276\200\370\032\255\010\026"
  80      8ABD1557 
  80      BE80F81A 
  80      AD0816
  81 0021 AE0356D7 		.ascii	"\256\003V\327\215\035\034\260\213\202\332\202\334\205"
  81      8D1D1CB0 
  81      8B82DA82 
  81      DC85
  82 002f A245D085 		.ascii	"\242E\320\205\212\363\004A\272\020\244\212\212/\340"
  82      8AF30441 
  82      BA10A48A 
  82      8A2FE0
  83 003e B0120417 		.ascii	"\260\022\004\027\272\020\251\236\264\012\206\204\374"
  83      BA10A99E 
  83      B40A8684 
  83      FC
  84 004b 27F9BFE4 		.ascii	"'\371\277\344\374\036\"j\007Q'\357\315\274 \011\"wE"
  84      FC1E226A 
  84      075127EF 
ARM GAS  /var/folders/45/ct_yb_0s4l984dg097s5d1mh0000gp/T//ccGFD9Ed.s 			page 6


  84      CDBC2009 
  84      227745
  85 005e 34E11380 		.ascii	"4\341\023\200\021\312\007J\010$\220\225\363\0227\351"
  85      11CA074A 
  85      08249095 
  85      F31237E9 
  86 006e 2D57CE4A 		.ascii	"-W\316J\227m\026\227o\345\305\307FS\002-\\\026\317R"
  86      976D1697 
  86      6FE5C5C7 
  86      4653022D 
  86      5C16CF52 
  87 0082 A708AE29 		.ascii	"\247\010\256)\036\272\360\331\275\234\312\364\272RP"
  87      1EBAF0D9 
  87      BD9CCAF4 
  87      BA5250
  88 0091 9EDDBBF0 		.ascii	"\236\335\273\360c\007~\363\305\036\202\354\275+\337"
  88      63077EF3 
  88      C51E82EC 
  88      BD2BDF
  89 00a0 E7BCB203 		.ascii	"\347\274\262\003\304z\356\375E\213@Q\251\244\322\245"
  89      C47AEEFD 
  89      458B4051 
  89      A9A4D2A5 
  90 00b0 15A95A5D 		.ascii	"\025\251Z])\261\017\371\037\344#\302\001\002lw'\327"
  90      29B10FF9 
  90      1FE423C2 
  90      01026C77 
  90      27D7
  91 00c2 9FA50C57 		.ascii	"\237\245\014W\321\313\217\213\322\037\372\224\226\252"
  91      D1CB8F8B 
  91      D21FFA94 
  91      96AA
  92 00d0 DE95160E 		.ascii	"\336\225\026\016kh\227\037a\003Z\204#\004\214\373a\273"
  92      6B68971F 
  92      61035A84 
  92      23048CFB 
  92      61BB
  93 00e2 B2D0E0B1 		.ascii	"\262\320\340\261LG\334\3101<\304\331i\363\266N\253\312"
  93      4C47DCC8 
  93      313CC4D9 
  93      69F3B64E 
  93      ABCA
  94 00f4 F794D25F 		.ascii	"\367\224\322_\253(\364\010\242i\276\347\360J\323\014"
  94      AB28F408 
  94      A269BEE7 
  94      F04AD30C 
  95 0104 F7CF2AA5 		.ascii	"\367\317*\245\351\025\311\245\215l\223\241\370\245|"
  95      E915C9A5 
  95      8D6C93A1 
  95      F8A57C
  96 0113 E6FCDA6B 		.ascii	"\346\374\332k\222\013\020N\252\301\230\202\3612\337"
  96      920B104E 
  96      AAC19882 
  96      F132DF
  97 0122 160AD9B5 		.ascii	"\026\012\331\2659\034\267\007\"\216\355\304\242v|l\264"
  97      391CB707 
  97      228EEDC4 
ARM GAS  /var/folders/45/ct_yb_0s4l984dg097s5d1mh0000gp/T//ccGFD9Ed.s 			page 7


  97      A2767C6C 
  97      B4
  98 0133 3F3218B7 		.ascii	"?2\030\267\207\306\035\347W\207\372H\304F\020\375\001"
  98      87C61DE7 
  98      5787FA48 
  98      C44610FD 
  98      01
  99 0144 9EDB707D 		.ascii	"\236\333p}"
 100              		.text
 101              		.section	.gnu.lto_get.9b279f4f92f15cd7,"",%progbits
 102 0000 789C4D4F 		.ascii	"x\234MO\313J\003A\020\354\232^\327\210\350\007h\016"
 102      CB4A0341 
 102      10EC9A5E 
 102      D788E807 
 102      680E
 103 0012 1E8410C1 		.ascii	"\036\204\020\301\235\277\360?\242\010\006\326\007\256"
 103      9DBFF03F 
 103      A20806D6 
 103      07AE
 104 0020 9E332682 		.ascii	"\2363&\202\2129\004|AXD\010\301\243\257\304\007$0\202"
 104      8A39047C 
 104      41584408 
 104      C1A3AFC4 
 104      07243082 
 105 0034 D7880FBC 		.ascii	"\327\210\017\274\213\012\036\004!\210\327h\217zp\230"
 105      8B0A1E04 
 105      2188D768 
 105      8F7A7098 
 106 0044 86AA99AA 		.ascii	"\206\252\231\252\352n\237\210>\244\264\324\240\024\230"
 106      EA6E9F88 
 106      3EA4B4D4 
 106      A01498
 107 0053 A04AD744 		.ascii	"\240J\327DK\011\0058`\022\240\234B\016E\336d\334.\037"
 107      4B090538 
 107      6012A09C 
 107      420E45DE 
 107      64DC2E1F 
 108 0067 C6BCCEB1 		.ascii	"\306\274\316\261\310<\241\355V\371\271\337Q`Hh\265Y"
 108      C83CA1ED 
 108      56F9B9DF 
 108      51604868 
 108      B559
 109 0079 6820BD6F 		.ascii	"h \275o\344\330\235\262\277[\2731=1+\332\026y\015I\234"
 109      E4D89DB2 
 109      BF5BBB31 
 109      3D312BDA 
 109      16790D49 
 110 008e 20E97AD4 		.ascii	" \351z\324\221\026\361}\353\241\324\315\243 \301\033"
 110      9116F17D 
 110      EBA1D4CD 
 110      A320C11B 
 111 009e 9F6F56A5 		.ascii	"\237oV\245\252\306\344\215\275\252\260\031\216\231q"
 111      AAC6E48D 
 111      BDAAB019 
 111      8E9971
 112 00ad 0AFE6F94 		.ascii	"\012\376o\224'\302\031RN\377t\324\331\352\363=\027,"
 112      27C21952 
ARM GAS  /var/folders/45/ct_yb_0s4l984dg097s5d1mh0000gp/T//ccGFD9Ed.s 			page 8


 112      4EFF74D4 
 112      D9EAF33D 
 112      172C
 113 00bf 79E7F009 		.ascii	"y\347\360\011\002\016\356\272\254\351|\255\030\373R"
 113      020EEEBA 
 113      ACE97CAD 
 113      18FB52
 114 00ce 417D4C11 		.ascii	"A}L\021\255\312\277,a,\255\311\030\202\012\226\336\221"
 114      ADCABF2C 
 114      612CADC9 
 114      18820A96 
 114      DE91
 115 00e0 DF7B2D0E 		.ascii	"\337{-\0168\227$]>\036\267{\335\006\012\036.~\346\023"
 115      3897245D 
 115      3E1EB77B 
 115      DD060A1E 
 115      2E7EE613 
 116 00f4 179C56FC 		.ascii	"\027\234V\374#A\240\177\357l\244\2472\241\016\263\343"
 116      2341A07F 
 116      EF6CA4A7 
 116      32A10EB3 
 116      E3
 117 0105 3A5A989F 		.ascii	":Z\230\237\314LGzf1\014\377p0A*;\367\015\000;`\332"
 117      CC4C477A 
 117      66310CFF 
 117      7030412A 
 117      3BF70D00 
 118              		.text
 119              		.section	.gnu.lto_nullObjectInit.9b279f4f92f15cd7,"",%progbits
 120 0000 789C4D50 		.ascii	"x\234MP[+DQ\024^\337Yg\016\021y\024\036<(Q\346\370\025"
 120      5B2B4451 
 120      145EDF59 
 120      670E1179 
 120      141E3C28 
 121 0018 FE0752D4 		.ascii	"\376\007R\324\270dx\3612\333\2141#\224\007\2038t\324"
 121      B86478F1 
 121      32DB8C31 
 121      23940783 
 121      3874D4
 122 002b 8817B9DF 		.ascii	"\210\027\271\337o\247y\360\344\322\310\203'\017\024"
 122      6FA779F0 
 122      E4D2C883 
 122      270F14
 123 003a E556C203 		.ascii	"\345V\302\003\345\262\366\360`\265w{\255\275\277\375"
 123      E5B2F6F0 
 123      60B5777B 
 123      ADBDBFFD 
 124 004a ADEF5B16 		.ascii	"\255\357[\026\021%@T-g\261l0\301\030:!\352\3166\000"
 124      11254054 
 124      2D67B16C 
 124      30C1183A 
 124      21EACE36 
 125 005f 9DA86C50 		.ascii	"\235\250lP\310@\010\003<\314H\305n\266\214\212Y%\341"
 125      C8400803 
 125      3CCC48C5 
 125      6EB68C8A 
 125      5925E1
ARM GAS  /var/folders/45/ct_yb_0s4l984dg097s5d1mh0000gp/T//ccGFD9Ed.s 			page 9


 126 0072 8D5E5ABD 		.ascii	"\215^Z\275*Z\3500\321\210l\035XA\205\240\322=\213\016"
 126      2A5AE830 
 126      D1886C1D 
 126      584185A0 
 126      D23D8B0E 
 127 0086 F7B3C380 		.ascii	"\367\263\303\200)\345\363\361\370u\276.\015\224Jy;\275"
 127      29E5F3F1 
 127      F875BE2E 
 127      0D944A79 
 127      3BBD
 128 0098 FC607215 		.ascii	"\374`r\025H\362\311\271\364DN\371\214Ra\345\035%Y\225"
 128      48F2C9B9 
 128      F4444EF9 
 128      8C5261E5 
 128      1D255995 
 129 00ac 39CC5807 		.ascii	"9\314X\007\013!\326P\202U\224\220\\\0216P\256\361WK"
 129      0B21D650 
 129      82559490 
 129      5C113650 
 129      AEF1574B 
 130 00c0 5F893CCB 		.ascii	"_\211<\313\374m\210MX$\342i\341\314\347\251\257\357"
 130      FC6D884D 
 130      5824E269 
 130      E1CCE7A9 
 130      AFEF
 131 00d2 98F25E93 		.ascii	"\230\362^\223x\2531E\272\306S\\P\342Ay\324\307\206\316"
 131      78AB3145 
 131      BAC6535C 
 131      50E24179 
 131      D4C786CE 
 132 00e6 221EDD21 		.ascii	"\"\036\335!\374\021\233\334h\323\237\205p$\232:\315"
 132      FC119BDC 
 132      68D39F85 
 132      70249A3A 
 132      CD
 133 00f7 D2DA38A3 		.ascii	"\322\3328\243g7u|h\271\230\352\026\203n\221\303\346"
 133      6737757C 
 133      68B998EA 
 133      16836E91 
 133      C3E6
 134 0109 B888DE12 		.ascii	"\270\210\336\022\021\372\361<vq\231k\317k\363\245\016"
 134      11FAF13C 
 134      7671996B 
 134      CF6BF3A5 
 134      0E
 135 011a FBB00D17 		.ascii	"\373\260\015\027\211\214s\354\300\376O\346\313\220E"
 135      898C73EC 
 135      C0FE4FE6 
 135      CB9045
 136 0129 3E0E5EF2 		.ascii	">\016^\362C\237JF\344s5N\356\336\323\217\361\\\335\240"
 136      439F4A46 
 136      E473354E 
 136      EEDED38F 
 136      F15CDDA0 
 137 013d C0610B7B 		.ascii	"\300a\013{2\327\335?\366Hr%\012A\217I\347.M\261/\364"
 137      32D7DD3F 
 137      F6487225 
ARM GAS  /var/folders/45/ct_yb_0s4l984dg097s5d1mh0000gp/T//ccGFD9Ed.s 			page 10


 137      0A418F49 
 137      E72E4DB1 
 138 0153 427D8010 		.ascii	"B}\200\020=!\354\336\017\"cXG\\\324\212\035\203\250"
 138      3D21ECDE 
 138      0F226358 
 138      475CD48A 
 138      1D83A8
 139 0166 D2EFB77F 		.ascii	"\322\357\267\177Wk\320n\254\015\330\201\246:;\330\321"
 139      576BD06E 
 139      AC0DD881 
 139      A63A3BD8 
 139      D1
 140 0177 DE50DB1C 		.ascii	"\336P\333\034\264[:\003\201\277\334_O\334\022l\373\001"
 140      B45B3A03 
 140      81BFDC5F 
 140      4FDC126C 
 140      FB01
 141 0189 238C96A2 		.ascii	"#\214\226\242"
 142              		.text
 143              		.section	.gnu.lto_vmt.9b279f4f92f15cd7,"",%progbits
 144 0000 789C6363 		.ascii	"x\234cc``\330\000\304:\014\0200\205\231q\347\3167\267"
 144      6060D800 
 144      C43A0C10 
 144      30859971 
 144      E7CE37B7 
 145 0014 D9EBFF36 		.ascii	"\331\353\3776t44<\350\236\303<\223y\0163\3034f\014\271"
 145      7434343C 
 145      E89EC33C 
 145      93790E33 
 145      C334660C 
 146 0029 059B78E6 		.ascii	"\005\233x\34603Ncf\304\220\370\006\324\3014\215\231"
 146      30334E63 
 146      66C490F8 
 146      06D4C134 
 146      8D99
 147 003b 0943621B 		.ascii	"\011Cb\033P\202y\03233Xb\375\233\235?y\273\201\",\214"
 147      5082791A 
 147      33335862 
 147      FD9B9D3F 
 147      79BB8122 
 148 0051 20EED9FB 		.ascii	" \356\331\373s\2370Ylk\350X\320\0200\207\231u*3\003"
 148      739F3059 
 148      6C6BE858 
 148      D0103087 
 148      99752A33 
 149 0066 E3764699 		.ascii	"\343vF\231\251\314\214\214\333\030\353\247231n\005Q"
 149      A9CC8C8C 
 149      DB18EBA7 
 149      3233316E 
 149      0551
 150 0078 CC8C5B40 		.ascii	"\314\214[@\024\013\343f\306z\006\306\035\214\026\014"
 150      140BE366 
 150      C67A06C6 
 150      1D8C160C 
 151 0088 5A7A7AFA 		.ascii	"Zzz\372\020\224_\254\237\221\230\243\237\223\231\244"
 151      10945FAC 
 151      9F9198A3 
ARM GAS  /var/folders/45/ct_yb_0s4l984dg097s5d1mh0000gp/T//ccGFD9Ed.s 			page 11


 151      9F9399A4 
 152 0098 5F5C5294 		.ascii	"_\\R\224\232\230[\254\237W\232\223\003e\353%3\000\000"
 152      9A985BAC 
 152      9F579A93 
 152      0365EB25 
 152      330000
 153 00ab 26924EE8 		.ascii	"&\222N\350"
 154              		.text
 155              		.section	.gnu.lto_.symbol_nodes.9b279f4f92f15cd7,"",%progbits
 156 0000 789C6363 		.ascii	"x\234cc``\310\005b\006\246\323L\365\014\014\023\316"
 156      6060C805 
 156      6206A6D3 
 156      4CF50C0C 
 156      13CE
 157 0012 313000A9 		.ascii	"10\000\251\035\013\0166\260\001\305\3160\3253\242\213"
 157      1D0B0E36 
 157      B001C5CE 
 157      30D533A2 
 157      8B
 158 0023 9D65AA67 		.ascii	"\235e\252gB\027;\307T\317\214.v\201\251\236\005&\266"
 158      42173BC7 
 158      54CF8C2E 
 158      7681A99E 
 158      0526B6
 159 0036 ABC19181 		.ascii	"\253\301\221\201\201\365<\023C\203\022\003\0033\003"
 159      81F53C13 
 159      43831203 
 159      033303
 160 0045 00D61B1D 		.ascii	"\000\326\033\035\322"
 160      D2
 161              		.text
 162              		.section	.gnu.lto_.refs.9b279f4f92f15cd7,"",%progbits
 163 0000 789C6363 		.ascii	"x\234cc``\020\000bF\026&VF\026V&\006&F&&&f\006\000\003"
 163      60601000 
 163      62461626 
 163      56461656 
 163      26062646 
 164 001b 3F003B   		.ascii	"?\000;"
 165              		.text
 166              		.section	.gnu.lto_.decls.9b279f4f92f15cd7,"",%progbits
 167 0000 789CB556 		.ascii	"x\234\265V}PT\327\025\177\347\335\375\200eY\234\340"
 167      7D5054D7 
 167      157FE7DD 
 167      FD806559 
 167      9CE0
 168 0012 183BC374 		.ascii	"\030;\303t\034g3%\235\201':m\374\267\343t\322\376a:"
 168      1C673325 
 168      9D81273A 
 168      6DFCB7E3 
 168      74D2FE61 
 169 0027 D3349932 		.ascii	"\3234\2312\323\351f]V\330\024v\011\373H\223\376\365"
 169      D3E9665D 
 169      56D81476 
 169      09FB4893 
 169      FEF5
 170 0039 042404A3 		.ascii	"\004$\004\243\302\304VB\303\304\252%\020\205\304\272"
 170      C2C45642 
ARM GAS  /var/folders/45/ct_yb_0s4l984dg097s5d1mh0000gp/T//ccGFD9Ed.s 			page 12


 170      C3C4AA25 
 170      1085C4BA 
 171 0049 821F91AC 		.ascii	"\202\037\221\254\226\020\203\037\0204h\"\010A\024c)"
 171      9610831F 
 171      10346822 
 171      08411463 
 171      29
 172 005a 1F81B002 		.ascii	"\037\201\260\002\342\366\334{\337\356{\273\331\235\346"
 172      E2F6DC7B 
 172      DFEE7BBB 
 172      D99DE6
 173 0069 8FF6CE9E 		.ascii	"\217\366\316\236\367\366\236w\316\371\375\3569\347\336"
 173      F7F69E77 
 173      CEF9FDEE 
 173      39E7DE
 174 0078 F74C8220 		.ascii	"\367L\202 X\255\202\320\"\012\3025\020\2040\0163\352"
 174      58AD82D0 
 174      220AC235 
 174      1084300E 
 174      33EA
 175 008a CEA19850 		.ascii	"\316\241\230P\034(A\224n\224\036\224.\224\260\300\207"
 175      1C284194 
 175      6E941E94 
 175      2E94B0C0 
 175      87
 176 009b 1185A08F 		.ascii	"\021\205\240\217\021\305\204bFIC\001\032\023\204\230"
 176      11C58462 
 176      46494301 
 176      1A138498 
 177 00ab 6116B9FD 		.ascii	"a\026\271\375c(\253\325x\221\330t\200\032+~\244%\361"
 177      6328ABD5 
 177      7891D874 
 177      801A2B7E 
 177      A425F1
 178 00be EBD1F919 		.ascii	"\353\321\371\031\023\370\245\307\371}\241\372u\351\374"
 178      13F8A5C7 
 178      F97DA1FA 
 178      75E9FC
 179 00cd 4C09FC32 		.ascii	"L\011\3742\320\317\220\300/\342cN\340\3638\372\320\234"
 179      D0CF90C0 
 179      2FE2634E 
 179      E0F338FA 
 179      D09C
 180 00df BDA0F3A3 		.ascii	"\275\240\363\2439z\204\362\000%\244\372.\253\367d9\372"
 180      397A84F2 
 180      0025A4FA 
 180      2EABF764 
 180      39FA
 181 00f1 81C8733E 		.ascii	"\201\310s>\215r\023\345+\224\011\224|5\006]\317\034"
 181      8D7213E5 
 181      2B940994 
 181      7C35065D 
 181      CF1C
 182 0103 CA2CCA02 		.ascii	"\312,\312\002\312\014\312\274\300\371\232\325\032\320"
 182      CA0CCABC 
 182      C0F99AD5 
 182      1AD0
ARM GAS  /var/folders/45/ct_yb_0s4l984dg097s5d1mh0000gp/T//ccGFD9Ed.s 			page 13


 183 0111 5C24CAE3 		.ascii	"\\$\312\343>\002\237U}\3606\331E\3401\013\030p:{\271"
 183      3E029F55 
 183      7DF036D9 
 183      45E0310B 
 183      18703A7B 
 184 0126 F1B60DA7 		.ascii	"\361\266\015\247\253-\260\016\247\357\357\034oM\301"
 184      AB2DB00E 
 184      A7EFEF1C 
 184      6F4DC1
 185 0135 699605C2 		.ascii	"i\226\005\302@\347\223\247\026\323\371\234:\327-t<O"
 185      40E793A7 
 185      16D3F99C 
 185      3AD72D74 
 185      3C4F
 186 0147 44F6F7CA 		.ascii	"D\366\367\312\344\330~k\356Q\205\217\224\337\011\320"
 186      E4D87E6B 
 186      EE51858F 
 186      94DF09D0 
 187 0157 09240212 		.ascii	"\011$\002\022\010\316\265\031\310O\250\241x\254m\374"
 187      08CEB519 
 187      C84FA8A1 
 187      78AC6DFC 
 188 0167 45C8B634 		.ascii	"E\310\2664S\263`8\264\346\244\242\254\2023`\201S@\340"
 188      53B36038 
 188      B4E6A4A2 
 188      AC823360 
 188      815340E0 
 189 017b 24E4D274 		.ascii	"$\344\322tdY\360Z\243(\025\212rH!k\005\330\224\005\033"
 189      6459F05A 
 189      A328158A 
 189      7248216B 
 189      05D89405 
 190 0190 B204380D 		.ascii	"\262\0048\015\331\024\232ZA\007d\301\011\310\242\341"
 190      D9149A5A 
 190      410764C1 
 190      09C8A2E1 
 191 01a0 5BDF69E9 		.ascii	"[\337i\351N'\035\300\342\337j\233\276B\242\000\241\367"
 191      4E271DC0 
 191      E2DF6A9B 
 191      BE42A200 
 191      A1F7
 192 01b2 D71FDFA9 		.ascii	"\327\037\337\251(\"t!\302\207\032\002\002&\2068\233"
 192      28227421 
 192      C2871A02 
 192      02268638 
 192      9B
 193 01c3 186271E2 		.ascii	"\030bq\342\274b\260\250\3665\377\335\276\277\257mZ\264"
 193      BC62B0A8 
 193      F635FFDD 
 193      BEBFAF6D 
 193      5AB4
 194 01d5 D652FB03 		.ascii	"\326R\373\003\225J\352/\340#\304\017\340\363\343\370"
 194      954AEA2F 
 194      E023C40F 
 194      E0F3E3F8 
 195 01e5 5C802058 		.ascii	"\\\200 XY\357\340\035\215\207/\264\036\2415\310\307"
 195      59EFE01D 
ARM GAS  /var/folders/45/ct_yb_0s4l984dg097s5d1mh0000gp/T//ccGFD9Ed.s 			page 14


 195      8D872FB4 
 195      1EA135C8 
 195      C7
 196 01f6 2CE3C8D0 		.ascii	",\343\310\320%:\237'\372\360\342t\247\225\274\307R-"
 196      253A9F27 
 196      FAF0E274 
 196      A795BCC7 
 196      522D
 197 0208 5EEE0F9D 		.ascii	"^\356\017\235N\001KvM4\272\020\015\015\037#\237|\225"
 197      4E014B76 
 197      4D34BA10 
 197      0D0D1F23 
 197      9F7C95
 198 021b CF79549E 		.ascii	"\317yT\236C%OE\337\225\365gn)\312:\350F*\377\324R\221"
 198      43254F45 
 198      DF95F567 
 198      6E29CA3A 
 198      E8462AFF 
 199 0232 4F334195 		.ascii	"O3A\225\210\363^\340hs\206\236vW\014\355\036\225v\017"
 199      88F35EE0 
 199      6873869E 
 199      76570CED 
 199      1E95760F 
 200 0246 A35D1F3E 		.ascii	"\243]\037>|-\2254\023\306p`\346RS\032\357\243U8m<3\337"
 200      7C2D9534 
 200      13C67060 
 200      E652531A 
 200      EFA35538 
 201 025e 6BE4D314 		.ascii	"k\344\323\024\234\206\247\347n!\177n\032\030\031x7\315"
 201      9C86A7E7 
 201      6E217F6E 
 201      1A181978 
 201      37CD
 202 0270 806DCDA2 		.ascii	"\200m\315\242{\015T\327]\273\353Y\246rX\341\"0\325\307"
 202      7B0D54D7 
 202      5DBBEB59 
 202      A67258E1 
 202      2230D5C7 
 203 0284 E1503083 		.ascii	"\341P0\203\207\020u\000\2539\300\316\335m\373-85\361"
 203      87107500 
 203      AB39C0CE 
 203      DD6DFB2D 
 203      3835F1
 204 0297 9C995135 		.ascii	"\234\231Q5>\263\324a\340*\272\340WP\325\364\326\320"
 204      3EB3D461 
 204      E02ABAE0 
 204      5750D5F4 
 204      D6D0
 205 02a9 311B6967 		.ascii	"1\033ig\270b\327\325\223U\351Z\353u\376h\307k\2643\256"
 205      B862D7D5 
 205      9355E95A 
 205      EB75FE68 
 205      C76BB433 
 206 02be 2289CFB4 		.ascii	"\"\211\317\264t\230\324\306P\276\223\332\001L\255IM"
 206      7498D4C6 
 206      50BE93DA 
 206      014CAD49 
ARM GAS  /var/folders/45/ct_yb_0s4l984dg097s5d1mh0000gp/T//ccGFD9Ed.s 			page 15


 206      4D
 207 02cf 6D3F2AFB 		.ascii	"m?*\373x\251\277Y\234\011\030\310I\216q\374\315\207"
 207      78A9BF59 
 207      9C0918C8 
 207      498E71FC 
 207      CD87
 208 02e1 0D365DF7 		.ascii	"\0156]\367m<\301\272o\0201\256i\030W!)\310\347\211A"
 208      6D3CC1BA 
 208      6F1031AE 
 208      69185721 
 208      29C8E789 
 209 02f6 AEBF71F5 		.ascii	"\256\277q\365\246\211\0049H\347\305\241e]\213?\2607"
 209      A6890439 
 209      48E7C5A1 
 209      655D8B3F 
 209      B037
 210 0308 2CD1BA7E 		.ascii	",\321\272~\201 \3275\220\301\344 7\022\203,\015~]\221"
 210      8120D735 
 210      90C1E420 
 210      3712832C 
 210      0D7E5D91 
 211 031c B2F62FD4 		.ascii	"\262\366/\324\243\256RY%\262\210W\360\371eV\375/a-^"
 211      A3AE5259 
 211      25B28857 
 211      F0F96556 
 211      FD2F612D 
 212 0331 2F81816F 		.ascii	"/\201\201o\352\320\215\263\3751-\216\317u\275r\223\367"
 212      EAD08DB3 
 212      FD312D8E 
 212      CF75BD72 
 212      93F7
 213 0343 0A1A4E55 		.ascii	"\012\032NU\237\036\266\2210/\376\333\343\273\367\030"
 213      9F1EB691 
 213      302FFEDB 
 213      E3BBF718 
 214 0353 59A5BBA3 		.ascii	"Y\245\273\243\305\377p\340\330\035\256\303\306\202a"
 214      C5FF70E0 
 214      D81DAEC3 
 214      C68261
 215 0362 5EFE95AE 		.ascii	"^\376\225\256sGI\244%nq\335T\240\342uQO\260;\206\340"
 215      734749A4 
 215      256E71DD 
 215      54A0E275 
 215      514FB03B 
 216 0378 28233812 		.ascii	"(#8\022!\330u\242u\004\364\004Gc\010~\025%\370\371\304"
 216      21D875A2 
 216      7504F404 
 216      4763087E 
 216      1525F8F9 
 217 038d A9853452 		.ascii	"\251\2054ReHJp\350\315\2613\274cq\303\302mNf\367\274"
 217      65484A70 
 217      E8CDB133 
 217      BC6371C3 
 217      C26D4E66 
 218 03a3 D2971121 		.ascii	"\322\227\021!8\316u\255\303{\367d$'x\227\021\274\023"
 218      38CE75AD 
 218      C37BF764 
ARM GAS  /var/folders/45/ct_yb_0s4l984dg097s5d1mh0000gp/T//ccGFD9Ed.s 			page 16


 218      24277897 
 218      11BC13
 219 03b6 21D8F2F7 		.ascii	"!\330\362\367\225\266T=\301\2731\004'\242\004\333\007"
 219      95B6543D 
 219      C1BB3104 
 219      27A204DB 
 219      07
 220 03c7 EE7D2B92 		.ascii	"\356}+\222ZN\260\242}\376\222\2154\362\311\354\303\246"
 220      5A4EB0A2 
 220      7DFE928D 
 220      34F2C9EC 
 220      C3A6
 221 03d9 CE54BE49 		.ascii	"\316T\276IV\323\244\215\324\325\231\371&9\300\316\353"
 221      56D3A48D 
 221      D4D599F9 
 221      2639C0CE 
 221      EB
 222 03ea E18335E9 		.ascii	"\341\2035\351\244\205\333\266\037]\376\300\022!\314"
 222      A485DBB6 
 222      1F5DFEC0 
 222      1221CC
 223 03f9 17764719 		.ascii	"\027vG\031k\263%\257\370\024\343\373\357\010\337#{\217"
 223      6BB325AF 
 223      F814E3FB 
 223      EF08DF23 
 223      7B8F
 224 040b 3CAEA73B 		.ascii	"<\256\247;\025Cw:B\327\374\217K5\273\322\300n\317\264"
 224      1543773A 
 224      42D7FC8F 
 224      4B35BBD2 
 224      C06ECFB4 
 225 041f DBB3ED07 		.ascii	"\333\263\355\007\251}pb7\231\352\251V\352\234\264/\240"
 225      A97D7062 
 225      3799EAA9 
 225      56EA9CB4 
 225      2FA0
 226 0431 17BBF41B 		.ascii	"\027\273\364\033\310\324\032\362S\026!@\257\002w\350"
 226      C8D41AF2 
 226      53162140 
 226      AF0277E8 
 227 0441 870B1B68 		.ascii	"\207\013\033h\006`,\336V\322L\353\031q\024d\010\377"
 227      06602CDE 
 227      56D24CEB 
 227      19711464 
 227      08FF
 228 0453 4283FBD4 		.ascii	"B\203\373\324\340k\325\003\333\033\276\305N\237\003"
 228      E06BD503 
 228      DB1BBEC5 
 228      4E9F03
 229 0462 3BCCA22C 		.ascii	";\314\242,\240\314\240\314\203\235\275\230t@\264L\367"
 229      A0CCA0CC 
 229      839DBD98 
 229      7440B44C 
 229      F7
 230 0473 1202E5C5 		.ascii	"\022\002\345\305Q\302U\302d\274\345\005\210\232\362"
 230      51C255C2 
 230      64BCE505 
ARM GAS  /var/folders/45/ct_yb_0s4l984dg097s5d1mh0000gp/T//ccGFD9Ed.s 			page 17


 230      889AF2
 231 0482 3D39554D 		.ascii	"=9UM\360%H\215\004u;j\200\013?mT\202U\204\366\037\014"
 231      F025488D 
 231      04753B6A 
 231      800B3F6D 
 231      54825584 
 232 0499 254E048B 		.ascii	"%N\004\213\204\011\357\234\275p\220d\252\253\254I\272"
 232      8409EF9C 
 232      BD709064 
 232      AAABAC49 
 232      BA
 233 04aa 4A21E912 		.ascii	"J!\351\0221\306D\365\365\331\230m\032\322\341\011\360"
 233      31C644F5 
 233      F5D9986D 
 233      1AD2E109 
 233      F0
 234 04bb 205235F2 		.ascii	" R5\362\260\263\366\274\0012\263\355\365\352\221\301"
 234      B0B3F6BC 
 234      0132B3ED 
 234      F5EA91C1 
 235 04cb F034CB45 		.ascii	"\3604\313E5\245K\230\322e5>_\355\302~\266\332\305D\253"
 235      35A54B98 
 235      D265353E 
 235      5FEDC27E 
 235      B6DAC544 
 236 04e0 ED69F8E1 		.ascii	"\355i\370\341\241J\005\023\207@\360\011r^L\234b\272"
 236      A14A0513 
 236      8740F009 
 236      725E4C9C 
 236      62BA
 237 04f2 F3F60C75 		.ascii	"\363\366\014uX\311u\326\254\342\215\275\201v#dgr\204"
 237      58C975D6 
 237      ACE28DBD 
 237      81762364 
 237      677284
 238 0505 C1061345 		.ascii	"\301\006\023Ex\204\276\017\265\023\216\002\252M\020"
 238      7884BE0F 
 238      B5138E02 
 238      AA4D10
 239 0514 4F175690 		.ascii	"O\027V\220e\"\306\210s,\364\347\2131\031y\024\223\221"
 239      6522C688 
 239      732CF4E7 
 239      8B311979 
 239      149391
 240 0527 B0FA920B 		.ascii	"\260\372\222\013\263\227\334\351sg?J\033\301C\211\356"
 240      B397DCE9 
 240      73673F4A 
 240      1BC14389 
 240      EE
 241 0538 9B552C04 		.ascii	"\233U,\004\000\277\342\235\012\233\207#\003\270\036"
 241      00BFE29D 
 241      0A9B8723 
 241      03B81E
 242 0547 B522BFA9 		.ascii	"\265\"\277\251\246t\022q\201\250FTc\210\221\270\354"
 242      A6741271 
 242      81A84654 
 242      638891B8 
ARM GAS  /var/folders/45/ct_yb_0s4l984dg097s5d1mh0000gp/T//ccGFD9Ed.s 			page 18


 242      EC
 243 0558 A706007D 		.ascii	"\247\006\000}T\376\234\303E\006\377r\344\177t~\\%j`"
 243      54FE9CC3 
 243      4506FF72 
 243      E47F747E 
 243      5C256A60 
 244 056c 3A97EF70 		.ascii	":\227\357p\025\242\217\243\244\264E\202\232\261\373"
 244      15A28FA3 
 244      A4B44582 
 244      9AB1FB
 245 057b B5CDA732 		.ascii	"\265\315\2472F\361\024\026\340\267\202P\227\342e\347"
 245      46F11416 
 245      E0B78250 
 245      97E265E7 
 246 058b C9C5BF36 		.ascii	"\311\305\2776\325\003\031\343\207K\345\355\2269\333"
 246      D50319E3 
 246      874BE5ED 
 246      9639DB
 247 059a FA034AFF 		.ascii	"\372\003J\377(~i4\221\241\256{\212b1\260\023\255B\214"
 247      287E6934 
 247      91A1AE7B 
 247      8A6231B0 
 247      13AD428C 
 248 05ae 560CFFE2 		.ascii	"V\014\377\342u\2078\012\240\210#\030\256R\\O\277\256"
 248      7587380A 
 248      A0882318 
 248      AE525C4F 
 248      BFAE
 249 05c0 EA2F078C 		.ascii	"\352/\007\214d\237\221E\232ix\3607\213\032i\254\231"
 249      649F9145 
 249      9A6978F0 
 249      378B1A69 
 249      AC99
 250 05d2 28FB14FA 		.ascii	"(\373\024\372\205H\317\356*-PU|\240\235,PSw]\225Q\365"
 250      8548CFEE 
 250      2A2D5055 
 250      7CA09D2C 
 250      5053775D 
 251 05e9 9D9A20B8 		.ascii	"\235\232 \270\321\360{\015\337\277\364\325\324\2535"
 251      D1F07B0D 
 251      DFBFF4D5 
 251      D4AB35
 252 05f8 4E2FC479 		.ascii	"N/\304yW3\357\303\313}?W\235\357\257\215\372\322SnR"
 252      5733EFC3 
 252      CB7D3F57 
 252      9DEFAF8D 
 252      FAD2536E 
 253 060d F39D8CF7 		.ascii	"\363\235\214\367}\215\371\326\355YZN!\215|\011\357\034"
 253      7D8DF9D6 
 253      ED595A4E 
 253      218D7C09 
 253      EF1C
 254 061f 0EADD8D8 		.ascii	"\016\255\330\330I\213M\244\036\265_\366\006\006c\336"
 254      498B4DA4 
 254      1EB55FF6 
 254      060663DE 
 255 062f 5D2FACD1 		.ascii	"]/\254\321\235\264\265\"=i_\027\325\223\266jxh%\035"
ARM GAS  /var/folders/45/ct_yb_0s4l984dg097s5d1mh0000gp/T//ccGFD9Ed.s 			page 19


 255      9DB4B522 
 255      3D695F17 
 255      D593B66A 
 255      7868251D 
 256 0643 A91C402A 		.ascii	"\251\034@*\217\032\255Q.h\0065Z\026j\342\263\260\213"
 256      8F1AAD51 
 256      2E680635 
 256      5A166AE2 
 256      B3B08B
 257 0656 71A97877 		.ascii	"q\251xwGK\332\023\207\224\376\240\022\274\373\326\032"
 257      474BDA13 
 257      8794FEA0 
 257      12BCFBD6 
 257      1A
 258 0667 4C20DFF5 		.ascii	"L \337\365\237\360UD\317\020\201i~/\012\360\206\370"
 258      9FF05544 
 258      CF108169 
 258      7E2F0AF0 
 258      86F8
 259 0679 84F0646E 		.ascii	"\204\360dn\256\304\177>\277T\344,\226\212=\333$\277"
 259      AEC47F3E 
 259      BF54E42C 
 259      968A3DDB 
 259      24BF
 260 068b 5CE67696 		.ascii	"\\\346v\226\370%oyq\261\372?\327\225\362\3643\317\255"
 260      F8256F79 
 260      71B1FA3F 
 260      D795F2F4 
 260      33CFAD
 261 069e DB929727 		.ascii	"\333\222\227'\244:\034\345\036\257\274\331!\277,=\347"
 261      A43A1CE5 
 261      1EAFBCD9 
 261      21BF2C3D 
 261      E7
 262 06af 7797A19D 		.ascii	"w\227\241\235\307\345+v\026x\012\313\312e\031\377\025"
 262      C7E52B76 
 262      16780ACB 
 262      CA6519FF 
 262      15
 263 06c0 7A9C6505 		.ascii	"z\234e\005\036\257O\362\225\312R\241\313\225\343,+\311"
 263      1EAF4FF2 
 263      95CA52A1 
 263      CB95E32C 
 263      2BC9
 264 06d2 F1FABCEE 		.ascii	"\361\372\274\356\034\267s\233'\347\251\234\215\033\362"
 264      1CB7739B 
 264      27E7A99C 
 264      8D1BF2
 265 06e1 36E7BCB4 		.ascii	"6\347\274\2641\247\274\264\300)\273\245\230\307\222"
 265      31A7BCB4 
 265      C029BBA5 
 265      98C792
 266 06f0 C7EB2A2E 		.ascii	"\307\353*./pK%NW\221\307\353\226\034\005\356\355\316"
 266      2F704B25 
 266      4E5791C7 
 266      EB961C05 
 266      EEEDCE
ARM GAS  /var/folders/45/ct_yb_0s4l984dg097s5d1mh0000gp/T//ccGFD9Ed.s 			page 20


 267 0703 F262D921 		.ascii	"\362b\331!\277Z\352\366\347\026\011f\025\376\017\377"
 267      BF5AEAF6 
 267      E7160966 
 267      15FE0FFF 
 268 0713 5778FFAB 		.ascii	"Wx\377\253~\311\341\2271\220\214\230&\277\347On\207"
 268      7EC9E197 
 268      31908C98 
 268      26BFE74F 
 268      6E87
 269 0725 2CFF8F20 		.ascii	",\377\217 i\226\321,\016\372\251\334M\271y\032\001\271"
 269      6996D12C 
 269      0EFAA9DC 
 269      4DB9791A 
 269      01B9
 270 0737 00578ED8 		.ascii	"\000W\216\330\344\345\022\231\224\226\313\230x$\263"
 270      E4E51299 
 270      9496CB98 
 270      7824B3
 271 0746 69A34336 		.ascii	"i\243C6\253wc\211\277\320!o\326\327\320\345+)\361y\245"
 271      AB776389 
 271      BFD0216F 
 271      D6D7D0E5 
 271      2B29F179 
 272 075b 525F99EC 		.ascii	"R_\231\354\227~\366\353\255[\266\276Bu\245\236b\312"
 272      977EF6EB 
 272      AD5BB6BE 
 272      4275A59E 
 272      62CA
 273 076d FBE92D5B 		.ascii	"\373\351-[$WQ$\221\006,m\201\361\217e\036\331\235\341"
 273      24575124 
 273      91062C6D 
 273      81F18F65 
 273      1ED99DE1 
 274 0781 F1FA65A7 		.ascii	"\361\372e\247\327\345v\370\266o\367\273\345\364g\260"
 274      D7E576F8 
 274      B66FF7BB 
 274      E5F467B0 
 275 0791 F6CFB2DA 		.ascii	"\366\317\262\332?\277\3657\244\320-\377\370\373vJ\221"
 275      3FBFF537 
 275      A4D02DFF 
 275      F8FB764A 
 275      91
 276 07a2 60D19C4D 		.ascii	"`\321\234M,\272\377{;\273\004#%\345\267Q\345\257\266"
 276      2CBAFF7B 
 276      3BBB0423 
 276      25E5B751 
 276      E5AFB6
 277 07b5 BDE876C9 		.ascii	"\275\350v\311\277\364z\344\377\000\255\310[\337"
 277      BFF47AE4 
 277      FF00ADC8 
 277      5BDF
 278              		.text
 279              		.section	.gnu.lto_.symtab.9b279f4f92f15cd7,"",%progbits
 280 0000 6E756C6C 		.ascii	"nullObjectInit\000"
 280      4F626A65 
 280      6374496E 
 280      697400
ARM GAS  /var/folders/45/ct_yb_0s4l984dg097s5d1mh0000gp/T//ccGFD9Ed.s 			page 21


 281 000f 00       		.ascii	"\000"
 282 0010 00       		.ascii	"\000"
 283 0011 00       		.ascii	"\000"
 284 0012 00000000 		.ascii	"\000\000\000\000\000\000\000\000"
 284      00000000 
 285 001a 0B010000 		.ascii	"\013\001\000\000"
 286              		.text
 287              		.section	.gnu.lto_.opts,"",%progbits
 288 0000 272D666D 		.ascii	"'-fmath-errno' '-fsigned-zeros' '-ftrapping-math' '"
 288      6174682D 
 288      6572726E 
 288      6F272027 
 288      2D667369 
 289 0033 2D666E6F 		.ascii	"-fno-trapv' '-fno-openmp' '-fno-openacc' '-mcpu=cor"
 289      2D747261 
 289      70762720 
 289      272D666E 
 289      6F2D6F70 
 290 0066 7465782D 		.ascii	"tex-m7' '-mno-thumb-interwork' '-mthumb' '-O2' '-fo"
 290      6D372720 
 290      272D6D6E 
 290      6F2D7468 
 290      756D622D 
 291 0099 6D69742D 		.ascii	"mit-frame-pointer' '-falign-functions=16' '-ffuncti"
 291      6672616D 
 291      652D706F 
 291      696E7465 
 291      72272027 
 292 00cc 6F6E2D73 		.ascii	"on-sections' '-fdata-sections' '-fno-common' '-flto"
 292      65637469 
 292      6F6E7327 
 292      20272D66 
 292      64617461 
 293 00ff 2700     		.ascii	"'\000"
 294              		.text
 295              		.comm	__gnu_lto_v1,1,1
 296              		.comm	__gnu_lto_slim,1,1
 297              		.ident	"GCC: (GNU Tools for Arm Embedded Processors 7-2018-q2-update) 7.3.1 20180622 (release) [AR
ARM GAS  /var/folders/45/ct_yb_0s4l984dg097s5d1mh0000gp/T//ccGFD9Ed.s 			page 22


DEFINED SYMBOLS
                            *ABS*:0000000000000000 nullstreams.c
                            *COM*:0000000000000001 __gnu_lto_v1
                            *COM*:0000000000000001 __gnu_lto_slim

NO UNDEFINED SYMBOLS
