ARM GAS  /var/folders/45/ct_yb_0s4l984dg097s5d1mh0000gp/T//ccXifp5s.s 			page 1


   1              		.cpu cortex-m7
   2              		.eabi_attribute 20, 1
   3              		.eabi_attribute 21, 1
   4              		.eabi_attribute 23, 3
   5              		.eabi_attribute 24, 1
   6              		.eabi_attribute 25, 1
   7              		.eabi_attribute 26, 1
   8              		.eabi_attribute 30, 2
   9              		.eabi_attribute 34, 1
  10              		.eabi_attribute 18, 4
  11              		.file	"nvic.c"
  12              		.section	.gnu.lto_.profile.9765505ad161486,"",%progbits
  13 0000 789C6363 		.ascii	"x\234cc```\001bF\006)1\000\000\302\000<"
  13      60606001 
  13      62460629 
  13      310000C2 
  13      003C
  14              		.text
  15              		.section	.gnu.lto_.icf.9765505ad161486,"",%progbits
  16 0000 789C6363 		.ascii	"x\234cc``\220b@\000\026\206\366\231\033>33\036\336z"
  16      60609062 
  16      40001686 
  16      F6991B3E 
  16      33331EDE 
  17 0015 633713D3 		.ascii	"c7\023\323\275\247\377~\2622/\355\2309\217\203\001\000"
  17      BDA7FF7E 
  17      B2322FED 
  17      98398F83 
  17      0100
  18 0027 A7920C29 		.ascii	"\247\222\014)"
  19              		.text
  20              		.section	.gnu.lto_.jmpfuncs.9765505ad161486,"",%progbits
  21 0000 789C6363 		.ascii	"x\234cc``\320a@\000\026\006&FF\346\3729\314\014 \314"
  21      6060D061 
  21      40001606 
  21      264646E6 
  21      FA39CC0C 
  22 0016 0804209A 		.ascii	"\010\004 \232\011Y\220\031*\310\000\000\237-\007\005"
  22      09599019 
  22      2AC80000 
  22      9F2D0705 
  23              		.text
  24              		.section	.gnu.lto_.inline.9765505ad161486,"",%progbits
  25 0000 789C4D8C 		.ascii	"x\234M\214\321\021\2000\014B!\215i\364\307\021\352\004"
  25      D1118030 
  25      0C42218D 
  25      69F4C711 
  25      EA04
  26 0012 2ED9453A 		.ascii	".\331E:\222\2438\202\261\236U>\270\343\036`\000*>)\260"
  26      92A33882 
  26      B19E553E 
  26      B8E31E60 
  26      002A3E29 
  27 0027 CC146E8C 		.ascii	"\314\024n\214p\233\332\271\303Z\021\310\261*\"y\020"
  27      709BDAB9 
  27      C35A11C8 
  27      B12A2279 
ARM GAS  /var/folders/45/ct_yb_0s4l984dg097s5d1mh0000gp/T//ccXifp5s.s 			page 2


  27      10
  28 0038 07E199EC 		.ascii	"\007\341\231\354\225\244\255<\225\240\332O\004\223\222"
  28      95A4AD3C 
  28      95A0DA4F 
  28      049392
  29 0047 FD25C5EE 		.ascii	"\375%\305\356w\020J\310\366N\007\034S\\\2260\015\244"
  29      77104AC8 
  29      F64E071C 
  29      535C9630 
  29      0DA4
  30              		.text
  31              		.section	.gnu.lto_.pureconst.9765505ad161486,"",%progbits
  32 0000 789C6363 		.ascii	"x\234cc``\340\004b\026\006)F)&)f)\000\002\304\000\202"
  32      6060E004 
  32      62160629 
  32      46292629 
  32      66290002 
  33              		.text
  34              		.section	.gnu.lto_nvicEnableVector.9765505ad161486,"",%progbits
  35 0000 789C9D53 		.ascii	"x\234\235SQK\024Q\024\276\337\234\231\331\311\326}\217"
  35      514B1451 
  35      14BEDF9C 
  35      99D9C9D6 
  35      7D8F
  36 0012 96F22110 		.ascii	"\226\362!\020\011v\022\372\003\021\364\020\370\322?"
  36      097612FA 
  36      0311F410 
  36      F8D23F
  37 0021 085F1272 		.ascii	"\010_\022rW4\2447\357\356\332\252\345\203\340\252\260"
  37      5734A437 
  37      EFEEDAAA 
  37      E583E0AA 
  37      B0
  38 0032 4CB1D25A 		.ascii	"L\261\322ZB\330&j\245YM\333\232.Q\221H\357\245\024\030"
  38      42D8266A 
  38      A5594DDB 
  38      9A2E5191 
  38      48EFA514 
  39 0047 8AED5381 		.ascii	"\212\355S\201Z\347\316](\250\036\3522\367\314\275\347"
  39      5AE7CE5D 
  39      28A81EEA 
  39      32F7CCBD 
  39      E7
  40 0058 7CE79CEF 		.ascii	"|\347\234\357\273w\306\026B\234%!N\362\3730O\220\200"
  40      BB77C616 
  40      429C2521 
  40      4EF2FB30 
  40      4F9080
  41 006b 31F45A88 		.ascii	"1\364Z\210\244c\000j!\035\210\036\003=\030\244,\241"
  41      A463006A 
  41      211D881E 
  41      033D18A4 
  41      2CA1
  42 007d D4F771DE 		.ascii	"\324\367q\336h\272-y\370c\325Cr\322\207\307\351\243"
  42      68BA2D79 
  42      F863D543 
  42      72D287C7 
ARM GAS  /var/folders/45/ct_yb_0s4l984dg097s5d1mh0000gp/T//ccXifp5s.s 			page 3


  42      E9A3
  43 008f 3CD5C00C 		.ascii	"<\325\300\014\232\030\365\266\367\236G\327\310#\300"
  43      9A18F5B6 
  43      F79E47D7 
  43      C823C0
  44 009e E4ED9757 		.ascii	"\344\355\227W\271\365\210\332\032h\340\355\236\314\216"
  44      B9F588DA 
  44      1A68E0ED 
  44      9ECC8E
  45 00ad 462806C1 		.ascii	"F(\006\301\353\215\2277\207B\215\023R\246\244_.\220"
  45      EB8D9737 
  45      87428D13 
  45      52A6A45F 
  45      2E90
  46 00bf 3CE611E1 		.ascii	"<\346\021\341>\210\013b\016Q\314\"*\330%\360\000\215"
  46      3E880B62 
  46      0E51CC22 
  46      2AD825F0 
  46      008D
  47 00d1 0CBF93FA 		.ascii	"\014\277\223\372\264Et\"H\375\260\362>k\325R7&j\251"
  47      B4457422 
  47      48FDB0F2 
  47      3E6BD552 
  47      37266AA9 
  48 00e5 0FFF903A 		.ascii	"\017\377\220:\217\306\000?\275?Ro\233\232+\026`\013"
  48      8FC6003F 
  48      BD3F526F 
  48      9B9A2B16 
  48      600B
  49 00f7 F0A2B86A 		.ascii	"\360\242\270j\371r\377{\237\364\327na\354L\030\234c"
  49      F972FF7B 
  49      9FF4D76E 
  49      61EC4C18 
  49      9C63
  50 0109 1ACA101B 		.ascii	"\032\312\020\033\313T\306bc\333P\205\034(&B\364s\021"
  50      CB54C662 
  50      63DB5085 
  50      1C282642 
  50      F47311
  51 011c 3E1DE98B 		.ascii	">\035\351\213\0012\324*\355\213M\244\252}{\305:U;G\310"
  51      0132D42A 
  51      ED8B4DA4 
  51      AA7D7BC5 
  51      3A553B47 
  52 0131 91CDAEF4 		.ascii	"\221\315\256\364N\006\332a\260\357\327\263\261a\342"
  52      4E06DA61 
  52      B0EFD7B3 
  52      B161E2
  53 0140 1173DC44 		.ascii	"\021s\334Di\355\3527R \016\217^)\275\011\251p(\0209"
  53      69EDEA37 
  53      52200E8F 
  53      5E29BD09 
  53      A9702810 
  54 0155 3BBEFD35 		.ascii	";\276\3755\254\267\262\224\226\021v\315|\036^\017\345"
  54      ACB7B294 
  54      961176CD 
  54      7C1E5E0F 
ARM GAS  /var/folders/45/ct_yb_0s4l984dg097s5d1mh0000gp/T//ccXifp5s.s 			page 4


  54      E5
  55 0166 7123C977 		.ascii	"q#\311w\220?\342\221\203\307\254v\221+\251\204\245\301"
  55      903FE291 
  55      83C7AC76 
  55      912BA984 
  55      A5C1
  56 0178 E4789D3B 		.ascii	"\344x\235;%{\223\262\301\243\003x\202<F\202\333\341"
  56      257B93B2 
  56      C1A30378 
  56      823C4682 
  56      DBE1
  57 018a E0BBD5B9 		.ascii	"\340\273\325\271\231HsQ\005\363q\217\352\360\024n\216"
  57      99487351 
  57      05F3718F 
  57      EAF0146E 
  57      8E
  58 019b 9CE0E67C 		.ascii	"\234\340\346|43G\305x7s}z\322\320\244\211\303\2348\\"
  58      343347C5 
  58      7837737D 
  58      7AD2D0A4 
  58      89C39C38 
  59 01b0 B83B5FAF 		.ascii	"\270;_\257hX8\212g\001\351t53`i\220\251A\225\302\302"
  59      6858388A 
  59      6701E974 
  59      35336069 
  59      90A94195 
  60 01c6 6E582BB3 		.ascii	"nX+\263P\322\240\235L%\244A\226RS^\3168\032\001<G\224"
  60      50D2A09D 
  60      4C25A441 
  60      9652535E 
  60      CE381A01 
  61 01dd EBD7E45B 		.ascii	"\353\327\344[5\371\377\"\356 \312\2018\374.\256\333"
  61      35F9FF22 
  61      EE20CA81 
  61      38FC2EAE 
  61      DB
  62 01ee A3309694 		.ascii	"\2430\226\22483\020\367B\211\263t\257\251\351E\374W"
  62      383310F7 
  62      4289B374 
  62      AFA9E945 
  62      FC57
  63 0200 B7E5A09B 		.ascii	"\267\345\240\233\361\227n+?\273Ut\267m\244\362\305\301"
  63      F1976E2B 
  63      3FBB5574 
  63      B76DA4F2 
  63      C5C1
  64 0212 A057F073 		.ascii	"\240W\360s\3643S\376R\270\300\361X\314\325O\242\313"
  64      F43353FE 
  64      52B8C0F1 
  64      58CCD54F 
  64      A2CB
  65 0224 BD70FEA2 		.ascii	"\275p\376\242\333\221\350\274\324\345\266&\332\333\023"
  65      DB91E8BC 
  65      D4E5B626 
  65      DADB13
  66 0233 71F7D4B9 		.ascii	"q\367\324\271\226\323-\227\335xw[k\254U nvt\266%~\000"
  66      96D32D97 
ARM GAS  /var/folders/45/ct_yb_0s4l984dg097s5d1mh0000gp/T//ccXifp5s.s 			page 5


  66      DD78775B 
  66      6BAC5520 
  66      6E7674B6 
  67 024a EF051A21 		.ascii	"\357\005\032!"
  68              		.text
  69              		.section	.gnu.lto_nvicDisableVector.9765505ad161486,"",%progbits
  70 0000 789C9551 		.ascii	"x\234\225Q]k\023Q\020\235sg?b?\362,\030\264\017B)B\226"
  70      5D6B1351 
  70      109D7367 
  70      3F623FF2 
  70      2C18B40F 
  71 0018 FC04117C 		.ascii	"\374\004\021|\353\213\377@\362\242h\023\261R|\353M\323"
  71      EB8BFF40 
  71      F2A26813 
  71      B1527CEB 
  71      4DD3
  72 002a A6AD5628 		.ascii	"\246\255V(\264\215\020\026\331b\304\202h\225\244j\352"
  72      B48D1016 
  72      D962C482 
  72      6895A46A 
  72      EA
  73 003b D7BA56A4 		.ascii	"\327\272V\244h\025\213\372\003L\021Q(*>T\250\325\271"
  73      68158BFA 
  73      034C1151 
  73      282A3E54 
  73      A8D5B9
  74 004e BB3E083E 		.ascii	"\273>\010>9\354\275;s\357\2319\347\3168DtB\021y\362"
  74      39ECBD3B 
  74      73EF9939 
  74      E7CE3844 
  74      74421179 
  75 0063 DF230B4C 		.ascii	"\337#\013LP\323/\211J)\005\030G\247@\303\012\303\230"
  75      50D32F89 
  75      4A290518 
  75      47A740C3 
  75      0AC398
  76 0076 E2594634 		.ascii	"\342YF4\376\241\245\372\256j\261\360b\323\251\350\261"
  76      FEA1A5FA 
  76      AE6AB1F0 
  76      62D3A9E8 
  76      B1
  77 0087 DD3E1355 		.ascii	"\335>\023Ue\031C\003}\202z=z\323\347\363\3543`I\370"
  77      65194303 
  77      7D827A3D 
  77      7AD3E7F3 
  77      EC336049 
  78 009c 75ADD64E 		.ascii	"u\255\326N\233P\241G\302\237z\266\232\346,H\374\215"
  78      9B50A147 
  78      C29F7AB6 
  78      9AE62C48 
  78      FC8D
  79 00ae E797A7DD 		.ascii	"\347\227\247\335\336+Z\217\350\360E\235\365~\237\031"
  79      DE2B5A8F 
  79      E8F0459D 
  79      F57E9F19 
  80 00be B7C15210 		.ascii	"\267\301R\020K\310\240\211\014\311\021\341\016z\015"
  80      4BC8A089 
ARM GAS  /var/folders/45/ct_yb_0s4l984dg097s5d1mh0000gp/T//ccXifp5s.s 			page 6


  80      0CC911E1 
  80      0E7A0D
  81 00cd FEFDAD9D 		.ascii	"\376\375\255\235\271n\307J\010q\027\016A\234\305u;\324"
  81      B96EC74A 
  81      0871170E 
  81      419CC575 
  81      3BD4
  82 00df 3BBFC675 		.ascii	";\277\306u\270Q\307\333\303\242\330gK\231\215e\263-"
  82      B851C7DB 
  82      C3A2D867 
  82      4B998D65 
  82      B32D
  83 00f1 C4E93421 		.ascii	"\304\3514!I\362$\035\322$+\343\225C\372\204\362ve\255"
  83      49F2241D 
  83      D2242BE3 
  83      9543FA84 
  83      F27665AD 
  84 0105 B1A04CB1 		.ascii	"\261\240L\261\032\243\306F\361L\375F\253\333(\266\260"
  84      1AA3C646 
  84      F14CFD46 
  84      ABDB28B6 
  84      B0
  85 0116 0F2DD120 		.ascii	"\017-\321 \260o\225I;\001\251\004\264Z_\336\3562 \033"
  85      B06F9549 
  85      3B01A904 
  85      B45A5FDE 
  85      EE32201B 
  86 012a 369613D0 		.ascii	"6\226\023\320\227\312\252\233\200L\267\232+\317*\251"
  86      97CAAA9B 
  86      804CB79A 
  86      2BCF2AA9 
  87 013a 0401DC43 		.ascii	"\004\001\334CF\352\013(zs\356G\\I\020\325\261\350\225"
  87      46EA0B28 
  87      7A73EE47 
  87      5C4910D5 
  87      B1E895
  88 014d 6B104EDC 		.ascii	"k\020N\334\216\346\374\346VW\022\352\250\254\323r\324"
  88      8EE6FCE6 
  88      565712EA 
  88      A8ACD372 
  88      D4
  89 015e F83CD376 		.ascii	"\370<\323v\003\\*I\313\203\275>\273x }\271/t&\341\351"
  89      035C2A49 
  89      CB83BD3E 
  89      BB78207D 
  89      B92F7426 
  90 0174 5469BEC3 		.ascii	"Ti\276\303\273\256GK\272\307\347\024\036\"\300\\<\014"
  90      BBAE474B 
  90      BAC7E714 
  90      1E22C05C 
  90      3C0C
  91 0186 B97CB7BE 		.ascii	"\271|\267\276\324H\347\026\315e0\344\363.<\202'\352"
  91      D448E716 
  91      CD6530E4 
  91      F32E3C82 
  91      27EA
  92 0198 E34185C8 		.ascii	"\343A\205\310\211F\243\346\373\307\205\266\373G\316"
ARM GAS  /var/folders/45/ct_yb_0s4l984dg097s5d1mh0000gp/T//ccXifp5s.s 			page 7


  92      8946A3E6 
  92      FBC785B6 
  92      FB47CE
  93 01a7 FF9075E0 		.ascii	"\377\220u\340qL\206\177\311\012>w\"2dVL\366\004\271"
  93      714C867F 
  93      C90A3E77 
  93      22326456 
  93      4CF604B9 
  94 01bb BFDFDA09 		.ascii	"\277\337\332\011\302\212\324\334\304Hp\355\002\3421"
  94      C28AD4DC 
  94      C44870ED 
  94      02E231
  95 01ca 1A9B905A 		.ascii	"\032\233\220Z2\025\021x \233\365\222\2578\350\035;z"
  95      32151178 
  95      209BF592 
  95      AF38E81D 
  95      3B7A
  96 01dc D23B553C 		.ascii	"\322;U<}f\320\313\027\007\006\212\005\357\340\221\376"
  96      7D66D0CB 
  96      1707068A 
  96      05EFE091 
  96      FE
  97 01ed 43FD67BD 		.ascii	"C\375g\275\302\320\361|6O(\374\006\027e\324\031"
  97      C2D0F17C 
  97      364F28FC 
  97      061765D4 
  97      19
  98              		.text
  99              		.section	.gnu.lto_nvicSetSystemHandlerPriority.9765505ad161486,"",%progbits
 100 0000 789C6D51 		.ascii	"x\234mQ\315KTQ\024?\277{\336{\363\012\322\255\224\013"
 100      CD4B5451 
 100      143FBF7B 
 100      DE7BF30A 
 100      D2AD940B 
 101 0014 17C120C1 		.ascii	"\027\301 \301<\334\270h'm\332\270\361?\220)P\320y2J"
 101      3CDCB868 
 101      276DDAB8 
 101      F13F9029 
 101      50D07932 
 102 0029 B4F3CE8C 		.ascii	"\264\363\316\214:f\021\221\243\306\360\210\267\021\223"
 102      3A661191 
 102      A3C6F088 
 102      B71193
 103 0038 100BFB1A 		.ascii	"\020\013\373\032\235\3541\2536}(\321\302\225}P8`T\316"
 103      9DEC31AB 
 103      367D28D1 
 103      C2957D50 
 103      386054CE 
 104 004c A29575EE 		.ascii	"\242\225u\356s\002\027^\356\307\371\372\235\373;\347"
 104      7302175E 
 104      EEC7F9FA 
 104      9DFB3BE7 
 105 005c 38447400 		.ascii	"8Dt\000\242\213\362\236\223\003&\250;o\211r\256\002"
 105      A28BF29E 
 105      930326A8 
 105      3B6F8972 
 105      AE02
ARM GAS  /var/folders/45/ct_yb_0s4l984dg097s5d1mh0000gp/T//ccXifp5s.s 			page 8


 106 006e 8CA05DD0 		.ascii	"\214\240]\320\270\3028nq\211Q+~\253\250\316%-+Zh8Sz"
 106      B8C2386E 
 106      7189512B 
 106      7EABA8CE 
 106      252D2B5A 
 107 0086 B22D60A2 		.ascii	"\262-`\242y9fa\015\235\022\2655\361(\340\233\0340`\211"
 107      79396661 
 107      0D9D12B5 
 107      35F128E0 
 107      9B1C3060 
 108 009b FAEB4DF9 		.ascii	"\372\353M\371K\213Q\025:D-\314nV]N\201D\336^\273w9\271"
 108      4B8B5115 
 108      3A442DCC 
 108      6E565D4E 
 108      8144DE5E 
 109 00b3 A8755E47 		.ascii	"\250u^G_\027Y\237\017\230\361\014,\371\360\024\355x"
 109      5F17599F 
 109      0F98F10C 
 109      2CF9F014 
 109      ED78
 110 00c5 82761213 		.ascii	"\202v\022\023\3419\222\022\3750\377}\237\271;F~~\375"
 110      E1399212 
 110      FD30FF7D 
 110      9FB93B46 
 110      7E7EFD
 111 00d8 A96437A1 		.ascii	"\251d7\241\215\245&\364\305\011\320\012\222q\374\343"
 111      8DA526F4 
 111      C509D00A 
 111      9271FCE3 
 112 00e8 C3B9338E 		.ascii	"\303\2713\216\025\376g\213u8$\225\323\352\266\035\351"
 112      15FE678B 
 112      75382495 
 112      D3EAB61D 
 112      E9
 113 00f9 C3BF4561 		.ascii	"\303\277Ea\320\266s\340& 0K\231K\350\013\330\206\371"
 113      D0B673E0 
 113      2620304B 
 113      994BE80B 
 113      D886F9
 114 010c 9D685A50 		.ascii	"\235hZP\322\020\035\321\015VF*DTG\376wq\245\262\013"
 114      D2101DD1 
 114      0D56462A 
 114      445447FE 
 114      7771A5B2 
 115 0121 93ADCC28 		.ascii	"\223\255\314(\313\207u\024~N5\015Jl\307\373a\303\302"
 115      CB877514 
 115      7E4E350D 
 115      4A6CC7FB 
 115      61C3C2
 116 0134 8610ABA3 		.ascii	"\206\020\253\243\366af\3176A\342\236\237\254\275K\030"
 116      F66166CF 
 116      3641E29E 
 116      9FACBD4B 
 116      18
 117 0145 B7135796 		.ascii	"\267\023W\226\253TK\366\221\252w\012\272EL\365\255\306"
 117      AB544BF6 
 117      91AA770A 
ARM GAS  /var/folders/45/ct_yb_0s4l984dg097s5d1mh0000gp/T//ccXifp5s.s 			page 9


 117      BA454CF5 
 117      ADC6
 118 0157 7B3BC4FD 		.ascii	"{;\304\375\234\364=<\033p\002/\245\304\252d2\200\273"
 118      9CF43D3C 
 118      1B70022F 
 118      A5C4AA64 
 118      3280BB
 119 016a 33CBCBA7 		.ascii	"3\313\313\247\275\025=\221\323\035\001\273\330D\210"
 119      BD153D91 
 119      D31D01BB 
 119      D84488
 120 0179 B97822E2 		.ascii	"\271x\"\342\374\370\340\317Bk\327\252q\206\331\200O"
 120      FCF8E0CF 
 120      426BD7AA 
 120      7186D980 
 120      4F
 121 018a E115BC32 		.ascii	"\341\025\2742\333\361\264\"t\011G\372\201|\270q;\246"
 121      DBF1B422 
 121      740947FA 
 121      817CB871 
 121      3BA6
 122 019c 1C4F719A 		.ascii	"\034Oq\232a\352SD\027R)\357h\373\243\336@\377\2207\342"
 122      61EA5344 
 122      175229EF 
 122      68FBA3DE 
 122      40FF9037 
 123 01b1 67C746BD 		.ascii	"g\307F\275\264?<\354g\274\236\276\336K\275\327\275\314"
 123      B43F3CEC 
 123      67BC9EBE 
 123      DE4BBDD7 
 123      BDCC
 124 01c3 B5C1742A 		.ascii	"\265\301t*M\211\201\376\314\225\241\253Yk$;\350\377"
 124      4D8981FE 
 124      CC95A1AB 
 124      596B243B 
 124      E8FF
 125 01d5 037E8DB1 		.ascii	"\003~\215\261p"
 125      70
 126              		.text
 127              		.section	.gnu.lto_nvicClearPending.9765505ad161486,"",%progbits
 128 0000 789C3551 		.ascii	"x\2345Q\317KTQ\024>\337=\357\315\233Bg\0354\250\013"
 128      CF4B5451 
 128      143EDF3D 
 128      EFCD9B42 
 128      671D34A8 
 129 0015 4144988B 		.ascii	"AD\230\213\177B\264h\345\306\377 fS\2403\222!\355\274"
 129      7F42B468 
 129      E5C6FF20 
 129      6653A033 
 129      9221EDBC 
 130 0029 33A3335A 		.ascii	"3\2433ZB\202:\301\360\210'N\210\013\1771\232\315\330"
 130      42823AC1 
 130      F088274E 
 130      880B7F31 
 130      9ACDD8
 131 003c 8FC7508B 		.ascii	"\217\307P\213\210\012%Z\265\312\010*\220\022\202\026"
 131      880A255A 
ARM GAS  /var/folders/45/ct_yb_0s4l984dg097s5d1mh0000gp/T//ccXifp5s.s 			page 10


 131      B5CA082A 
 131      90128216 
 132 004c 6A9DFB1E 		.ascii	"j\235\373\036\035\356\217s\316=\337\271\337\375n\202"
 132      1DEE8F73 
 132      CE3DDFB9 
 132      DFFD6E82 
 133 005c 887E8348 		.ascii	"\210~\203H\313~Y&\230\240\346\337\021\025\222\012\260"
 133      CB7E5926 
 133      98A0E6DF 
 133      1115920A 
 133      B0
 134 006d 8E498226 		.ascii	"\216I\202&\025&1\307\213\214v\345kS\365\257\032\261"
 134      152631C7 
 134      8B8C76E5 
 134      6B53F5AF 
 134      1AB1
 135 007f F041CB2B 		.ascii	"\360A\313+\233\351K>\023UeZC\003\375Ru0\265\345\363"
 135      9BE94B3E 
 135      1355655A 
 135      4303FD52 
 135      7530B5E5 
 136 0094 3DF61970 		.ascii	"=\366\031p$\374\365\266v\224\262\241B\217\204gf\261"
 136      24FCF5B6 
 136      7694B2A1 
 136      428F8467 
 136      66B1
 137 00a6 9AE20C48 		.ascii	"\232\342\014H\374/oV\346\275\276G\306\024M\370\262\316"
 137      FC2F6F56 
 137      E6BDBE47 
 137      C6144DF8 
 137      B2CE
 138 00b8 A6D767C6 		.ascii	"\246\327g\306c\2604\304.\322\330A\232$E\330C\237\255"
 138      63B034C4 
 138      2ED2D841 
 138      9A2445D8 
 138      439FAD
 139 00cb FFBC7DBE 		.ascii	"\377\274}\276\324\231p\342\013\361\004\011\022\362\264"
 139      D49970E2 
 139      0BF10409 
 139      12F2B4
 140 00da 79E886E6 		.ascii	"y\350\206\346\374o\305\204\237\3528\270&\214}v\224,"
 140      FC6FC584 
 140      9FEA38B8 
 140      268C7D76 
 140      942C
 141 00ec 2E5BCFB1 		.ascii	".[\317\261\213\213\250\007\315\010R\336eB\232ee\275"
 141      8B8BA807 
 141      CD0852DE 
 141      65429A65 
 141      65BD
 142 00fe 5248DF51 		.ascii	"RH\337Q:-\237\355\007\312v\2541j\354\312]\013\365\215"
 142      3A2D9FED 
 142      07CA76AC 
 142      316AECCA 
 142      5D0BF58D 
 143 0112 66A7A5ED 		.ascii	"f\247\245\355\240\033M!\"e?\313k^\\\2440\220\226R\233"
 143      A01B4D21 
ARM GAS  /var/folders/45/ct_yb_0s4l984dg097s5d1mh0000gp/T//ccXifp5s.s 			page 11


 143      22653FCB 
 143      6B5E5CA4 
 143      30909652 
 144 0127 3C29CFBA 		.ascii	"<)\317\272q\222c\344\353z\353\264\303\"]\270hE\310\342"
 144      719263E4 
 144      EB7AEBB4 
 144      C3225DB8 
 144      6845C8E2 
 145 013b 49E53FD2 		.ascii	"I\345?\322\021\260d\332\037\356~\213`\002\250N\267\337"
 145      11B064DA 
 145      1FEE7E8B 
 145      6002A84E 
 145      B7DF
 146 014d 7B169088 		.ascii	"{\026\220\210T\331Y>\376\323\021\207\246]2)I5~,\034"
 146      54D9593E 
 146      FED31187 
 146      A65D3229 
 146      49357E2C 
 147 0162 79011E16 		.ascii	"y\001\036\026D\371\240\313g\017OE\236}\351m\001\257"
 147      44F9A0CB 
 147      670F4F45 
 147      9E7DE96D 
 147      01AF
 148 0174 E60ACB17 		.ascii	"\346\012\313\027\365\272\231*\230\036\237\223x\206\000"
 148      F5BA992A 
 148      981E9F93 
 148      788600
 149 0183 4BD19FC8 		.ascii	"K\321\237\310\341\307\303\335Fjp\323\036\006\023>_\300"
 149      E1C7C3DD 
 149      466A70D3 
 149      1E06133E 
 149      5FC0
 150 0195 7368A11A 		.ascii	"sh\241\032\375\327\013\014\012!:F1X\271\217HPk3\362"
 150      FDD70B0C 
 150      0A213A46 
 150      3158B98F 
 150      48506B33 
 151 01aa 30914611 		.ascii	"0\221F\021\015d2:\036\371q}\343\372\210\036\313\337"
 151      0D64323A 
 151      1EF9717D 
 151      E3FA881E 
 151      CBDF
 152 01bc BA3DAEB3 		.ascii	"\272=\256\263\371\321\321|N_\031\036\272:tG\347&nf3"
 152      F9D1D17C 
 152      4E5F191E 
 152      BA3A7447 
 152      E7266E66 
 153 01d1 5942EE1F 		.ascii	"YB\356\037\355\264\254\275"
 153      EDB4ACBD 
 154              		.text
 155              		.section	.gnu.lto_.symbol_nodes.9765505ad161486,"",%progbits
 156 0000 789C6363 		.ascii	"x\234cc``\360\002b\006\246\323L\365\014\014\023\316"
 156      6060F002 
 156      6206A6D3 
 156      4CF50C0C 
 156      13CE
 157 0012 313000A9 		.ascii	"10\000\251]\015\216@\2213L\365\214\250\"g\231\352\231"
ARM GAS  /var/folders/45/ct_yb_0s4l984dg097s5d1mh0000gp/T//ccXifp5s.s 			page 12


 157      5D0D8E40 
 157      91334CF5 
 157      8CA82267 
 157      99EA99
 158 0025 5045CE31 		.ascii	"PE\3161\3253\243\2100\000\000\337z\022\365"
 158      D533A388 
 158      300000DF 
 158      7A12F5
 159              		.text
 160              		.section	.gnu.lto_.refs.9765505ad161486,"",%progbits
 161 0000 789C6363 		.ascii	"x\234cc```\004b\006\000\000D\000\010"
 161      60606004 
 161      62060000 
 161      440008
 162              		.text
 163              		.section	.gnu.lto_.decls.9765505ad161486,"",%progbits
 164 0000 789CDD59 		.ascii	"x\234\335Y{P\224Yv\357\373\335\006\032\344a\220\332"
 164      7B509459 
 164      76EFFBDD 
 164      061AE461 
 164      90DA
 165 0012 4C366CED 		.ascii	"L6l\355\254qk\250M\264\325\331\3351U\251d\260\321H\325"
 165      AC716BA8 
 165      4DB4D5D9 
 165      DD3155A9 
 165      64B0D148 
 166 0027 B8A140DD 		.ascii	"\270\241@\335$U\011\313\";2Q\230\000n\255;\2633\255"
 166      245509CB 
 166      223B3251 
 166      98006EAD 
 166      3BB333AD 
 167 003b B4CAC307 		.ascii	"\264\312\303\007\010\362F\021PT@d@A\021m@\336\002\012"
 167      08F24611 
 167      50544064 
 167      4041116D 
 167      40DE020A 
 168 004f 82A2BC44 		.ascii	"\202\242\274D^\" \017\025\005\204\234\373\370\350\257"
 168      5E22200F 
 168      1505849C 
 168      FBF8E8AF 
 169 005f 3FBA67FD 		.ascii	"?\272g\375#\371']\234\376\372\334\373\273\347\376\356"
 169      23F9275D 
 169      9CFEFADC 
 169      FBBBE7FE 
 169      EE
 170 0070 39F79E7B 		.ascii	"9\367\236{\357\207\245B\241H\377\033\205\342,V(R\220"
 170      EF87A542 
 170      A148FF1B 
 170      85E22C56 
 170      285290
 171 0083 42B1001F 		.ascii	"B\261\000\037\013(+\003\001UQ\252`\037%H5H=H\003H\223"
 171      0B282B03 
 171      015551AA 
 171      601F2548 
 171      35483D48 
 172 009a 62E9E738 		.ascii	"b\351\34784\260\203\347o@\034A\234x{g\220\217@\376\015"
 172      34B083E7 
ARM GAS  /var/folders/45/ct_yb_0s4l984dg097s5d1mh0000gp/T//ccXifp5s.s 			page 13


 172      6F401C41 
 172      9C787B67 
 172      908F40FE 
 173 00af E42780F9 		.ascii	"\344'\200\3711\310\020\374\036\004y\0032\015\002\335"
 173      31C810FC 
 173      1E047903 
 173      320D02DD 
 174 00bf 2B9643B9 		.ascii	"+\226C\2713\210\003b}W\233\350#\036*lM\364!\267/\332"
 174      33880362 
 174      7D579BE8 
 174      231E2A6C 
 174      4DF421B7 
 175 00d5 15FB1140 		.ascii	"\025\373\021@V \326\007\342\343\220\177\222\241\302"
 175      5620D607 
 175      E2E3907F 
 175      92A1C2
 176 00e4 C60C7F62 		.ascii	"\306\014\177b\273\022\352+@t\210\331$v.r{\015\\\277"
 176      BB12EA2B 
 176      407488D9 
 176      24762E72 
 176      7B0D5CBF 
 177 00f8 8F8C6D9E 		.ascii	"\217\214m\2366c\223\360\375w\023|Isgn\323\224\217c1"
 177      366393F0 
 177      FD77137C 
 177      4973676E 
 177      D3948F63 
 178 010d EAACB990 		.ascii	"\352\254\271\220\215#1\372\310\006\221h9@Q\336\310\265"
 178      8D2331FA 
 178      C8069168 
 178      394051DE 
 178      C8B5
 179 011f B776AC88 		.ascii	"\267v\254\210 \232\313b\355\260@\177\366\344\350\372"
 179      209ACB62 
 179      EDB0407F 
 179      F6E4E8FA 
 180 012f ADD7E468 		.ascii	"\255\327\344h\331G\365\037\012t\005a\321R\363\361\311"
 180      D947F51F 
 180      0A740561 
 180      D152F3F1 
 180      C9
 181 0140 4C2BFC4B 		.ascii	"L+\374K\012\274\247\273\234B\254:\332 %\250\023\015"
 181      0ABCA7BB 
 181      9C42AC3A 
 181      DA2025A8 
 181      130D
 182 0152 494FED41 		.ascii	"IO\355Au\262A\037\306b\241\273}\266\303\036\331\270"
 182      75B2411F 
 182      C662A1BB 
 182      7DB6C31E 
 182      D9B8
 183 0164 8469B507 		.ascii	"\204i\265\007\264i\241Z\353-\012t\0159\243b\344\254"
 183      B469A15A 
 183      EB2D0A74 
 183      0D39A362 
 183      E4AC
 184 0176 4025C885 		.ascii	"@%\310\205\364|\025\255Q\240B(,\200\302s\244;}S\302"
 184      F47C15AD 
ARM GAS  /var/folders/45/ct_yb_0s4l984dg097s5d1mh0000gp/T//ccXifp5s.s 			page 14


 184      51A04228 
 184      2C80C273 
 184      A43B7D53 
 185 018b 3F264E6A 		.ascii	"?&Nj\265\037\242\353\310\006\025!L10\270\217l\030\201"
 185      B51FA2EB 
 185      C8061521 
 185      4C3130B8 
 185      8F6C1881 
 186 019f 0B99D1E9 		.ascii	"\013\231\321\351\226\270\030\021\006BIr\177\245`\256"
 186      96B81811 
 186      06424972 
 186      7FA560AE 
 187 01af 8F9BE6FB 		.ascii	"\217\233\346\373(^YuP\253\025P)\364q\303\320\007tI\036"
 187      285E5975 
 187      50AB1550 
 187      29F471C3 
 187      D0077449 
 188 01c4 500A1D5D 		.ascii	"P\012\035]/+\275\265\254\033u\"\230\007h9\035?B\354"
 188      2F2BBDB5 
 188      AC1B7522 
 188      98076839 
 188      1D3F42EC 
 189 01d8 1B9E44A8 		.ascii	"\033\236D\250\276 ~\020+\207R\201=8\224(b\023\264X\""
 189      BE207E10 
 189      2B875281 
 189      3D389428 
 189      6213B458 
 190 01ed 701B8268 		.ascii	"p\033\202h\227\376q\003Hj\225\325\263\356\304\017\213"
 190      97FE7103 
 190      486A95D5 
 190      B3EEC40F 
 190      8B
 191 01fe 3AFB2169 		.ascii	":\373!i\307\212\004Cg\222&K\270*\026\253\027I\031\006"
 191      C78A0443 
 191      6792264B 
 191      B82A16AB 
 191      17491906 
 192 0212 8978B887 		.ascii	"\211x\270\207#\316]s\350A]P\373\257\012E\224*\200\006"
 192      23CE5D73 
 192      E8415D50 
 192      FBAF0A45 
 192      942A8006 
 193 0226 3EF97E6F 		.ascii	">\371~o\206\200s\331t\251>\177\245\014)\005\3467\024"
 193      868073D9 
 193      74A93E7F 
 193      A50C2905 
 193      E63714
 194 0239 A02465F5 		.ascii	"\240$e\365\323Y\267\224\213e\345\210\026V.L\353\035"
 194      D359B794 
 194      8B65E588 
 194      16562E4C 
 194      EB1D
 195 024b D87411C8 		.ascii	"\330t\021\310L\032\277\223\272\214M\227\345d\366\334"
 195      4C1ABF93 
 195      BA8C4D97 
 195      E564F6DC 
 196 025b EC8A133E 		.ascii	"\354\212\023>\210#\361\211\012\325.\027\320o~\200*!"
ARM GAS  /var/folders/45/ct_yb_0s4l984dg097s5d1mh0000gp/T//ccXifp5s.s 			page 15


 196      8823F189 
 196      0AD52E17 
 196      D06F7E80 
 196      2A21
 197 026d 6AB7216A 		.ascii	"j\267!j\012T\205>\200\357\012\244d\264J\006\273\212"
 197      0A54853E 
 197      80EF0AA4 
 197      64B44A06 
 197      BB8A
 198 027f 1D56A669 		.ascii	"\035V\246i\323z\264\372\351\246U\203\205Z-\304S\253"
 198      D37AB4FA 
 198      E9A65583 
 198      855A2DC4 
 198      53AB
 199 0291 24385466 		.ascii	"$8Tf\010h\031\231\270H\217z\020\272\205\272a\020\325"
 199      08681999 
 199      B8488F7A 
 199      10BA85BA 
 199      6110D5
 200 02a4 6825346F 		.ascii	"h%4o\355*\035\307x\330<\377\370\226\364\353vf\311\324"
 200      ED2A1DC7 
 200      78D83CFF 
 200      F896F4EB 
 200      7666C9D4 
 201 02b8 5132B522 		.ascii	"Q2\265\"\231k\031eE\366\234L\363_%i\365\007\264dn\001"
 201      996B1965 
 201      45F69C4C 
 201      F35F2569 
 201      F507B464 
 202 02ce 0AD518A8 		.ascii	"\012\325\030\250\324\310\251\324S*\371o\236\207b<\307"
 202      D4C8A9D4 
 202      532AF96F 
 202      9E87623C 
 202      C7
 203 02df A81CBD70 		.ascii	"\250\034\275p4\321R\264\364\327\213\226\310\240\356"
 203      34D152B4 
 203      F4D78B96 
 203      C8A0EE
 204 02ee 182CDD91 		.ascii	"\030,\335\221[j\240\226J\263\342\335q\"\246\206\342"
 204      5B6AA096 
 204      4AB3E2DD 
 204      7122A686 
 204      E2
 205 02ff EF964EAA 		.ascii	"\357\226N\252\270\241\341\037\031Qj4\030j\224\033j\242"
 205      B8A1E11F 
 205      19516A34 
 205      186A941B 
 205      6AA2
 206 0311 86725A4F 		.ascii	"\206rZO\227\330\2628i\235Id\312\016\027r}\334\012\364"
 206      97D8B238 
 206      699D4964 
 206      CA0E1772 
 206      7DDC0AF4 
 207 0325 D8DCA745 		.ascii	"\330\334\247E\210\351QN\240\017\265f%\331\261@j\317"
 207      88E9514E 
 207      A00FB566 
 207      25D9B140 
ARM GAS  /var/folders/45/ct_yb_0s4l984dg097s5d1mh0000gp/T//ccXifp5s.s 			page 16


 207      6ACF
 208 0337 2028489D 		.ascii	" (H\235\233\323)\361EF\345I\333|=O\022\241\026dj\364"
 208      9BD329F1 
 208      4546E549 
 208      DB7C3D4F 
 208      12A11664 
 209 034d 779CB4B3 		.ascii	"w\234\264\263\011#\256\245\013\226T\210KV\201\332\310"
 209      0923AEA5 
 209      0B965488 
 209      4B5681DA 
 209      C8
 210 035e 0A446A67 		.ascii	"\012Djg\324\012*\240\263\343\322\257`\307(\032\010\255"
 210      D40A2AA0 
 210      B3E3D2AF 
 210      60C7281A 
 210      08AD
 211 0370 F653258D 		.ascii	"\366S%\215Q\013\300\233)\374\001r\024\033\021t\337\331"
 211      510BC09B 
 211      29FC0172 
 211      141B1174 
 211      DFD9
 212 0382 BE346BCE 		.ascii	"\2764k\316\334\022\364C\321\275\031\366\2349!v7\372"
 212      DC12F443 
 212      D1BD19F6 
 212      9C392176 
 212      37FA
 213 0394 488C9233 		.ascii	"H\214\2223%9\360\330\203\350\177\302\205\214\347\303"
 213      2539F0D8 
 213      83E87FC2 
 213      858CE7C3 
 214 03a4 FC98CB16 		.ascii	"\374\230\313\026\014\373\202`\257'\265%-3\313\263S\344"
 214      0CFB8260 
 214      AF27B525 
 214      2D33CBB3 
 214      53E4
 215 03b6 D9C178E6 		.ascii	"\331\301x\346\035\354\273\240\202\326\316\220`\221$"
 215      1DECBBA0 
 215      82D6CE90 
 215      609124
 216 03c5 BB3AB3EC 		.ascii	"\273:\263\354Z\250\237\312U\342\"\332\223\220\237\333"
 216      5AA89FCA 
 216      55E222DA 
 216      93909FDB 
 217 03d5 F70572B1 		.ascii	"\367\005r\261\021\323\335\232\203\207Ilza`=\206\330"
 217      11D3DD9A 
 217      8387496C 
 217      7A61603D 
 217      86D8
 218 03e7 389321D1 		.ascii	"8\223!\321\264\246\315\320\342\017\024\350cg\264\026"
 218      B4A6CDD0 
 218      E20F14E8 
 218      6367B416 
 219 03f7 92DA1348 		.ascii	"\222\332\023Hj\316<\251u\003\235.\326\377\205\323\347"
 219      6ACE3CA9 
 219      75039D2E 
 219      D6FF85D3 
 219      E7
ARM GAS  /var/folders/45/ct_yb_0s4l984dg097s5d1mh0000gp/T//ccXifp5s.s 			page 17


 220 0408 6FDBE132 		.ascii	"o\333\3412\326AW\356\213Fl\350\241xe\001Mv\375\320\303"
 220      D64157EE 
 220      8B466CE8 
 220      A1786501 
 220      4D76FDD0 
 221 041d 53430FBD 		.ascii	"SC\017\275\310L\027}\246\273h\355\216{\274\314\020\012"
 221      C84C177D 
 221      A6BB68ED 
 221      8E7BBCCC 
 221      100A
 222 042f 44ED3D82 		.ascii	"D\355=\202\372v\352\221\001\032\212N1\024\007n\207?"
 222      FA76EA91 
 222      011A8A4E 
 222      3114076E 
 222      873F
 223 0441 47C47DA1 		.ascii	"G\304}\241\357g=\241\362\355\013\245\324\372\340\367"
 223      EF673DA1 
 223      F2ED0BA5 
 223      D4FAE0F7 
 224 0451 59BFDA1D 		.ascii	"Y\277\332\035\033\316\247d\032\331z\256wN\350\2271\275"
 224      1BCEA764 
 224      1AD97AAE 
 224      774EE897 
 224      31BD
 225 0463 87B8FFED 		.ascii	"\207\270\377\355HB\253\212\007\332\036\364\212\251\224"
 225      4842AB8A 
 225      07DA1EF4 
 225      8AA994
 226 0472 095B5CCB 		.ascii	"\011[\\\313\"]\376\2704\214G\372\023P\357\034\273\326"
 226      225DFEB8 
 226      348C47FA 
 226      1350EF1C 
 226      BBD6
 227 0484 6F7E428E 		.ascii	"o~B\216\211\201\036e<\347\323R\332\004\371\204|\016"
 227      89811E65 
 227      3CE7D352 
 227      DA04F984 
 227      7C0E
 228 0496 F0610A7F 		.ascii	"\360a\012\177Ay\216\211<\343G\337\376\220\317G\351\016"
 228      41798E89 
 228      3CE347DF 
 228      FE90CF47 
 228      E90E
 229 04a8 E9487748 		.ascii	"\351HwHti\350V\212\015gI2bEKr\266\025na,_F\034\234\346"
 229      7469E856 
 229      8A0D6749 
 229      3262454B 
 229      72B6156E 
 230 04c3 EB862CBA 		.ascii	"\353\206,\272\276\272\311\357\354\315\262|%\262|\311"
 230      BEBAC9EF 
 230      ECCDB27C 
 230      25B27CC9 
 231 04d3 58A60C4F 		.ascii	"X\246\014O-\330\313YN\002|\202\302_S\226\257D\226\011"
 231      2DD8CB59 
 231      4E027C82 
 231      C25F5396 
 231      AF449609 
ARM GAS  /var/folders/45/ct_yb_0s4l984dg097s5d1mh0000gp/T//ccXifp5s.s 			page 18


 232 04e7 CDF99B58 		.ascii	"\315\371\233X\250\336g\013\205\006-7g\232\034\244\346"
 232      A8DE670B 
 232      85062D37 
 232      679A1CA4 
 232      E6
 233 04f8 A7BFCFFC 		.ascii	"\247\277\317\374\364\325\331\307|\324i\230L\215\222"
 233      F4D5D9C7 
 233      7CD46998 
 233      4C8D92
 234 0507 F668BE0F 		.ascii	"\366h\276\017\364HW\255\023_\265\373\207.\037\306\370"
 234      F44857AD 
 234      135FB5FB 
 234      872E1FC6 
 234      F8
 235 0518 2173C354 		.ascii	"!s\303T\374\301p\025\003\377%\250g\362\306FTf\3350/"
 235      FCC17015 
 235      03FF25A8 
 235      67F2C646 
 235      5466DD30 
 236 052d BAE11DE3 		.ascii	"\272\341\035\343\371\256\274;\335A\356\206Y\200\317"
 236      F9AEBC3B 
 236      DD41EE86 
 236      5980CF
 237 053c 50F802E5 		.ascii	"P\370\002\3459/\362,,\2358+f\017\302\263?\2737\303\006"
 237      392FF22C 
 237      2C9D382B 
 237      660FC2B3 
 237      3FBB37C3 
 238 0551 F7321E17 		.ascii	"\3672\036\027\365\2215<\034i$V\013\311\343\251\266x"
 238      F591353C 
 238      1C692456 
 238      0BC9E3A9 
 238      B678
 239 0563 90558A81 		.ascii	"\220U\212\201t\344\201lzv5_\300\023\254\362]wT\224\025"
 239      74E4816C 
 239      7A76355F 
 239      C013ACF2 
 239      5D775494 
 240 0578 6F49E666 		.ascii	"oI\346fw{k\276-~\315*\257\016\324V\211-Iex^o\244\005"
 240      777B6BBE 
 240      2D7ECD2A 
 240      AF0ED456 
 240      892D4965 
 241 0591 5EE0A9B3 		.ascii	"^\340\251\263s0\302\036\353\224l\233\252:\360\005>\306"
 241      7330C21E 
 241      EB946C9B 
 241      AA3AF005 
 241      3EC6
 242 05a3 7ED73FD5 		.ascii	"~\327?\325\375\035k\244#\011\27223\3774f\016L\243\323"
 242      FD1D6BA4 
 242      2309BA32 
 242      33FF3466 
 242      0E4CA3D3 
 243 05b7 BFA02C22 		.ascii	"\277\240,\"\324\001\307P\260C\367Lh\267-Z\305>+V\271"
 243      D401C750 
 243      B043F74C 
 243      68B72D5A 
ARM GAS  /var/folders/45/ct_yb_0s4l984dg097s5d1mh0000gp/T//ccXifp5s.s 			page 19


 243      C53E2B56 
 244 05cc D067BA56 		.ascii	"\320g\272V\267_\253\257\216\304M\015u\340\312r\204\336"
 244      B75FABAF 
 244      8EC44D0D 
 244      75E0CA72 
 244      84DE
 245 05de 20471429 		.ascii	" G\024)`\024'\254X\014%\270\022\034\264\216\034fY\203"
 245      601427AC 
 245      580C25B8 
 245      121CB48E 
 245      1C665983 
 246 05f2 BA00F8DA 		.ascii	"\272\000\370\332\017)\037\300\217\021\003\213\213\024"
 246      0F291FC0 
 246      8F11038B 
 246      8B14
 247 0600 3D441234 		.ascii	"=D\0224\311<\223{\000\255\303\304\317h\216\243E\357"
 247      C93C937B 
 247      00ADC3C4 
 247      CF688EA3 
 247      45EF
 248 0612 A3B74866 		.ascii	"\243\267Hf{\206\243\011\221)$#2.G\327I\320\341r\332"
 248      7B86A309 
 248      91292423 
 248      322E47D7 
 248      49D0E172 
 249 0627 61828C49 		.ascii	"a\202\214I\257\204I\250 cr@\212\326\205j\365\217\002"
 249      AF8449A8 
 249      20637240 
 249      8AD6856A 
 249      F58F02
 250 063a 92289ACC 		.ascii	"\222(\232\314\352c\034\275\270$\356\032\230D\363\211"
 250      EA631CBD 
 250      B824EE1A 
 250      9844F389 
 251 064a A5859300 		.ascii	"\245\205\223\000:*8\243#\324\022\201\303\212A\011\202"
 251      3A2A38A3 
 251      23D41281 
 251      C38A4109 
 251      82
 252 065b 0B3A2EAC 		.ascii	"\013:.\254BI 1 \361 \251 \261 ) \321 '@\222A\242@\022"
 252      42492031 
 252      20F120A9 
 252      20B12029 
 252      20D12027 
 253 0675 414E0AAB 		.ascii	"AN\012\253\350!\214\321n\226\320>,\247}\310@\233%\372"
 253      E8218CD1 
 253      6E96D03E 
 253      2CA77DC8 
 253      409B25FA 
 254 0689 B111C7FD 		.ascii	"\261\021\307\375\300\205\240\024<\311\033L\265\2159"
 254      C085A014 
 254      3CC91B4C 
 254      B58D39
 255 0698 9DD06A6B 		.ascii	"\235\320jk\326\222-\023\335\347\356\0257RtO\036\272"
 255      D6922D13 
 255      DDE7EE15 
 255      3752744F 
ARM GAS  /var/folders/45/ct_yb_0s4l984dg097s5d1mh0000gp/T//ccXifp5s.s 			page 20


 255      1EBA
 256 06aa 7249CF11 		.ascii	"rI\317\021\362\236'\226\240\003\030\032\262\037\032"
 256      F29E2796 
 256      A003181A 
 256      B21F1A
 257 06b9 E1B6C59C 		.ascii	"\341\266\305\234\210\236\311C7,\011\335~y\350\264\202"
 257      889EC943 
 257      372C09DD 
 257      7E79E8B4 
 257      82
 258 06ca 0CFD4882 		.ascii	"\014\375H\202>(G\353\014h\222\233\333\272o#\334L\247"
 258      3E2847EB 
 258      0C68929B 
 258      DBBA6F23 
 258      DC4CA7
 259 06dd BD706026 		.ascii	"\275p`&\377\252\005Z\341b2H\260\206]\376W\342\304<?"
 259      FFAA055A 
 259      E1623248 
 259      B0865DFE 
 259      57E2C43C 
 260 06f2 30A6828B 		.ascii	"0\246\202\213\022:\015\006O\011\213\033,\211\003\345"
 260      123A0D06 
 260      4F098B1B 
 260      2C8903E5 
 261 0702 153E3853 		.ascii	"\025>8S\217m#\026\357(\024h\310Zg\004[z\356\206'\200"
 261      8F6D2316 
 261      EF281468 
 261      C85A6704 
 261      5B7AEE86 
 262 0718 AB8E75C6 		.ascii	"\253\216u\306\362\335\351<9/5>\255\210\340[[\032\321"
 262      F2DDE93C 
 262      392F353E 
 262      AD88E05B 
 262      5B1AD1
 263 072b 3BC3C75C 		.ascii	";\303\307\\q\007\313\003\321\343\2231\226f\263\341Y"
 263      7107CB03 
 263      D1E39331 
 263      9666B3E1 
 263      59
 264 073c 81674335 		.ascii	"\201gC5M\206\2572s\274X.\004,\317\205\006\3609\301Q"
 264      4D86AF32 
 264      73BC582E 
 264      042CCF85 
 264      06F039C1 
 265 0751 6C42C0BD 		.ascii	"lB\300\275)\275mvx\200u\243\313\355\354\342\273m\002"
 265      29BD6D76 
 265      788075A3 
 265      CBEDECE2 
 265      BB6D02
 266 0764 A17030AB 		.ascii	"\241p0\253\247\012\341QV9}\250\253\003\343I\246\\\230"
 266      A70AE151 
 266      56397DA8 
 266      AB03E349 
 266      A65C98
 267 0777 2808E564 		.ascii	"(\010\345d\243\010r<\372d\204\003~\313*SRg\177\210\265"
 267      A308723C 
 267      FA648403 
ARM GAS  /var/folders/45/ct_yb_0s4l984dg097s5d1mh0000gp/T//ccXifp5s.s 			page 21


 267      7ECB2A53 
 267      52677F88 
 268 078c 162C9D76 		.ascii	"\026,\235vf_\341\271\366\015\331\031\307t\375=\274\341"
 268      665FE1B9 
 268      F60DD919 
 268      C774FD3D 
 268      BCE1
 269 079e 07A05EBE 		.ascii	"\007\240^\276\241\033\345WI=Ihs\347\007~\200\017\263"
 269      A11BE557 
 269      493D4968 
 269      73E7077E 
 269      800FB3
 270 07b1 A6B599D7 		.ascii	"\246\265\231\327\3478\033\322\305\211\213s\241\310\254"
 270      E7381BD2 
 270      C5898B73 
 270      A1C8AC
 271 07c0 0F0A441F 		.ascii	"\017\012D\037|'P'\224L%6(\345;\302"
 271      7C275027 
 271      944C2536 
 271      28E53BC2 
 272 07d0 65981579 		.ascii	"e\230\025yt&\025R/\024\210^x\232Q9i\311\317\217\204"
 272      74261552 
 272      2F14885E 
 272      789A5139 
 272      69C9CF8F 
 273 07e5 E5A17B31 		.ascii	"\345\241{1?\306\321\214\306\251\373\251a\0268\201)s"
 273      3FC6D18C 
 273      C6A9FBA9 
 273      61163881 
 273      2973
 274 07f7 89517A7E 		.ascii	"\211Qz~$\036\"\300\244\362\304]\370\014\253\033\230"
 274      241E22C0 
 274      A4F2C45D 
 274      F80CAB1B 
 274      98
 275 0808 EA835357 		.ascii	"\352\203SW\026S\332\206\273\272\3716\322C\200C-g\007"
 275      1653DA86 
 275      BBBAF936 
 275      D2438043 
 275      2D6707
 276 081b 2D701E47 		.ascii	"-p\036G\236,)U\341\"\246\264\306\336\211W2\344C\202"
 276      9E2C2955 
 276      E122A6B4 
 276      C6DE8957 
 276      32E44382 
 277 082f 9CCF3E3B 		.ascii	"\234\317>;o\215KY\345pbK\232=\256dJ\306\353\374B\276"
 277      6F8D4B59 
 277      E570624B 
 277      9A3DAE64 
 277      4AC6EBFC 
 278 0845 BFDE25C8 		.ascii	"\277\336%\310\205\362\351\207v\270\201U\016\336\317"
 278      85F2E987 
 278      76B88155 
 278      0EDECF
 279 0854 0EB5C40F 		.ascii	"\016\265\304\017\230r\345\\\301E\216\254!\310\321\304"
 279      9872E55C 
 279      C1458EAC 
ARM GAS  /var/folders/45/ct_yb_0s4l984dg097s5d1mh0000gp/T//ccXifp5s.s 			page 22


 279      21C8D1C4 
 280 0864 F1FB0EB8 		.ascii	"\361\373\016\270\233U\266\307E\214X\210\307\200\260"
 280      9B55B6C7 
 280      458C5888 
 280      C780B0
 281 0873 F7390654 		.ascii	"\3679\006T=\311H\342A\324\023s\257o\350\241\257~f.\361"
 281      3DC948E2 
 281      41D41373 
 281      AF6FE8A1 
 281      AF7E662E 
 282 0888 50F9614B 		.ascii	"P\371aK\374\234)\307C\273\276a\300\177\000\355HBV\224"
 282      FC9C29C7 
 282      43BBBE61 
 282      C07F00ED 
 282      48425694 
 283 089c 258B6E0F 		.ascii	"%\213n\017\331h\337u\354\237\027X\265=\015p^\255\371"
 283      D968DF75 
 283      EC9F1758 
 283      B53D0D70 
 283      5EADF9
 284 08af 59DD2046 		.ascii	"Y\335 F\364\016\213h\265\356M\365\222=\276\036\"ZG#"
 284      F40E8B68 
 284      B5EE4DF5 
 284      923DBE1E 
 284      225A4723 
 285 08c3 DA4823DA 		.ascii	"\332H#\332 F4\247\241\272\203\373?\214L\254\334\033"
 285      204634A7 
 285      A1BA83FB 
 285      3F8C4CAC 
 285      DC1B
 286 08d5 A3E17C08 		.ascii	"\243\341|\010/\311\316\035Q\335\227\347\300\267Rr\336"
 286      2FC9CE1D 
 286      51DD97E7 
 286      C0B75272 
 286      DE
 287 08e6 C83ED49E 		.ascii	"\310>\324\236\312\217\037\035\244}\356\311\374Al\226"
 287      CA8F1F1D 
 287      A47DEEC9 
 287      FC416C96 
 288 08f6 5B8BC8AD 		.ascii	"[\213\310\255\231q\273|d:\326F\316\355\036p\273K\271"
 288      9971BB7C 
 288      643AD646 
 288      CEED1E70 
 288      BB4BB9
 289 0909 DDA7DC5A 		.ascii	"\335\247\334ZDn\303\257\372\027Tx\202y,\2450\346\013"
 289      446EC3AF 
 289      FA175478 
 289      82792CA5 
 289      30E60B
 290 091c 3CCD7EE7 		.ascii	"<\315~\347LD\237Ex\236)aO\016\267\360\023\303\033\242"
 290      4C449F45 
 290      789E2961 
 290      4F0EB7F0 
 290      13C31BA2 
 291 0930 77474637 		.ascii	"wGF7\330\343\203\226\264\262*.\371\2445\016g\312\302"
 291      D8E38396 
 291      B4B22A2E 
ARM GAS  /var/folders/45/ct_yb_0s4l984dg097s5d1mh0000gp/T//ccXifp5s.s 			page 23


 291      F9A4350E 
 291      67CAC2
 292 0943 B3F60C3E 		.ascii	"\263\366\014>\266q\242O\314\245\026q\335Ir.q\342\347"
 292      B671A24F 
 292      CCA51671 
 292      DD49722E 
 292      71E2E7
 293 0956 922711C9 		.ascii	"\222'\021\311\361\010\037gmG\022\"C\035\314\216\263"
 293      F1081F67 
 293      6D471222 
 293      431DCC8E 
 293      B3
 294 0967 5B1C6731 		.ascii	"[\034g1\233\010\367;\373\343l\345\343\354\204qv\320"
 294      9B08F73B 
 294      FBE36CE5 
 294      E3EC8471 
 294      76D0
 295 0979 71F6D071 		.ascii	"q\366\320qv\213\343\314\034\310\177a-EW\011\337\203"
 295      768BE3CC 
 295      1CC87F61 
 295      2D455709 
 295      DF83
 296 098b 6E1938A3 		.ascii	"n\0318\243\343\313\375.}\001\305_\0338\262\327\006\342"
 296      E3CBFD2E 
 296      7D01C55F 
 296      1B38B2D7 
 296      06E2
 297 099d 01CA891F 		.ascii	"\001\312\211\037\240\246\216Gu!\034\317FQ>y9\213\267"
 297      A0A68E47 
 297      75211CCF 
 297      46513E79 
 297      398BB7
 298 09b0 25F3AC27 		.ascii	"%\363\254'\252b\301\374\240\006\305A\015\260\340\275"
 298      AA62C1FC 
 298      A006C541 
 298      0DB0E0BD 
 299 09c0 8ABABC59 		.ascii	"\212\272\274Y>\246>`\371\224\262\034\242,\007E\226\211"
 299      3EA63E60 
 299      F994B21C 
 299      A22C0745 
 299      9689
 300 09d2 A9C39704 		.ascii	"\251\303\227\004\371\230\314\242#+\257T\361YXC\364\331"
 300      F998CCA2 
 300      232BAF54 
 300      F1595843 
 300      F4D9
 301 09e4 C2EF2E5A 		.ascii	"\302\357.Z\340S\214tF\362\371|\025>\313\224\242\261"
 301      E0538C74 
 301      46F2F97C 
 301      153ECB94 
 301      A2B1
 302 09f6 EC223BBE 		.ascii	"\354\";\276\304\210\236T\362\262\216\357\016*I\265\023"
 302      C4889E54 
 302      F2B28EEF 
 302      0E2A49B5 
 302      13
 303 0a07 AF2E3F9E 		.ascii	"\257.?\236\361)\316\261|\217\315aB\034\355Z:\330\242"
ARM GAS  /var/folders/45/ct_yb_0s4l984dg097s5d1mh0000gp/T//ccXifp5s.s 			page 24


 303      F129CEB1 
 303      7C8FCD61 
 303      421CED5A 
 303      3AD8A2
 304 0a1a 2B192F54 		.ascii	"+\031/T\362\321\276\000\376c\224\377$\345?!\362/\331"
 304      F2D1BE00 
 304      FE6394FF 
 304      24E53F21 
 304      F22FD9
 305 0a2d 9FD98AE5 		.ascii	"\237\331\212\345\2435\213>?\220r\214Ga\003\271m\274"
 305      A3358B3E 
 305      3F90728C 
 305      476103B9 
 305      6DBC
 306 0a3f 3D336C87 		.ascii	"=3l\207\013\030\311\321\261\271<{\\\314\224\222\242"
 306      0B18C9D1 
 306      B1B93C7B 
 306      5CCC9492 
 306      A2
 307 0a50 1B557C70 		.ascii	"\033U|pk\311\332\313)k\\\206KY\335\\\324\351\002k\\"
 307      6BC9DACB 
 307      296B5C86 
 307      4B59DD5C 
 307      D4E9026B 
 308 0a65 C194E4A9 		.ascii	"\301\224\344\251\316g|&\273\220Qg\234:a\215k\370\254"
 308      CE677C26 
 308      BB905167 
 308      9C3A618D 
 308      6BF8AC
 309 0a78 8F0A4BB4 		.ascii	"\217\012K\264\302\015L\211m\214\315X\206\233\2312;\024"
 309      C20D4C89 
 309      6D8CCD58 
 309      869B9932 
 309      3B14
 310 0a8a DBCE93B4 		.ascii	"\333\316\223\264\255\344\032\342\304\257!\372\254\330"
 310      ADE41AE2 
 310      C4AF21FA 
 310      ACD8
 311 0a98 9FE0870C 		.ascii	"\237\340\207\014\372\240]w\215C\227\201\032\232s\363"
 311      FAA05D77 
 311      8D439781 
 311      1A9A73F3 
 312 0aa8 AA855957 		.ascii	"\252\205YW\036\300\334\225\3731\365\345\321K\231\267"
 312      1EC0DC95 
 312      FB31F5E5 
 312      D14B99B7 
 313 0ab8 2CE517E5 		.ascii	",\345\027\345\005\360\316<\365N(v\024\033\021t\343@"
 313      05F0CE3C 
 313      F54E2876 
 313      141B1174 
 313      E340
 314 0aca 64D332F9 		.ascii	"d\3232\371\305\327,\272\264\271\343S\334\311H\276j\354"
 314      C5D72CBA 
 314      B4B9E353 
 314      DCC948BE 
 314      6AEC
 315 0adc 7882F013 		.ascii	"x\202\360\023\246\350\352k\263\254p?_\275\027\032j "
ARM GAS  /var/folders/45/ct_yb_0s4l984dg097s5d1mh0000gp/T//ccXifp5s.s 			page 25


 315      A6E8EA6B 
 315      B3AC703F 
 315      5FBD171A 
 315      6A20
 316 0aee F732A56F 		.ascii	"\3672\245o`\246\030\343q\246\234\033I?j\215_1\245:\267"
 316      60A618E3 
 316      71A69C1B 
 316      493F6A8D 
 316      5F31A53A 
 317 0b03 369E5FC4 		.ascii	"6\236_\304r\310V:\327q\353\205-\367\310\317\310vw\347"
 317      72C8563A 
 317      D771EB85 
 317      2DF7C8CF 
 317      C87677E7 
 318 0b17 56832D9E 		.ascii	"V\203-\236\245\340\237\217>k\015\263\023\257\021f>+"
 318      A5E09F8F 
 318      3E6B0DB3 
 318      13AF1166 
 318      3E2B
 319 0b29 D8C3C5B8 		.ascii	"\330\303\305\2704]\033\013\207\352\261Y\247\364Pr\000"
 319      345D1B0B 
 319      87EAB159 
 319      A7F45072 
 319      00
 320 0b3a 2573E511 		.ascii	"%s\345\021\234\222r\260\344T\375P~\006\037\376\306p"
 320      9C9272B0 
 320      E454FD50 
 320      7E061FFE 
 320      C670
 321 0b4c 06CF91A3 		.ascii	"\006\317\221\243\263)\372\032\222\234@\377\304\340p"
 321      B329FA1A 
 321      929C40FF 
 321      C4E070
 322 0b5b 8CA1A75B 		.ascii	"\214\241\247[#\370m#x,\234'\233\277b\207\312g\000\357"
 322      23F86D23 
 322      782C9C27 
 322      9BBF6287 
 322      CA6700EF 
 323 0b6f E7D6C5D5 		.ascii	"\347\326\305\325\212z\345\\\312\2775p\311\222s\311\220"
 323      8A7AE55C 
 323      CABF3570 
 323      C99273C9 
 323      90
 324 0b80 A36724CC 		.ascii	"\243g$\314/\310\321\347\215\250P\343_\033\340mrx\330"
 324      2FC8D1E7 
 324      8DA850E3 
 324      5F1BE06D 
 324      7278D8
 325 0b93 12F8F01F 		.ascii	"\022\370\360\037\015\360\327r\370K\371\275\347\3217"
 325      0DF0D772 
 325      F84BF9BD 
 325      E7D137
 326 0ba2 6C9C70AE 		.ascii	"l\234p\256A\371\034-\236v\320%9\363\346}\006\333\341"
 326      41F91C2D 
 326      9E76D025 
 326      39F3E67D 
 326      06DBE1
ARM GAS  /var/folders/45/ct_yb_0s4l984dg097s5d1mh0000gp/T//ccXifp5s.s 			page 26


 327 0bb5 58665B2D 		.ascii	"Xf[-g\322,\361\312Q9:]j\233x\374\021\367\370\023`\322"
 327      67D22CF1 
 327      CA51393A 
 327      5D6A9B78 
 327      FC11F7F8 
 328 0bcc C5998839 		.ascii	"\305\231\2109\237_\307E4\361\341W\3146\231+\017L;E:"
 328      9F5FC745 
 328      34F1E157 
 328      CC36992B 
 328      0F4C3B45 
 329 0be1 5724BC0F 		.ascii	"W$\274\017\311\231<]\202\376\223\001]*\267]\"\367`\335"
 329      C9993C5D 
 329      82FE9301 
 329      5D2AB75D 
 329      22F760DD 
 330 0bf5 B7868995 		.ascii	"\267\206\211\225i:\366FN\221\004\377\252\034~e\311\264"
 330      693AF646 
 330      4E9104FF 
 330      AA1C7E65 
 330      C9B4
 331 0c07 EDFD9A79 		.ascii	"\355\375\232y\005N)\364\342D\340\342\331\205\337y\245"
 331      054E29F4 
 331      E244E0E2 
 331      D985DF79 
 331      A5
 332 0c18 F0660E87 		.ascii	"\360f\016\207\203\003\275P\023\270x\234@MK\310LJ\374"
 332      8303BD50 
 332      13B8789C 
 332      404D4BC8 
 332      4C4AFC
 333 0c2b 72D0B45F 		.ascii	"r\320\264_\244\360:\311Ll\225so\022d!\032\376\332\020"
 333      A4F03AC9 
 333      4C6C9573 
 333      6F126421 
 333      1AFEDA10 
 334 0c3f A25A39BA 		.ascii	"\242Z9\272z\311\225\372k\343+\265\021\332\370rO\302"
 334      7AC995FA 
 334      6BE32BB5 
 334      11DAF872 
 334      4FC2
 335 0c51 2F09D175 		.ascii	"/\011\321u9\272Xn\273N\342\363\"\323>\227.f\011\372"
 335      39BA586E 
 335      BB4EE2F3 
 335      22D33E97 
 335      2E6609FA 
 336 0c65 9A69DB46 		.ascii	"\232i\333F\001\225\254\267Y9|f\011\274W\002\177#\207"
 336      0195ACB7 
 336      59397C66 
 336      09BC5702 
 336      7F2387
 337 0c78 4F1BC3C9 		.ascii	"O\033\303\311;\217}\354}\212\016;\"-\217\220\230\373"
 337      3B8F7DEC 
 337      7D8A0E3B 
 337      222D8F90 
 337      98FB
 338 0c8a F9954442 		.ascii	"\371\225DB\275WB=\327tN\\\372^\342\010v\206\235\214"
 338      BD57423D 
ARM GAS  /var/folders/45/ct_yb_0s4l984dg097s5d1mh0000gp/T//ccXifp5s.s 			page 27


 338      D7744E5C 
 338      FA5EE208 
 338      76869D8C 
 339 0c9e D41138B9 		.ascii	"\324\0218\271\357\026`\027T\214\341\236\013r\005\344"
 339      EF166017 
 339      548CE19E 
 339      0B7205E4 
 340 0cae 264832C8 		.ascii	"&H2\310\031\220\213 E \327@\316\203\344\202\\\0009\011"
 340      19908B20 
 340      4520D740 
 340      CE83E482 
 340      5C003909 
 341 0cc2 520A5202 		.ascii	"R\012R\002r\011\344\006H4H\"\310w \307@\256\202$\201"
 341      7209E406 
 341      48344822 
 341      C87720C7 
 341      40AE8224 
 342 0cd7 C482A483 		.ascii	"\304\202\244\203\244\201d\202\234\006\311\000)\004\271"
 342      A4816482 
 342      9C06C900 
 342      2904B9
 343 0ce6 05120552 		.ascii	"\005\022\005R\006\242\007\271\014\222\007\222\002r\035"
 343      06A207B9 
 343      0C920792 
 343      02721D
 344 0cf5 E42C4816 		.ascii	"\344,H\026\3109\220S q \331 \307A\362Ab@N\200\244\202"
 344      C8399053 
 344      207120D9 
 344      20C741F2 
 344      4162404E 
 345 0d0c 2460F15D 		.ascii	"$`\361]\011\235a\022\317\2775\355y\311\354-\227$\230"
 345      099D6112 
 345      CFBF35ED 
 345      79C9EC2D 
 345      972498
 346 0d1f 11397A78 		.ascii	"\0219zx\211\343%\363\361\226\034}s\311$x$\201\353M\303"
 346      89E325F3 
 346      F1961C7D 
 346      73C92478 
 346      2481EB4D 
 347 0d34 25C62725 		.ascii	"%\306'%Q\275hz\277\220\276\311\372\312\220\217\"\344"
 347      51BD687A 
 347      BF90BEC9 
 347      FACA908F 
 347      22E4
 348 0d46 E8C7122A 		.ascii	"\350\307\022*\354\315\304\374\033\366N\010`\306\357"
 348      ECCDC4FC 
 348      1BF64E08 
 348      60C6EF
 349 0d55 8488135E 		.ascii	"\204\210\023^\317I\266\344\032\323k\330h\\\222|\022"
 349      CF49B6E4 
 349      1AD36BD8 
 349      685C927C 
 349      12
 350 0d66 26CF2763 		.ascii	"&\317'cr\027OJ\\\334nz\2777\332\007%\361{'\207O\030"
 350      72174F4A 
 350      5CDC6E7A 
ARM GAS  /var/folders/45/ct_yb_0s4l984dg097s5d1mh0000gp/T//ccXifp5s.s 			page 28


 350      BF37DA07 
 350      25F17B27 
 351 0d7d A54262BD 		.ascii	"\245Bb\275n\237\301z\204\311\275J\232!$\266\347L/bi"
 351      6E9FC17A 
 351      84C9BD4A 
 351      9A2124B6 
 351      E74C2F62 
 352 0d92 4024E1BB 		.ascii	"@$\341\273az\203\220\236%f\376\310\222\362\024Dd\234"
 352      617A8390 
 352      9E2566FE 
 352      C892F214 
 352      44649C
 353 0da5 C3C5B330 		.ascii	"\303\305\2630\032\225{\245N\342\225\347\246'\236Q\012"
 353      1A957BA5 
 353      4EE295E7 
 353      A6279E51 
 353      0A
 354 0db6 97307F65 		.ascii	"\2270\177ez\2737J?\222\010\0356\035!\251\023g$9\274"
 354      7ABB374A 
 354      3F92081D 
 354      361D21A9 
 354      13672439 
 355 0dcb 526EFDB6 		.ascii	"Rn\375\266|\3525K\316X\345rt\331\322\355D\342\306\012"
 355      7CEA354B 
 355      CE58E572 
 355      74D9D2ED 
 355      44E2C60A 
 356 0ddf D370F1C5 		.ascii	"\323p\361\305]c\367\311F%\336oE_\334\315\352F\333U\362"
 356      5D63F7C9 
 356      4625DE6F 
 356      455FDCCD 
 356      EA46DB55 
 357 0df4 17776216 		.ascii	"\027wb\026C\267!y\375\177Mdl\311v-X\222\227\211\025"
 357      43B72179 
 357      FD7F4D64 
 357      6CC9762D 
 357      58929789 
 358 0e09 30C872BC 		.ascii	"0\310r\274\3702\221,`\366\006\343A|\217\225\364eb\205"
 358      F832912C 
 358      60F606E3 
 358      417C8F95 
 358      F4656285 
 359 0e1d C4AF0A54 		.ascii	"\304\257\012T\211\331\313Dx\222W\012\235\221\251v8\202"
 359      89D9CB44 
 359      7892570A 
 359      9D91A976 
 359      3882
 360 0e2f 3A16A50F 		.ascii	":\026\245\0175\324\362\353\325\217\310\013\246\230\221"
 360      35D4F2EB 
 360      D58FC80B 
 360      A69891
 361 0e3e 63889DF6 		.ascii	"c\210\235\366\207\310\315\371L\303T\234\015N`\330\342"
 361      87C8CDF9 
 361      4CC3549C 
 361      0D4E60D8 
 361      E2
 362 0e4f D2D1F50C 		.ascii	"\322\321\365\014J\376\301\320\031\331\361\330\374;\266"
ARM GAS  /var/folders/45/ct_yb_0s4l984dg097s5d1mh0000gp/T//ccXifp5s.s 			page 29


 362      4AFEC1D0 
 362      19D9F1D8 
 362      FC3BB6
 363 0e5e 7AF1FE53 		.ascii	"z\361\376S\307\356?\255oJgl\361\031jH\231\023zq\\\211"
 363      C7EE3FAD 
 363      6F4A676C 
 363      F1196A48 
 363      99137A71 
 364 0e74 5C9C11C0 		.ascii	"\\\234\021\300\021\373\217$|T\012t\027\333\240;\030"
 364      11FB8F24 
 364      7C540A74 
 364      17DBA03B 
 364      18
 365 0e85 F384A448 		.ascii	"\363\204\244H\322\202\371\361oI1\374V\321\247\211\377"
 365      D282F9F1 
 365      6F4931FC 
 365      56D1A789 
 365      FF
 366 0e96 4D3640C8 		.ascii	"M6@\310\357\322\376\232`F4\262\016O\237\276\331\206"
 366      EFD2FE9A 
 366      604634B2 
 366      0E4F9FBE 
 366      D986
 367 0ea8 A4572862 		.ascii	"\244W(b\273\006\352\253\351\276w\217^\241\352\305+T"
 367      BB06EAAB 
 367      E9BE778F 
 367      5EA1EAC5 
 367      2B54
 368 0eba 7E4ACD5B 		.ascii	"~J\315[k\033n;\354\317\331\316\236\314\2343\272\236"
 368      6B1B6E3B 
 368      ECCFD9CE 
 368      9ECC9C33 
 368      BA9E
 369 0ecc 357F9FED 		.ascii	"5\177\237\355\276G\261/\354~\232\241\275\253\327\352"
 369      BE47B12F 
 369      EC7E9AA1 
 369      BDABD7EA 
 370 0edc A79AD626 		.ascii	"\247\232\326&\037\320kC?E-\260\273\327B(\033\320JI\323"
 370      1FD06B43 
 370      3F452DB0 
 370      BBD74228 
 370      1BD04A49 
 371 0ef1 2A28F94F 		.ascii	"*(\371OA\201\356\343\237*~\266f\215\232\375\005\006"
 371      4181EEE3 
 371      9F2A7EB6 
 371      668D9AFD 
 371      0506
 372 0f03 AB77F9EC 		.ascii	"\253w\371\354V\177\031\030\024\022\254\366\015\334\263"
 372      567F1918 
 372      1412ACF6 
 372      0DDCB3
 373 0f12 273040ED 		.ascii	"'0@\355\352\271U\263\365\017\352\200\337\373\373\256"
 373      EAB955B3 
 373      F50FEA80 
 373      DFFBFBAE 
 374 0f22 F155FDF3 		.ascii	"\361U\375\363\257\266\177\250Y\267Na\343\355\275\327"
 374      AFB67FA8 
ARM GAS  /var/folders/45/ct_yb_0s4l984dg097s5d1mh0000gp/T//ccXifp5s.s 			page 30


 374      59B74E61 
 374      E3EDBDD7 
 375 0f32 3F20E4E3 		.ascii	"? \344\343\365\336!\277Wo\017\366\013\012V\007\370\373"
 375      F5DE21BF 
 375      576F0FF6 
 375      0B0A5607 
 375      F8FB
 376 0f44 06EEF6D9 		.ascii	"\006\356\366\331\351\377y\320\336\220\020\370\365\271"
 376      E9FF79D0 
 376      DE9010F8 
 376      F5B9
 377 0f52 BF4FD04E 		.ascii	"\277O\320N\377\200@u\340\227!\352\317}}W\373\004\355"
 377      FF804075 
 377      E09721EA 
 377      CF7D7D57 
 377      FB04ED
 378 0f65 591D1018 		.ascii	"Y\035\020\030\340\267\332\317\347\267\376\253?Y\275"
 378      E0B7DACF 
 378      E7B7FEAB 
 378      3F59BD
 379 0f74 7EEDBA0D 		.ascii	"~\355\272\015\253\377{\375\352\275_\356\364\011\361"
 379      ABFF7BFD 
 379      EABD5FEE 
 379      F409F1
 380 0f83 531B55AB 		.ascii	"S\033U\253\375\003|w\357\335\351\247\336\343\343\273"
 380      FD037C77 
 380      EFDDE9A7 
 380      DEE3E3BB 
 381 0f93 CB3FC04F 		.ascii	"\313?\300O\355\275\323\357w>{w\207"
 381      EDBDD3EF 
 381      773E7B77 
 381      87
 382 0fa0 7887ECFB 		.ascii	"x\207\354\373\322/x\315.\205J\354\377\277\376O\373\017"
 382      D22F78CD 
 382      2E854AEC 
 382      FFBFFE4F 
 382      FB0F
 383 0fb2 DE17ACF6 		.ascii	"\336\027\254\366\016\016\001C!\320\351r\342\206M\001"
 383      0E0E0143 
 383      21D0E972 
 383      E2864D01 
 384 0fc2 3EBFDDED 		.ascii	">\277\335\355\267\303\3177$0\350o\337\337w\212\277 "
 384      B7C3CF37 
 384      2430E86F 
 384      DFDF778A 
 384      BF20
 385 0fd4 4F37FF60 		.ascii	"O7\377`CkgR\342\345\027\342\265/8\304o\317\026\237\200"
 385      436B6752 
 385      E2E517E2 
 385      B52F38C4 
 385      6FCF169F 
 386 0fe9 9DBBFD82 		.ascii	"\235\273\375\202<\202\374\003\203\374C\366\321\2764"
 386      3C82FC03 
 386      83FC43F6 
 386      D1BE34
 387 0ff8 BBFD7C82 		.ascii	"\273\375|\202<\374\002\240"
 387      3CFC02A0 
ARM GAS  /var/folders/45/ct_yb_0s4l984dg097s5d1mh0000gp/T//ccXifp5s.s 			page 31


 388 1000 FFCFAD3D 		.ascii	"\377\317\255=7ym\362\334\261\311\355\027\202\273\207"
 388      37796DF2 
 388      DCB1C9ED 
 388      1782BB87 
 389 1010 350BC006 		.ascii	"5\013\300\006\357\020+\376\\\254\376\271\322\335u\243"
 389      EF102BFE 
 389      5CACFEB9 
 389      D2DD75A3 
 390 1020 E7A2FAB1 		.ascii	"\347\242\372\261\322]\343aP\327+\335\275<<U\236L[\007"
 390      D25DE361 
 390      50D72BDD 
 390      BD3C3C55 
 390      9E4C5B07 
 391 1034 959B0C95 		.ascii	"\225\233\014\225k\241r\223\247\322k\233\273\347\337"
 391      6BA17293 
 391      A7D26B9B 
 391      BBE7DF
 392 1043 4B47C6C7 		.ascii	"KG\306\307\343\367\207\0202&\265f\253\227\273\227Z\023"
 392      E3F78710 
 392      3226B566 
 392      AB97BB97 
 392      5A13
 393 1055 18E4A776 		.ascii	"\030\344\247v\347~\362\005\305\333w\317'\340$\353_\355"
 393      E77EF205 
 393      C5DB77CF 
 393      27E024EB 
 393      5FED
 394 1067 70D7786F 		.ascii	"p\327xo\2038-\332\335`\351\272e\243\227\306S\251q\325"
 394      83382DDA 
 394      DD60E9BA 
 394      65A397C6 
 394      53A971D5 
 395 107b 7892DF1E 		.ascii	"x\222\337\036\360p\333\246\331\012\017w\372X\204~b\351"
 395      F070DBA6 
 395      D90A0F77 
 395      FA58847E 
 395      62E9
 396 108d A6D1B87B 		.ascii	"\246\321\270{\375ZE\036[w\270j,\340\207\327\257\255"
 396      FD5A451E 
 396      5B77B86A 
 396      2CE087D7 
 396      AFAD
 397 109f E09B68FC 		.ascii	"\340\233h\374\271\035J\335i)\305X\271\323\347\366E+"
 397      B91D4ADD 
 397      6929C558 
 397      B9D3E7F6 
 397      452B
 398 10b1 BF2425AE 		.ascii	"\277$%\256\237}\266\335b\353\216\315\236\353\351\367"
 398      9F7DB6DD 
 398      62EB8ECD 
 398      9EEBE9F7 
 399 10c1 3AFABDD6 		.ascii	":\372\275\326B\343AHh\274\2746}\006\017\215\227\273"
 399      42E34148 
 399      68BCBC36 
 399      7D060F8D 
 399      97BB
 400 10d3 9B27D66C 		.ascii	"\233'\326l\363\264\320|\006\277\254\334\335\274\335"
ARM GAS  /var/folders/45/ct_yb_0s4l984dg097s5d1mh0000gp/T//ccXifp5s.s 			page 32


 400      F3B4D07C 
 400      06BFACDC 
 400      DDBCDD
 401 10e2 BD5C8196 		.ascii	"\275\\\201\226\233\367\326\315\364\341\312\036n\354"
 401      9BF7D6CD 
 401      F4E1CA1E 
 401      6EEC
 402 10f0 E1B1D953 		.ascii	"\341\261\331S\351\272\331\313S\271q\263\253\247\305"
 402      E9BAD9CB 
 402      53B971B3 
 402      ABA7C5
 403 10ff D6ADF0AD 		.ascii	"\326\255\360\255t#\372\026\362\245\201/\013\257-\032"
 403      7423FA16 
 403      F2A5812F 
 403      0BAF2D1A 
 404 110f F8E9B5C5 		.ascii	"\370\351\265\305\003\354j<1\214\333\302\325\335\023"
 404      03EC6A3C 
 404      318CDBC2 
 404      D5DD13
 405 111e 46BF63DB 		.ascii	"F\277c\333\277x\202\303\001\242\361\330\356\356f\341"
 405      BF7882C3 
 405      01A2F1D8 
 405      EEEE66E1 
 406 112e BA11E02A 		.ascii	"\272\021\340*/\315F\352-;o\357\337\355\015\360\365\366"
 406      2FCD46EA 
 406      2D3B6FEF 
 406      DFED0DF0 
 406      F5F6
 407 1140 5EB3E117 		.ascii	"^\263\341\027\037\257S\211\232\322w\227O\320\377\000"
 407      1FAF5389 
 407      9AD27797 
 407      4FD0FF00 
 408 1150 AC0F1FF8 		.ascii	"\254\017\037\370"
 409              		.text
 410              		.section	.gnu.lto_.symtab.9765505ad161486,"",%progbits
 411 0000 6E766963 		.ascii	"nvicEnableVector\000"
 411      456E6162 
 411      6C655665 
 411      63746F72 
 411      00
 412 0011 00       		.ascii	"\000"
 413 0012 00       		.ascii	"\000"
 414 0013 00       		.ascii	"\000"
 415 0014 00000000 		.ascii	"\000\000\000\000\000\000\000\000"
 415      00000000 
 416 001c C7000000 		.ascii	"\307\000\000\000"
 417 0020 6E766963 		.ascii	"nvicDisableVector\000"
 417      44697361 
 417      626C6556 
 417      6563746F 
 417      7200
 418 0032 00       		.ascii	"\000"
 419 0033 00       		.ascii	"\000"
 420 0034 00       		.ascii	"\000"
 421 0035 00000000 		.ascii	"\000\000\000\000\000\000\000\000"
 421      00000000 
 422 003d CB000000 		.ascii	"\313\000\000\000"
ARM GAS  /var/folders/45/ct_yb_0s4l984dg097s5d1mh0000gp/T//ccXifp5s.s 			page 33


 423 0041 6E766963 		.ascii	"nvicSetSystemHandlerPriority\000"
 423      53657453 
 423      79737465 
 423      6D48616E 
 423      646C6572 
 424 005e 00       		.ascii	"\000"
 425 005f 00       		.ascii	"\000"
 426 0060 00       		.ascii	"\000"
 427 0061 00000000 		.ascii	"\000\000\000\000\000\000\000\000"
 427      00000000 
 428 0069 CD000000 		.ascii	"\315\000\000\000"
 429 006d 6E766963 		.ascii	"nvicClearPending\000"
 429      436C6561 
 429      7250656E 
 429      64696E67 
 429      00
 430 007e 00       		.ascii	"\000"
 431 007f 00       		.ascii	"\000"
 432 0080 00       		.ascii	"\000"
 433 0081 00000000 		.ascii	"\000\000\000\000\000\000\000\000"
 433      00000000 
 434 0089 CF000000 		.ascii	"\317\000\000\000"
 435              		.text
 436              		.section	.gnu.lto_.opts,"",%progbits
 437 0000 272D666D 		.ascii	"'-fmath-errno' '-fsigned-zeros' '-ftrapping-math' '"
 437      6174682D 
 437      6572726E 
 437      6F272027 
 437      2D667369 
 438 0033 2D666E6F 		.ascii	"-fno-trapv' '-fno-openmp' '-fno-openacc' '-mcpu=cor"
 438      2D747261 
 438      70762720 
 438      272D666E 
 438      6F2D6F70 
 439 0066 7465782D 		.ascii	"tex-m7' '-mno-thumb-interwork' '-mthumb' '-O2' '-fo"
 439      6D372720 
 439      272D6D6E 
 439      6F2D7468 
 439      756D622D 
 440 0099 6D69742D 		.ascii	"mit-frame-pointer' '-falign-functions=16' '-ffuncti"
 440      6672616D 
 440      652D706F 
 440      696E7465 
 440      72272027 
 441 00cc 6F6E2D73 		.ascii	"on-sections' '-fdata-sections' '-fno-common' '-flto"
 441      65637469 
 441      6F6E7327 
 441      20272D66 
 441      64617461 
 442 00ff 2700     		.ascii	"'\000"
 443              		.text
 444              		.comm	__gnu_lto_v1,1,1
 445              		.comm	__gnu_lto_slim,1,1
 446              		.ident	"GCC: (GNU Tools for Arm Embedded Processors 7-2018-q2-update) 7.3.1 20180622 (release) [AR
ARM GAS  /var/folders/45/ct_yb_0s4l984dg097s5d1mh0000gp/T//ccXifp5s.s 			page 34


DEFINED SYMBOLS
                            *ABS*:0000000000000000 nvic.c
                            *COM*:0000000000000001 __gnu_lto_v1
                            *COM*:0000000000000001 __gnu_lto_slim

NO UNDEFINED SYMBOLS
