ARM GAS  /var/folders/45/ct_yb_0s4l984dg097s5d1mh0000gp/T//cc6MytzQ.s 			page 1


   1              		.cpu cortex-m7
   2              		.eabi_attribute 20, 1
   3              		.eabi_attribute 21, 1
   4              		.eabi_attribute 23, 3
   5              		.eabi_attribute 24, 1
   6              		.eabi_attribute 25, 1
   7              		.eabi_attribute 26, 1
   8              		.eabi_attribute 30, 2
   9              		.eabi_attribute 34, 1
  10              		.eabi_attribute 18, 4
  11              		.file	"stm32_isr.c"
  12              		.section	.gnu.lto_.profile.9078aa1a901e7e93,"",%progbits
  13 0000 789C6363 		.ascii	"x\234cc```\005bF\206\245\214\252\000\002\243\000\330"
  13      60606005 
  13      624686A5 
  13      8CAA0002 
  13      A300D8
  14              		.text
  15              		.section	.gnu.lto_.icf.9078aa1a901e7e93,"",%progbits
  16 0000 789C6363 		.ascii	"x\234cc``\340c@\000&\206e\277\216\375\344b\234\260a"
  16      6060E063 
  16      40002686 
  16      65BF8EFD 
  16      E4629CB0 
  17 0015 EA2E4606 		.ascii	"\352.F\006\0001\010\006\021"
  17      00310806 
  17      11
  18              		.text
  19              		.section	.gnu.lto_.jmpfuncs.9078aa1a901e7e93,"",%progbits
  20 0000 789C6363 		.ascii	"x\234cc``8\317\310\000\007L@\314\3028\205\231q\353\351"
  20      606038CF 
  20      C800074C 
  20      40CCC238 
  20      859971EB 
  21 0015 03B7D8BB 		.ascii	"\003\267\330\273\231\347030j0nf\224a`<\300\302\250\001"
  21      99E73033 
  21      306A306E 
  21      66946160 
  21      3CC0C2A8 
  22 002a C40C0C20 		.ascii	"\304\014\014 \351\247+\016?\346\202H\2631n\201J\263"
  22      E9A72B0E 
  22      3FE68248 
  22      B3316E81 
  22      4AB3
  23 003c 81A5C1DA 		.ascii	"\201\245\301\332\037\317|\272\213\033\"/\316\270\025"
  23      1FCF7CBA 
  23      8B1B222F 
  23      CEB815
  24 004b 2A2F0ED1 		.ascii	"*/\016\321\216M\375\331\205k\316\261A\324s1n\203\312"
  24      8E4DFDD9 
  24      856BCEB1 
  24      41D47331 
  24      6E83CA
  25 005e 73E1563F 		.ascii	"s\341V?\355\354\304]P\365\234\214\333\241\362\234\270"
  25      EDECC45D 
  25      50F59C8C 
  25      DBA1F29C 
ARM GAS  /var/folders/45/ct_yb_0s4l984dg097s5d1mh0000gp/T//cc6MytzQ.s 			page 2


  25      B8
  26 006f D577FDBA 		.ascii	"\325w\375\272\336\307\001Q\317\301\270\003*\317\201"
  26      DEC70151 
  26      CFC1B803 
  26      2ACF81
  27 007e 5BFDC953 		.ascii	"[\375\311S\323W\360@\324\2633\356\204\312\263\343P\217"
  27      D357F040 
  27      D4B333EE 
  27      84CAB3E3 
  27      508F
  28 0090 2680C107 		.ascii	"&\200\301\007\006+#Z\030\002\005PC\005(\200\352m\240"
  28      062B235A 
  28      18020550 
  28      43052880 
  28      EA6DA0
  29 00a3 00AABF80 		.ascii	"\000\252\277\200\002\250\016\007\012\240\272\214\011"
  29      02A80E07 
  29      0AA0BA8C 
  29      09
  30 00b0 DD660600 		.ascii	"\335f\006\000M\273U\224"
  30      4DBB5594 
  31              		.text
  32              		.section	.gnu.lto_.inline.9078aa1a901e7e93,"",%progbits
  33 0000 789C6363 		.ascii	"x\234cc``hf@\000&\006\006\211k\014\214 \232\201m\201"
  33      60606866 
  33      40002606 
  33      06896B0C 
  33      8C209A81 
  34 0016 3C886260 		.ascii	"<\210b`\346\001\213\023O12\010\236G3\203\211\033$L\014"
  34      E6018B13 
  34      4F313208 
  34      9E473383 
  34      891B244C 
  35 002b C90000AF 		.ascii	"\311\000\000\257K\004\310"
  35      4B04C8
  36              		.text
  37              		.section	.gnu.lto_.pureconst.9078aa1a901e7e93,"",%progbits
  38 0000 789C6363 		.ascii	"x\234cc```\005b&\006\011F\011\000\000\364\000?"
  38      60606005 
  38      62260609 
  38      46090000 
  38      F4003F
  39              		.text
  40              		.section	.gnu.lto_irqInit.9078aa1a901e7e93,"",%progbits
  41 0000 789C7DD2 		.ascii	"x\234}\322?HBA\030\000\360\357{W\317\247\025\215\005"
  41      3F484241 
  41      1800F0EF 
  41      7B57CFA7 
  41      158D05
  42 0013 45732E3E 		.ascii	"Es.>\320\240\241\275-\032j\217h)(\014\237\203\333{\025"
  42      D0A0A1BD 
  42      2D1A6A8F 
  42      6829280C 
  42      9F83DB7B 
  43 0028 A6FD210C 		.ascii	"\246\375!\014L\011\036b-9\004\"e\366,\353\262\251B\207"
  43      4C091E62 
  43      2D390422 
ARM GAS  /var/folders/45/ct_yb_0s4l984dg097s5d1mh0000gp/T//cc6MytzQ.s 			page 3


  43      65F62CEB 
  43      B2A94287 
  44 003c 96A0A632 		.ascii	"\226\240\2462\233\244\366 \353\236\027\304\033z\037"
  44      9BA4F620 
  44      EB9E17C4 
  44      1B7A1F
  45 004b F7DD7DDC 		.ascii	"\367\335}\334\335\357n\270\023\001`D\000\030bc\037K"
  45      DDEF6EB8 
  45      13016044 
  45      00186263 
  45      1F4B
  46 005d 248042AC 		.ascii	"$\200B\254\012\260$\011\210f\241I\010\252\200*n\222"
  46      0AB02409 
  46      8866A149 
  46      08AA802A 
  46      6E92
  47 006f 38C172E4 		.ascii	"8\301r\344\315\020\334\007\032\013\232\214u\257j\341"
  47      CD10DC07 
  47      1A0B9A8C 
  47      75AF6AE1 
  48 007f 5E9D0024 		.ascii	"^\235\000$X\232\201G\350\006\266\355%\327\334\351\022"
  48      589A8147 
  48      E806B6ED 
  48      25D7DCE9 
  48      12
  49 0090 DBF83C1E 		.ascii	"\333\370<\036\243\010\310\212\354};\325\232\337\021"
  49      A308C88A 
  49      EC7D3BD5 
  49      9ADF11
  50 009f 8DBEEE63 		.ascii	"\215\276\356ca\334\011\020e\353\354\022\215\302\032"
  50      61DC0910 
  50      65EBEC12 
  50      8DC21A
  51 00ae 11CC6A85 		.ascii	"\021\314j\205B\003\303\351l\212\264\024;\3120\032O\016"
  51      4203C3E9 
  51      6C8AB414 
  51      3BCA301A 
  51      4F0E
  52 00c0 F54B9374 		.ascii	"\365K\223t\202\011\302\216\301<\252\346B=s]sm\020\235"
  52      8209C28E 
  52      C13CAAE6 
  52      423D735D 
  52      736D109D 
  53 00d4 0828E209 		.ascii	"\010(\342\011\366\233\251\023\322\362\271\201\377y\201"
  53      F69BA913 
  53      D2F2B981 
  53      FF7981
  54 00e3 F39BDB64 		.ascii	"\363\233\333d\246\223s\007\236Zy\336\206\033\234\257"
  54      A6937307 
  54      9E5A79DE 
  54      861B9CAF 
  55 00f3 7F3E6C49 		.ascii	"\177>lI\234KX\264r\303\206\237q\236\250l\027E\316\235"
  55      9C4B58B4 
  55      72C3869F 
  55      719EA86C 
  55      1745CE9D 
  56 0107 786EE525 		.ascii	"xn\345%\033^\342\274\262wX\375\345.\274\260\362g\033"
ARM GAS  /var/folders/45/ct_yb_0s4l984dg097s5d1mh0000gp/T//cc6MytzQ.s 			page 4


  56      1B5EE2BC 
  56      B27758FD 
  56      E52EBCB0 
  56      F2671B
  57 011a 7EC9796D 		.ascii	"~\311ym\267^\354\340\274\007\251\225\327m\370\025\347"
  57      B75EECE0 
  57      BC07A995 
  57      D76DF815 
  57      E7
  58 012b F93BFAE8 		.ascii	"\371;\372\350\340|\020\313\177\374\035\227\323\037)"
  58      E07C10CB 
  58      7FFC1D97 
  58      D31F29
  59 013a 6C7933A2 		.ascii	"ly3\242\014\2617e\337\313\353\361\310\274\371\025yv"
  59      0CB13765 
  59      DFCBEBF1 
  59      C8BCF915 
  59      7976
  60 014c 7A5E5EF4 		.ascii	"z^^\364\007\202\212<19\346\363\362~t8\024\222\225\340"
  60      07828A3C 
  60      3139E6F3 
  60      F27E7438 
  60      149295E0 
  61 0160 82CF3B35 		.ascii	"\202\317;5\247\004<3\360\003\312\005\302\225"
  61      A7043C33 
  61      F003CA05 
  61      C295
  62              		.text
  63              		.section	.gnu.lto_irqDeinit.9078aa1a901e7e93,"",%progbits
  64 0000 789C7DD2 		.ascii	"x\234}\322\315K\002A\024\000\360\367vj]\255\350XP\340"
  64      CD4B0241 
  64      1400F0F7 
  64      766A5DAD 
  64      E85850E0 
  65 0014 352F2E68 		.ascii	"5/.h\320\177\320-:\324=\242KAa\270\036\274\271}j\037"
  65      D07FD02D 
  65      3AD43DA2 
  65      4B4161B8 
  65      1EBCB97D 
  66 002a 444129C1 		.ascii	"DA)\301\202\326%\017AD\231\255emv\252\320C\004A\235"
  66      82D6250F 
  66      414499AD 
  66      656D76AA 
  66      D0430441 
  67 003f 4A0C02EB 		.ascii	"J\014\002\353\024\004E\037\263\276`O\355c>\036\363\346"
  67      1404451F 
  67      B3BE604F 
  67      ED633E1E 
  67      F3E6
  68 0051 37739811 		.ascii	"7s\230\021\001\300-\000t\362\271\215wd\200\302r\011"
  68      01C02D00 
  68      74F2B98D 
  68      776480C2 
  68      7209
  69 0063 60421210 		.ascii	"`B\022\020\315D\225\020\"\002Fp\221\2552,D\237t\301"
  69      CD449510 
  69      22024670 
ARM GAS  /var/folders/45/ct_yb_0s4l984dg097s5d1mh0000gp/T//cc6MytzQ.s 			page 5


  69      91AD322C 
  69      449F74C1 
  70 0077 B3A5F230 		.ascii	"\263\245\3620\0227\315\263\352L\253\306\000\342\274"
  70      1237CDB3 
  70      EA4CABC6 
  70      00E2BC
  71 0086 9B817BE8 		.ascii	"\233\201{\350\001\276\355q\367{\255I\254\243u\334G\021"
  71      01BEED71 
  71      F77BAD49 
  71      ACA375DC 
  71      4711
  72 0098 90273BD7 		.ascii	"\220';\327\365\206\372\375\023U\215\267M\374\354u\002"
  72      F586FAFD 
  72      13558DB7 
  72      4DFCEC75 
  72      02
  73 00a9 C4789D5F 		.ascii	"\304x\235_\242\0320\307\0043\2332\240\212\323\251l\222"
  73      A21A30C7 
  73      04339B32 
  73      A08AD3A9 
  73      6C92
  74 00bb D5143F4A 		.ascii	"\325\024?J\327\253\367\216\310\227*i\014\343\214\037"
  74      D7ABF78E 
  74      C8972A69 
  74      0CE38C1F 
  75 00cb 83198C98 		.ascii	"\203\031\214\230\205J\372\274\354Z`\032\023P\304\003"
  75      854AFABC 
  75      EC5A601A 
  75      1350C403 
  76 00db 6CD718AB 		.ascii	"l\327\030\253Y\335\375?\315\022\275\270L\244\033\211"
  76      59DDFD3F 
  76      CD12BDB8 
  76      4CA41B89 
  77 00eb 3AF0D0A2 		.ascii	":\360\320\242y\033\252\023\235\377\270]\222\210J\230"
  77      791BAA13 
  77      9DFFB85D 
  77      92884A98 
  78 00fb B3E8830D 		.ascii	"\263\350\203\015=\"\032/\256\344D\242N<\266h\305\206"
  78      3D221A2F 
  78      AEE444A2 
  78      4E3CB668 
  78      C586
  79 010d E6891637 		.ascii	"\346\211\0267\266K\177\324\205'\026}\266\241\247D\313"
  79      B64B7FD4 
  79      8527167D 
  79      B6A1A744 
  79      CB
  80 011e EB955C03 		.ascii	"\353\225\\\003\321\0264,\372bC\317\210f\256\214;\007"
  80      D116342C 
  80      FA6243CF 
  80      8866AE8C 
  80      3B07
  81 0130 D10E2C10 		.ascii	"\321\016,\020}\305\311\324{\022k\326\214\030\007\374"
  81      7DC5C9D4 
  81      7B126BD6 
  81      8C1807FC 
  82 0140 DDF817F2 		.ascii	"\335\370\027\362y\2752\265\200\"\017\017\216\312\343"
ARM GAS  /var/folders/45/ct_yb_0s4l984dg097s5d1mh0000gp/T//cc6MytzQ.s 			page 6


  82      79BD32B5 
  82      80220F0F 
  82      8ECAE3
  83 014f 81604891 		.ascii	"\201`H\221\373\372{\374>\032\273\273\302aY\011\215\371"
  83      FBFA7BFC 
  83      3E1ABBBB 
  83      C2615909 
  83      8DF9
  84 0161 7D03234A 		.ascii	"}\003#J\320;\004\277\364m\275\306"
  84      D03B04BF 
  84      F46DBDC6 
  85              		.text
  86              		.section	.gnu.lto_.symbol_nodes.9078aa1a901e7e93,"",%progbits
  87 0000 789C55CB 		.ascii	"x\234U\313\301\011\2000\014\205\341\327\024\234K'K\017"
  87      C1098030 
  87      0C85E1D7 
  87      149C4B27 
  87      4B0F
  88 0012 1DC0213A 		.ascii	"\035\300!:\204x\356M\355\014\012\235CL\365\011z\010"
  88      8478EE4D 
  88      ED0C0A9D 
  88      434CF509 
  88      7A08
  89 0024 5FF8433A 		.ascii	"_\370C:\000\223\015d\021\005\306\002\030s\030\254\254"
  89      00930D64 
  89      1105C602 
  89      187318AC 
  89      AC
  90 0035 A2EE57DC 		.ascii	"\242\356W\334&*w\001B\350-\024Q\377\015\036\202\264"
  90      262A7701 
  90      42E82D14 
  90      51FF0D1E 
  90      82B4
  91 0047 9FAE9969 		.ascii	"\237\256\231i\245\361xL4\323\332\264\355\37633\2554"
  91      A5F1784C 
  91      34D3DAB4 
  91      EDFE3333 
  91      AD34
  92 0059 BE779A69 		.ascii	"\276w\232i\373\303\005\24226\263"
  92      FBC305A2 
  92      3236B3
  93              		.text
  94              		.section	.gnu.lto_.refs.9078aa1a901e7e93,"",%progbits
  95 0000 789C6363 		.ascii	"x\234cc```\004b\006\000\000D\000\010"
  95      60606004 
  95      62060000 
  95      440008
  96              		.text
  97              		.section	.gnu.lto_.decls.9078aa1a901e7e93,"",%progbits
  98 0000 789CB553 		.ascii	"x\234\265S_l\024E\030\237o\347(e[h5\306`\302C\323\027"
  98      5F6C1445 
  98      189F6FE7 
  98      28655B68 
  98      35C660C2 
  99 0017 48CCDDD2 		.ascii	"H\314\335\322\343\001^$\032\360\337C}P1\276\035\313"
  99      E3015E24 
  99      1AF0DF43 
ARM GAS  /var/folders/45/ct_yb_0s4l984dg097s5d1mh0000gp/T//cc6MytzQ.s 			page 7


  99      7D5031BE 
  99      1DCB
 100 0029 DEDA6EBC 		.ascii	"\336\332n\274\333-\267{\244\274M\212\022B5\305\244b"
 100      DB2DB77B 
 100      A4BC4D8A 
 100      124235C5 
 100      A462
 101 003b 5A3039B1 		.ascii	"Z09\261A\020\022/\012h\013\245wh{\225^m{\362'\030h\033"
 101      4110122F 
 101      0A680BA5 
 101      77687B95 
 101      5E6D7BF2 
 102 0053 D0086A14 		.ascii	"\320\010j\024\360O\003>\234\337\354\354\336\035\302"
 102      F04F033E 
 102      9CDFECEC 
 102      DE1DC2
 103 0062 3DF8E064 		.ascii	"=\370\340dg\277\231o\276\337\367\373\315\31475\204\220"
 103      67BF996F 
 103      BEDFF7FB 
 103      CDCC3735 
 103      8490
 104 0074 0F0284E4 		.ascii	"\017\002\204\344\200\220C8.b\243h\263\330\321E\206\211"
 104      80904338 
 104      2E62A368 
 104      B3D8D145 
 104      8689
 105 0086 68184246 		.ascii	"h\030BF\261\347\260\347\261O\223\373[7\210\270\315\330"
 105      B1E7B0E7 
 105      B14F93FB 
 105      5B3788B8 
 105      CDD8
 106 0098 673CEC84 		.ascii	"g<\354\204\267&y\370\374\003p=\025\270\202\207\233\252"
 106      B72679F8 
 106      FC03703D 
 106      15B88287 
 106      9BAA
 107 00aa C0E5AAF0 		.ascii	"\300\345\252\360\365R\2702~\370\010\355\246\260R\006"
 107      F552B832 
 107      7EF808ED 
 107      A6B05206 
 108 00ba AEBC015D 		.ascii	"\256\274\001]\237\3742xg\251p\361\210\324\345\217\277"
 108      9FFC3278 
 108      67A970F1 
 108      88D4E58F 
 108      BF
 109 00cb 6BA0923B 		.ascii	"k\240\222;>\233\271\220\256\011\035e\242\325\306\010"
 109      3E9BB990 
 109      AE091D65 
 109      A2D5C608 
 110 00db 1C07EAA7 		.ascii	"\034\007\352\247*\364\334\036XL\237p\003g\336H\357\347"
 110      2AF4DC1E 
 110      584C9F70 
 110      0367DE48 
 110      EFE7
 111 00ed 691F9621 		.ascii	"i\037\226!\200\323[\223\375\327\226\341\364\021\031"
 111      80D35B93 
 111      FDD796E1 
ARM GAS  /var/folders/45/ct_yb_0s4l984dg097s5d1mh0000gp/T//cc6MytzQ.s 			page 8


 111      F41119
 112 00fc 9A7AA934 		.ascii	"\232z\2514w\351\357\313\313@^\265\213\261.\226\332\301"
 112      77E9EFCB 
 112      CB405EB5 
 112      8BB12E96 
 112      DAC1
 113 010e 963C4760 		.ascii	"\226<G`\020V\300\027\260\202\300IX\305\251O@\210\300"
 113      1056C017 
 113      B082C049 
 113      58C5A94F 
 113      4088C0
 114 0121 31747E86 		.ascii	"1t~\206\316\203\234.\223\353[\337w\233\261&\030\002"
 114      CE839C2E 
 114      93EB5BDF 
 114      779BB126 
 114      1802
 115 0133 193E07EA 		.ascii	"\031>\007\352\306\340)\257\224\205\200\303\003\357\034"
 115      C6E029AF 
 115      948580C3 
 115      03EF1C
 116 0142 A8A123C0 		.ascii	"\250\241#\300\025H'\367\3750*U\3438]\235c\260y\354M"
 116      154827F7 
 116      FD302A55 
 116      E3385D9D 
 116      63B079EC 
 117 0157 C6241846 		.ascii	"\306$\030F\216Se\016\244\344\006\275H4\224\035\036\251"
 117      8E53650E 
 117      A4E406BD 
 117      4834941D 
 117      1EA9
 118 0169 9B832B80 		.ascii	"\233\203+\200\207\013\215\356\376\001\304\037-\357\356"
 118      870B8DEE 
 118      FE01C41F 
 118      2DEFEE
 119 0178 BCE83710 		.ascii	"\274\3507\020~\364J\302x\241|\342C\240\344\221\274\034"
 119      7EF44AC2 
 119      78A17CE2 
 119      43A0E491 
 119      BC1C
 120 018a 929FD7FD 		.ascii	"\222\237\327\375\274\004P\231U\254\013:\277\211\262"
 120      BC045099 
 120      55AC0B3A 
 120      BF89B2
 121 0199 13830A9C 		.ascii	"\023\203\012\234pIe\262\012\310}ZIi\271$\252\274I\360"
 121      704965B2 
 121      0AC87D5A 
 121      4969B924 
 121      AABC49F0 
 122 01ad AEFBA7DD 		.ascii	"\256\373\247\335\007\007\033\346a\026W_%dO\255\351^"
 122      07071BE6 
 122      6116575F 
 122      25644FAD 
 122      E95E
 123 01bf 7CF7CF77 		.ascii	"|\367\317w{\200\036\023\3452Z\\\3104\210*\220x\201\334"
 123      7B801E13 
 123      E5325A5C 
 123      C834882A 
ARM GAS  /var/folders/45/ct_yb_0s4l984dg097s5d1mh0000gp/T//cc6MytzQ.s 			page 9


 123      907881DC 
 124 01d3 CCBF5F27 		.ascii	"\314\277_'\252\240\021\247G\337*\366.Z\276\227\037\373"
 124      AAA011A7 
 124      47DF2AF6 
 124      2E5ABE97 
 124      1FFB
 125 01e5 9E1DAC51 		.ascii	"\236\035\254Q\202\315\217\302\227x\031g\3602\010|\005"
 125      82CD8FC2 
 125      97781967 
 125      F032087C 
 125      05
 126 01f6 CBF16F06 		.ascii	"\313\361o\006\004\331\271\302\215t]s\212\245\346Y\346"
 126      04D9B9C2 
 126      8D745D73 
 126      8AA5E659 
 126      E6
 127 0207 C7A9A653 		.ascii	"\307\251\246S\371\235l\032qO\272q\220-\337S\226\327"
 127      F99D6C1A 
 127      714FBA71 
 127      902DDF53 
 127      96D7
 128 0219 2364601E 		.ascii	"#d`\036`\004\346P\333(4#\376\372\367\177\375!\323\337"
 128      6004E650 
 128      DB283423 
 128      FEFAF77F 
 128      FD21D3DF 
 129 022d 84AC9DBF 		.ascii	"\204\254\235\277\377\3726\365\222\025\326\367\263L\027"
 129      FFFA36F5 
 129      9215D6F7 
 129      B34C17
 130 023c E337CE33 		.ascii	"\3437\3163\215\2253\215\375;S\316\315\264\357\334\325"
 130      8D95338D 
 130      FD3B53CE 
 130      CDB4EFDC 
 130      D5
 131 024d 0F257A47 		.ascii	"\017%zGd\312\035:\236\205\200$\012\203\213E\337\304"
 131      64CA1D3A 
 131      9E858024 
 131      0A838B45 
 131      DFC4
 132 025f C2472381 		.ascii	"\302G#\201\222\357kp\235\267N\317\356\225\252\356u\302"
 132      92EF6B70 
 132      9DB74ECF 
 132      EE95AAEE 
 132      75C2
 133 0271 DDEB59F0 		.ascii	"\335\353Y\3606;\360\351\376#\365\250o\036\353\361\342"
 133      363BF0E9 
 133      FE23F5A8 
 133      6F1EEBF1 
 133      E2
 134 0282 8D757DE9 		.ascii	"\215u}\351\353l\227\354F\301xY\337\270\367\362 \357"
 134      EB6C97EC 
 134      46C17859 
 134      DFB8F7F2 
 134      20EF
 135 0294 EA3A3F3B 		.ascii	"\352:?;|\223\322\023\264\252\256\367\276=0\264\264\252"
 135      7C93D213 
ARM GAS  /var/folders/45/ct_yb_0s4l984dg097s5d1mh0000gp/T//cc6MytzQ.s 			page 10


 135      B4AAAEF7 
 135      BE3D30B4 
 135      B4AA
 136 02a6 842957C2 		.ascii	"\204)W\3027\276\204\324\237\013\253=\005w\037\353gg"
 136      37BE84D4 
 136      9F0BAB3D 
 136      05771FEB 
 136      6767
 137 02b8 241E0093 		.ascii	"$\036\000\223e\366I\237}\332e\357\357J_\255\251\337"
 137      65F6499F 
 137      7DDA65EF 
 137      EF4A5FAD 
 137      A9DF
 138 02ca 5D7A6BAE 		.ascii	"]zk\256X\377\271\021\230\201z7\030-\006\277[\\\270\266"
 138      58FFB911 
 138      98817A37 
 138      182D06BF 
 138      5B5CB8B6 
 139 02de A83278EA 		.ascii	"\2502x\352\236\340\202\027\314mK(\244\210\317\262\225"
 139      9EE08217 
 139      CC6D4B28 
 139      A488CFB2 
 139      95
 140 02ef 7635A674 		.ascii	"v5\246tX\011\307V^z\271uMX\374\237Y\333\331\251\330"
 140      5809C756 
 140      5E7AB975 
 140      4D58FC9F 
 140      59DBD9A9 
 141 0304 4E7C4D38 		.ascii	"N|M8b\330\211\220V\373\354\013\233\2326\264\264\020"
 141      62D88990 
 141      56FBEC0B 
 141      9B9A36B4 
 141      B410
 142 0316 3912491A 		.ascii	"9\022I\032\246\203~g\233\262\311\326\023\266b\032\232"
 142      A6837E67 
 142      9BB2C9D6 
 142      13B6621A 
 142      9A
 143 0327 1553A346 		.ascii	"\025S\243F[\"\35188j3\324D\3240-\305\352p\2246M\013"
 143      5B22E938 
 143      386A33D4 
 143      44D4302D 
 143      C5EA7094 
 144 033e AA8978D0 		.ascii	"\252\211x\320\264L=\250\253[\214\340\332`xu\313\272"
 144      B44C3DA8 
 144      AB5B8CE0 
 144      DA607875 
 144      CBBA
 145 0350 E0D67030 		.ascii	"\340\326p0\331\021U\035]\271gY1L-\226\214\352J\\\325"
 145      D911551D 
 145      5DB96759 
 145      314C2D96 
 145      8CEA4A5C 
 146 0365 DA0D5357 		.ascii	"\332\015SW\"Q\37555\031s\"\316\366\016\335\016\265\223"
 146      2251FD35 
 146      35197322 
 146      CEF60EDD 
ARM GAS  /var/folders/45/ct_yb_0s4l984dg097s5d1mh0000gp/T//cc6MytzQ.s 			page 11


 146      0EB593
 147 0378 5A9FFFF5 		.ascii	"Z\237\377\365\377\225\337\336n+\021\333\301D\016\222"
 147      FF95DFDE 
 147      6E2B11DB 
 147      C1440E92 
 148 0388 2E36125B 		.ascii	".6\022[\2377\015'\374\237O\216,A\350F\335@p\243\271"
 148      9F370D27 
 148      FC9F4F8E 
 148      2C41E846 
 148      DD4070A3 
 149 039d CDD09E36 		.ascii	"\315\320\2366\325-1\375\025]s\254\304\343\017\316\246"
 149      D52D31FD 
 149      155D73AC 
 149      C4E30FCE 
 149      A6
 150 03ae 59F1B865 		.ascii	"Y\361\270e*O\275\330\272\241\265S\341 T\360\020\267"
 150      2A4FBDD8 
 150      BAA1B553 
 150      E12054F0 
 150      10B7
 151 03c0 1B0DBB8C 		.ascii	"\033\015\273\214\376\007\337\372\343i"
 151      FE07DFFA 
 151      E369
 152              		.text
 153              		.section	.gnu.lto_.symtab.9078aa1a901e7e93,"",%progbits
 154 0000 69727149 		.ascii	"irqInit\000"
 154      6E697400 
 155 0008 00       		.ascii	"\000"
 156 0009 00       		.ascii	"\000"
 157 000a 00       		.ascii	"\000"
 158 000b 00000000 		.ascii	"\000\000\000\000\000\000\000\000"
 158      00000000 
 159 0013 C5000000 		.ascii	"\305\000\000\000"
 160 0017 69727144 		.ascii	"irqDeinit\000"
 160      65696E69 
 160      7400
 161 0021 00       		.ascii	"\000"
 162 0022 00       		.ascii	"\000"
 163 0023 00       		.ascii	"\000"
 164 0024 00000000 		.ascii	"\000\000\000\000\000\000\000\000"
 164      00000000 
 165 002c C7000000 		.ascii	"\307\000\000\000"
 166 0030 6E766963 		.ascii	"nvicEnableVector\000"
 166      456E6162 
 166      6C655665 
 166      63746F72 
 166      00
 167 0041 00       		.ascii	"\000"
 168 0042 02       		.ascii	"\002"
 169 0043 00       		.ascii	"\000"
 170 0044 00000000 		.ascii	"\000\000\000\000\000\000\000\000"
 170      00000000 
 171 004c CC000000 		.ascii	"\314\000\000\000"
 172 0050 6E766963 		.ascii	"nvicDisableVector\000"
 172      44697361 
 172      626C6556 
 172      6563746F 
ARM GAS  /var/folders/45/ct_yb_0s4l984dg097s5d1mh0000gp/T//cc6MytzQ.s 			page 12


 172      7200
 173 0062 00       		.ascii	"\000"
 174 0063 02       		.ascii	"\002"
 175 0064 00       		.ascii	"\000"
 176 0065 00000000 		.ascii	"\000\000\000\000\000\000\000\000"
 176      00000000 
 177 006d D0000000 		.ascii	"\320\000\000\000"
 178              		.text
 179              		.section	.gnu.lto_.opts,"",%progbits
 180 0000 272D666D 		.ascii	"'-fmath-errno' '-fsigned-zeros' '-ftrapping-math' '"
 180      6174682D 
 180      6572726E 
 180      6F272027 
 180      2D667369 
 181 0033 2D666E6F 		.ascii	"-fno-trapv' '-fno-openmp' '-fno-openacc' '-mcpu=cor"
 181      2D747261 
 181      70762720 
 181      272D666E 
 181      6F2D6F70 
 182 0066 7465782D 		.ascii	"tex-m7' '-mno-thumb-interwork' '-mthumb' '-O2' '-fo"
 182      6D372720 
 182      272D6D6E 
 182      6F2D7468 
 182      756D622D 
 183 0099 6D69742D 		.ascii	"mit-frame-pointer' '-falign-functions=16' '-ffuncti"
 183      6672616D 
 183      652D706F 
 183      696E7465 
 183      72272027 
 184 00cc 6F6E2D73 		.ascii	"on-sections' '-fdata-sections' '-fno-common' '-flto"
 184      65637469 
 184      6F6E7327 
 184      20272D66 
 184      64617461 
 185 00ff 2700     		.ascii	"'\000"
 186              		.text
 187              		.comm	__gnu_lto_v1,1,1
 188              		.comm	__gnu_lto_slim,1,1
 189              		.ident	"GCC: (GNU Tools for Arm Embedded Processors 7-2018-q2-update) 7.3.1 20180622 (release) [AR
ARM GAS  /var/folders/45/ct_yb_0s4l984dg097s5d1mh0000gp/T//cc6MytzQ.s 			page 13


DEFINED SYMBOLS
                            *ABS*:0000000000000000 stm32_isr.c
                            *COM*:0000000000000001 __gnu_lto_v1
                            *COM*:0000000000000001 __gnu_lto_slim

NO UNDEFINED SYMBOLS
